=== vitest (site/) ===
cwd: D:\OandO07072026\site
command: npx vitest run tests/unit/features/planner/asset-engine tests/unit/features/planner/open3d/g8RoundTrip.test.ts tests/unit/features/planner/open3d/modularPlaceMesh.test.ts tests/unit/admin/svg-editor/publishDescriptorWithPipeline.test.ts --reporter=dot

 RUN  v4.1.9 D:/OandO07072026/site

······························································

 Test Files  10 passed (10)
      Tests  62 passed (62)
   Start at  10:33:36
   Duration  7.80s (transform 3.68s, setup 12.61s, import 10.95s, tests 279ms, environment 15.91s)

EXIT_CODE=0

=== pnpm run scripts:smoke:svg:batch ===
cwd: D:\OandO07072026\site
command: pnpm run scripts:smoke:svg:batch

$ tsx scripts/smoke-svg-fixtures.mjs
OK  scripts\generate-svg\_fixtures\chaise.json slug=chaise-lounge-001 bytes=453
OK  scripts\generate-svg\_fixtures\missing-geometry.json slug=missing-geom-fallback-001 bytes=422
OK  scripts\generate-svg\_fixtures\sectional.json slug=sectional-sofa-001 bytes=477
OK  scripts\generate-svg\_fixtures\side-table.json slug=side-table-001 bytes=613

smoke:svg:batch fixtures=4 ok=4 fail=0
EXIT_CODE=0
