node.exe : $ tsc -p scripts/tsconfig.json --noEmit
At C:\Program Files\nodejs\pnpm.ps1:16 char:5
+     & "$basedir/node$exe"  "$basedir/node_modules/corepack/dist/pnpm. ...
+     ~~~~~~~~~~~~~~~~~~~~~~~~~~~~~~~~~~~~~~~~~~~~~~~~~~~~~~~~~~~~~~~~~
    + CategoryInfo          : NotSpecified: ($ tsc -p scripts/tsconfig.json --noEmit:String) [], RemoteException
    + FullyQualifiedErrorId : NativeCommandError
 
scripts/audit-product-quality.ts(86,5): error TS2740: Type '{}' is missing the following properties from type 'string[]': length, pop, push, concat, and 35 more.
scripts/generate_blocks.ts(127,9): error TS2339: Property 'kind' does not exist on type 'BasePrim'.
scripts/generate_blocks.ts(128,20): error TS2339: Property 'fill' does not exist on type 'BasePrim'.
scripts/generate_blocks.ts(129,22): error TS2339: Property 'stroke' does not exist on type 'BasePrim'.
scripts/generate_blocks.ts(129,45): error TS2339: Property 'stroke' does not exist on type 'BasePrim'.
scripts/generate_blocks.ts(129,72): error TS2339: Property 'strokeWidth' does not exist on type 'BasePrim'.
scripts/generate_blocks.ts(130,18): error TS2339: Property 'radius' does not exist on type 'BasePrim'.
scripts/generate_blocks.ts(130,37): error TS2339: Property 'radius' does not exist on type 'BasePrim'.
scripts/generate_blocks.ts(130,54): error TS2339: Property 'radius' does not exist on type 'BasePrim'.
scripts/generate_blocks.ts(131,26): error TS2339: Property 'x' does not exist on type 'BasePrim'.
scripts/generate_blocks.ts(131,37): error TS2339: Property 'y' does not exist on type 'BasePrim'.
scripts/generate_blocks.ts(131,52): error TS2339: Property 'w' does not exist on type 'BasePrim'.
scripts/generate_blocks.ts(131,68): error TS2339: Property 'h' does not exist on type 'BasePrim'.
scripts/generate_blocks.ts(132,16): error TS2339: Property 'kind' does not exist on type 'BasePrim'.
scripts/generate_blocks.ts(133,20): error TS2339: Property 'fill' does not exist on type 'BasePrim'.
scripts/generate_blocks.ts(134,22): error TS2339: Property 'stroke' does not exist on type 'BasePrim'.
scripts/generate_blocks.ts(134,45): error TS2339: Property 'stroke' does not exist on type 'BasePrim'.
scripts/generate_blocks.ts(134,72): error TS2339: Property 'strokeWidth' does not exist on type 'BasePrim'.
scripts/generate_blocks.ts(135,29): error TS2339: Property 'cx' does not exist on type 'BasePrim'.
scripts/generate_blocks.ts(135,42): error TS2339: Property 'cy' does not exist on type 'BasePrim'.
scripts/generate_blocks.ts(135,54): error TS2339: Property 'r' does not exist on type 'BasePrim'.
scripts/generate_blocks.ts(136,16): error TS2339: Property 'kind' does not exist on type 'BasePrim'.
scripts/generate_blocks.ts(138,27): error TS2339: Property 'points' does not exist on type 'BasePrim'.
scripts/generate_blocks.ts(138,64): error TS2339: Property 'points' does not exist on type 'BasePrim'.
scripts/generate_blocks.ts(138,79): error TS2339: Property 'points' does not exist on type 'BasePrim'.
scripts/generate_blocks.ts(139,20): error TS2339: Property 'dash' does not exist on type 'BasePrim'.
scripts/generate_blocks.ts(139,51): error TS2339: Property 'dash' does not exist on type 'BasePrim'.
scripts/generate_blocks.ts(140,73): error TS2339: Property 'stroke' does not exist on type 'BasePrim'.
scripts/generate_blocks.ts(140,100): error TS2339: Property 'strokeWidth' does not exist on type 'BasePrim'.
scripts/generate_blocks.ts(140,141): error TS2339: Property 'lineCap' does not exist on type 'BasePrim'.
scripts/generate_blocks.ts(141,16): error TS2339: Property 'kind' does not exist on type 'BasePrim'.
scripts/generate_blocks.ts(142,20): error TS2339: Property 'fill' does not exist on type 'BasePrim'.
scripts/generate_blocks.ts(143,22): error TS2339: Property 'stroke' does not exist on type 'BasePrim'.
scripts/generate_blocks.ts(143,45): error TS2339: Property 'stroke' does not exist on type 'BasePrim'.
scripts/generate_blocks.ts(143,72): error TS2339: Property 'strokeWidth' does not exist on type 'BasePrim'.
scripts/generate_blocks.ts(144,26): error TS2339: Property 'data' does not exist on type 'BasePrim'.
scripts/generate_blocks.ts(144,77): error TS2339: Property 'lineCap' does not exist on type 'BasePrim'.
scripts/seed_configurator_catalog.ts(55,15): error TS2769: No overload matches this call.
  Argument of type '[string, string, string, string, string, SizingType, WorkstationSpec, Parameter<SerializableParameter<never>>, ... 5 more ..., string]' is not assignable to parameter of type 'never'.
  Overload 2 of 2, '(template: TemplateStringsArray, ...parameters: readonly ParameterOrFragment<never>[]): PendingQuery<Row[]>', gave the following error.
    Argument of type 'WorkstationSpec' is not assignable to parameter of type 'ParameterOrFragment<never>'.
scripts/seed_configurator_catalog.ts(62,61): error TS2345: Argument of type 'SizeOption[]' is not assignable to parameter of type 'JSONValue'.
  Type 'SizeOption[]' is not assignable to type '{ readonly [prop: string]: JSONValue | ((...args: any) => any); readonly [prop: number]: JSONValue | ((...args: any) => any); }'.
    Index signature for type 'string' is missing in type 'SizeOption[]'.
D:\oandO04072026\site:
[ERR_PNPM_RECURSIVE_RUN_FIRST_FAIL] oando-site@0.1.0 typecheck:scripts: `tsc -p scripts/tsconfig.json --noEmit`
Exit status 2
