п»ї
 RUN  v4.1.9 D:/oandO04072026/site

 О“ВЈГґ tests/unit/admin/svg-editor/svgPackageBoundaries.test.ts > SVG package boundaries > keeps planner browser adapter free of admin and server runtime packages 2ms
 О“ВЈГґ tests/unit/admin/svg-editor/svgPackageBoundaries.test.ts > SVG package boundaries > marks compiler and authoritative sanitizer server-only 1ms
 О“ВЈГґ tests/unit/admin/svg-editor/svgPackageBoundaries.test.ts > SVG package boundaries > marks raster and persistence modules server-only 1ms
 О“ВЈГґ tests/unit/app/admin/svg-editor/page.test.tsx > app/admin/svg-editor/page.tsx > loads descriptors via loader and renders ListView (RSC) 27ms
 О“ВЈГґ tests/unit/app/api/admin/svg-editor/route.test.ts > POST /api/admin/svg-editor (04-ADMIN-06 + tests) > 04-TEST-01: withAuth enforces admin; non-admin yields 401/403 (envelope) 7ms
 в”њГ№ tests/unit/app/api/admin/svg-editor/route.test.ts > POST /api/admin/svg-editor (04-ADMIN-06 + tests) > 04-TEST-02: Zod parse fail (via parseAdminPayload) returns 422 with fieldPath 10ms
   О“ГҐГ† expected 'INVALID_INPUT' to be '422.invalid' // Object.is equality
 О“ВЈГґ tests/unit/app/api/admin/svg-editor/route.test.ts > POST /api/admin/svg-editor (04-ADMIN-06 + tests) > 04-TEST-03 + atomic: persist success path + cache clear 2ms
 в”њГ№ tests/unit/app/api/admin/svg-editor/route.test.ts > POST /api/admin/svg-editor (04-ADMIN-06 + tests) > 04-TEST-04: pipeline (R2 side-effect via generate) returns thumb on success 6ms
   О“ГҐГ† expected "vi.fn()" to be called with arguments: [ { О“Г‡ВЄ(14) }, Any<Object> ]

Received:

  1st vi.fn() call:

@@ -30,7 +30,6 @@
        "width": 100,
        "x": 0,
        "y": 0,
      },
    },
-   Any<Object>,
  ]


Number of calls: 1

 О“ВЈГґ tests/unit/app/api/admin/svg-editor/route.test.ts > POST /api/admin/svg-editor (04-ADMIN-06 + tests) > non-zero pipeline still returns descriptor (R2 is best-effort) 2ms
 О“ВЈГґ tests/unit/app/api/admin/svg-editor/route.test.ts > 04-TEST-06 lint guard (source scan) > forbids direct puckBlockRegistry import under planner/* without withAuth context (grep guard) 1ms
 О“ВЈГґ tests/unit/admin/svg-editor/svgFoundation.test.ts > SVG foundation schemas and browser projection > parses SvgBlockDefinitionV1 and exposes only customer-editable parameters 8ms
 О“ВЈГґ tests/unit/admin/svg-editor/svgFoundation.test.ts > SVG foundation schemas and browser projection > requires immutable publication checksums and a valid publication result 3ms
 О“ВЈГґ tests/unit/admin/svg-editor/puckBlockRegistry.test.ts > 04-PUCK-REGISTRY: registry completeness > PUCK_BLOCK_REGISTRY exposes one entry per BLOCK_DESCRIPTOR_VARIANTS tag 3ms
 О“ВЈГґ tests/unit/admin/svg-editor/puckBlockRegistry.test.ts > 04-PUCK-REGISTRY: registry completeness > PUCK_BLOCK_REGISTRY covers exactly { fixed, configurable, parametric } 1ms
 О“ВЈГґ tests/unit/admin/svg-editor/puckBlockRegistry.test.ts > 04-PUCK-REGISTRY: registry completeness > PUCK_BLOCK_BY_VARIANT lookup returns the same record for every variant tag 1ms
 О“ВЈГґ tests/unit/admin/svg-editor/puckBlockRegistry.test.ts > 04-PUCK-REGISTRY: registry completeness > SUPPORTED_PUCK_BLOCK_VARIANTS mirrors BLOCK_DESCRIPTOR_VARIANTS tuple 0ms
 О“ВЈГґ tests/unit/admin/svg-editor/puckBlockRegistry.test.ts > 04-PUCK-REGISTRY: registry completeness > puckConfig.components exposes the canonical block names 0ms
 О“ВЈГґ tests/unit/admin/svg-editor/puckBlockRegistry.test.ts > 04-PUCK-REGISTRY: registry completeness > puckConfig.categorises the three variant blocks under 'Catalog Blocks' 0ms
 О“ВЈГґ tests/unit/admin/svg-editor/puckBlockRegistry.test.ts > 04-PUCK-REGISTRY: per-block schema/fields/render defaults > fixed block exposes schema + fields + defaultProps + render 0ms
 О“ВЈГґ tests/unit/admin/svg-editor/puckBlockRegistry.test.ts > 04-PUCK-REGISTRY: per-block schema/fields/render defaults > fixed block fields include the identity layer (slug/sku/sourceProvenance) 1ms
 О“ВЈГґ tests/unit/admin/svg-editor/puckBlockRegistry.test.ts > 04-PUCK-REGISTRY: per-block schema/fields/render defaults > fixed block render is callable and returns a non-null node for its defaultProps 1ms
 О“ВЈГґ tests/unit/admin/svg-editor/puckBlockRegistry.test.ts > 04-PUCK-REGISTRY: per-block schema/fields/render defaults > fixed component name matches puckComponentName(variant) 0ms
 О“ВЈГґ tests/unit/admin/svg-editor/puckBlockRegistry.test.ts > 04-PUCK-REGISTRY: per-block schema/fields/render defaults > configurable block exposes schema + fields + defaultProps + render 0ms
 О“ВЈГґ tests/unit/admin/svg-editor/puckBlockRegistry.test.ts > 04-PUCK-REGISTRY: per-block schema/fields/render defaults > configurable block fields include the identity layer (slug/sku/sourceProvenance) 0ms
 О“ВЈГґ tests/unit/admin/svg-editor/puckBlockRegistry.test.ts > 04-PUCK-REGISTRY: per-block schema/fields/render defaults > configurable block render is callable and returns a non-null node for its defaultProps 0ms
 О“ВЈГґ tests/unit/admin/svg-editor/puckBlockRegistry.test.ts > 04-PUCK-REGISTRY: per-block schema/fields/render defaults > configurable component name matches puckComponentName(variant) 0ms
 О“ВЈГґ tests/unit/admin/svg-editor/puckBlockRegistry.test.ts > 04-PUCK-REGISTRY: per-block schema/fields/render defaults > parametric block exposes schema + fields + defaultProps + render 0ms
 О“ВЈГґ tests/unit/admin/svg-editor/puckBlockRegistry.test.ts > 04-PUCK-REGISTRY: per-block schema/fields/render defaults > parametric block fields include the identity layer (slug/sku/sourceProvenance) 0ms
 О“ВЈГґ tests/unit/admin/svg-editor/puckBlockRegistry.test.ts > 04-PUCK-REGISTRY: per-block schema/fields/render defaults > parametric block render is callable and returns a non-null node for its defaultProps 0ms
 О“ВЈГґ tests/unit/admin/svg-editor/puckBlockRegistry.test.ts > 04-PUCK-REGISTRY: per-block schema/fields/render defaults > parametric component name matches puckComponentName(variant) 0ms
 О“ВЈГґ tests/unit/admin/svg-editor/puckBlockRegistry.test.ts > 04-PUCK-REGISTRY: Puck config surfaces shape compatible with @puckeditor/core > every component has fields, defaultProps, and render 1ms
 О“ВЈГґ tests/unit/admin/svg-editor/puckBlockRegistry.test.ts > 04-PUCK-REGISTRY: Puck config surfaces shape compatible with @puckeditor/core > puckConfig exports a structurally frozen object (consumer cannot mutate) 0ms
 О“ВЈГґ tests/unit/admin/svg-editor/puckBlockRegistry.test.ts > 04-PUCK-REGISTRY: Puck config surfaces shape compatible with @puckeditor/core > blockDescriptorToRenderProps maps every variant into named render props 1ms
 О“ВЈГґ tests/unit/admin/svg-editor/puckBlockRegistry.test.ts > 04-PUCK-REGISTRY: Puck config surfaces shape compatible with @puckeditor/core > blockDescriptorToRenderProps fills fixed sku and configurable option defaults 0ms
 О“ВЈГґ tests/unit/admin/svg-editor/puckBlockRegistry.test.ts > 04-PUCK-REGISTRY: Puck config surfaces shape compatible with @puckeditor/core > puckComponentName is a total function on the variant-tag union 0ms
 О“ВЈГґ tests/unit/admin/svg-editor/puckBlockRegistry.test.ts > 04-TEST-05: getPuckData adapter for Puck/Render (registry + portal) > getPuckData returns root + content shaped for puckConfig using blockDescriptorToRenderProps 0ms
 О“ВЈГґ tests/unit/app/admin/svg-editor/[id]/page.test.tsx > app/admin/svg-editor/[id]/page.tsx > new slug: renders with default props from registry 28ms
 О“ВЈГґ tests/unit/app/admin/svg-editor/[id]/page.test.tsx > app/admin/svg-editor/[id]/page.tsx > loads existing via tryLoad and renders EditView + preview 5ms
 О“ВЈГґ tests/unit/app/admin/svg-editor/[id]/page.test.tsx > app/admin/svg-editor/[id]/page.tsx > invalid slug calls notFound 2ms
node.exe : stderr | tests/unit/admin/svg-editor/svgPipelineRunner.test.ts > 04-PIPELINE-RUNNER: 
timeout and maxBuffer contracts > returns writeFixtureError when the per-call fixture cannot be 
written
At C:\Program Files\nodejs\pnpm.ps1:16 char:5
+     & "$basedir/node$exe"  "$basedir/node_modules/corepack/dist/pnpm. ...
+     ~~~~~~~~~~~~~~~~~~~~~~~~~~~~~~~~~~~~~~~~~~~~~~~~~~~~~~~~~~~~~~~~~
    + CategoryInfo          : NotSpecified: (stderr | tests/...nnot be written:String) [], RemoteExc 
   eption
    + FullyQualifiedErrorId : NativeCommandError
 
[DEBUG] writeFileSync ref function writeFileSync(path, data, options) {
  options = g

 О“ВЈГґ tests/unit/admin/svg-editor/persistBlockDescriptor.test.ts > 04-PERSIST: schema acceptance surface > accepts a well-formed fixed descriptor and writes it to {slug}.json 14ms
 О“ВЈГґ tests/unit/admin/svg-editor/persistBlockDescriptor.test.ts > 04-PERSIST: schema acceptance surface > rejects payloads whose schemaVersion is not pinned 3ms
 О“ВЈГґ tests/unit/admin/svg-editor/persistBlockDescriptor.test.ts > 04-PERSIST: schema acceptance surface > rejects payloads with hex literal theme tokens (422.invalid) 4ms
 О“ВЈГґ tests/unit/admin/svg-editor/persistBlockDescriptor.test.ts > 04-PERSIST: schema acceptance surface > rejects empty payload via VALIDATION_ERROR envelope 2ms
 О“ВЈГґ tests/unit/admin/svg-editor/persistBlockDescriptor.test.ts > 04-PERSIST: schema acceptance surface > parseAdminPayload round-trips a stamped descriptor 3ms
 О“ВЈГґ tests/unit/admin/svg-editor/persistBlockDescriptor.test.ts > 04-PERSIST: atomic-rename behaviour > writes once on first call (replaced=false) and on overwrite (replaced=true) 6ms
 О“ВЈГґ tests/unit/admin/svg-editor/persistBlockDescriptor.test.ts > 04-PERSIST: atomic-rename behaviour > preserves the canonical {slug}.json filename after atomic rename 5ms
 О“ВЈГґ tests/unit/admin/svg-editor/persistBlockDescriptor.test.ts > 04-PERSIST: atomic-rename behaviour > writes a rotation history file when writeHistory option is true 4ms
 О“ВЈГґ tests/unit/admin/svg-editor/persistBlockDescriptor.test.ts > 04-PERSIST: atomic-rename behaviour > parses the written JSON back through the canonical Zod schema 6ms
 О“ВЈГґ tests/unit/admin/svg-editor/persistBlockDescriptor.test.ts > 04-PERSIST: idempotency and concurrent-write safety > listBlockDescriptors returns the just-persisted descriptor after cache clear 4ms
 О“ВЈГґ tests/unit/admin/svg-editor/persistBlockDescriptor.test.ts > 04-PERSIST: idempotency and concurrent-write safety > listBlockDescriptors accepts the string directory overload 3ms
 О“ВЈГґ tests/unit/admin/svg-editor/persistBlockDescriptor.test.ts > 04-PERSIST: idempotency and concurrent-write safety > readPersistedRaw returns null for unknown slug 1ms
 О“ВЈГґ tests/unit/admin/svg-editor/persistBlockDescriptor.test.ts > 04-PERSIST: idempotency and concurrent-write safety > unlinkBlockDescriptor removes the file from disk 4ms
 О“ВЈГґ tests/unit/admin/svg-editor/svgPipelineRunner.test.ts > 04-PIPELINE-RUNNER: timeout and maxBuffer contracts > DEFAULT_TIMEOUT_MS is 10_000 (Phase 04 в”¬Вє04-SUB-02 contract) 4ms
 О“ВЈГґ tests/unit/admin/svg-editor/svgPipelineRunner.test.ts > 04-PIPELINE-RUNNER: timeout and maxBuffer contracts > DEFAULT_MAX_STDERR_BYTES is 1_000_000 (Phase 04 в”¬Вє04-SUB-02 contract) 2ms
 О“ВЈГґ tests/unit/admin/svg-editor/svgPipelineRunner.test.ts > 04-PIPELINE-RUNNER: timeout and maxBuffer contracts > returns scriptUnavailable when generate-svg.mjs is missing 3ms
stderr | tests/unit/admin/svg-editor/svgPipelineRunner.test.ts > 04-PIPELINE-RUNNER: timeout and 
maxBuffer contracts > returns timeoutError when the child process is killed by SIGTERM
[DEBUG] writeFileSync ref function writeFileSync(path, data, options) {
  options = g

 в”њГ№ tests/unit/admin/svg-editor/svgPipelineRunner.test.ts > 04-PIPELINE-RUNNER: timeout and maxBuffer contracts > returns writeFixtureError when the per-call fixture cannot be written 147ms
   О“ГҐГ† expected true to be false // Object.is equality
stderr | tests/unit/admin/svg-editor/svgPipelineRunner.test.ts > 04-PIPELINE-RUNNER: timeout and 
maxBuffer contracts > returns nonZeroExit with truncated stderr when stderr exceeds the max buffer
[DEBUG] writeFileSync ref function writeFileSync(path, data, options) {
  options = g

 в”њГ№ tests/unit/admin/svg-editor/svgPipelineRunner.test.ts > 04-PIPELINE-RUNNER: timeout and maxBuffer contracts > returns timeoutError when the child process is killed by SIGTERM 111ms
   О“ГҐГ† expected true to be false // Object.is equality
 в”њГ№ tests/unit/admin/svg-editor/svgPipelineRunner.test.ts > 04-PIPELINE-RUNNER: timeout and maxBuffer contracts > returns nonZeroExit with truncated stderr when stderr exceeds the max buffer 104ms
   О“ГҐГ† expected true to be false // Object.is equality
 О“ВЈГґ tests/unit/admin/svg-editor/svgPipelineRunner.test.ts > 04-PIPELINE-RUNNER: descriptor input is shape-respecting > rejects inputs that don't carry a slug (TypeScript narrowed by caller) 2ms
 О“ВЈГґ tests/unit/admin/svg-editor/svgPhase1Completion.test.ts > Phase 1 SVG completion > generates stable Puck field definitions from validated metadata 2ms
 О“ВЈГґ tests/unit/admin/svg-editor/svgPhase1Completion.test.ts > Phase 1 SVG completion > validates fixed, configurable, and parametric reference definitions 5ms
 О“ВЈГґ tests/unit/admin/svg-editor/svgPhase1Completion.test.ts > Phase 1 SVG completion > returns sorted deterministic diagnostics for broken references 2ms
 О“ВЈГґ tests/unit/admin/svg-editor/svgPhase1Completion.test.ts > Phase 1 SVG completion > renders canonical PNG and deterministic Sharp derivatives 447ms
 О“ВЈГґ tests/unit/admin/svg-editor/svgPhase1Completion.test.ts > Phase 1 SVG completion > publishes once, rejects mutation, and reloads the existing version 4ms

О“Г„В»О“Г„В»О“Г„В»О“Г„В»О“Г„В»О“Г„В»О“Г„В» Failed Tests 5 О“Г„В»О“Г„В»О“Г„В»О“Г„В»О“Г„В»О“Г„В»О“Г„В»

 FAIL  tests/unit/admin/svg-editor/svgPipelineRunner.test.ts > 04-PIPELINE-RUNNER: timeout and 
maxBuffer contracts > returns writeFixtureError when the per-call fixture cannot be written
AssertionError: expected true to be false // Object.is equality

- Expected
+ Received

- false
+ true

 О“ВҐВ» tests/unit/admin/svg-editor/svgPipelineRunner.test.ts:156:25
    154|         timeoutMs: 1000,
    155|       });
    156|       expect(result.ok).toBe(false);
       |                         ^
    157|       if (result.ok) return;
    158|       expect(result.reason).toBe("writeFixtureError");

О“Г„В»О“Г„В»О“Г„В»О“Г„В»О“Г„В»О“Г„В»О“Г„В»О“Г„В»О“Г„В»О“Г„В»О“Г„В»О“Г„В»О“Г„В»О“Г„В»О“Г„В»О“Г„В»О“Г„В»О“Г„В»О“Г„В»О“Г„В»О“Г„В»О“Г„В»О“Г„В»О“Г„В»[1/5]О“Г„В»

 FAIL  tests/unit/admin/svg-editor/svgPipelineRunner.test.ts > 04-PIPELINE-RUNNER: timeout and 
maxBuffer contracts > returns timeoutError when the child process is killed by SIGTERM
AssertionError: expected true to be false // Object.is equality

- Expected
+ Received

- false
+ true

 О“ВҐВ» tests/unit/admin/svg-editor/svgPipelineRunner.test.ts:189:25
    187|         timeoutMs: 1000,
    188|       });
    189|       expect(result.ok).toBe(false);
       |                         ^
    190|       if (result.ok) return;
    191|       expect(result.reason).toBe("timeoutError");

О“Г„В»О“Г„В»О“Г„В»О“Г„В»О“Г„В»О“Г„В»О“Г„В»О“Г„В»О“Г„В»О“Г„В»О“Г„В»О“Г„В»О“Г„В»О“Г„В»О“Г„В»О“Г„В»О“Г„В»О“Г„В»О“Г„В»О“Г„В»О“Г„В»О“Г„В»О“Г„В»О“Г„В»[2/5]О“Г„В»

 FAIL  tests/unit/admin/svg-editor/svgPipelineRunner.test.ts > 04-PIPELINE-RUNNER: timeout and 
maxBuffer contracts > returns nonZeroExit with truncated stderr when stderr exceeds the max buffer
AssertionError: expected true to be false // Object.is equality

- Expected
+ Received

- false
+ true

 О“ВҐВ» tests/unit/admin/svg-editor/svgPipelineRunner.test.ts:225:25
    223|         maxStderrBytes: 32,
    224|       });
    225|       expect(result.ok).toBe(false);
       |                         ^
    226|       if (result.ok) return;
    227|       expect(result.reason).toBe("nonZeroExit");

О“Г„В»О“Г„В»О“Г„В»О“Г„В»О“Г„В»О“Г„В»О“Г„В»О“Г„В»О“Г„В»О“Г„В»О“Г„В»О“Г„В»О“Г„В»О“Г„В»О“Г„В»О“Г„В»О“Г„В»О“Г„В»О“Г„В»О“Г„В»О“Г„В»О“Г„В»О“Г„В»О“Г„В»[3/5]О“Г„В»

 FAIL  tests/unit/app/api/admin/svg-editor/route.test.ts > POST /api/admin/svg-editor (04-ADMIN-06 + 
tests) > 04-TEST-02: Zod parse fail (via parseAdminPayload) returns 422 with fieldPath
AssertionError: expected 'INVALID_INPUT' to be '422.invalid' // Object.is equality

Expected: "422.invalid"
Received: "INVALID_INPUT"

 О“ВҐВ» tests/unit/app/api/admin/svg-editor/route.test.ts:108:29

    106|     expect(res.status).toBe(422);
    107|     expect(body.success).toBe(false);
    108|     expect(body.error.code).toBe("422.invalid");
       |                             ^
    109|     expect(body.error.fieldPath).toBe("slug");
    110|   });
 Test Files  2 failed | 7 passed (9)
      Tests  5 failed | 59 passed (64)
   Start at  20:41:55

О“Г„В»О“Г„В»О“Г„В»О“Г„В»О“Г„В»О“Г„В»О“Г„В»О“Г„В»О“Г„В»О“Г„В»О“Г„В»О“Г„В»О“Г„В»О“Г„В»О“Г„В»О“Г„В»О“Г„В»О“Г„В»О“Г„В»О“Г„В»О“Г„В»О“Г„В»О“Г„В»О“Г„В»[4/5]О“Г„В»

   Duration  4.42s (transform 1.13s, setup 6.11s, import 3.39s, tests 1.04s, environment 9.08s)

 FAIL  tests/unit/app/api/admin/svg-editor/route.test.ts > POST /api/admin/svg-editor (04-ADMIN-06 + 
tests) > 04-TEST-04: pipeline (R2 side-effect via generate) returns thumb on success
AssertionError: expected "vi.fn()" to be called with arguments: [ { О“Г‡ВЄ(14) }, Any<Object> ]

Received:

  1st vi.fn() call:

@@ -30,7 +30,6 @@
        "width": 100,
        "x": 0,
        "y": 0,
      },
    },
-   Any<Object>,
  ]


Number of calls: 1

 О“ВҐВ» tests/unit/app/api/admin/svg-editor/route.test.ts:150:28
    148|     const body = await res.json();
    149|
    150|     expect(runSvgPipeline).toHaveBeenCalledWith(validDescriptor, expecО“Г‡ВЄ
       |                            ^
    151|     expect(body.thumb).toMatch(/site-block-thumbs|cdn/);
    152|   });

О“Г„В»О“Г„В»О“Г„В»О“Г„В»О“Г„В»О“Г„В»О“Г„В»О“Г„В»О“Г„В»О“Г„В»О“Г„В»О“Г„В»О“Г„В»О“Г„В»О“Г„В»О“Г„В»О“Г„В»О“Г„В»О“Г„В»О“Г„В»О“Г„В»О“Г„В»О“Г„В»О“Г„В»[5/5]О“Г„В»

