ď»żnode.exe : $ next build && node scripts/prepare-standalone.cjs
At C:\Program Files\nodejs\pnpm.ps1:16 char:5
+     & "$basedir/node$exe"  "$basedir/node_modules/corepack/dist/pnpm. ...
+     ~~~~~~~~~~~~~~~~~~~~~~~~~~~~~~~~~~~~~~~~~~~~~~~~~~~~~~~~~~~~~~~~~
    + CategoryInfo          : NotSpecified: ($ next build &&...-standalone.cjs:String) [], RemoteException
    + FullyQualifiedErrorId : NativeCommandError
 
Î“Ă»â–“ Next.js 16.2.9 (Turbopack)
- Experiments (use with caution):
  â”¬â•– optimizePackageImports

  Creating an optimized production build ...
Turbopack build encountered 2 warnings:
./site/next.config.js
Encountered unexpected file in NFT list
A file was traced that indicates that the whole project was traced unintentionally. Somewhere in the import trace 
below, there are:
- filesystem operations (like path.join, path.resolve or fs.readFile), or
- very dynamic requires (like require('./' + foo)).
To resolve this, you can
- remove them if possible, or
- only use them in development, or
- make sure they are statically scoped to some subfolder: path.join(process.cwd(), 'data', bar), or
- add ignore comments: path.join(/*turbopackIgnore: true*/ process.cwd(), bar)

Import trace:
  App Route:
    ./site/next.config.js
    ./site/features/planner/open3d/catalog/svg/svgBlockDescriptorLoader.ts
    ./site/features/planner/admin/svg-editor/persistBlockDescriptor.ts
    ./site/app/api/admin/svg-editor/route.ts


./site/next.config.js
Encountered unexpected file in NFT list
A file was traced that indicates that the whole project was traced unintentionally. Somewhere in the import trace 
below, there are:
- filesystem operations (like path.join, path.resolve or fs.readFile), or
- very dynamic requires (like require('./' + foo)).
To resolve this, you can
- remove them if possible, or
- only use them in development, or
- make sure they are statically scoped to some subfolder: path.join(process.cwd(), 'data', bar), or
- add ignore comments: path.join(/*turbopackIgnore: true*/ process.cwd(), bar)

Output asset trace:
  [output]/site/.next/server/app/planner/open3d/page_client-reference-manifest.js
  [output]/site/.next/server/chunks/ssr/[root-of-the-server]__1o_6gbi._.js

Import trace:
  App Route:
    ./site/next.config.js
    ./site/features/planner/open3d/catalog/svg/svgBlockDescriptorLoader.ts
    ./site/features/planner/admin/svg-editor/persistBlockDescriptor.ts
    ./site/app/api/admin/svg-editor/route.ts


Î“ÂŁĂ´ Compiled successfully in 16.1s
  Running TypeScript ...
  Finished TypeScript in 21.5s ...
  Collecting page data using 15 workers ...
Î“ĂśĂˇ Using edge runtime on a page currently disables static generation for that page
  Generating static pages using 15 workers (0/367) ...
  Generating static pages using 15 workers (91/367) 
  Generating static pages using 15 workers (183/367) 
  Generating static pages using 15 workers (275/367) 
Î“ÂŁĂ´ Generating static pages using 15 workers (367/367) in 59s
  Finalizing page optimization ...

Route (app)                               Revalidate  Expire
Î“Ă¶Ă® â•žĂ† /
Î“Ă¶ÂŁ Î“ĂąĂŻ /_not-found
Î“Ă¶ÂŁ â•žĂ† /about
Î“Ă¶ÂŁ â•žĂ† /access
Î“Ă¶ÂŁ â•žĂ† /admin
Î“Ă¶ÂŁ â•žĂ† /admin/analytics
Î“Ă¶ÂŁ â•žĂ† /admin/buddy-catalog
Î“Ă¶ÂŁ â•žĂ† /admin/catalog
Î“Ă¶ÂŁ â•žĂ† /admin/crm
Î“Ă¶ÂŁ â•žĂ† /admin/crm/clients
Î“Ă¶ÂŁ â•žĂ† /admin/crm/projects
Î“Ă¶ÂŁ â•žĂ† /admin/crm/projects/[id]
Î“Ă¶ÂŁ â•žĂ† /admin/crm/quotes
Î“Ă¶ÂŁ â•žĂ† /admin/customer-queries
Î“Ă¶ÂŁ â•žĂ† /admin/features
Î“Ă¶ÂŁ â•žĂ† /admin/inventory
Î“Ă¶ÂŁ â•žĂ† /admin/planner-catalog
Î“Ă¶ÂŁ â•žĂ† /admin/plans
Î“Ă¶ÂŁ â•žĂ† /admin/plans/[id]
Î“Ă¶ÂŁ â•žĂ† /admin/settings
Î“Ă¶ÂŁ â•žĂ† /admin/svg-editor
Î“Ă¶ÂŁ â•žĂ† /admin/svg-editor/[id]
Î“Ă¶ÂŁ â•žĂ† /admin/themes
Î“Ă¶ÂŁ â•žĂ† /admin/workspace-catalog
Î“Ă¶ÂŁ â•žĂ† /api/admin/analytics
Î“Ă¶ÂŁ â•žĂ† /api/admin/buddy-catalog
Î“Ă¶ÂŁ â•žĂ† /api/admin/buddy-catalog/[id]
Î“Ă¶ÂŁ â•žĂ† /api/admin/catalog
Î“Ă¶ÂŁ â•žĂ† /api/admin/catalog/[id]
Î“Ă¶ÂŁ â•žĂ† /api/admin/catalogs/[type]
Î“Ă¶ÂŁ â•žĂ† /api/admin/catalogs/[type]/[id]
Î“Ă¶ÂŁ â•žĂ† /api/admin/configurator-catalog/[id]
Î“Ă¶ÂŁ â•žĂ† /api/admin/features
Î“Ă¶ÂŁ â•žĂ† /api/admin/planner-catalog
Î“Ă¶ÂŁ â•žĂ† /api/admin/plans
Î“Ă¶ÂŁ â•žĂ† /api/admin/plans/[id]
Î“Ă¶ÂŁ â•žĂ† /api/admin/svg-editor
Î“Ă¶ÂŁ â•žĂ† /api/admin/themes
Î“Ă¶ÂŁ â•žĂ† /api/admin/themes/publish
Î“Ă¶ÂŁ â•žĂ† /api/ai-advisor
Î“Ă¶ÂŁ â•žĂ† /api/ai-assist
Î“Ă¶ÂŁ â•žĂ† /api/ai/advisor
Î“Ă¶ÂŁ â•žĂ† /api/audit
Î“Ă¶ÂŁ â•žĂ† /api/business-stats
Î“Ă¶ÂŁ â•žĂ† /api/categories
Î“Ă¶ÂŁ â•žĂ† /api/configurator/smart-wizard
Î“Ă¶ÂŁ â•žĂ† /api/csrf
Î“Ă¶ÂŁ â•žĂ† /api/customer-queries
Î“Ă¶ÂŁ â•žĂ† /api/customer-queries/manage
Î“Ă¶ÂŁ â•žĂ† /api/dev-tools/lighthouse
Î“Ă¶ÂŁ â•žĂ† /api/filter
Î“Ă¶ÂŁ â•žĂ† /api/generate-alt
Î“Ă¶ÂŁ â•žĂ† /api/log-error
Î“Ă¶ÂŁ â•žĂ† /api/nav-categories
Î“Ă¶ÂŁ â•žĂ† /api/nav-search
Î“Ă¶ÂŁ â•žĂ† /api/planner/ai-advisor
Î“Ă¶ÂŁ â•žĂ† /api/planner/catalog
Î“Ă¶ÂŁ â•žĂ† /api/planner/catalog/configurator
Î“Ă¶ÂŁ â•žĂ† /api/planner/sketch-to-plan
Î“Ă¶ÂŁ â•žĂ† /api/plans
Î“Ă¶ÂŁ â•žĂ† /api/plans/[id]
Î“Ă¶ÂŁ â•žĂ† /api/products
Î“Ă¶ÂŁ â•žĂ† /api/products/filter
Î“Ă¶ÂŁ â•žĂ† /api/recommendations
Î“Ă¶ÂŁ â•žĂ† /api/theme/active
Î“Ă¶ÂŁ â•žĂ† /api/theme/manage
Î“Ă¶ÂŁ â•žĂ† /api/tracking
Î“Ă¶ÂŁ â•žĂ† /brochure
Î“Ă¶ÂŁ â•žĂ† /career
Î“Ă¶ÂŁ â•žĂ† /catalog
Î“Ă¶ÂŁ â•žĂ† /choose-product
Î“Ă¶ÂŁ â•žĂ† /compare
Î“Ă¶ÂŁ â•žĂ† /contact
Î“Ă¶ÂŁ â•žĂ† /crm
Î“Ă¶ÂŁ â•žĂ† /crm/clients
Î“Ă¶ÂŁ â•žĂ† /crm/projects
Î“Ă¶ÂŁ â•žĂ† /crm/projects/[id]
Î“Ă¶ÂŁ â•žĂ† /crm/quotes
Î“Ă¶ÂŁ â•žĂ† /dashboard
Î“Ă¶ÂŁ â•žĂ† /download-brochure
Î“Ă¶ÂŁ â•žĂ† /downloads
Î“Ă¶ÂŁ â•žĂ† /gallery
Î“Ă¶ÂŁ Î“ĂąĂŻ /icon-12o0cb.png
Î“Ă¶ÂŁ â•žĂ† /imprint
Î“Ă¶ÂŁ â•žĂ† /login
Î“Ă¶ÂŁ â•žĂ† /news
Î“Ă¶ÂŁ â•žĂ† /offline
Î“Ă¶ÂŁ â•žĂ† /opengraph-image-12o0cb
Î“Ă¶ÂŁ â•žĂ† /ops
Î“Ă¶ÂŁ â•žĂ† /ops/customer-queries
Î“Ă¶ÂŁ â•žĂ† /planner
Î“Ă¶ÂŁ â•žĂ† /planner/canvas
Î“Ă¶ÂŁ â•žĂ† /planner/fabric/canvas
Î“Ă¶ÂŁ â•žĂ† /planner/fabric/guest
Î“Ă¶ÂŁ â•žĂ† /planner/features
Î“Ă¶ÂŁ â•žĂ† /planner/features/[slug]
Î“Ă¶ÂŁ â•žĂ† /planner/guest
Î“Ă¶ÂŁ â•žĂ† /planner/help
Î“Ă¶ÂŁ â•žĂ† /planner/open3d
Î“Ă¶ÂŁ â•žĂ† /planning
Î“Ă¶ÂŁ â•žĂ† /portal
Î“Ă¶ÂŁ â•žĂ† /portal/[id]
Î“Ă¶ÂŁ â•žĂ† /portal/guest
Î“Ă¶ÂŁ â•žĂ† /portal/guest/view/[id]
Î“Ă¶ÂŁ â•žĂ† /portal/svg-catalog
Î“Ă¶ÂŁ â•žĂ† /portal/svg-catalog/[slug]
Î“Ă¶ÂŁ â•žĂ† /portfolio
Î“Ă¶ÂŁ â•žĂ† /privacy
Î“Ă¶ÂŁ â•žĂ† /products
Î“Ă¶ÂŁ â•žĂ† /products/[category]
Î“Ă¶ÂŁ â•žĂ† /products/[category]/[product]
Î“Ă¶ÂŁ â•žĂ† /products/category/[slug]
Î“Ă¶ÂŁ â•žĂ† /projects
Î“Ă¶ÂŁ â•žĂ† /quote-cart
Î“Ă¶ÂŁ â•žĂ† /refund-and-return-policy
Î“Ă¶ÂŁ â•žĂ† /repo-store
Î“Ă¶ÂŁ â•žĂ† /service
Î“Ă¶ÂŁ â•žĂ† /showrooms
Î“Ă¶ÂŁ Î“ĂąĂŻ /sitemap.xml                                  5m      1y
Î“Ă¶ÂŁ â•žĂ† /social
Î“Ă¶ÂŁ â•žĂ† /solutions
Î“Ă¶ÂŁ â•žĂ† /solutions/[category]
Î“Ă¶ÂŁ â•žĂ† /support-ivr
Î“Ă¶ÂŁ â•žĂ† /sustainability
Î“Ă¶ÂŁ â•žĂ† /templates
Î“Ă¶ÂŁ â•žĂ† /terms
Î“Ă¶ÂŁ â•žĂ† /tracking
Î“Ă¶ÂŁ â•žĂ† /trusted-by
Î“Ă¶Ă¶ â•žĂ† /twitter-image-12o0cb


â•žĂ† Proxy (Middleware)

Î“ĂąĂŻ  (Static)   prerendered as static content
â•žĂ†  (Dynamic)  server-rendered on demand

[prepare-standalone] Copied static assets into .next/standalone
