pnpm : $ pnpm --filter oando-site typecheck
At line:1 char:1
+ pnpm run typecheck
+ ~~~~~~~~~~~~~~~~~~
    + CategoryInfo          : NotSpecified: ($ pnpm --filter oando-site typecheck:String) [], RemoteException
    + FullyQualifiedErrorId : NativeCommandError
 
$ tsc -p tsconfig.json --noEmit
features/planner/admin/svg-editor/svgReferenceDefinitions.ts(17,11): error TS2322: Type '{ kind: "rect"; id: string; x: number; y: number; width: number; height: number; customerEditable: false; }' is not assignable to type '({ id: string; visible: boolean; kind: "rect"; x: number; y: number; width: number; height: number; style?: { fill?: string | undefined; stroke?: string | undefined; opacity?: number | undefined; lineWeight?: number | undefined; } | undefined; } | { ...; } | { ...; } | { ...; } | { ...; }) & { ...; }'.
  Type '{ kind: "rect"; id: string; x: number; y: number; width: number; height: number; customerEditable: false; }' is not assignable to type '{ id: string; visible: boolean; kind: "rect"; x: number; y: number; width: number; height: number; style?: { fill?: string | undefined; stroke?: string | undefined; opacity?: number | undefined; lineWeight?: number | undefined; } | undefined; } & { ...; }'.
    Property 'visible' is missing in type '{ kind: "rect"; id: string; x: number; y: number; width: number; height: number; customerEditable: false; }' but required in type '{ id: string; visible: boolean; kind: "rect"; x: number; y: number; width: number; height: number; style?: { fill?: string | undefined; stroke?: string | undefined; opacity?: number | undefined; lineWeight?: number | undefined; } | undefined; }'.
features/planner/admin/svg-editor/svgReferenceDefinitions.ts(26,11): error TS2322: Type '{ kind: "rect"; id: string; x: number; y: number; width: number; height: number; customerEditable: true; }' is not assignable to type '({ id: string; visible: boolean; kind: "rect"; x: number; y: number; width: number; height: number; style?: { fill?: string | undefined; stroke?: string | undefined; opacity?: number | undefined; lineWeight?: number | undefined; } | undefined; } | { ...; } | { ...; } | { ...; } | { ...; }) & { ...; }'.
  Type '{ kind: "rect"; id: string; x: number; y: number; width: number; height: number; customerEditable: true; }' is not assignable to type '{ id: string; visible: boolean; kind: "rect"; x: number; y: number; width: number; height: number; style?: { fill?: string | undefined; stroke?: string | undefined; opacity?: number | undefined; lineWeight?: number | undefined; } | undefined; } & { ...; }'.
    Property 'visible' is missing in type '{ kind: "rect"; id: string; x: number; y: number; width: number; height: number; customerEditable: true; }' but required in type '{ id: string; visible: boolean; kind: "rect"; x: number; y: number; width: number; height: number; style?: { fill?: string | undefined; stroke?: string | undefined; opacity?: number | undefined; lineWeight?: number | undefined; } | undefined; }'.
features/planner/admin/svg-editor/svgReferenceDefinitions.ts(41,11): error TS2322: Type '{ kind: "rect"; id: string; x: number; y: number; width: number; height: number; customerEditable: true; }' is not assignable to type '({ id: string; visible: boolean; kind: "rect"; x: number; y: number; width: number; height: number; style?: { fill?: string | undefined; stroke?: string | undefined; opacity?: number | undefined; lineWeight?: number | undefined; } | undefined; } | { ...; } | { ...; } | { ...; } | { ...; }) & { ...; }'.
  Type '{ kind: "rect"; id: string; x: number; y: number; width: number; height: number; customerEditable: true; }' is not assignable to type '{ id: string; visible: boolean; kind: "rect"; x: number; y: number; width: number; height: number; style?: { fill?: string | undefined; stroke?: string | undefined; opacity?: number | undefined; lineWeight?: number | undefined; } | undefined; } & { ...; }'.
    Property 'visible' is missing in type '{ kind: "rect"; id: string; x: number; y: number; width: number; height: number; customerEditable: true; }' but required in type '{ id: string; visible: boolean; kind: "rect"; x: number; y: number; width: number; height: number; style?: { fill?: string | undefined; stroke?: string | undefined; opacity?: number | undefined; lineWeight?: number | undefined; } | undefined; }'.
features/planner/open3d/canvas-fabric/FeasibilityCanvas.tsx(75,13): error TS2322: Type '"room" | "placement" | "dimension" | "opening"' is not assignable to type 'never'.
  Type '"room"' is not assignable to type 'never'.
features/planner/open3d/catalog/svg/svgServerSanitizer.ts(25,32): error TS2339: Property 'tagName' does not exist on type 'Node'.
features/planner/open3d/catalog/useOpen3dWorkspaceCatalog.ts(50,19): error TS2552: Cannot find name 'Open3dCatalogItem'. Did you mean 'Open3dCatalogClient'?
D:\oandO04072026\site:
[ERR_PNPM_RECURSIVE_RUN_FIRST_FAIL] oando-site@0.1.0 typecheck: `tsc -p tsconfig.json --noEmit`
Exit status 2
[ELIFECYCLE] Command failed with exit code 2.
