
[1m[30m[46m RUN [49m[39m[22m [36mv4.1.9 [39m[90md:/OandO07072026/site[39m

 [32m✓[39m tests/unit/features/planner/open3d/workspaceStatusLabels.test.ts[2m > [22mworkspaceStatusLabels[2m > [22mformats tool and view mode[32m 1[2mms[22m[39m
 [32m✓[39m tests/unit/features/planner/open3d/workspaceStatusLabels.test.ts[2m > [22mworkspaceStatusLabels[2m > [22mformats snap status only when active[32m 0[2mms[22m[39m
 [32m✓[39m tests/unit/features/planner/open3d/workspaceStatusLabels.test.ts[2m > [22mworkspaceStatusLabels[2m > [22mformats selection counts[32m 0[2mms[22m[39m
 [32m✓[39m tests/unit/features/planner/open3d/workspaceStatusLabels.test.ts[2m > [22mworkspaceStatusLabels[2m > [22mformats autosave status for guest and member sessions[32m 0[2mms[22m[39m
 [32m✓[39m tests/unit/features/planner/open3d/workspaceStatusLabels.test.ts[2m > [22mworkspaceStatusLabels full branches (TDD)[2m > [22mcovers all autosave statuses (honest local labels)[32m 0[2mms[22m[39m
 [32m✓[39m tests/unit/features/planner/open3d/workspaceStatusLabels.test.ts[2m > [22mworkspaceStatusLabels full branches (TDD)[2m > [22mcovers selection multi and snap variants[32m 0[2mms[22m[39m
 [32m✓[39m tests/unit/features/planner/open3d/workspaceStatusLabels.test.ts[2m > [22mopen3dSaveStatusLabel — local-only default (W6)[2m > [22m'idle' guest=true → 'Guest session (local)'[32m 1[2mms[22m[39m
 [32m✓[39m tests/unit/features/planner/open3d/workspaceStatusLabels.test.ts[2m > [22mopen3dSaveStatusLabel — local-only default (W6)[2m > [22m'idle' guest=false → 'Ready (local)'[32m 0[2mms[22m[39m
 [32m✓[39m tests/unit/features/planner/open3d/workspaceStatusLabels.test.ts[2m > [22mopen3dSaveStatusLabel — local-only default (W6)[2m > [22m'unsaved' guest=true → 'Unsaved draft'[32m 0[2mms[22m[39m
 [32m✓[39m tests/unit/features/planner/open3d/workspaceStatusLabels.test.ts[2m > [22mopen3dSaveStatusLabel — local-only default (W6)[2m > [22m'unsaved' guest=false → 'Unsaved changes'[32m 0[2mms[22m[39m
 [32m✓[39m tests/unit/features/planner/open3d/workspaceStatusLabels.test.ts[2m > [22mopen3dSaveStatusLabel — local-only default (W6)[2m > [22m'saving' guest=true → 'Saving locally…'[32m 0[2mms[22m[39m
 [32m✓[39m tests/unit/features/planner/open3d/workspaceStatusLabels.test.ts[2m > [22mopen3dSaveStatusLabel — local-only default (W6)[2m > [22m'saving' guest=false → 'Saving locally…'[32m 0[2mms[22m[39m
 [32m✓[39m tests/unit/features/planner/open3d/workspaceStatusLabels.test.ts[2m > [22mopen3dSaveStatusLabel — local-only default (W6)[2m > [22m'saved' guest=true → 'Draft saved locally'[32m 0[2mms[22m[39m
 [32m✓[39m tests/unit/features/planner/open3d/workspaceStatusLabels.test.ts[2m > [22mopen3dSaveStatusLabel — local-only default (W6)[2m > [22m'saved' guest=false → 'Saved locally'[32m 0[2mms[22m[39m
 [32m✓[39m tests/unit/features/planner/open3d/workspaceStatusLabels.test.ts[2m > [22mopen3dSaveStatusLabel — local-only default (W6)[2m > [22m'error' guest=true → 'Local save failed'[32m 0[2mms[22m[39m
 [32m✓[39m tests/unit/features/planner/open3d/workspaceStatusLabels.test.ts[2m > [22mopen3dSaveStatusLabel — local-only default (W6)[2m > [22m'error' guest=false → 'Local save failed'[32m 0[2mms[22m[39m
 [32m✓[39m tests/unit/features/planner/open3d/workspaceStatusLabels.test.ts[2m > [22mopen3dSaveStatusLabel — local-only default (W6)[2m > [22mnever returns cloud account labels when cloudEnabled is false even if storage claims cloud[32m 0[2mms[22m[39m
 [32m✓[39m tests/unit/features/planner/open3d/workspaceStatusLabels.test.ts[2m > [22mopen3dSaveStatusLabel — local-only default (W6)[2m > [22mcloud branches only when cloudEnabled true[32m 0[2mms[22m[39m
 [32m✓[39m tests/unit/features/planner/open3d/workspaceStatusLabels.test.ts[2m > [22mopen3dSaveStatusLabel — local-only default (W6)[2m > [22mforbids synced-to-account style lies across every local status[32m 2[2mms[22m[39m
 [32m✓[39m tests/unit/features/planner/open3d/workspaceStatusLabels.test.ts[2m > [22mformatAutosaveStatus delegates to same table (no dual drift)[2m > [22mmatches open3dSaveStatusLabel for guest/member local[32m 0[2mms[22m[39m
 [32m✓[39m tests/unit/features/planner/open3d/useOpen3dWorkspaceAutosave.test.tsx[2m > [22museOpen3dWorkspaceAutosave[2m > [22mexports local storage flags and isLocalSaved alias[32m 12[2mms[22m[39m
 [32m✓[39m tests/unit/features/planner/open3d/useOpen3dWorkspaceAutosave.test.tsx[2m > [22museOpen3dWorkspaceAutosave[2m > [22mschedulePersist builds envelope from latest project after mutation (projectRef)[32m 3[2mms[22m[39m
 [32m✓[39m tests/unit/features/planner/open3d/useOpen3dWorkspaceAutosave.test.tsx[2m > [22museOpen3dWorkspaceAutosave[2m > [22mflushPersist builds envelope from latest project after mutation (projectRef)[32m 2[2mms[22m[39m
 [32m✓[39m tests/unit/features/planner/open3d/useOpen3dWorkspaceAutosave.test.tsx[2m > [22museOpen3dWorkspaceAutosave[2m > [22mdoes not capture stale project when schedulePersist identity is stable across renames[32m 1[2mms[22m[39m
 [32m✓[39m tests/unit/features/planner/open3d/useOpen3dWorkspaceAutosave.test.tsx[2m > [22museOpen3dWorkspaceAutosave[2m > [22mregisters and removes named visibilitychange + pagehide listeners[32m 2[2mms[22m[39m
 [32m✓[39m tests/unit/features/planner/open3d/useOpen3dWorkspaceAutosave.test.tsx[2m > [22museOpen3dWorkspaceAutosave[2m > [22mflushPending on visibility hidden calls saver.flush[32m 1[2mms[22m[39m
 [32m✓[39m tests/unit/features/planner/open3d/useOpen3dWorkspaceAutosave.test.tsx[2m > [22museOpen3dWorkspaceAutosave[2m > [22mmarks isLocalSaved true when onSaved fires[32m 1[2mms[22m[39m
 [32m✓[39m tests/unit/features/planner/open3d/useOpen3dWorkspaceAutosave.test.tsx[2m > [22museOpen3dWorkspaceAutosave[2m > [22mwires createAutoSaver with planner project id[32m 3[2mms[22m[39m
 [32m✓[39m tests/unit/features/planner/open3d/useOpen3dWorkspaceAutosave.test.tsx[2m > [22museOpen3dWorkspaceAutosave[2m > [22mbuildOpen3dSessionEnvelope shape is what scheduleSave receives[32m 1[2mms[22m[39m
 [32m✓[39m tests/unit/features/planner/open3d/useOpen3dWorkspaceAutosave.test.tsx[2m > [22museOpen3dWorkspaceAutosave[2m > [22mrestoreSnapshot loads via persistence and returns parsed project[32m 2[2mms[22m[39m
 [32m✓[39m tests/unit/features/planner/open3d/saveReloadContinuity.test.ts[2m > [22mopen3d draw → save envelope → reload continuity (2B.4)[2m > [22mpreserves wall ends, furniture ids, and modular geometryMode/options through envelope JSON[32m 5[2mms[22m[39m
 [32m✓[39m tests/unit/features/planner/open3d/saveReloadContinuity.test.ts[2m > [22mopen3d draw → save envelope → reload continuity (2B.4)[2m > [22malso preserves modular furniture through exportOpen3dProjectJson round-trip[32m 10[2mms[22m[39m
 [32m✓[39m tests/unit/features/planner/open3d/TopBar.saveStatus.test.tsx[2m > [22mTopBar save status pill — open3dSaveStatusLabel table[2m > [22midle (default / no legacy flags) shows Ready (local), not bare Ready[32m 47[2mms[22m[39m
 [32m✓[39m tests/unit/features/planner/open3d/TopBar.saveStatus.test.tsx[2m > [22mTopBar save status pill — open3dSaveStatusLabel table[2m > [22msaveStatus=idle member → Ready (local) via helper[32m 12[2mms[22m[39m
 [32m✓[39m tests/unit/features/planner/open3d/TopBar.saveStatus.test.tsx[2m > [22mTopBar save status pill — open3dSaveStatusLabel table[2m > [22msaveStatus=saved member → Saved locally (not bare Saved)[32m 12[2mms[22m[39m
 [32m✓[39m tests/unit/features/planner/open3d/TopBar.saveStatus.test.tsx[2m > [22mTopBar save status pill — open3dSaveStatusLabel table[2m > [22msaveStatus=saved guest → Draft saved locally[32m 10[2mms[22m[39m
 [32m✓[39m tests/unit/features/planner/open3d/TopBar.saveStatus.test.tsx[2m > [22mTopBar save status pill — open3dSaveStatusLabel table[2m > [22msaveStatusLabel prop wins over saveStatus[32m 11[2mms[22m[39m
 [32m✓[39m tests/unit/features/planner/open3d/TopBar.saveStatus.test.tsx[2m > [22mTopBar save status pill — open3dSaveStatusLabel table[2m > [22mlegacy isSynced fallback uses Saved locally (honest helper, not bare Saved)[32m 11[2mms[22m[39m
 [32m✓[39m tests/unit/features/planner/open3d/TopBar.saveStatus.test.tsx[2m > [22mTopBar save status pill — open3dSaveStatusLabel table[2m > [22mlegacy isModified fallback uses Unsaved changes via helper (not Modified)[32m 9[2mms[22m[39m

[2m Test Files [22m [1m[32m4 passed[39m[22m[90m (4)[39m
[2m      Tests [22m [1m[32m39 passed[39m[22m[90m (39)[39m
[2m   Start at [22m 23:37:50
[2m   Duration [22m 5.18s[2m (transform 601ms, setup 1.59s, import 4.55s, tests 173ms, environment 1.36s)[22m

