
 RUN  v4.1.9 D:/oandO04072026/site

 Γ£ô tests/unit/features/planner/open3d/workspaceShell.test.tsx > useWorkspaceCanvas > creates a project, dispatches actions, and supports undo/redo 17ms
 Γ£ô tests/unit/features/planner/open3d/workspaceShell.test.tsx > useWorkspaceCanvas > updates selection and applies direct project updates 2ms
 Γ£ô tests/unit/features/planner/open3d/workspaceShell.test.tsx > useCanvasDrawing > draws a wall when the segment exceeds the minimum length 10ms
 Γ£ô tests/unit/features/planner/open3d/workspaceShell.test.tsx > useDockingSystem > docks, undocks, collapses, moves, resizes, and persists layout 4ms
 Γ£ô tests/unit/features/planner/open3d/workspaceShell.test.tsx > useDockingSystem > restores layout from localStorage on mount 2ms
 Γ£ô tests/unit/features/planner/open3d/workspaceShell.test.tsx > TopBar > fires view, unit, export, and import callbacks and shows save status 46ms
 Γ£ô tests/unit/features/planner/open3d/workspaceShell.test.tsx > PanelContainer > handles dock, undock, minimize, close, resize, and focus 11ms
 Γ£ô tests/unit/features/planner/open3d/workspaceShell.test.tsx > InventoryPanel > searches sample inventory and selects an item 114ms
 Γ£ô tests/unit/features/planner/open3d/workspaceShell.test.tsx > PropertiesPanel > shows empty state and wall properties for a selection 13ms
node.exe : stderr | tests/unit/features/planner/open3d/workspaceShell.test.tsx > OOPlannerWorkspace (TDD) > professional workspace: topbar has project/save/floor/units/2d3d/undo/redo/save + structured menus for import/export/prefs; panels separate catalogue/layers; canvas-max (GS: Figma REC-01 minimize, catalogue-first REC-04, 2026-07-04 benchmark)
At C:\Program Files\nodejs\pnpm.ps1:16 char:5
+     & "$basedir/node$exe"  "$basedir/node_modules/corepack/dist/pnpm. ...
+     ~~~~~~~~~~~~~~~~~~~~~~~~~~~~~~~~~~~~~~~~~~~~~~~~~~~~~~~~~~~~~~~~~
    + CategoryInfo          : NotSpecified: (stderr | tests/...7-04 benchmark):String) [], RemoteException
    + FullyQualifiedErrorId : NativeCommandError
 
An update to OOPlannerWorkspace inside a test was not wrapped in act(...).

When testing, code that causes React state updates should be wrapped into act(...):

act(() => {
  /* fire events that update state */
});
/* assert on the output */

This ensures that you're testing the behavior the user would see in the browser. Learn more at https://react.dev/link/wrap-tests-with-act

 Γ£ô tests/unit/features/planner/open3d/workspaceShell.test.tsx > WorkspaceShell > renders panels, status bar, and toolbar actions 1127ms
 Γ£ô tests/unit/features/planner/open3d/workspaceShell.test.tsx > TDD editor coverage additions > toolFromShortcutKey (keyboard) > maps shortcut keys to tools 1ms
 Γ£ô tests/unit/features/planner/open3d/workspaceShell.test.tsx > TDD editor coverage additions > toolFromShortcutKey (keyboard) > maps semantic tools onto the existing canvas runtime 0ms
 Γ£ô tests/unit/features/planner/open3d/workspaceShell.test.tsx > TDD editor coverage additions > useDoorWindowPlacement additional branches (TDD) > handleWallClick returns result for door and window modes (exercises placement branches) 1ms
 Γ£ô tests/unit/features/planner/open3d/workspaceShell.test.tsx > TDD editor coverage additions > useDoorWindowPlacement additional branches (TDD) > edit modes, update/delete and get* cover edit branches 1ms
 Γ£ô tests/unit/features/planner/open3d/workspaceShell.test.tsx > TDD editor coverage additions > useDoorWindowPlacement additional branches (TDD) > cancel from placing resets state 1ms
 Γ£ô tests/unit/features/planner/open3d/workspaceShell.test.tsx > TDD editor coverage additions > useDockingSystem viewport + reset (TDD) > detects small viewport tier and handles mobile activePanel logic 1ms
 Γ£ô tests/unit/features/planner/open3d/workspaceShell.test.tsx > TDD editor coverage additions > useDockingSystem viewport + reset (TDD) > reset and full cycle covers default restore branches 1ms
 Γ£ô tests/unit/features/planner/open3d/workspaceShell.test.tsx > TDD editor coverage additions > PropertiesPanel more entities (TDD) > renders door and furniture properties (covers render* branches) 14ms
 Γ£ô tests/unit/features/planner/open3d/workspaceShell.test.tsx > TDD editor coverage additions > PropertiesPanel more entities (TDD) > groups properties into transform/dimensions/placement/appearance/metadata/actions; supports unit numeric commit/cancel/reset/validation + multi-sel shared + locked reject (task7; GS REC-01/03/04, BP-01, anti-copy semantic) 6ms
 Γ£ô tests/unit/features/planner/open3d/workspaceShell.test.tsx > TDD editor coverage additions > TopBar guest + more (TDD) > hides persist actions for guest accessContext 2ms
 Γ£ô tests/unit/features/planner/open3d/workspaceShell.test.tsx > static planner hardcoding audit (passing gate for task 3) > passes static presentation hardcoding audit (no raw hex or duplicated visual in JSX; cursor moved to css module) 4ms
 Γ£ô tests/unit/features/planner/open3d/workspaceShell.test.tsx > OOPlannerWorkspace (TDD) > renders loading then workspace shell for guest (covers hydration + shell wiring) 16ms
 Γ£ô tests/unit/features/planner/open3d/workspaceShell.test.tsx > OOPlannerWorkspace (TDD) > professional workspace: topbar has project/save/floor/units/2d3d/undo/redo/save + structured menus for import/export/prefs; panels separate catalogue/layers; canvas-max (GS: Figma REC-01 minimize, catalogue-first REC-04, 2026-07-04 benchmark) 2ms
 ├ù tests/unit/features/planner/open3d/workspaceShell.test.tsx > OOPlannerWorkspace (TDD) > docking persists valid panel ratios to workspace prefs schema (task5) 5ms
   ΓåÆ expected 200 to be greater than 200

ΓÄ»ΓÄ»ΓÄ»ΓÄ»ΓÄ»ΓÄ»ΓÄ» Failed Tests 1 ΓÄ»ΓÄ»ΓÄ»ΓÄ»ΓÄ»ΓÄ»ΓÄ»

 FAIL  tests/unit/features/planner/open3d/workspaceShell.test.tsx > OOPlannerWorkspace (TDD) > docking persists valid panel ratios to workspace prefs schema (task5)
AssertionError: expected 200 to be greater than 200
 Γ¥» tests/unit/features/planner/open3d/workspaceShell.test.tsx:737:46
    735|       expect(p.panelRatios.catalogue).toBeLessThanOrEqual(0.4);
    736|     }
    737|     expect(result.current.panels.left.width).toBeGreaterThan(200);
       |                                              ^
    738|   });
    739| });

ΓÄ»ΓÄ»ΓÄ»ΓÄ»ΓÄ»ΓÄ»ΓÄ»ΓÄ»ΓÄ»ΓÄ»ΓÄ»ΓÄ»ΓÄ»ΓÄ»ΓÄ»ΓÄ»ΓÄ»ΓÄ»ΓÄ»ΓÄ»ΓÄ»ΓÄ»ΓÄ»ΓÄ»[1/1]ΓÄ»


 Test Files  1 failed (1)
      Tests  1 failed | 23 passed (24)
   Start at  23:36:11
   Duration  7.47s (transform 543ms, setup 307ms, import 5.22s, tests 1.41s, environment 356ms)

undefined
D:\oandO04072026\site:
[ERR_PNPM_RECURSIVE_EXEC_FIRST_FAIL] Command failed with exit code 1: vitest run tests/unit/app/planner/routesCoverage.test.tsx tests/unit/features/planner/open3d/workspaceShell.test.tsx --config vitest.site.config.ts "--reporter=verbose"

