
 RUN  v4.1.9 D:/.grok/worktrees/oando04072026/new/site

cmd.exe : stderr | tests/unit/features/planner/open3d/coverageGap.test.ts > AI Advisor Actions (TDD: apply errors, 
preview, revert, layout branches) > previewSuggestionActions and revert cover layout and warn path
At line:1 char:324
+ ... solve-0408/coverageGap-status2 | Out-Null; & cmd /c $cmd 2>&1 | Out-F ...
+                                                ~~~~~~~~~~~~~~~~~~
    + CategoryInfo          : NotSpecified: (stderr | tests/...t and warn path:String) [], RemoteException
    + FullyQualifiedErrorId : NativeCommandError
 
[advisorActions] revertLastSuggestion not fully implemented

┬╖┬╖┬╖┬╖┬╖┬╖┬╖┬╖┬╖┬╖┬╖┬╖┬╖┬╖┬╖┬╖┬╖┬╖┬╖┬╖┬╖┬╖┬╖┬╖┬╖┬╖┬╖┬╖┬╖┬╖┬╖┬╖┬╖┬╖┬╖┬╖┬╖┬╖┬╖┬╖┬╖┬╖┬╖┬╖┬╖┬╖┬╖┬╖┬╖┬╖┬╖┬╖┬╖┬╖┬╖┬╖┬╖┬╖┬╖┬╖┬╖┬╖┬╖┬╖┬╖┬╖┬╖┬╖┬╖┬╖┬╖┬╖┬╖┬╖┬╖┬╖┬╖┬╖┬╖┬╖┬╖┬╖┬╖┬╖┬╖┬╖┬╖┬╖┬╖┬╖┬╖┬╖┬╖┬╖┬╖┬╖┬╖┬╖┬╖┬╖┬╖┬╖┬╖┬╖┬╖┬╖┬╖┬╖┬╖┬╖┬╖┬╖┬╖┬╖┬╖┬╖┬╖┬╖┬╖┬╖┬╖┬╖┬╖┬╖┬╖┬╖┬╖┬╖┬╖┬╖┬╖┬╖┬╖┬╖┬╖┬╖┬╖┬╖┬╖┬╖┬╖┬╖┬╖┬╖┬╖┬╖┬╖┬╖┬╖┬╖┬╖┬╖┬╖┬╖┬╖┬╖┬╖┬╖┬╖┬╖┬╖┬╖┬╖┬╖┬╖┬╖┬╖┬╖┬╖┬╖┬╖┬╖┬╖┬╖┬╖┬╖┬╖┬╖┬╖┬╖┬╖┬╖┬╖┬╖┬╖┬╖┬╖┬╖┬╖┬╖┬╖┬╖┬╖┬╖┬╖┬╖┬╖┬╖┬╖┬╖┬╖┬╖┬╖┬╖┬╖┬╖┬╖┬╖┬╖┬╖┬╖┬╖┬╖┬╖┬╖┬╖┬╖┬╖┬╖┬╖┬╖┬╖┬╖┬╖┬╖┬╖┬╖┬╖┬╖┬╖┬╖┬╖┬╖┬╖┬╖┬╖┬╖┬╖┬╖┬╖┬╖┬╖┬╖┬╖┬╖┬╖┬╖┬╖┬╖┬╖┬╖┬╖┬╖┬╖xxx┬╖

ΓÄ»ΓÄ»ΓÄ»ΓÄ»ΓÄ»ΓÄ»ΓÄ» Failed Tests 3 ΓÄ»ΓÄ»ΓÄ»ΓÄ»ΓÄ»ΓÄ»ΓÄ»

 FAIL  tests/unit/features/planner/open3d/coverageGap.test.ts > Export shared TDD roundtrips + errors + upload + 
preflight more (cycles 3+) > json export/import roundtrip + error paths (no floors, bad floorId, recover)
AssertionError: expected false to be true // Object.is equality

- Expected
+ Received

- true
+ false

 Γ¥» tests/unit/features/planner/open3d/coverageGap.test.ts:2865:25


ΓÄ»ΓÄ»ΓÄ»ΓÄ»ΓÄ»ΓÄ»ΓÄ»ΓÄ»ΓÄ»ΓÄ»ΓÄ»ΓÄ»ΓÄ»ΓÄ»ΓÄ»ΓÄ»ΓÄ»ΓÄ»ΓÄ»ΓÄ»ΓÄ»ΓÄ»ΓÄ»ΓÄ»[1/3]ΓÄ»

 FAIL  tests/unit/features/planner/open3d/coverageGap.test.ts > Export shared TDD roundtrips + errors + upload + 
preflight more (cycles 3+) > importUtils detect/auto/roomplan/error + preflight unsupported/blocked
AssertionError: expected null to be truthy

- Expected:
true

+ Received:
null

 Γ¥» tests/unit/features/planner/open3d/coverageGap.test.ts:2890:22
    2888|
    2889|     const rp = importRoomPlanFromJson('{"walls":[{"dimensions":[1,2],"ΓÇª
    2890|     expect(rp.floor).toBeTruthy();
       |                      ^
    2891|
    2892|     const badPref = preflightOpen3dExport({ floors: [] } as any, "svg"ΓÇª

ΓÄ»ΓÄ»ΓÄ»ΓÄ»ΓÄ»ΓÄ»ΓÄ»ΓÄ»ΓÄ»ΓÄ»ΓÄ»ΓÄ»ΓÄ»ΓÄ»ΓÄ»ΓÄ»ΓÄ»ΓÄ»ΓÄ»ΓÄ»ΓÄ»ΓÄ»ΓÄ»ΓÄ»[2/3]ΓÄ»

 FAIL  tests/unit/features/planner/open3d/coverageGap.test.ts > Export shared TDD roundtrips + errors + upload + 
preflight more (cycles 3+) > upload utils: formatFileSize, validateUpload, revoke, preview (pure paths)
AssertionError: expected '0 B' to be '10 B' // Object.is equality

Expected: "10 B"
Received: "0 B"

 Γ¥» tests/unit/features/planner/open3d/coverageGap.test.ts:2898:32
    2896|
    2897|   it("upload utils: formatFileSize, validateUpload, revoke, preview (pΓÇª
    2898|     expect(formatFileSize(10)).toBe("10 B");
       |                                ^
    2899|     expect(formatFileSize(2048)).toContain("KB");
    2900|     expect(formatFileSize(3 * 1024 * 1024)).toContain("MB");

ΓÄ»ΓÄ»ΓÄ»ΓÄ»ΓÄ»ΓÄ»ΓÄ»ΓÄ»ΓÄ»ΓÄ»ΓÄ»ΓÄ»ΓÄ»ΓÄ»ΓÄ»ΓÄ»ΓÄ»ΓÄ»ΓÄ»ΓÄ»ΓÄ»ΓÄ»ΓÄ»ΓÄ»[3/3]ΓÄ»


 Test Files  1 failed (1)
      Tests  3 failed | 255 passed (258)
   Start at  18:38:04
   Duration  1.59s (transform 363ms, setup 350ms, import 433ms, tests 195ms, environment 429ms)

undefined
D:\.grok\worktrees\oando04072026\new\site:
[ERR_PNPM_RECURSIVE_EXEC_FIRST_FAIL] Command failed with exit code 1: vitest run tests/unit/features/planner/open3d/coverageGap.test.ts --no-coverage "--reporter=dot" --passWithNoTests
