
 RUN  v4.1.9 D:/oandO04072026/site
      Coverage enabled with v8

 Γ¥» tests/unit/features/planner/open3d/threeViewerInner.test.tsx (5 tests | 1 failed) 593ms
     ├ù shows loading state then mounts the WebGL container 165ms
     Γ£ô renders an error panel when scene initialization fails 154ms
     Γ£ô disposes renderer and scene resources on unmount 131ms
     Γ£ô renders with shadow maps enabled and without an onReady callback 124ms
     Γ£ô cancels Three.js loading when unmounted early 7ms
 Γ¥» tests/unit/features/planner/open3d/catalog/blockDescriptorLoader.test.ts (22 tests | 2 failed) 708ms
     Γ£ô tryLoad returns a typed descriptor on a fresh fixture file 28ms
     Γ£ô tryLoad emits notFound when the JSON file is missing 4ms
     Γ£ô tryLoad emits invalid when the JSON file body is malformed 55ms
     Γ£ô tryLoad rejects slugs that don't match the kebab regex (defensive early) 3ms
     Γ£ô tryLoad rejects slugs that contain path-traversal characters 45ms
     Γ£ô tryLoad rejects slugs with absolute paths 2ms
     Γ£ô tryLoad rejects injected path components 2ms
     Γ£ô tryLoad rejects a non-`.json` extension 3ms
     Γ£ô tryLoad surfaces hashMismatch when the on-disk body is mutated after first write 9ms
     Γ£ô tryLoad surfaces versionMismatch when the schemaVersion does not match the pinned literal 8ms
     Γ£ô loadBySlug throws with HTTP-shape prefix when the descriptor cannot be loaded 30ms
     Γ£ô loadBySlug returns the typed descriptor when present 36ms
     Γ£ô loadAll returns empty array when the directory does not exist 3ms
     Γ£ô loadAll reads every .json file in the directory, skips malformed entries 19ms
     Γ£ô loadAll skips a .json-named directory that is not a regular file 109ms
     Γ£ô loadAll caches results for repeat reads within the same directory 40ms
     Γ£ô clearLoaderCache forces a fresh read on the next loadAll 75ms
     Γ£ô Open3dDescriptorError union covers all four canonical kinds 3ms
     ├ù tryLoad surfaces invalid (via parseBlockDescriptor) when JSON parses to non-object primitive 90ms
     Γ£ô tryLoad surfaces invalid when JSON parses to non-object (number) hitting parse early guard 74ms
     Γ£ô tryLoad surfaces invalid (parse path) when schemaVersion present but not string type 7ms
     ├ù loadAll skips entries that fail parseBlockDescriptor (e.g. non-object json or schema fail) and only returns valid 15ms
 Γ£ô tests/unit/features/planner/open3d/sketchToPlan.test.ts (21 tests) 737ms
node.exe : stderr | tests/unit/features/planner/open3d/threeLazy.test.tsx > Lazy3DViewer > lazy-loads the inner viewer 
and calls onReady
At C:\Program Files\nodejs\pnpm.ps1:16 char:5
+     & "$basedir/node$exe"  "$basedir/node_modules/corepack/dist/pnpm. ...
+     ~~~~~~~~~~~~~~~~~~~~~~~~~~~~~~~~~~~~~~~~~~~~~~~~~~~~~~~~~~~~~~~~~
    + CategoryInfo          : NotSpecified: (stderr | tests/...d calls onReady:String) [], RemoteException
    + FullyQualifiedErrorId : NativeCommandError
 
[vitest] The vi.fn() mock did not use 'function' or 'class' in its implementation, see 
https://vitest.dev/api/vi#vi-spyon for examples.

 Γ¥» tests/unit/features/planner/open3d/doorWindowPlacement.test.ts (11 tests | 1 failed) 198ms
       Γ£ô starts in select mode 35ms
       Γ£ô provides door types 4ms
       Γ£ô provides window types 2ms
       Γ£ô enters door placement mode 4ms
       Γ£ô exits placement mode on cancel 4ms
       Γ£ô enters window placement mode 3ms
       Γ£ô tracks hover position 3ms
       Γ£ô clears hover on mouse leave 4ms
       Γ£ô returns empty arrays when project is null 3ms
     Γ£ô cancels and resets hover/selected 4ms
     ├ù update/delete fns return transformed projects 122ms
 Γ£ô tests/unit/features/planner/open3d/threeLazy.test.tsx (2 tests) 441ms
     Γ£ô lazy-loads the inner viewer and calls onReady  429ms
 Γ¥» tests/unit/features/planner/open3d/catalog.test.ts (189 tests | 3 failed) 711ms
       Γ£ô converts cm to mm correctly 5ms
       Γ£ô rounds fractional cm values 1ms
       Γ£ô returns at least 1 for zero or negative inputs 1ms
       Γ£ô builds dimensions from cm values 1ms
       Γ£ô uses default height of 75cm when not provided 0ms
       Γ£ô preserves seat height and weight when provided 1ms
       Γ£ô displayCmFromCanonicalMm converts mm to rounded cm 1ms
       Γ£ô displayInFromCanonicalMm converts mm to inches 1ms
       Γ£ô displayMFromCanonicalMm converts mm to metres 1ms
       Γ£ô displayFtInFromCanonicalMm converts mm to ft-in 0ms
       Γ£ô formats in cm 1ms
       Γ£ô formats in mm 0ms
       Γ£ô defaults to cm for unknown unit 0ms
       Γ£ô handles zero height 0ms
       Γ£ô builds accessible name with dimensions 0ms
       Γ£ô accepts valid dimensions 2ms
       Γ£ô rejects negative width 1ms
       Γ£ô rejects zero depth 0ms
       Γ£ô rejects NaN values 0ms
       Γ£ô rejects oversized dimensions 0ms
       Γ£ô rejects negative weight 0ms
       Γ£ô accepts null weight (optional) 0ms
       Γ£ô has all top-level categories 1ms
       Γ£ô Furniture has all subcategories 0ms
       Γ£ô builds path with only category 0ms
       Γ£ô builds path with category and subcategory 0ms
       Γ£ô builds full 3-level path 0ms
       Γ£ô handles empty subcategory 0ms
       Γ£ô maps known marketing names to normalized values 1ms
       Γ£ô maps Warm Walnut Veneer to Walnut 0ms
       Γ£ô falls back to input for unknown materials 0ms
       Γ£ô handles empty input 0ms
       Γ£ô maps leather variants correctly 0ms
       Γ£ô resolves color name and hex with normalized family 1ms
       Γ£ô handles hex with # prefix 0ms
       Γ£ô handles unknown color name 0ms
       Γ£ô handles empty color name 0ms
       Γ£ô validates known room tags 0ms
       Γ£ô validates known style tags 1ms
       Γ£ô detects flat-pack 1ms
       Γ£ô detects partial assembly 0ms
       Γ£ô detects fully assembled 0ms
       Γ£ô detects pre-assembled as fully-assembled 0ms
       Γ£ô defaults to partial for unknown 0ms
       Γ£ô returns name as-is if ├óΓÇ░┬ñ 30 characters 0ms
       Γ£ô truncates names > 30 characters with ellipsis 0ms
       Γ£ô handles exactly 30 characters 0ms
       Γ£ô rejects null/undefined 1ms
       Γ£ô rejects empty string 0ms
       Γ£ô accepts relative URLs starting with / 0ms
       Γ£ô accepts relative URLs starting with ./ 1ms
       Γ£ô rejects HTTP URLs 2ms
       Γ£ô rejects non-HTTPS unknown protocols 1ms
       Γ£ô rejects malformed URLs 1ms
       Γ£ô rejects HTTPS URLs from non-allowlisted origins 10ms
       Γ£ô accepts relative URLs with ../ 0ms
       Γ£ô validates multiple URLs 1ms
       Γ£ô returns false when no timestamp provided 1ms
       Γ£ô returns false for recent timestamps 0ms
       Γ£ô returns true for expired timestamps 0ms
       Γ£ô respects custom TTL 0ms
       Γ£ô returns null for null input 0ms
       Γ£ô returns validated relative URL 0ms
       Γ£ô returns null for expired URL 0ms
       Γ£ô returns null for invalid URL 0ms
       ├ù adds and retrieves allowed origins 57ms
       Γ£ô generates box type fallback 1ms
       Γ£ô matches catalog dimensions 0ms
       Γ£ô has accessible name with reason 95ms
       Γ£ô uses category-specific colors 11ms
       Γ£ô uses default yellow/red for unknown category 1ms
       Γ£ô preserves optional dimension fields 4ms
       Γ£ô buildImageFallback has type image 1ms
       Γ£ô buildMeshFallback has type mesh 1ms
       Γ£ô buildTextureFallback has type texture 0ms
       Γ£ô creates snapshot with product identity 9ms
       Γ£ô preserves variant identity when variant provided 2ms
       Γ£ô preserves source provenance metadata 1ms
       Γ£ô preserves mapped catalog identity when placing a planner product 5ms
       Γ£ô generates unique placement IDs 1ms
       Γ£ô placement IDs start with plc- prefix 52ms
       Γ£ô records placedAt as ISO 8601 timestamp 3ms
       Γ£ô uses default position {0,0} when not specified 1ms
       Γ£ô uses default rotation 0 1ms
       Γ£ô uses default scale {1,1,1} 1ms
       Γ£ô accepts position override 0ms
       Γ£ô accepts rotation override 0ms
       Γ£ô accepts locked state override 0ms
       Γ£ô accepts material and color overrides 0ms
       Γ£ô defaults locked to false 0ms
       Γ£ô clickToPlace sets placedFrom to click 0ms
       Γ£ô dragToPlace sets placedFrom to drag 0ms
       Γ£ô apiPlace sets placedFrom to api 0ms
       Γ£ô returns true when all identity fields match 0ms
       Γ£ô returns false when ID mismatches 0ms
       Γ£ô places through the project mutation shape and preserves source identity 2ms
     Γ£ô starts empty 1ms
     Γ£ô adds an item 1ms
     Γ£ô deduplicates by SKU 0ms
     Γ£ô moves re-added item to front 1ms
     Γ£ô enforces max count of 50 3ms
     Γ£ô clearRecentItems empties the list 1ms
     Γ£ô starts empty 1ms
     Γ£ô adds a favorite 1ms
     Γ£ô does not duplicate favorites 0ms
     Γ£ô removes a favorite by ID 1ms
     Γ£ô filters favorites by category 1ms
     Γ£ô removes oldest when exceeding max 32ms
     ├ù migrateRecentItemsSchema is idempotent 1ms
     ├ù migrateFavoritesSchema is idempotent 1ms
       Γ£ô handles localStorage throwing on getItem 1ms
       Γ£ô handles localStorage throwing on setItem 1ms
       Γ£ô rejects invalid recent items schema 0ms
       Γ£ô rejects invalid favorites schema 0ms
       Γ£ô handles corrupted JSON in localStorage 0ms
       Γ£ô isLoaded returns false initially 1ms
       Γ£ô getAll returns empty array 1ms
       Γ£ô search returns empty result 3ms
       Γ£ô isLoaded returns true after load 2ms
       Γ£ô getAll returns all items 19ms
       Γ£ô getById returns correct item 50ms
       Γ£ô getById returns null for missing 1ms
       Γ£ô getBySlug returns correct item 1ms
       Γ£ô getBySku returns correct item 2ms
       Γ£ô getByCategory filters correctly 1ms
       Γ£ô getByRoom filters correctly 2ms
       Γ£ô getByStyle filters correctly 1ms
         Γ£ô finds items by exact name 2ms
         Γ£ô finds items by partial text 20ms
         Γ£ô filters by category 1ms
         Γ£ô filters by room 1ms
         Γ£ô filters by style 1ms
         Γ£ô filters by dimension range 1ms
         Γ£ô combines text + category filter 1ms
         Γ£ô returns zero results for no match 1ms
         Γ£ô paginates results 1ms
         Γ£ô cursor pagination navigates to next page 1ms
         Γ£ô caches search results 1ms
         Γ£ô invalidate clears cache 1ms
         Γ£ô name-asc sorts alphabetically 0ms
         Γ£ô name-desc sorts reverse alphabetically 0ms
       Γ£ô handles 1000 items search under 100ms 48ms
       Γ£ô evicts oldest entries when cache is full 1ms
       Γ£ô filters by material 3ms
       Γ£ô filters by color 1ms
       Γ£ô filters by availability status 1ms
       Γ£ô filters by configurability, mounting, and asset readiness 1ms
       Γ£ô supports deterministic sortField and sortDirection 1ms
       Γ£ô returns null before load 0ms
       Γ£ô returns the source after load 0ms
       Γ£ô loads raw planner catalog rows through the Phase 03 mapper 7ms
       Γ£ô loads already-normalized Open3D catalog envelopes without remapping identity 2ms
       Γ£ô exposes half-TTL revalidation state after API load 1ms
       Γ£ô scores exact SKU match highest 1ms
       Γ£ô scores exact slug match 1ms
       Γ£ô applies fuzzy prefix matching 1ms
     Γ£ô keeps planner runtime free of admin catalog write routes 152ms
     Γ£ô keeps canonical admin catalog routes under admin auth and CSRF for writes 1ms
       Γ£ô maps desk to Furniture 1ms
       Γ£ô maps room to Furniture 1ms
       Γ£ô maps chair to Furniture 0ms
       Γ£ô maps light to Lighting 0ms
       Γ£ô maps plant to Decor 0ms
       Γ£ô maps outdoor to Outdoor 0ms
       Γ£ô maps electrical to Symbols 0ms
       Γ£ô defaults to Furniture for unknown 0ms
       Γ£ô detects Office from desk category 0ms
       Γ£ô detects Dining 0ms
       Γ£ô defaults to Office when no match 0ms
       Γ£ô detects multiple rooms 0ms
       Γ£ô detects Modern from name 0ms
       Γ£ô detects Scandinavian 0ms
       Γ£ô defaults to Modern when no match 0ms
       Γ£ô uses series name when available 0ms
       Γ£ô falls back to category-based inference 0ms
       Γ£ô returns in-stock for active item 0ms
       Γ£ô returns discontinued for inactive item 0ms
       Γ£ô maps a valid planner managed product 1ms
       Γ£ô returns null when no dimensions provided 0ms
       Γ£ô returns null when name missing 0ms
       Γ£ô preserves all identity fields 0ms
       Γ£ô maps a parametric configurator product 2ms
       Γ£ô maps a discrete configurator product 1ms
       Γ£ô maps a fixed configurator product 0ms
       Γ£ô returns null when no dimensions can be resolved 0ms
       Γ£ô returns null when missing slug or name 1ms
       Γ£ô handles L-shaped workstation 5ms
       Γ£ô handles sharing workstation 1ms
       Γ£ô handles parametric without valid seater options 0ms
AggregateError: 
    at internalConnectMultiple (node:net:1193:18)
    at afterConnectMultiple (node:net:1783:7) {
  code: 'ECONNREFUSED',
  [errors]: [
    Error: connect ECONNREFUSED ::1:3000
        at createConnectionError (node:net:1746:14)
        at afterConnectMultiple (node:net:1776:16) {
      errno: -4078,
      code: 'ECONNREFUSED',
      syscall: 'connect',
      address: '::1',
      port: 3000
    },
    Error: connect ECONNREFUSED 127.0.0.1:3000
        at createConnectionError (node:net:1746:14)
        at afterConnectMultiple (node:net:1776:16) {
      errno: -4078,
      code: 'ECONNREFUSED',
      syscall: 'connect',
      address: '127.0.0.1',
      port: 3000
    }
  ]
}
 Γ¥» tests/unit/features/planner/open3d/modelOperations.test.ts (69 tests | 1 failed) 232ms
     Γ£ô adds a wall 10ms
     Γ£ô removes a wall and cascades doors/windows 3ms
     Γ£ô updates a wall 1ms
     Γ£ô moves wall endpoints 2ms
     Γ£ô moves a wall parallel 1ms
     Γ£ô splits a wall and reassigns openings 1ms
     Γ£ô splits a wall with openings on both sides of the split point 1ms
     Γ£ô splits a wall moving a door to the new wall and keeping a window on the old wall 1ms
     Γ£ô rejects split at extremes 2ms
     Γ£ô duplicates a wall 1ms
     Γ£ô throws for missing wall 1ms
     Γ£ô adds doors with defaults 1ms
     Γ£ô removes, updates, and duplicates doors 1ms
     Γ£ô throws for missing door 1ms
     Γ£ô adds windows with defaults 0ms
     Γ£ô removes, updates, and duplicates windows 1ms
     Γ£ô throws for missing window 1ms
     Γ£ô adds, moves, rotates, scales, and duplicates furniture 2ms
     Γ£ô locks and unlocks furniture 1ms
     Γ£ô removes and updates furniture 1ms
     Γ£ô throws for missing furniture 2ms
     Γ£ô adds, moves, updates, and removes stairs 1ms
     Γ£ô throws for missing stair 1ms
     Γ£ô adds, moves, updates, and removes columns 1ms
     Γ£ô adds square columns 0ms
     Γ£ô throws for missing column 0ms
     Γ£ô removes any element by id with cascade for walls 1ms
     Γ£ô adds a floor and sets it active 1ms
     Γ£ô copies current floor layout 0ms
     Γ£ô removes a floor and switches active 0ms
     Γ£ô removes a non-active floor without changing active 1ms
     Γ£ô rejects removing the only floor 0ms
     Γ£ô sets active floor 0ms
     Γ£ô updates project name and display unit 1ms
     Γ£ô adds, moves, and removes guides 2ms
     Γ£ô throws for missing guide 1ms
     Γ£ô adds and removes measurements 1ms
     Γ£ô adds, updates, and removes annotations 1ms
     Γ£ô throws for missing annotation 1ms
     Γ£ô adds, updates, moves, and removes text annotations 1ms
     Γ£ô throws for missing text annotation 1ms
     Γ£ô sets and updates background image 1ms
     Γ£ô throws updating non-existent background image 0ms
     Γ£ô creates and removes groups 1ms
     Γ£ô rejects groups with fewer than 2 elements 0ms
     Γ£ô ungroups by element ids 1ms
     Γ£ô createGroup filters out groups that become too small 1ms
     Γ£ô updates a room 1ms
     Γ£ô throws for missing room 0ms
     Γ£ô imports floor data into active floor 1ms
     Γ£ô imports floor with stairs and columns into active floor 1ms
     ├ù throws when active floor is missing 155ms
     Γ£ô does not mutate the original project 1ms
     Γ£ô updates timestamp on every mutating action 1ms
     Γ£ô creates initial state 2ms
     Γ£ô pushes and undoes 2ms
     Γ£ô redoes 1ms
     Γ£ô clears future on new push 1ms
     Γ£ô truncates past at maxHistory 1ms
     Γ£ô updates present without pushing 0ms
     Γ£ô jumps to history index 1ms
     Γ£ô returns history entries 1ms
     Γ£ô no-op on undo/redo when not available 0ms
     Γ£ô validates envelopes 1ms
     Γ£ô creates envelope v1 0ms
     Γ£ô migrates through registered migrations 1ms
     Γ£ô fails when no migration path 1ms
     Γ£ô fails when migration throws 0ms
     Γ£ô returns registered migrations 0ms
 Γ£ô tests/unit/features/planner/open3d/useOpen3dWorkspaceCatalog.test.ts (5 tests) 681ms
 Γ£ô tests/unit/features/planner/open3d/catalog/blocksResolver.test.ts (69 tests) 400ms
 Γ£ô tests/unit/features/planner/open3d/exportPhase06.test.ts (30 tests) 1374ms
     Γ£ô exports PDF with title block and selected display unit  794ms
     Γ£ô exports DXF with CAD layers and canonical millimetre geometry  396ms
stdout | tests/unit/features/planner/open3d/svgInventory.test.ts > 03A-INV: Search Index > large inventory benchmarks > meets 1K search p95 budget under 100ms
[phase-03a-benchmark-exceed] inventory search 1K p95=47.540ms stretch=50ms

 Γ£ô tests/unit/features/planner/open3d/imageImport.test.ts (13 tests) 154ms
 Γ£ô tests/unit/features/planner/open3d/persistence/topBarGuest.test.tsx (2 tests) 161ms
 Γ£ô tests/unit/features/planner/open3d/zeroCoverageModules.test.ts (3 tests) 132ms
 Γ£ô tests/unit/features/planner/open3d/roomElements.test.ts (14 tests) 153ms
 Γ¥» tests/unit/features/planner/open3d/cleanupPhase08.test.ts (7 tests | 1 failed) 6763ms
     Γ£ô keeps product catalog assets off git public paths 4ms
     Γ£ô lists runtime textures eligible for CDN copy only 1ms
     ├ù wires the live guest and canvas routes to the hybrid open3d workspace 5051ms
     Γ£ô keeps explicit Fabric fallback routes on the legacy planner workspace  1323ms
     Γ£ô keeps /planner/open3d on the pilot host route  370ms
     Γ£ô preserves iframe embed node until explicit retirement 1ms
     Γ£ô records live hybrid routes separately from explicit Fabric fallbacks 3ms
 Γ£ô tests/unit/features/planner/open3d/domain.test.ts (16 tests) 73ms
 Γ£ô tests/unit/features/planner/open3d/catalog/blockDescriptor.test.ts (36 tests) 119ms
 Γ£ô tests/unit/features/planner/open3d/open3dFeasibilityCanvas.test.tsx (4 tests) 722ms
     Γ£ô runs toolbar and keyboard commands  400ms
 Γ£ô tests/unit/features/planner/open3d/jsonExport.test.ts (25 tests) 126ms
stdout | tests/unit/features/planner/open3d/svgInventory.test.ts > 03A-INV: Search Index > large inventory benchmarks > meets 10K search p95 budget under 200ms
[phase-03a-benchmark-exceed] inventory search 10K p95=186.931ms stretch=100ms

stdout | tests/unit/features/planner/open3d/svgInventory.test.ts > 03A-INV: Search Index > large inventory benchmarks > meets SVG symbol generation budget under 10ms p95
[phase-03a-benchmark-exceed] SVG symbol generation p95=0.054ms stretch=5ms

 Γ£ô tests/unit/features/planner/open3d/svgInventory.test.ts (114 tests) 5159ms
       Γ£ô meets 1K search p95 budget under 100ms  495ms
       Γ£ô meets 10K search p95 budget under 200ms  4356ms
 Γ£ô tests/unit/features/planner/open3d/uploadUtils.test.ts (18 tests) 48ms
 Γ¥» tests/unit/features/planner/open3d/workspaceShell.test.tsx (19 tests | 2 failed) 3287ms
     Γ£ô creates a project, dispatches actions, and supports undo/redo 113ms
     Γ£ô updates selection and applies direct project updates 4ms
     Γ£ô draws a wall when the segment exceeds the minimum length 21ms
     Γ£ô docks, undocks, collapses, moves, resizes, and persists layout 10ms
     Γ£ô restores layout from localStorage on mount 2ms
     Γ£ô fires view, unit, export, and import callbacks and shows save status 296ms
     Γ£ô handles dock, undock, minimize, close, resize, and focus 132ms
     ├ù searches sample inventory and selects an item 1266ms
     Γ£ô shows empty state and wall properties for a selection 91ms
     Γ£ô renders panels, status bar, and toolbar actions  1250ms
       Γ£ô maps shortcut keys to tools 2ms
       Γ£ô handleWallClick returns result for door and window modes (exercises placement branches) 24ms
       ├ù edit modes, update/delete and get* cover edit branches 11ms
       Γ£ô cancel from placing resets state 3ms
       Γ£ô detects small viewport tier and handles mobile activePanel logic 2ms
       Γ£ô reset and full cycle covers default restore branches 2ms
       Γ£ô renders door and furniture properties (covers render* branches) 28ms
       Γ£ô hides persist actions for guest accessContext 6ms
     Γ£ô renders loading then workspace shell for guest (covers hydration + shell wiring) 11ms
 Γ£ô tests/unit/features/planner/open3d/persistence/permissions.test.ts (40 tests) 41ms
 Γ£ô tests/unit/features/planner/open3d/persistence/persistence.test.ts (9 tests) 38ms
 Γ£ô tests/unit/features/planner/open3d/persistence/guestPromotion.test.ts (15 tests) 38ms
 Γ£ô tests/unit/features/planner/open3d/persistence/memberPlanRepository.test.ts (40 tests) 47ms
 Γ£ô tests/unit/features/planner/open3d/svgFixtureGallery.test.ts (2 tests) 47ms
 Γ£ô tests/unit/features/planner/open3d/aiAdvisor.test.ts (21 tests) 24ms
 Γ£ô tests/unit/features/planner/open3d/persistence/persistenceErrors.test.ts (85 tests) 38ms
 Γ£ô tests/unit/features/planner/open3d/plannerDocumentBridge.test.ts (14 tests) 32ms
stderr | tests/unit/features/planner/open3d/exportOptionalDeps.test.ts > export optional dependency failures > returns 
null when jspdf and dxf-writer cannot be loaded
jspdf not available for PDF export

stderr | tests/unit/features/planner/open3d/exportOptionalDeps.test.ts > export optional dependency failures > returns 
null when jspdf and dxf-writer cannot be loaded
dxf-writer not available for DXF export

 Γ£ô tests/unit/features/planner/open3d/exportOptionalDeps.test.ts (1 test) 26ms
 Γ£ô tests/unit/features/planner/open3d/advisorCoverage.test.ts (9 tests) 36ms
stdout | tests/unit/features/planner/open3d/persistence/phase04Perf.test.ts > Phase 04 persistence performance budgets > permission gate check p95 under 1ms
[phase-04-benchmark] permission gate p95=0.001ms budget=1ms

stdout | tests/unit/features/planner/open3d/persistence/phase04Perf.test.ts > Phase 04 persistence performance budgets > member document load p95 under 500ms with mocked API
[phase-04-benchmark] member load p95=0.010ms budget=500ms

stdout | tests/unit/features/planner/open3d/persistence/phase04Perf.test.ts > Phase 04 persistence performance budgets > member cloud save p95 under 2s with mocked API
[phase-04-benchmark] member save p95=0.012ms budget=2000ms

stdout | tests/unit/features/planner/open3d/persistence/phase04Perf.test.ts > Phase 04 persistence performance budgets > guest-to-member promotion save p95 under 2s with mocked repository
[phase-04-benchmark] promotion save p95=0.010ms budget=2000ms

 Γ£ô tests/unit/features/planner/open3d/feasibility.test.ts (5 tests) 28ms
 Γ£ô tests/unit/features/planner/open3d/persistence/phase04Perf.test.ts (4 tests) 54ms
 Γ£ô tests/unit/features/planner/open3d/open3dSession.test.ts (1 test) 17ms
 Γ£ô tests/unit/features/planner/open3d/workspaceStatusLabels.test.ts (6 tests) 13ms
 Γ£ô tests/unit/features/planner/open3d/donorParity.test.ts (4 tests) 25ms
 Γ£ô tests/unit/features/planner/open3d/routesCoverage.test.tsx (6 tests) 1149ms
     Γ£ô renders known feature slug pages and rejects unknown slugs  546ms

ΓÄ»ΓÄ»ΓÄ»ΓÄ»ΓÄ»ΓÄ» Failed Tests 11 ΓÄ»ΓÄ»ΓÄ»ΓÄ»ΓÄ»ΓÄ»ΓÄ»

 FAIL  tests/unit/features/planner/open3d/catalog.test.ts > 03-CAT-05: Asset Validation > addAllowedOrigin / 
getAllowedOrigins > adds and retrieves allowed origins
TypeError: getAllowedOrigins is not a function
 Γ¥» tests/unit/features/planner/open3d/catalog.test.ts:446:22
    444|   describe("addAllowedOrigin / getAllowedOrigins", () => {
    445|     it("adds and retrieves allowed origins", () => {
    446|       const before = getAllowedOrigins().length;
       |                      ^
    447|       addAllowedOrigin("my-cdn.example.com");
    448|       expect(getAllowedOrigins().length).toBe(before + 1);

ΓÄ»ΓÄ»ΓÄ»ΓÄ»ΓÄ»ΓÄ»ΓÄ»ΓÄ»ΓÄ»ΓÄ»ΓÄ»ΓÄ»ΓÄ»ΓÄ»ΓÄ»ΓÄ»ΓÄ»ΓÄ»ΓÄ»ΓÄ»ΓÄ»ΓÄ»ΓÄ»[1/11]ΓÄ»

 FAIL  tests/unit/features/planner/open3d/catalog.test.ts > 03-CAT-07: Schema Migration > migrateRecentItemsSchema is 
idempotent
TypeError: migrateRecentItemsSchema is not a function
 Γ¥» tests/unit/features/planner/open3d/catalog.test.ts:986:5
    984| describe("03-CAT-07: Schema Migration", () => {
    985|   it("migrateRecentItemsSchema is idempotent", () => {
    986|     migrateRecentItemsSchema();
       |     ^
    987|     migrateRecentItemsSchema(); // Should not error
    988|   });

ΓÄ»ΓÄ»ΓÄ»ΓÄ»ΓÄ»ΓÄ»ΓÄ»ΓÄ»ΓÄ»ΓÄ»ΓÄ»ΓÄ»ΓÄ»ΓÄ»ΓÄ»ΓÄ»ΓÄ»ΓÄ»ΓÄ»ΓÄ»ΓÄ»ΓÄ»ΓÄ»[2/11]ΓÄ»

 FAIL  tests/unit/features/planner/open3d/catalog.test.ts > 03-CAT-07: Schema Migration > migrateFavoritesSchema is 
idempotent
TypeError: migrateFavoritesSchema is not a function
 Γ¥» tests/unit/features/planner/open3d/catalog.test.ts:991:5
    989|
    990|   it("migrateFavoritesSchema is idempotent", () => {
    991|     migrateFavoritesSchema();
       |     ^
    992|     migrateFavoritesSchema();
    993|   });

ΓÄ»ΓÄ»ΓÄ»ΓÄ»ΓÄ»ΓÄ»ΓÄ»ΓÄ»ΓÄ»ΓÄ»ΓÄ»ΓÄ»ΓÄ»ΓÄ»ΓÄ»ΓÄ»ΓÄ»ΓÄ»ΓÄ»ΓÄ»ΓÄ»ΓÄ»ΓÄ»[3/11]ΓÄ»

 FAIL  tests/unit/features/planner/open3d/cleanupPhase08.test.ts > Phase 08 import graph proof > wires the live guest 
and canvas routes to the hybrid open3d workspace
Error: Test timed out in 5000ms.
If this is a long-running test, pass a timeout value as the last argument or configure it globally with "testTimeout".
 Γ¥» tests/unit/features/planner/open3d/cleanupPhase08.test.ts:92:3
     90|   });
     91|
     92|   it("wires the live guest and canvas routes to the hybrid open3d workΓÇª
       |   ^
     93|     const { default: PlannerGuestPage } = await import("@/app/planner/ΓÇª
     94|     const { default: PlannerCanvasPage } = await import("@/app/plannerΓÇª

ΓÄ»ΓÄ»ΓÄ»ΓÄ»ΓÄ»ΓÄ»ΓÄ»ΓÄ»ΓÄ»ΓÄ»ΓÄ»ΓÄ»ΓÄ»ΓÄ»ΓÄ»ΓÄ»ΓÄ»ΓÄ»ΓÄ»ΓÄ»ΓÄ»ΓÄ»ΓÄ»[4/11]ΓÄ»

 FAIL  tests/unit/features/planner/open3d/doorWindowPlacement.test.ts > useDoorWindowPlacement TDD full (placement, 
edit, update) > update/delete fns return transformed projects
Error: Window x not found
 Γ¥» updateWindow features/planner/open3d/model/operations/pureActions.ts:332:19
    330|   const floor = getActiveFloor(p);
    331|   const win = floor.windows.find((w) => w.id === id);
    332|   if (!win) throw new Error(`Window ${id} not found`);
       |                   ^
    333|   Object.assign(win, updates);
    334|   return {
 Γ¥» Object.updateWindowProperties features/planner/open3d/editor/useDoorWindowPlacement.ts:104:14
 Γ¥» tests/unit/features/planner/open3d/doorWindowPlacement.test.ts:135:27

ΓÄ»ΓÄ»ΓÄ»ΓÄ»ΓÄ»ΓÄ»ΓÄ»ΓÄ»ΓÄ»ΓÄ»ΓÄ»ΓÄ»ΓÄ»ΓÄ»ΓÄ»ΓÄ»ΓÄ»ΓÄ»ΓÄ»ΓÄ»ΓÄ»ΓÄ»ΓÄ»[5/11]ΓÄ»

 FAIL  tests/unit/features/planner/open3d/modelOperations.test.ts > pureActions ├óΓé¼ΓÇ¥ import floor > throws when 
active floor is missing
AssertionError: expected [Function] to throw error including 'Active floor not found' but got 'No active floor in 
project'

Expected: "Active floor not found"
Received: "No active floor in project"

 Γ¥» tests/unit/features/planner/open3d/modelOperations.test.ts:592:76
    590|     const badProject = { ...p, activeFloorId: "missing" };
    591|     const importedFloor = createOpen3dProject({ idFactory: ids("imp-flΓÇª
    592|     expect(() => importFloorIntoCurrentProject(badProject, importedFloΓÇª
       |                                                                            ^
    593|   });
    594| });

ΓÄ»ΓÄ»ΓÄ»ΓÄ»ΓÄ»ΓÄ»ΓÄ»ΓÄ»ΓÄ»ΓÄ»ΓÄ»ΓÄ»ΓÄ»ΓÄ»ΓÄ»ΓÄ»ΓÄ»ΓÄ»ΓÄ»ΓÄ»ΓÄ»ΓÄ»ΓÄ»[6/11]ΓÄ»

 FAIL  tests/unit/features/planner/open3d/threeViewerInner.test.tsx > ThreeViewerInner > shows loading state then 
mounts the WebGL container
AssertionError: expected null to be truthy

- Expected:
true

+ Received:
null

 Γ¥» tests/unit/features/planner/open3d/threeViewerInner.test.tsx:122:72
    120|     });
    121|
    122|     expect(container.querySelector("div[style*='min-height: 400px']"))ΓÇª
       |                                                                        ^
    123|   });
    124|

ΓÄ»ΓÄ»ΓÄ»ΓÄ»ΓÄ»ΓÄ»ΓÄ»ΓÄ»ΓÄ»ΓÄ»ΓÄ»ΓÄ»ΓÄ»ΓÄ»ΓÄ»ΓÄ»ΓÄ»ΓÄ»ΓÄ»ΓÄ»ΓÄ»ΓÄ»ΓÄ»[7/11]ΓÄ»

 FAIL  tests/unit/features/planner/open3d/workspaceShell.test.tsx > InventoryPanel > searches sample inventory and 
selects an item
TestingLibraryElementError: Unable to find role="option" and name `/Executive Standing Desk, 1\.6m/i`

Ignored nodes: comments, script, style
[36m<body>[39m
  [36m<div>[39m
    [36m<div[39m
      [33maria-label[39m=[32m"Inventory panel"[39m
      [33mclass[39m=[32m"_panel_ae4f14"[39m
      [33mid[39m=[32m"inventory-panel-_r_0_"[39m
      [33mrole[39m=[32m"region"[39m
      [33mtabindex[39m=[32m"0"[39m
    [36m>[39m
      [36m<div[39m
        [33mclass[39m=[32m"_searchSection_ae4f14"[39m
      [36m>[39m
        [36m<div[39m
          [33mclass[39m=[32m"_searchWrapper_ae4f14"[39m
        [36m>[39m
          [36m<svg[39m
            [33mclass[39m=[32m"_searchIcon_ae4f14"[39m
            [33mfill[39m=[32m"none"[39m
            [33mheight[39m=[32m"16"[39m
            [33mstroke[39m=[32m"currentColor"[39m
            [33mstroke-linecap[39m=[32m"round"[39m
            [33mstroke-linejoin[39m=[32m"round"[39m
            [33mstroke-width[39m=[32m"2"[39m
            [33mviewBox[39m=[32m"0 0 24 24"[39m
            [33mwidth[39m=[32m"16"[39m
          [36m>[39m
            [36m<circle[39m
              [33mcx[39m=[32m"11"[39m
              [33mcy[39m=[32m"11"[39m
              [33mr[39m=[32m"8"[39m
            [36m/>[39m
            [36m<path[39m
              [33md[39m=[32m"m21 21-4.35-4.35"[39m
            [36m/>[39m
          [36m</svg>[39m
          [36m<input[39m
            [33maria-label[39m=[32m"Search inventory"[39m
            [33mclass[39m=[32m"_searchInput_ae4f14"[39m
            [33mplaceholder[39m=[32m"Search furniture..."[39m
            [33mtype[39m=[32m"search"[39m
            [33mvalue[39m=[32m""[39m
          [36m/>[39m
        [36m</div>[39m
      [36m</div>[39m
      [36m<div[39m
        [33mclass[39m=[32m"_quickFilters_ae4f14"[39m
      [36m>[39m
        [36m<button[39m
          [33maria-pressed[39m=[32m"false"[39m
          [33mclass[39m=[32m"_filterChip_ae4f14 "[39m
          [33mtype[39m=[32m"button"[39m
        [36m>[39m
          [36m<span[39m
            [33mclass[39m=[32m"_filterChipIcon_ae4f14"[39m
          [36m>[39m
            [0m≡ƒÅá[0m
          [36m</span>[39m
          [36m<span[39m
            [33mclass[39m=[32m"_filterChipLabel_ae4f14"[39m
          [36m>[39m
            [0mAll Rooms[0m
          [36m</span>[39m
        [36m</button>[39m
        [36m<button[39m
          [33maria-pressed[39m=[32m"false"[39m
          [33mclass[39m=[32m"_filterChip_ae4f14 "[39m
          [33mtype[39m=[32m"button"[39m
        [36m>[39m
          [36m<span[39m
            [33mclass[39m=[32m"_filterChipIcon_ae4f14"[39m
          [36m>[39m
            [0m≡ƒ¢ï∩╕Å[0m
          [36m</span>[39m
          [36m<span[39m
            [33mclass[39m=[32m"_filterChipLabel_ae4f14"[39m
          [36m>[39m
            [0mLiving Room[0m
          [36m</span>[39m
        [36m</button>[39m
        [36m<button[39m
          [33maria-pressed[39m=[32m"false"[39m
          [33mclass[39m=[32m"_filterChip_ae4f14 "[39m
          [33mtype[39m=[32m"button"[39m
        [36m>[39m
          [36m<span[39m
            [33mclass[39m=[32m"_filterChipIcon_ae4f14"[39m
          [36m>[39m
            [0m≡ƒ¢Å∩╕Å[0m
          [36m</span>[39m
          [36m<span[39m
            [33mclass[39m=[32m"_filterChipLabel_ae4f14"[39m
          [36m>[39m
            [0mBedroom[0m
          [36m</span>[39m
        [36m</button>[39m
        [36m<button[39m
          [33maria-pressed[39m=[32m"false"[39m
          [33mclass[39m=[32m"_filterChip_ae4f14 "[39m
          [33mtype[39m=[32m"button"[39m
        [36m>[39m
          [36m<span[39m
            [33mclass[39m=[32m"_filterChipIcon_ae4f14"[39m
          [36m>[39m
            [0m≡ƒì│[0m
          [36m</span>[39m
          [36m<span[39m
            [33mclass[39m=[32m"_filterChipLabel_ae4f14"[39m
          [36m>[39m
            [0mKitchen[0m
          [36m</span>[39m
        [36m</button>[39m
        [36m<button[39m
          [33maria-pressed[39m=[32m"false"[39m
          [33mclass[39m=[32m"_filterChip_ae4f14 "[39m
          [33mtype[39m=[32m"button"[39m
        [36m>[39m
          [36m<span[39m
            [33mclass[39m=[32m"_filterChipIcon_ae4f14"[39m
          [36m>[39m
            [0m≡ƒÜ┐[0m
          [36m</span>[39m
          [36m<span[39m
            [33mclass[39m=[32m"_filterChipLabel_ae4f14"[39m
          [36m>[39m
            [0mBathroom[0m
          [36m</span>[39m
        [36m</button>[39m
      [36m</div>[39m
      [36m<div[39m
        [33mclass[39m=[32m"_categoriesSection_ae4f14"[39m
      [36m>[39m
        [36m<div[39m
          [33mclass[39m=[32m"_sectionHeader_ae4f14"[39m
        [36m>[39m
          [36m<span[39m
            [33mclass[39m=[32m"_sectionTitle_ae4f14"[39m
          [36m>[39m
            [0mCategories[0m
          [36m</span>[39m
        [36m</div>[39m
        [36m<nav[39m
          [33maria-label[39m=[32m"Inventory categories"[39m
          [33mclass[39m=[32m"_categoryList_ae4f14"[39m
        [36m>[39m
          [36m<div[39m
            [33mclass[39m=[32m"_categoryItem_ae4f14"[39m
          [36m>[39m
            [36m<button[39m
              [33maria-expanded[39m=[32m"true"[39m
              [33maria-pressed[39m=[32m"false"[39m
              [33mclass[39m=[32m"_categoryButton_ae4f14 "[39m
              [33mtype[39m=[32m"button"[39m
            [36m>[39m
              [36m<span[39m
                [33mclass[39m=[32m"_categoryIcon_ae4f14"[39m
              [36m>[39m
                [0m≡ƒ¬æ[0m
              [36m</span>[39m
              [36m<span[39m
                [33mclass[39m=[32m"_categoryLabel_ae4f14"[39m
              [36m>[39m
                [0mFurniture[0m
              [36m</span>[39m
              [36m<span[39m
                [33mclass[39m=[32m"_categoryChevron_ae4f14 _categoryChevronOpen_ae4f14"[39m
              [36m>[39m
                [36m<svg[39m
                  [33mfill[39m=[32m"none"[39m
                  [33mheight[39m=[32m"12"[39m
                  [33mstroke[39m=[32m"currentColor"[39m
                  [33mstroke-linecap[39m=[32m"round"[39m
                  [33mstroke-linejoin[39m=[32m"round"[39m
                  [33mstroke-width[39m=[32m"2"[39m
                  [33mviewBox[39m=[32m"0 0 24 24"[39m
                  [33mwidth[39m=[32m"12"[39m
                [36m>[39m
                  [36m<path[39m
                    [33md[39m=[32m"m6 9 6 6 6-6"[39m
                  [36m/>[39m
                [36m</svg>[39m
              [36m</span>[39m
            [36m</button>[39m
            [36m<div[39m
              [33mclass[39m=[32m"_subCategoryList_ae4f14"[39m
            [36m>[39m
              [36m<button[39m
                [33maria-pressed[39m=[32m"false"[39m
                [33mclass[39m=[32m"_subCategoryButton_ae4f14 "[39m
                [33mtype[39m=[32m"button"[39m
              [36m>[39m
                [0mSofas & Sectionals[0m
              [36m</button>[39m
              [36m<button[39m
                [33maria-pressed[39m=[32m"false"[39m
                [33mclass[39m=[32m"_subCategoryButton_ae4f14 "[39m
                [33mtype[39m=[32m"button"[39m
              [36m>[39m
                [0mChairs[0m
              [36m</button>[39m
              [36m<button[39m
                [33maria-pressed[39m=[32m"false"[39m
                [33mclass[39m=[32m"_subCategoryButton_ae4f14 "[39m
                [33mtype[39m=[32m"button"[39m
              [36m>[39m
                [0mTables[0m
              [36m</button>[39m
              [36m<button[39m
                [33maria-pressed[39m=[32m"false"[39m
                [33mclass[39m=[32m"_subCategoryButton_ae4f14 "[39m
                [33mtype[39m=[32m"button"[39m
              [36m>[39m
                [0mDesks & Workstations[0m
              [36m</button>[39m
              [36m<button[39m
                [33maria-pressed[39m=[32m"false"[39m
                [33mclass[39m=[32m"_subCategoryButton_ae4f14 "[39m
                [33mtype[39m=[32m"button"[39m
              [36m>[39m
                [0mStorage[0m
              [36m</button>[39m
              [36m<button[39m
                [33maria-pressed[39m=[32m"false"[39m
                [33mclass[39m=[32m"_subCategoryButton_ae4f14 "[39m
                [33mtype[39m=[32m"button"[39m
              [36m>[39m
                [0mBeds[0m
              [36m</button>[39m
            [36m</div>[39m
          [36m</div>[39m
          [36m<div[39m
            [33mclass[39m=[32m"_categoryItem_ae4f14"[39m
          [36m>[39m
            [36m<button[39m
              [33maria-expanded[39m=[32m"false"[39m
              [33maria-pressed[39m=[32m"false"[39m
              [33mclass[39m=[32m"_categoryButton_ae4f14 "[39m
              [33mtype[39m=[32m"button"[39m
            [36m>[39m
              [36m<span[39m
                [33mclass[39m=[32m"_categoryIcon_ae4f14"[39m
              [36m>[39m
                [0m≡ƒÆí[0m
              [36m</span>[39m
              [36m<span[39m
                [33mclass[39m=[32m"_categoryLabel_ae4f14"[39m
              [36m>[39m
                [0mLighting[0m
              [36m</span>[39m
              [36m<span[39m
                [33mclass[39m=[32m"_categoryChevron_ae4f14 "[39m
              [36m>[39m
                [36m<svg[39m
                  [33mfill[39m=[32m"none"[39m
                  [33mheight[39m=[32m"12"[39m
                  [33mstroke[39m=[32m"currentColor"[39m
                  [33mstroke-linecap[39m=[32m"round"[39m
                  [33mstroke-linejoin[39m=[32m"round"[39m
                  [33mstroke-width[39m=[32m"2"[39m
                  [33mviewBox[39m=[32m"0 0 24 24"[39m
                  [33mwidth[39m=[32m"12"[39m
                [36m>[39m
                  [36m<path[39m
                    [33md[39m=[32m"m6 9 6 6 6-6"[39m
                  [36m/>[39m
                [36m</svg>[39m
              [36m</span>[39m
            [36m</button>[39m
          [36m</div>[39m
          [36m<div[39m
            [33mclass[39m=[32m"_categoryItem_ae4f14"[39m
          [36m>[39m
            [36m<button[39m
              [33maria-expanded[39m=[32m"false"[39m
              [33maria-pressed[39m=[32m"false"[39m
              [33mclass[39m=[32m"_categoryButton_ae4f14 "[39m
              [33mtype[39m=[32m"button"[39m
            [36m>[39m
              [36m<span[39m
                [33mclass[39m=[32m"_categoryIcon_ae4f14"[39m
              [36m>[39m
                [0m≡ƒû╝∩╕Å[0m
              [36m</span>[39m
              [36m<span[39m
                [33mclass[39m=[32m"_categoryLabel_ae4f14"[39m
              [36m>[39m
                [0mDecor[0m
              [36m</span>[39m
              [36m<span[39m
                [33mclass[39m=[32m"_categoryChevron_ae4f14 "[39m
              [36m>[39m
                [36m<svg[39m
                  [33mfill[39m=[32m"none"[39m
                  [33mheight[39m=[32m"12"[39m
                  [33mstroke[39m=[32m"currentColor"[39m
                  [33mstroke-linecap[39m=[32m"round"[39m
                  [33mstroke-linejoin[39m=[32m"round"[39m
                  [33mstroke-width[39m=[32m"2"[39m
                  [33mviewBox[39m=[32m"0 0 24 24"[39m
                  [33mwidth[39m=[32m"12"[39m
                [36m>[39m
                  [36m<path[39m
                    [33md[39m=[32m"m6 9 6 6 6-6"[39m
                  [36m/>[39m
                [36m</svg>[39m
              [36m</span>[39m
            [36m</button>[39m
          [36m</div>[39m
          [36m<div[39m
            [33mclass[39m=[32m"_categoryItem_ae4f14"[39m
          [36m>[39m
            [36m<button[39m
              [33maria-expanded[39m=[32m"false"[39m
              [33maria-pressed[39m=[32m"false"[39m
              [33mclass[39m=[32m"_categoryButton_ae4f14 "[39m
              [33mtype[39m=[32m"button"[39m
            [36m>[39m
              [36m<span[39m
                [33mclass[39m=[32m"_categoryIcon_ae4f14"[39m
              [36m>[39m
                [0m≡ƒî┐[0m
              [36m</span>[39m
              [36m<span[39m
                [33mclass[39m=[32m"_categoryLabel_ae4f14"[39m
              [36m>[39m
                [0mOutdoor[0m
              [36m</span>[39m
              [36m<span[39m
                [33mclass[39m=[32m"_categoryChevron_ae4f14 "[39m
              [36m>[39m
                [36m<svg[39m
                  [33mfill[39m=[32m"none"[39m
                  [33mheight[39m=[32m"12"[39m
                  [33mstroke[39m=[32m"currentColor"[39m
                  [33mstroke-linecap[39m=[32m"round"[39m
                  [33mstroke-linejoin[39m=[32m"round"[39m
                  [33mstroke-width[39m=[32m"2"[39m
                  [33mviewBox[39m=[32m"0 0 24 24"[39m
                  [33mwidth[39m=[32m"12"[39m
                [36m>[39m
                  [36m<path[39m
                    [33md[39m=[32m"m6 9 6 6 6-6"[39m
                  [36m/>[39m
                [36m</svg>[39m
              [36m</span>[39m
            [36m</button>[39m
          [36m</div>[39m
          [36m<div[39m
            [33mclass[39m=[32m"_categoryItem_ae4f14"[39m
          [36m>[39m
            [36m<button[39m
              [33maria-expanded[39m=[32m"false"[39m
              [33maria-pressed[39m=[32m"false"[39m
              [33mclass[39m=[32m"_categoryButton_ae4f14 "[39m
              [33mtype[39m=[32m"button"[39m
            [36m>[39m
              [36m<span[39m
                [33mclass[39m=[32m"_categoryIcon_ae4f14"[39m
              [36m>[39m
                [0m≡ƒì╜∩╕Å[0m
              [36m</span>[39m
              [36m<span[39m
                [33mclass[39m=[32m"_categoryLabel_ae4f14"[39m
              [36m>[39m
                [0mKitchen & Dining[0m
              [36m</span>[39m
              [36m<span[39m
                [33mclass[39m=[32m"_categoryChevron_ae4f14 "[39m
              [36m>[39m
                [36m<svg[39m
                  [33mfill[39m=[32m"none"[39m
                  [33mheight[39m=[32m"12"[39m
                  [33mstroke[39m=[32m"currentColor"[39m
                  [33mstroke-linecap[39m=[32m"round"[39m
                  [33mstroke-linejoin[39m=[32m"round"[39m
                  [33mstroke-width[39m=[32m"2"[39m
                  [33mviewBox[39m=[32m"0 0 24 24"[39m
                  [33mwidth[39m=[32m"12"[39m
                [36m>[39m
                  [36m<path[39m
                    [33md[39m=[32m"m6 9 6 6 6-6"[39m
                  [36m/>[39m
                [36m</svg>[39m
              [36m</span>[39m
            [36m</button>[39m
          [36m</div>[39m
          [36m<div[39m
            [33mclass[39m=[32m"_categoryItem_ae4f14"[39m
          [36m>[39m
            [36m<button[39m
              [33maria-expanded[39m=[32m"false"[39m
              [33maria-pressed[39m=[32m"false"[39m
              [33mclass[39m=[32m"_categoryButton_ae4f14 "[39m
              [33mtype[39m=[32m"button"[39m
            [36m>[39m
              [36m<span[39m
                [33mclass[39m=[32m"_categoryIcon_ae4f14"[39m
              [36m>[39m
                [0m≡ƒôÉ[0m
              [36m</span>[39m
              [36m<span[39m
                [33mclass[39m=[32m"_categoryLabel_ae4f14"[39m
              [36m>[39m
                [0mSymbols[0m
              [36m</span>[39m
              [36m<span[39m
                [33mclass[39m=[32m"_categoryChevron_ae4f14 "[39m
              [36m>[39m
                [36m<svg[39m
                  [33mfill[39m=[32m"none"[39m
                  [33mheight[39m=[32m"12"[39m
                  [33mstroke[39m=[32m"currentColor"[39m
                  [33mstroke-linecap[39m=[32m"round"[39m
                  [33mstroke-linejoin[39m=[32m"round"[39m
                  [33mstroke-width[39m=[32m"2"[39m
                  [33mviewBox[39m=[32m"0 0 24 24"[39m
                  [33mwidth[39m=[32m"12"[39m
                [36m>[39m
                  [36m<path[39m
                    [33md[39m=[32m"m6 9 6 6 6-6"[39m
                  [36m/>[39m
                [36m</svg>[39m
              [36m</span>[39m
            [36m</button>[39m
          [36m</div>[39m
        [36m</nav>[39m
      [36m</div>[39m
      [36m<div[39m
        [33mclass[39m=[32m"_resultsInfo_ae4f14"[39m
      [36m>[39m
        [36m<span[39m
          [33mclass[39m=[32m"_resultsCount_ae4f14"[39m
        [36m>[39m
          [0m0[0m
          [0m item[0m
          [0ms[0m
        [36m</span>[39m
      [36m</div>[39m
      [36m<div[39m
        [33mclass[39m=[32m"_emptyState_ae4f14"[39m
      [36m>[39m
        [36m<div[39m
          [33mclass[39m=[32m"_emptyIcon_ae4f14"[39m
        [36m>[39m
          [36m<svg[39m
            [33mfill[39m=[32m"none"[39m
            [33mheight[39m=[32m"48"[39m
            [33mstroke[39m=[32m"currentColor"[39m
            [33mstroke-linecap[39m=[32m"round"[39m
            [33mstroke-linejoin[39m=[32m"round"[39m
            [33mstroke-width[39m=[32m"1.5"[39m
            [33mviewBox[39m=[32m"0 0 24 24"[39m
            [33mwidth[39m=[32m"48"[39m
          [36m>[39m
            [36m<path[39m
              [33md[39m=[32m"M21 21-10.5 10.5M21 21-10.5-10.5M21 21-18-18M3 3l18 18M3 21l18-18"[39m
            [36m/>[39m
          [36m</svg>[39m
        [36m</div>[39m
        [36m<p[39m
          [33mclass[39m=[32m"_emptyText_ae4f14"[39m
        [36m>[39m
          [0mNo items found[0m
        [36m</p>[39m
      [36m</div>[39m
    [36m</div>[39m
  [36m</div>[39m
[36m</body>[39m

Ignored nodes: comments, script, style
[36m<body>[39m
  [36m<div>[39m
    [36m<div[39m
      [33maria-label[39m=[32m"Inventory panel"[39m
      [33mclass[39m=[32m"_panel_ae4f14"[39m
      [33mid[39m=[32m"inventory-panel-_r_0_"[39m
      [33mrole[39m=[32m"region"[39m
      [33mtabindex[39m=[32m"0"[39m
    [36m>[39m
      [36m<div[39m
        [33mclass[39m=[32m"_searchSection_ae4f14"[39m
      [36m>[39m
        [36m<div[39m
          [33mclass[39m=[32m"_searchWrapper_ae4f14"[39m
        [36m>[39m
          [36m<svg[39m
            [33mclass[39m=[32m"_searchIcon_ae4f14"[39m
            [33mfill[39m=[32m"none"[39m
            [33mheight[39m=[32m"16"[39m
            [33mstroke[39m=[32m"currentColor"[39m
            [33mstroke-linecap[39m=[32m"round"[39m
            [33mstroke-linejoin[39m=[32m"round"[39m
            [33mstroke-width[39m=[32m"2"[39m
            [33mviewBox[39m=[32m"0 0 24 24"[39m
            [33mwidth[39m=[32m"16"[39m
          [36m>[39m
            [36m<circle[39m
              [33mcx[39m=[32m"11"[39m
              [33mcy[39m=[32m"11"[39m
              [33mr[39m=[32m"8"[39m
            [36m/>[39m
            [36m<path[39m
              [33md[39m=[32m"m21 21-4.35-4.35"[39m
            [36m/>[39m
          [36m</svg>[39m
          [36m<input[39m
            [33maria-label[39m=[32m"Search inventory"[39m
            [33mclass[39m=[32m"_searchInput_ae4f14"[39m
            [33mplaceholder[39m=[32m"Search furniture..."[39m
            [33mtype[39m=[32m"search"[39m
            [33mvalue[39m=[32m""[39m
          [36m/>[39m
        [36m</div>[39m
      [36m</div>[39m
      [36m<div[39m
        [33mclass[39m=[32m"_quickFilters_ae4f14"[39m
      [36m>[39m
        [36m<button[39m
          [33maria-pressed[39m=[32m"false"[39m
          [33mclass[39m=[32m"_filterChip_ae4f14 "[39m
          [33mtype[39m=[32m"button"[39m
        [36m>[39m
          [36m<span[39m
            [33mclass[39m=[32m"_filterChipIcon_ae4f14"[39m
          [36m>[39m
            [0m≡ƒÅá[0m
          [36m</span>[39m
          [36m<span[39m
            [33mclass[39m=[32m"_filterChipLabel_ae4f14"[39m
          [36m>[39m
            [0mAll Rooms[0m
          [36m</span>[39m
        [36m</button>[39m
        [36m<button[39m
          [33maria-pressed[39m=[32m"false"[39m
          [33mclass[39m=[32m"_filterChip_ae4f14 "[39m
          [33mtype[39m=[32m"button"[39m
        [36m>[39m
          [36m<span[39m
            [33mclass[39m=[32m"_filterChipIcon_ae4f14"[39m
          [36m>[39m
            [0m≡ƒ¢ï∩╕Å[0m
          [36m</span>[39m
          [36m<span[39m
            [33mclass[39m=[32m"_filterChipLabel_ae4f14"[39m
          [36m>[39m
            [0mLiving Room[0m
          [36m</span>[39m
        [36m</button>[39m
        [36m<button[39m
          [33maria-pressed[39m=[32m"false"[39m
          [33mclass[39m=[32m"_filterChip_ae4f14 "[39m
          [33mtype[39m=[32m"button"[39m
        [36m>[39m
          [36m<span[39m
            [33mclass[39m=[32m"_filterChipIcon_ae4f14"[39m
          [36m>[39m
            [0m≡ƒ¢Å∩╕Å[0m
          [36m</span>[39m
          [36m<span[39m
            [33mclass[39m=[32m"_filterChipLabel_ae4f14"[39m
          [36m>[39m
            [0mBedroom[0m
          [36m</span>[39m
        [36m</button>[39m
        [36m<button[39m
          [33maria-pressed[39m=[32m"false"[39m
          [33mclass[39m=[32m"_filterChip_ae4f14 "[39m
          [33mtype[39m=[32m"button"[39m
        [36m>[39m
          [36m<span[39m
            [33mclass[39m=[32m"_filterChipIcon_ae4f14"[39m
          [36m>[39m
            [0m≡ƒì│[0m
          [36m</span>[39m
          [36m<span[39m
            [33mclass[39m=[32m"_filterChipLabel_ae4f14"[39m
          [36m>[39m
            [0mKitchen[0m
          [36m</span>[39m
        [36m</button>[39m
        [36m<button[39m
          [33maria-pressed[39m=[32m"false"[39m
          [33mclass[39m=[32m"_filterChip_ae4f14 "[39m
          [33mtype[39m=[32m"button"[39m
        [36m>[39m
          [36m<span[39m
            [33mclass[39m=[32m"_filterChipIcon_ae4f14"[39m
          [36m>[39m
            [0m≡ƒÜ┐[0m
          [36m</span>[39m
          [36m<span[39m
            [33mclass[39m=[32m"_filterChipLabel_ae4f14"[39m
          [36m>[39m
            [0mBathroom[0m
          [36m</span>[39m
        [36m</button>[39m
      [36m</div>[39m
      [36m<div[39m
        [33mclass[39m=[32m"_categoriesSection_ae4f14"[39m
      [36m>[39m
        [36m<div[39m
          [33mclass[39m=[32m"_sectionHeader_ae4f14"[39m
        [36m>[39m
          [36m<span[39m
            [33mclass[39m=[32m"_sectionTitle_ae4f14"[39m
          [36m>[39m
            [0mCategories[0m
          [36m</span>[39m
        [36m</div>[39m
        [36m<nav[39m
          [33maria-label[39m=[32m"Inventory categories"[39m
          [33mclass[39m=[32m"_categoryList_ae4f14"[39m
        [36m>[39m
          [36m<div[39m
            [33mclass[39m=[32m"_categoryItem_ae4f14"[39m
          [36m>[39m
            [36m<button[39m
              [33maria-expanded[39m=[32m"true"[39m
              [33maria-pressed[39m=[32m"false"[39m
              [33mclass[39m=[32m"_categoryButton_ae4f14 "[39m
              [33mtype[39m=[32m"button"[39m
            [36m>[39m
              [36m<span[39m
                [33mclass[39m=[32m"_categoryIcon_ae4f14"[39m
              [36m>[39m
                [0m≡ƒ¬æ[0m
              [36m</span>[39m
              [36m<span[39m
                [33mclass[39m=[32m"_categoryLabel_ae4f14"[39m
              [36m>[39m
                [0mFurniture[0m
              [36m</span>[39m
              [36m<span[39m
                [33mclass[39m=[32m"_categoryChevron_ae4f14 _categoryChevronOpen_ae4f14"[39m
              [36m>[39m
                [36m<svg[39m
                  [33mfill[39m=[32m"none"[39m
                  [33mheight[39m=[32m"12"[39m
                  [33mstroke[39m=[32m"currentColor"[39m
                  [33mstroke-linecap[39m=[32m"round"[39m
                  [33mstroke-linejoin[39m=[32m"round"[39m
                  [33mstroke-width[39m=[32m"2"[39m
                  [33mviewBox[39m=[32m"0 0 24 24"[39m
                  [33mwidth[39m=[32m"12"[39m
                [36m>[39m
                  [36m<path[39m
                    [33md[39m=[32m"m6 9 6 6 6-6"[39m
                  [36m/>[39m
                [36m</svg>[39m
              [36m</span>[39m
            [36m</button>[39m
            [36m<div[39m
              [33mclass[39m=[32m"_subCategoryList_ae4f14"[39m
            [36m>[39m
              [36m<button[39m
                [33maria-pressed[39m=[32m"false"[39m
                [33mclass[39m=[32m"_subCategoryButton_ae4f14 "[39m
                [33mtype[39m=[32m"button"[39m
              [36m>[39m
                [0mSofas & Sectionals[0m
              [36m</button>[39m
              [36m<button[39m
                [33maria-pressed[39m=[32m"false"[39m
                [33mclass[39m=[32m"_subCategoryButton_ae4f14 "[39m
                [33mtype[39m=[32m"button"[39m
              [36m>[39m
                [0mChairs[0m
              [36m</button>[39m
              [36m<button[39m
                [33maria-pressed[39m=[32m"false"[39m
                [33mclass[39m=[32m"_subCategoryButton_ae4f14 "[39m
                [33mtype[39m=[32m"button"[39m
              [36m>[39m
                [0mTables[0m
              [36m</button>[39m
              [36m<button[39m
                [33maria-pressed[39m=[32m"false"[39m
                [33mclass[39m=[32m"_subCategoryButton_ae4f14 "[39m
                [33mtype[39m=[32m"button"[39m
              [36m>[39m
                [0mDesks & Workstations[0m
              [36m</button>[39m
              [36m<button[39m
                [33maria-pressed[39m=[32m"false"[39m
                [33mclass[39m=[32m"_subCategoryButton_ae4f14 "[39m
                [33mtype[39m=[32m"button"[39m
              [36m>[39m
                [0mStorage[0m
              [36m</button>[39m
              [36m<button[39m
                [33maria-pressed[39m=[32m"false"[39m
                [33mclass[39m=[32m"_subCategoryButton_ae4f14 "[39m
                [33mtype[39m=[32m"button"[39m
              [36m>[39m
                [0mBeds[0m
              [36m</button>[39m
            [36m</div>[39m
          [36m</div>[39m
          [36m<div[39m
            [33mclass[39m=[32m"_categoryItem_ae4f14"[39m
          [36m>[39m
            [36m<button[39m
              [33maria-expanded[39m=[32m"false"[39m
              [33maria-pressed[39m=[32m"false"[39m
              [33mclass[39m=[32m"_categoryButton_ae4f14 "[39m
              [33mtype[39m=[32m"button"[39m
            [36m>[39m
              [36m<span[39m
                [33mclass[39m=[32m"_categoryIcon_ae4f14"[39m
              [36m>[39m
                [0m≡ƒÆí[0m
              [36m</span>[39m
              [36m<span[39m
                [33mclass[39m=[32m"_categoryLabel_ae4f14"[39m
              [36m>[39m
                [0mLighting[0m
              [36m</span>[39m
              [36m<span[39m
                [33mclass[39m=[32m"_categoryChevron_ae4f14 "[39m
              [36m>[39m
                [36m<svg[39m
                  [33mfill[39m=[32m"none"[39m
                  [33mheight[39m=[32m"12"[39m
                  [33mstroke[39m=[32m"currentColor"[39m
                  [33mstroke-linecap[39m=[32m"round"[39m
                  [33mstroke-linejoin[39m=[32m"round"[39m
                  [33mstroke-width[39m=[32m"2"[39m
                  [33mviewBox[39m=[32m"0 0 24 24"[39m
                  [33mwidth[39m=[32m"12"[39m
                [36m>[39m
                  [36m<path[39m
                    [33md[39m=[32m"m6 9 6 6 6-6"[39m
                  [36m/>[39m
                [36m</svg>[39m
              [36m</span>[39m
            [36m</button>[39m
          [36m</div>[39m
          [36m<div[39m
            [33mclass[39m=[32m"_categoryItem_ae4f14"[39m
          [36m>[39m
            [36m<button[39m
              [33maria-expanded[39m=[32m"false"[39m
              [33maria-pressed[39m=[32m"false"[39m
              [33mclass[39m=[32m"_categoryButton_ae4f14 "[39m
              [33mtype[39m=[32m"button"[39m
            [36m>[39m
              [36m<span[39m
                [33mclass[39m=[32m"_categoryIcon_ae4f14"[39m
              [36m>[39m
                [0m≡ƒû╝∩╕Å[0m
              [36m</span>[39m
              [36m<span[39m
                [33mclass[39m=[32m"_categoryLabel_ae4f14"[39m
              [36m>[39m
                [0mDecor[0m
              [36m</span>[39m
              [36m<span[39m
                [33mclass[39m=[32m"_categoryChevron_ae4f14 "[39m
              [36m>[39m
                [36m<svg[39m
                  [33mfill[39m=[32m"none"[39m
                  [33mheight[39m=[32m"12"[39m
                  [33mstroke[39m=[32m"currentColor"[39m
                  [33mstroke-linecap[39m=[32m"round"[39m
                  [33mstroke-linejoin[39m=[32m"round"[39m
                  [33mstroke-width[39m=[32m"2"[39m
                  [33mviewBox[39m=[32m"0 0 24 24"[39m
                  [33mwidth[39m=[32m"12"[39m
                [36m>[39m
                  [36m<path[39m
                    [33md[39m=[32m"m6 9 6 6 6-6"[39m
                  [36m/>[39m
                [36m</svg>[39m
              [36m</span>[39m
            [36m</button>[39m
          [36m</div>[39m
          [36m<div[39m
            [33mclass[39m=[32m"_categoryItem_ae4f14"[39m
          [36m>[39m
            [36m<button[39m
              [33maria-expanded[39m=[32m"false"[39m
              [33maria-pressed[39m=[32m"false"[39m
              [33mclass[39m=[32m"_categoryButton_ae4f14 "[39m
              [33mtype[39m=[32m"button"[39m
            [36m>[39m
              [36m<span[39m
                [33mclass[39m=[32m"_categoryIcon_ae4f14"[39m
              [36m>[39m
                [0m≡ƒî┐[0m
              [36m</span>[39m
              [36m<span[39m
                [33mclass[39m=[32m"_categoryLabel_ae4f14"[39m
              [36m>[39m
                [0mOutdoor[0m
              [36m</span>[39m
              [36m<span[39m
                [33mclass[39m=[32m"_categoryChevron_ae4f14 "[39m
              [36m>[39m
                [36m<svg[39m
                  [33mfill[39m=[32m"none"[39m
                  [33mheight[39m=[32m"12"[39m
                  [33mstroke[39m=[32m"currentColor"[39m
                  [33mstroke-linecap[39m=[32m"round"[39m
                  [33mstroke-linejoin[39m=[32m"round"[39m
                  [33mstroke-width[39m=[32m"2"[39m
                  [33mviewBox[39m=[32m"0 0 24 24"[39m
                  [33mwidth[39m=[32m"12"[39m
                [36m>[39m
                  [36m<path[39m
                    [33md[39m=[32m"m6 9 6 6 6-6"[39m
                  [36m/>[39m
                [36m</svg>[39m
              [36m</span>[39m
            [36m</button>[39m
          [36m</div>[39m
          [36m<div[39m
            [33mclass[39m=[32m"_categoryItem_ae4f14"[39m
          [36m>[39m
            [36m<button[39m
              [33maria-expanded[39m=[32m"false"[39m
              [33maria-pressed[39m=[32m"false"[39m
              [33mclass[39m=[32m"_categoryButton_ae4f14 "[39m
              [33mtype[39m=[32m"button"[39m
            [36m>[39m
              [36m<span[39m
                [33mclass[39m=[32m"_categoryIcon_ae4f14"[39m
              [36m>[39m
                [0m≡ƒì╜∩╕Å[0m
              [36m</span>[39m
              [36m<span[39m
                [33mclass[39m=[32m"_categoryLabel_ae4f14"[39m
              [36m>[39m
                [0mKitchen & Dining[0m
              [36m</span>[39m
              [36m<span[39m
                [33mclass[39m=[32m"_categoryChevron_ae4f14 "[39m
              [36m>[39m
                [36m<svg[39m
                  [33mfill[39m=[32m"none"[39m
                  [33mheight[39m=[32m"12"[39m
                  [33mstroke[39m=[32m"currentColor"[39m
                  [33mstroke-linecap[39m=[32m"round"[39m
                  [33mstroke-linejoin[39m=[32m"round"[39m
                  [33mstroke-width[39m=[32m"2"[39m
                  [33mviewBox[39m=[32m"0 0 24 24"[39m
                  [33mwidth[39m=[32m"12"[39m
                [36m>[39m
                  [36m<path[39m
                    [33md[39m=[32m"m6 9 6 6 6-6"[39m
                  [36m/>[39m
                [36m</svg>[39m
              [36m</span>[39m
            [36m</button>[39m
          [36m</div>[39m
          [36m<div[39m
            [33mclass[39m=[32m"_categoryItem_ae4f14"[39m
          [36m>[39m
            [36m<button[39m
              [33maria-expanded[39m=[32m"false"[39m
              [33maria-pressed[39m=[32m"false"[39m
              [33mclass[39m=[32m"_categoryButton_ae4f14 "[39m
              [33mtype[39m=[32m"button"[39m
            [36m>[39m
              [36m<span[39m
                [33mclass[39m=[32m"_categoryIcon_ae4f14"[39m
              [36m>[39m
                [0m≡ƒôÉ[0m
              [36m</span>[39m
              [36m<span[39m
                [33mclass[39m=[32m"_categoryLabel_ae4f14"[39m
              [36m>[39m
                [0mSymbols[0m
              [36m</span>[39m
              [36m<span[39m
                [33mclass[39m=[32m"_categoryChevron_ae4f14 "[39m
              [36m>[39m
                [36m<svg[39m
                  [33mfill[39m=[32m"none"[39m
                  [33mheight[39m=[32m"12"[39m
                  [33mstroke[39m=[32m"currentColor"[39m
                  [33mstroke-linecap[39m=[32m"round"[39m
                  [33mstroke-linejoin[39m=[32m"round"[39m
                  [33mstroke-width[39m=[32m"2"[39m
                  [33mviewBox[39m=[32m"0 0 24 24"[39m
                  [33mwidth[39m=[32m"12"[39m
                [36m>[39m
                  [36m<path[39m
                    [33md[39m=[32m"m6 9 6 6 6-6"[39m
                  [36m/>[39m
                [36m</svg>[39m
              [36m</span>[39m
            [36m</button>[39m
          [36m</div>[39m
        [36m</nav>[39m
      [36m</div>[39m
      [36m<div[39m
        [33mclass[39m=[32m"_resultsInfo_ae4f14"[39m
      [36m>[39m
        [36m<span[39m
          [33mclass[39m=[32m"_resultsCount_ae4f14"[39m
        [36m>[39m
          [0m0[0m
          [0m item[0m
          [0ms[0m
        [36m</span>[39m
      [36m</div>[39m
      [36m<div[39m
        [33mclass[39m=[32m"_emptyState_ae4f14"[39m
      [36m>[39m
        [36m<div[39m
          [33mclass[39m=[32m"_emptyIcon_ae4f14"[39m
        [36m>[39m
          [36m<svg[39m
            [33mfill[39m=[32m"none"[39m
            [33mheight[39m=[32m"48"[39m
            [33mstroke[39m=[32m"currentColor"[39m
            [33mstroke-linecap[39m=[32m"round"[39m
            [33mstroke-linejoin[39m=[32m"round"[39m
            [33mstroke-width[39m=[32m"1.5"[39m
            [33mviewBox[39m=[32m"0 0 24 24"[39m
            [33mwidth[39m=[32m"48"[39m
          [36m>[39m
            [36m<path[39m
              [33md[39m=[32m"M21 21-10.5 10.5M21 21-10.5-10.5M21 21-18-18M3 3l18 18M3 21l18-18"[39m
            [36m/>[39m
          [36m</svg>[39m
        [36m</div>[39m
        [36m<p[39m
          [33mclass[39m=[32m"_emptyText_ae4f14"[39m
        [36m>[39m
          [0mNo items found[0m
        [36m</p>[39m
      [36m</div>[39m
    [36m</div>[39m
  [36m</div>[39m
[36m</body>[39m
 Γ¥» waitForWrapper 
../node_modules/.pnpm/@testing-library+dom@10.4.1/node_modules/@testing-library/dom/dist/wait-for.js:163:27
 Γ¥» ../node_modules/.pnpm/@testing-library+dom@10.4.1/node_modules/@testing-library/dom/dist/query-helpers.js:86:33
 Γ¥» tests/unit/features/planner/open3d/workspaceShell.test.tsx:364:37
    362|     render(<InventoryPanel onItemSelect={onItemSelect} onSearch={onSeaΓÇª
    363|
    364|     const itemOption = await screen.findByRole("option", {
       |                                     ^
    365|       name: /Executive Standing Desk, 1\.6m/i,
    366|     });

ΓÄ»ΓÄ»ΓÄ»ΓÄ»ΓÄ»ΓÄ»ΓÄ»ΓÄ»ΓÄ»ΓÄ»ΓÄ»ΓÄ»ΓÄ»ΓÄ»ΓÄ»ΓÄ»ΓÄ»ΓÄ»ΓÄ»ΓÄ»ΓÄ»ΓÄ»ΓÄ»[8/11]ΓÄ»

 FAIL  tests/unit/features/planner/open3d/workspaceShell.test.tsx > TDD editor coverage additions > 
useDoorWindowPlacement additional branches (TDD) > edit modes, update/delete and get* cover edit branches
Error: Door d1 not found
 Γ¥» updateDoor features/planner/open3d/model/operations/pureActions.ts:260:20
    258|   const floor = getActiveFloor(p);
    259|   const door = floor.doors.find((d) => d.id === id);
    260|   if (!door) throw new Error(`Door ${id} not found`);
       |                    ^
    261|   Object.assign(door, updates);
    262|   return {
 Γ¥» Object.updateDoorProperties features/planner/open3d/editor/useDoorWindowPlacement.ts:96:14
 Γ¥» tests/unit/features/planner/open3d/workspaceShell.test.tsx:539:38

ΓÄ»ΓÄ»ΓÄ»ΓÄ»ΓÄ»ΓÄ»ΓÄ»ΓÄ»ΓÄ»ΓÄ»ΓÄ»ΓÄ»ΓÄ»ΓÄ»ΓÄ»ΓÄ»ΓÄ»ΓÄ»ΓÄ»ΓÄ»ΓÄ»ΓÄ»ΓÄ»[9/11]ΓÄ»

 FAIL  tests/unit/features/planner/open3d/catalog/blockDescriptorLoader.test.ts > 02-LOADER: storage boundary > 
tryLoad surfaces invalid (via parseBlockDescriptor) when JSON parses to non-object primitive
AssertionError: expected '' to be 'slug:primitive' // Object.is equality

- Expected
+ Received

- slug:primitive

 Γ¥» tests/unit/features/planner/open3d/catalog/blockDescriptorLoader.test.ts:348:38
    346|     if (!result.ok) {
    347|       expect(result.error.kind).toBe("invalid");
    348|       expect(result.error.fieldPath).toBe("slug:primitive");
       |                                      ^
    349|     }
    350|   });

ΓÄ»ΓÄ»ΓÄ»ΓÄ»ΓÄ»ΓÄ»ΓÄ»ΓÄ»ΓÄ»ΓÄ»ΓÄ»ΓÄ»ΓÄ»ΓÄ»ΓÄ»ΓÄ»ΓÄ»ΓÄ»ΓÄ»ΓÄ»ΓÄ»ΓÄ»[10/11]ΓÄ»

 FAIL  tests/unit/features/planner/open3d/catalog/blockDescriptorLoader.test.ts > 02-LOADER: storage boundary > 
loadAll skips entries that fail parseBlockDescriptor (e.g. non-object json or schema fail) and only returns valid
AssertionError: expected 'chaise' to be 'good' // Object.is equality

Expected: "good"
Received: "chaise"

 Γ¥» tests/unit/features/planner/open3d/catalog/blockDescriptorLoader.test.ts:384:26
    382|     const all = loadAll({ dir: tmpDir, forceReload: true });
    383|     expect(all).toHaveLength(1);
    384|     expect(all[0]?.slug).toBe("good");
       |                          ^
    385|   });
    386| });

ΓÄ»ΓÄ»ΓÄ»ΓÄ»ΓÄ»ΓÄ»ΓÄ»ΓÄ»ΓÄ»ΓÄ»ΓÄ»ΓÄ»ΓÄ»ΓÄ»ΓÄ»ΓÄ»ΓÄ»ΓÄ»ΓÄ»ΓÄ»ΓÄ»ΓÄ»[11/11]ΓÄ»


 Test Files  7 failed | 31 passed (38)
      Tests  11 failed | 945 passed (956)
   Start at  23:42:10
   Duration  51.80s (transform 99.21s, setup 53.82s, import 120.79s, tests 24.62s, environment 83.20s)

JSON report written to D:/oandO04072026/results/tests/vitest-results.json
undefined
D:\oandO04072026\site:
[ERR_PNPM_RECURSIVE_EXEC_FIRST_FAIL] Command failed with exit code 1: vitest run tests/unit/features/planner/open3d --config vitest.config.ts --exclude "**/coverageGap.test.ts" --coverage
