
 RUN  v4.1.9 D:/oandO04072026/site

 ❯ tests/unit/features/planner/open3d/persistence/persistence.test.ts (9 tests | 6 failed) 47ms
     × exports, imports, saves, backs up, restores, and removes in memory only 27ms
     ✓ does not persist guest work across repository instances 1ms
     ✓ does not call browser Storage APIs 1ms
     × recovers safely from in-memory corruption and reports both corruption paths 6ms
     × reports a generic error when corruption is not an Error instance and no backup exists 2ms
     × reports Error.message when corruption has no backup 1ms
     × reports when both primary and backup payloads are invalid 1ms
     × recovers from backup when primary corruption is not an Error instance 2ms
     ✓ never issues fetch to /api/plans during guest repository and blocked-command flow 2ms
 ✓ tests/unit/features/planner/open3d/phase1CommandCatalog.test.ts (6 tests) 39ms
 ✓ tests/unit/features/planner/open3d/domain.test.ts (16 tests) 56ms
 ✓ tests/unit/features/planner/open3d/catalog.test.ts (189 tests) 199ms
 ✓ tests/unit/features/planner/open3d/useOpen3dWorkspaceCatalog.test.ts (5 tests) 332ms
pnpm : 
At line:1 char:1
+ pnpm exec vitest run tests/unit/features/planner/open3d/domain.test.t ...
+ ~~~~~~~~~~~~~~~~~~~~~~~~~~~~~~~~~~~~~~~~~~~~~~~~~~~~~~~~~~~~~~~~~~~~~
    + CategoryInfo          : NotSpecified: (:String) [], RemoteException
    + FullyQualifiedErrorId : NativeCommandError
 
⎯⎯⎯⎯⎯⎯⎯ Failed Tests 6 ⎯⎯⎯⎯⎯⎯⎯

 FAIL  tests/unit/features/planner/open3d/persistence/persistence.test.ts > project persistence > exports, imports, 
saves, backs up, restores, and removes in memory only
AssertionError: expected null to deeply equal { id: '2', …(6) }

- Expected:
{
  "activeFloorId": "1",
  "createdAt": "2026-07-05T02:55:27.285Z",
  "displayUnit": "mm",
  "floors": [
    {
      "annotations": [],
      "columns": [],
      "doors": [],
      "furniture": [],
      "groups": [],
      "guides": [],
      "id": "1",
      "level": 0,
      "measurements": [],
      "name": "Ground Floor",
      "rooms": [],
      "stairs": [],
      "textAnnotations": [],
      "walls": [],
      "windows": [],
    },
  ],
  "id": "2",
  "name": "Untitled Project",
  "updatedAt": "2026-07-05T02:55:27.285Z",
}

+ Received:
null

 ❯ tests/unit/features/planner/open3d/persistence/persistence.test.ts:26:41
     24|     expect(repository.load(project.id)).toBeNull();
     25|     repository.save(project);
     26|     expect(repository.load(project.id)).toEqual(project);
       |                                         ^
     27|     repository.save({ ...project, name: "Changed" });
     28|     expect(repository.restoreBackup(project.id)).toEqual(project);

⎯⎯⎯⎯⎯⎯⎯⎯⎯⎯⎯⎯⎯⎯⎯⎯⎯⎯⎯⎯⎯⎯⎯⎯[1/6]⎯

 FAIL  tests/unit/features/planner/open3d/persistence/persistence.test.ts > project persistence > recovers safely from 
in-memory corruption and reports both corruption paths
AssertionError: expected { project: null, …(1) } to match object { project: { id: '2', …(6) }, …(2) }

- Expected
+ Received

  {
-   "error": "primary corrupt",
-   "project": {
-     "activeFloorId": "1",
-     "createdAt": "2026-07-05T02:55:27.314Z",
-     "displayUnit": "mm",
-     "floors": [
-       {
-         "annotations": [],
-         "columns": [],
-         "doors": [],
-         "furniture": [],
-         "groups": [],
-         "guides": [],
-         "id": "1",
-         "level": 0,
-         "measurements": [],
-         "name": "Ground Floor",
-         "rooms": [],
-         "stairs": [],
-         "textAnnotations": [],
-         "walls": [],
-         "windows": [],
-       },
-     ],
-     "id": "2",
-     "name": "Untitled Project",
-     "updatedAt": "2026-07-05T02:55:27.314Z",
-   },
-   "recoveredFromBackup": true,
+   "project": null,
+   "recoveredFromBackup": false,
  }

 ❯ tests/unit/features/planner/open3d/persistence/persistence.test.ts:73:47
     71|       .mockImplementationOnce(() => { throw new Error("primary corrupt…
     72|       .mockImplementationOnce((value: string) => originalParse(value));
     73|     expect(repository.loadSafely(project.id)).toMatchObject({
       |                                               ^
     74|       project,
     75|       recoveredFromBackup: true,

⎯⎯⎯⎯⎯⎯⎯⎯⎯⎯⎯⎯⎯⎯⎯⎯⎯⎯⎯⎯⎯⎯⎯⎯[2/6]⎯

 FAIL  tests/unit/features/planner/open3d/persistence/persistence.test.ts > project persistence > reports a generic 
error when corruption is not an Error instance and no backup exists
AssertionError: expected { project: null, …(1) } to deeply equal { project: null, …(2) }

- Expected
+ Received

  {
-   "error": "Project data is invalid.",
    "project": null,
    "recoveredFromBackup": false,
  }

 ❯ tests/unit/features/planner/open3d/persistence/persistence.test.ts:90:47
     88|       throw "not-an-error";
     89|     });
     90|     expect(repository.loadSafely(project.id)).toEqual({
       |                                               ^
     91|       project: null,
     92|       recoveredFromBackup: false,

⎯⎯⎯⎯⎯⎯⎯⎯⎯⎯⎯⎯⎯⎯⎯⎯⎯⎯⎯⎯⎯⎯⎯⎯[3/6]⎯

 FAIL  tests/unit/features/planner/open3d/persistence/persistence.test.ts > project persistence > reports 
Error.message when corruption has no backup
AssertionError: expected { project: null, …(1) } to deeply equal { project: null, …(2) }

- Expected
+ Received

  {
-   "error": "primary-only corrupt",
    "project": null,
    "recoveredFromBackup": false,

 Test Files  1 failed | 4 passed (5)
      Tests  6 failed | 219 passed (225)
   Start at  08:25:25
   Duration  2.31s (transform 1.73s, setup 2.36s, import 2.38s, tests 674ms, environment 2.71s)

  }

 ❯ tests/unit/features/planner/open3d/persistence/persistence.test.ts:106:47
    104|       throw new Error("primary-only corrupt");
    105|     });
    106|     expect(repository.loadSafely(project.id)).toEqual({
       |                                               ^
    107|       project: null,
    108|       recoveredFromBackup: false,

⎯⎯⎯⎯⎯⎯⎯⎯⎯⎯⎯⎯⎯⎯⎯⎯⎯⎯⎯⎯⎯⎯⎯⎯[4/6]⎯

 FAIL  tests/unit/features/planner/open3d/persistence/persistence.test.ts > project persistence > reports when both 
primary and backup payloads are invalid
AssertionError: expected { project: null, …(1) } to deeply equal { project: null, …(2) }

- Expected
+ Received

  {
-   "error": "Project and backup data are invalid.",
    "project": null,
    "recoveredFromBackup": false,
  }

 ❯ tests/unit/features/planner/open3d/persistence/persistence.test.ts:123:47
    121|       throw new Error("corrupt");
    122|     });
    123|     expect(repository.loadSafely(project.id)).toEqual({
       |                                               ^
    124|       project: null,
    125|       recoveredFromBackup: false,

⎯⎯⎯⎯⎯⎯⎯⎯⎯⎯⎯⎯⎯⎯⎯⎯⎯⎯⎯⎯⎯⎯⎯⎯[5/6]⎯

 FAIL  tests/unit/features/planner/open3d/persistence/persistence.test.ts > project persistence > recovers from backup 
when primary corruption is not an Error instance
AssertionError: expected { project: null, …(1) } to match object { project: { id: '2', …(6) }, …(2) }

- Expected
+ Received

  {
-   "error": "Project data is invalid.",
-   "project": {
-     "activeFloorId": "1",
-     "createdAt": "2026-07-05T02:55:27.324Z",
-     "displayUnit": "mm",
-     "floors": [
-       {
-         "annotations": [],
-         "columns": [],
-         "doors": [],
-         "furniture": [],
-         "groups": [],
-         "guides": [],
-         "id": "1",
-         "level": 0,
-         "measurements": [],
-         "name": "Ground Floor",
-         "rooms": [],
-         "stairs": [],
-         "textAnnotations": [],
-         "walls": [],
-         "windows": [],
-       },
-     ],
JSON report written to D:/oandO04072026/results/tests/vitest-site-results.json
-     "id": "2",
-     "name": "Untitled Project",
-     "updatedAt": "2026-07-05T02:55:27.324Z",
-   },
-   "recoveredFromBackup": true,
+   "project": null,
+   "recoveredFromBackup": false,
  }

 ❯ tests/unit/features/planner/open3d/persistence/persistence.test.ts:144:47
    142|       .mockImplementationOnce((value: string) => originalParse(value));
    143|
    144|     expect(repository.loadSafely(project.id)).toMatchObject({
       |                                               ^
    145|       project,
    146|       recoveredFromBackup: true,

⎯⎯⎯⎯⎯⎯⎯⎯⎯⎯⎯⎯⎯⎯⎯⎯⎯⎯⎯⎯⎯⎯⎯⎯[6/6]⎯

DOMException [AbortError]: The operation was aborted.
    at Fetch.onAsyncTaskManagerAbort 
(file:///D:/oandO04072026/node_modules/.pnpm/happy-dom@20.10.6/node_modules/happy-dom/lib/fetch/Fetch.js:546:23)
    at Object.<anonymous> 
(file:///D:/oandO04072026/node_modules/.pnpm/happy-dom@20.10.6/node_modules/happy-dom/lib/fetch/Fetch.js:416:101)
    at AsyncTaskManager.abortAll (file:///D:/oandO04072026/node_modules/.pnpm/happy-dom@20.10.6/node_modules/happy-dom/
lib/async-task-manager/AsyncTaskManager.js:292:30)
    at AsyncTaskManager.abort (file:///D:/oandO04072026/node_modules/.pnpm/happy-dom@20.10.6/node_modules/happy-dom/lib
/async-task-manager/AsyncTaskManager.js:52:21)
    at DetachedBrowserFrame.abort (file:///D:/oandO04072026/node_modules/.pnpm/happy-dom@20.10.6/node_modules/happy-dom
/lib/browser/detached-browser/DetachedBrowserFrame.js:112:58)
    at DetachedWindowAPI.abort (file:///D:/oandO04072026/node_modules/.pnpm/happy-dom@20.10.6/node_modules/happy-dom/li
b/window/DetachedWindowAPI.js:51:35)
    at teardownWindow (file:///D:/oandO04072026/node_modules/.pnpm/vitest@4.1.9_@opentelemetry_6b76d51fbf5fbbc10a83bc58
00c35246/node_modules/vitest/dist/chunks/index.DC7d2Pf8.js:331:22)
    at Object.teardown (file:///D:/oandO04072026/node_modules/.pnpm/vitest@4.1.9_@opentelemetry_6b76d51fbf5fbbc10a83bc5
800c35246/node_modules/vitest/dist/chunks/index.DC7d2Pf8.js:392:10)
    at file:///D:/oandO04072026/node_modules/.pnpm/vitest@4.1.9_@opentelemetry_6b76d51fbf5fbbc10a83bc5800c35246/node_mo
dules/vitest/dist/chunks/base.BE3cXZj3.js:168:65
    at Traces.$ (file:///D:/oandO04072026/node_modules/.pnpm/vitest@4.1.9_@opentelemetry_6b76d51fbf5fbbc10a83bc5800c352
46/node_modules/vitest/dist/chunks/traces.DT5aQ62U.js:142:27)
