п»їe2e smoke start 2026-07-05T23:39:51.0316056+05:30 (unit proxy for smoke; full playwright may require browser env per START)

 RUN  v4.1.9 D:/oandO04072026/site

 О“ВҐВ» tests/unit/features/planner/open3d/routesCoverage.test.tsx (7 tests | 1 failed) 456ms
     О“ВЈГґ exports workspace layout metadata and renders children 23ms
     О“ВЈГґ renders the help marketing page 61ms
     О“ВЈГґ wires guest route to Open3dPlannerWorkspaceRoute on the live hybrid planner route 11ms
     О“ВЈГґ wires canvas route to Open3dPlannerWorkspaceRoute with plan id on the live hybrid planner route 203ms
     О“ВЈГґ mounts Open3dPlannerHost on the pilot /planner/open3d route 11ms
     О“ВЈГґ renders known feature slug pages and rejects unknown slugs 133ms
     в”њГ№ preserves authentication, CSRF, service worker, and error boundaries on direct navigation and refresh for guest and authenticated users on /planner/open3d 9ms
node.exe : stderr | tests/unit/features/planner/open3d/workspaceShell.test.tsx > OOPlannerWorkspace (TDD) > 
professional workspace: topbar has project/save/floor/units/2d3d/undo/redo/save + structured menus for 
import/export/prefs; panels separate catalogue/layers; canvas-max (GS: Figma REC-01 minimize, catalogue-first REC-04, 
2026-07-04 benchmark)
At C:\Program Files\nodejs\pnpm.ps1:16 char:5
+     & "$basedir/node$exe"  "$basedir/node_modules/corepack/dist/pnpm. ...
+     ~~~~~~~~~~~~~~~~~~~~~~~~~~~~~~~~~~~~~~~~~~~~~~~~~~~~~~~~~~~~~~~~~
    + CategoryInfo          : NotSpecified: (stderr | tests/...7-04 benchmark):String) [], RemoteException
    + FullyQualifiedErrorId : NativeCommandError
 
An update to OOPlannerWorkspace inside a test was not wrapped in act(...).

When testing, code that causes React state updates should be wrapped into act(...):

act(() => {
  /* fire events that update state */
});
/* assert on the output */

This ensures that you're testing the behavior the user would see in the browser. Learn more at 
https://react.dev/link/wrap-tests-with-act

 О“ВЈГґ tests/unit/features/planner/open3d/workspaceShell.test.tsx (24 tests) 1427ms
     О“ВЈГґ renders panels, status bar, and toolbar actions  1140ms

О“Г„В»О“Г„В»О“Г„В»О“Г„В»О“Г„В»О“Г„В»О“Г„В» Failed Tests 1 О“Г„В»О“Г„В»О“Г„В»О“Г„В»О“Г„В»О“Г„В»О“Г„В»

 FAIL  tests/unit/features/planner/open3d/routesCoverage.test.tsx > site planner routes > preserves authentication, 
CSRF, service worker, and error boundaries on direct navigation and refresh for guest and authenticated users on 
/planner/open3d
TestingLibraryElementError: Found multiple elements by: [data-testid="open3d-planner-host"]

Here are the matching elements:

Ignored nodes: comments, script, style
[36m<div[39m
  [33mdata-testid[39m=[32m"open3d-planner-host"[39m
[36m>[39m
  [0mguest[0m
[36m</div>[39m

Ignored nodes: comments, script, style
[36m<div[39m
  [33mdata-testid[39m=[32m"open3d-planner-host"[39m
[36m>[39m
  [0mguest[0m
  [0m plan-42[0m
[36m</div>[39m

(If this is intentional, then use the `*AllBy*` variant of the query (like `queryAllByText`, `getAllByText`, or 
`findAllByText`)).

Ignored nodes: comments, script, style
[36m<body>[39m
  [36m<div>[39m
    [36m<div[39m
      [33mdata-testid[39m=[32m"open3d-planner-host"[39m
    [36m>[39m
      [0mguest[0m
    [36m</div>[39m
  [36m</div>[39m
  [36m<div>[39m
    [36m<div[39m
      [33mdata-testid[39m=[32m"open3d-planner-host"[39m
    [36m>[39m
      [0mguest[0m
      [0m plan-42[0m
    [36m</div>[39m
  [36m</div>[39m
[36m</body>[39m
 О“ВҐВ» Object.getElementError 
../node_modules/.pnpm/@testing-library+dom@10.4.1/node_modules/@testing-library/dom/dist/config.js:37:19
 О“ВҐВ» getElementError 
../node_modules/.pnpm/@testing-library+dom@10.4.1/node_modules/@testing-library/dom/dist/query-helpers.js:20:35
 О“ВҐВ» getMultipleElementsFoundError 
../node_modules/.pnpm/@testing-library+dom@10.4.1/node_modules/@testing-library/dom/dist/query-helpers.js:23:10
 О“ВҐВ» ../node_modules/.pnpm/@testing-library+dom@10.4.1/node_modules/@testing-library/dom/dist/query-helpers.js:55:13
 О“ВҐВ» ../node_modules/.pnpm/@testing-library+dom@10.4.1/node_modules/@testing-library/dom/dist/query-helpers.js:95:19
 О“ВҐВ» tests/unit/features/planner/open3d/routesCoverage.test.tsx:125:19
    123|     expect(screen.getByTestId("open3d-planner-host")).toHaveTextContenО“Г‡ВЄ
    124|     render(auth);
    125|     expect(screen.getByTestId("open3d-planner-host")).toHaveTextContenО“Г‡ВЄ
       |                   ^
    126|     // boundaries preserved by parent layout contract (tested via impoО“Г‡ВЄ
    127|   });

О“Г„В»О“Г„В»О“Г„В»О“Г„В»О“Г„В»О“Г„В»О“Г„В»О“Г„В»О“Г„В»О“Г„В»О“Г„В»О“Г„В»О“Г„В»О“Г„В»О“Г„В»О“Г„В»О“Г„В»О“Г„В»О“Г„В»О“Г„В»О“Г„В»О“Г„В»О“Г„В»О“Г„В»[1/1]О“Г„В»


 Test Files  1 failed | 1 passed (2)
      Tests  1 failed | 30 passed (31)
   Start at  23:39:52
   Duration  8.54s (transform 934ms, setup 676ms, import 11.25s, tests 1.88s, environment 826ms)

JSON report written to D:/oandO04072026/results/tests/vitest-site-results.json
undefined
D:\oandO04072026\site:
[ERR_PNPM_RECURSIVE_EXEC_FIRST_FAIL] Command failed with exit code 1: vitest run tests/unit/features/planner/open3d/routesCoverage.test.tsx tests/unit/features/planner/open3d/workspaceShell.test.tsx --config vitest.site.config.ts
