
 RUN  v4.1.9 D:/.grok/worktrees/oando04072026/new/site

┬╖┬╖┬╖┬╖┬╖┬╖┬╖┬╖┬╖┬╖┬╖┬╖┬╖x┬╖┬╖x┬╖┬╖┬╖┬╖┬╖┬╖┬╖┬╖┬╖┬╖┬╖┬╖┬╖┬╖┬╖┬╖┬╖┬╖┬╖┬╖┬╖┬╖┬╖┬╖┬╖┬╖┬╖┬╖┬╖┬╖┬╖┬╖┬╖┬╖┬╖┬╖┬╖┬╖┬╖┬╖┬╖┬╖┬╖┬╖┬╖┬╖┬╖┬╖┬╖┬╖┬╖┬╖
cmd.exe : 
At line:1 char:324
+ ... l-resolve-0408/modelOps-status | Out-Null; & cmd /c $cmd 2>&1 | Out-F ...
+                                                ~~~~~~~~~~~~~~~~~~
    + CategoryInfo          : NotSpecified: (:String) [], RemoteException
    + FullyQualifiedErrorId : NativeCommandError
 
ΓÄ»ΓÄ»ΓÄ»ΓÄ»ΓÄ»ΓÄ»ΓÄ» Failed Tests 2 ΓÄ»ΓÄ»ΓÄ»ΓÄ»ΓÄ»ΓÄ»ΓÄ»

 FAIL  tests/unit/features/planner/open3d/modelOperations.test.ts > pureActions ├óΓé¼ΓÇ¥ door operations > throws for 
missing door
AssertionError: expected [Function] to throw an error

- Expected:
null

+ Received:
undefined

 Γ¥» tests/unit/features/planner/open3d/modelOperations.test.ts:231:48
    229|   it("throws for missing door", () => {
    230|     const p = room();
    231|     expect(() => updateDoor(p, "missing", {})).toThrow("Door missing nΓÇª
       |                                                ^
    232|     expect(() => duplicateDoor(p, "missing")).toThrow("Door missing noΓÇª
    233|   });

ΓÄ»ΓÄ»ΓÄ»ΓÄ»ΓÄ»ΓÄ»ΓÄ»ΓÄ»ΓÄ»ΓÄ»ΓÄ»ΓÄ»ΓÄ»ΓÄ»ΓÄ»ΓÄ»ΓÄ»ΓÄ»ΓÄ»ΓÄ»ΓÄ»ΓÄ»ΓÄ»ΓÄ»[1/2]ΓÄ»

 FAIL  tests/unit/features/planner/open3d/modelOperations.test.ts > pureActions ├óΓé¼ΓÇ¥ window operations > throws 
for missing window
AssertionError: expected [Function] to throw an error

- Expected:
null

+ Received:
undefined

 Γ¥» tests/unit/features/planner/open3d/modelOperations.test.ts:258:50
    256|   it("throws for missing window", () => {
    257|     const p = room();
    258|     expect(() => updateWindow(p, "missing", {})).toThrow("Window missiΓÇª
       |                                                  ^
    259|     expect(() => duplicateWindow(p, "missing")).toThrow("Window missinΓÇª
    260|   });

ΓÄ»ΓÄ»ΓÄ»ΓÄ»ΓÄ»ΓÄ»ΓÄ»ΓÄ»ΓÄ»ΓÄ»ΓÄ»ΓÄ»ΓÄ»ΓÄ»ΓÄ»ΓÄ»ΓÄ»ΓÄ»ΓÄ»ΓÄ»ΓÄ»ΓÄ»ΓÄ»ΓÄ»[2/2]ΓÄ»


 Test Files  1 failed (1)
      Tests  2 failed | 67 passed (69)
   Start at  18:36:34
   Duration  995ms (transform 138ms, setup 352ms, import 104ms, tests 24ms, environment 356ms)

undefined
D:\.grok\worktrees\oando04072026\new\site:
[ERR_PNPM_RECURSIVE_EXEC_FIRST_FAIL] Command failed with exit code 1: vitest run tests/unit/features/planner/open3d/modelOperations.test.ts --no-coverage "--reporter=dot" --passWithNoTests
