node.exe : file:///D:/oandO04072026/node_modules/.pnpm/vitest@4.1.9_@opentelemetry_6b76d51fbf5fbbc10a83bc5800c35246/nod
e_modules/vitest/dist/chunks/cac.D3xHeqeL.js:406
At C:\Program Files\nodejs\pnpm.ps1:16 char:5
+     & "$basedir/node$exe"  "$basedir/node_modules/corepack/dist/pnpm. ...
+     ~~~~~~~~~~~~~~~~~~~~~~~~~~~~~~~~~~~~~~~~~~~~~~~~~~~~~~~~~~~~~~~~~
    + CategoryInfo          : NotSpecified: (file:///D:/oand...D3xHeqeL.js:406:String) [], RemoteException
    + FullyQualifiedErrorId : NativeCommandError
 
          throw new CACError(`Unknown option \`${name.length > 1 ? `--${name}` : `-${name}`}\``);
                ^

CACError: Unknown option `--testPathIgnorePatterns`
    at Command.checkUnknownOptions (file:///D:/oandO04072026/node_modules/.pnpm/vitest@4.1.9_@opentelemetry_6b76d51fbf5
fbbc10a83bc5800c35246/node_modules/vitest/dist/chunks/cac.D3xHeqeL.js:406:17)
    at CAC.runMatchedCommand (file:///D:/oandO04072026/node_modules/.pnpm/vitest@4.1.9_@opentelemetry_6b76d51fbf5fbbc10
a83bc5800c35246/node_modules/vitest/dist/chunks/cac.D3xHeqeL.js:606:13)
    at CAC.parse (file:///D:/oandO04072026/node_modules/.pnpm/vitest@4.1.9_@opentelemetry_6b76d51fbf5fbbc10a83bc5800c35
246/node_modules/vitest/dist/chunks/cac.D3xHeqeL.js:547:12)
    at file:///D:/oandO04072026/node_modules/.pnpm/vitest@4.1.9_@opentelemetry_6b76d51fbf5fbbc10a83bc5800c35246/node_mo
dules/vitest/dist/cli.js:11:13
    at ModuleJob.run (node:internal/modules/esm/module_job:439:25)
    at async node:internal/modules/esm/loader:633:26
    at async asyncRunEntryPointWithESMLoader (node:internal/modules/run_main:101:5)

Node.js v24.16.0
undefined
D:\oandO04072026\site:
[ERR_PNPM_RECURSIVE_EXEC_FIRST_FAIL] Command failed with exit code 1: vitest run tests/unit/features/planner/open3d --coverage --no-watch "--testPathIgnorePatterns=coverageGap"
