node.exe : $ next build && node scripts/prepare-standalone.cjs
At C:\Program Files\nodejs\pnpm.ps1:16 char:5
+     & "$basedir/node$exe"  "$basedir/node_modules/corepack/dist/pnpm. ...
+     ~~~~~~~~~~~~~~~~~~~~~~~~~~~~~~~~~~~~~~~~~~~~~~~~~~~~~~~~~~~~~~~~~
    + CategoryInfo          : NotSpecified: ($ next build &&...-standalone.cjs:String) [], RemoteException
    + FullyQualifiedErrorId : NativeCommandError
 
Γû▓ Next.js 16.2.9 (Turbopack)
- Experiments (use with caution):
  ┬╖ optimizePackageImports

  Creating an optimized production build ...
Turbopack build encountered 1 warnings:
./site/next.config.js
Encountered unexpected file in NFT list
A file was traced that indicates that the whole project was traced unintentionally. Somewhere in the import trace 
below, there are:
- filesystem operations (like path.join, path.resolve or fs.readFile), or
- very dynamic requires (like require('./' + foo)).
To resolve this, you can
- remove them if possible, or
- only use them in development, or
- make sure they are statically scoped to some subfolder: path.join(process.cwd(), 'data', bar), or
- add ignore comments: path.join(/*turbopackIgnore: true*/ process.cwd(), bar)

Import trace:
  App Route:
    ./site/next.config.js
    ./site/features/planner/open3d/catalog/svg/svgBlockDescriptorLoader.ts
    ./site/features/planner/admin/svg-editor/persistBlockDescriptor.ts
    ./site/app/api/admin/svg-editor/route.ts



> Build error occurred
Error: Turbopack build failed with 3 errors:
./site/features/planner/admin/svg-editor
Module not found: Can't resolve './ROOT/site/scripts/generate-svg.mjs'
server relative imports are not implemented yet. Please try an import relative to the file you are importing from.


https://nextjs.org/docs/messages/module-not-found


./site/features/planner/admin/svg-editor
Module not found: Can't resolve './ROOTsite/scripts/generate-svg.mjs'
server relative imports are not implemented yet. Please try an import relative to the file you are importing from.


https://nextjs.org/docs/messages/module-not-found


./site/features/planner/admin/svg-editor/svgPipelineRunner.ts:147:5
Module not found: Can't resolve (<dynamic> | '/ROOT/site/scripts/generate-svg.mjs' | 
'/ROOTsite/scripts/generate-svg.mjs')
  [90m145 |[0m
  [90m146 |[0m   [36mreturn[0m [36mnew[0m [33mPromise[0m<[33mPipelineResult[0m>((resolve) => {
[31m[1m>[0m [90m147 |[0m     execFile(
  [90m    |[0m     [31m[1m^^^^^^^^[0m
[31m[1m>[0m [90m148 |[0m       [32m"node"[0m,
  [90m    |[0m [31m[1m^^^^^^^^^^^^^[0m
[31m[1m>[0m [90m149 |[0m       [scriptPath, [32m"--"[0m, [32m"--fixture"[0m, 
[32m`admin-[0m${fixtureSuffix[32m}`[0m],
  [90m    |[0m [31m[1m^^^^^^^^^^^^^^^^^^^^^^^^^^^^^^^^^^^^^^^^^^^^^^^^^^^^^^^^^^^^^^^^[0m
[31m[1m>[0m [90m150 |[0m       {
  [90m    |[0m [31m[1m^^^^^^^[0m
[31m[1m>[0m [90m151 |[0m         cwd: projectRoot,
  [90m    |[0m [31m[1m^^^^^^^^^^^^^^^^^^^^^^^^^[0m
[31m[1m>[0m [90m152 |[0m         timeout: timeoutMs,
  [90m    |[0m [31m[1m^^^^^^^^^^^^^^^^^^^^^^^^^^^[0m
[31m[1m>[0m [90m153 |[0m         maxBuffer: maxStderrBytes,
  [90m    |[0m [31m[1m^^^^^^^^^^^^^^^^^^^^^^^^^^^^^^^^^^[0m
[31m[1m>[0m [90m154 |[0m         windowsHide: [36mtrue[0m,
  [90m    |[0m [31m[1m^^^^^^^^^^^^^^^^^^^^^^^^^^[0m
[31m[1m>[0m [90m155 |[0m         encoding: [32m"utf8"[0m,
  [90m    |[0m [31m[1m^^^^^^^^^^^^^^^^^^^^^^^^^[0m
[31m[1m>[0m [90m156 |[0m       },
  [90m    |[0m [31m[1m^^^^^^^^[0m
[31m[1m>[0m [90m157 |[0m       (error: [33mExecFileException[0m | [36mnull[0m, stdout: string, stderr: 
string) => {
  [90m    |[0m [31m[1m^^^^^^^^^^^^^^^^^^^^^^^^^^^^^^^^^^^^^^^^^^^^^^^^^^^^^^^^^^^^^^^^^^^^^^^^^^^^[0m
[31m[1m>[0m [90m158 |[0m         [36mconst[0m durationMs = [33mDate[0m.now() - startedAt;
  [90m    |[0m [31m[1m^^^^^^^^^^^^^^^^^^^^^^^^^^^^^^^^^^^^^^^^^^^^^^^^^^[0m
[31m[1m>[0m [90m159 |[0m         [36mif[0m (error) {
  [90m    |[0m [31m[1m^^^^^^^^^^^^^^^^^^^^[0m
[31m[1m>[0m [90m160 |[0m           [36mif[0m (error.killed && error.signal === [32m"SIGTERM"[0m) {
  [90m    |[0m [31m[1m^^^^^^^^^^^^^^^^^^^^^^^^^^^^^^^^^^^^^^^^^^^^^^^^^^^^^^^^^^^[0m
[31m[1m>[0m [90m161 |[0m             [36mreturn[0m resolve({
  [90m    |[0m [31m[1m^^^^^^^^^^^^^^^^^^^^^^^^^^^^[0m
[31m[1m>[0m [90m162 |[0m               ok: [36mfalse[0m,
  [90m    |[0m [31m[1m^^^^^^^^^^^^^^^^^^^^^^^^[0m
[31m[1m>[0m [90m163 |[0m               reason: [32m"timeoutError"[0m [36mas[0m [36mconst[0m,
  [90m    |[0m [31m[1m^^^^^^^^^^^^^^^^^^^^^^^^^^^^^^^^^^^^^^^^^^^^^^[0m
[31m[1m>[0m [90m164 |[0m               stderr,
  [90m    |[0m [31m[1m^^^^^^^^^^^^^^^^^^^^^[0m
[31m[1m>[0m [90m165 |[0m               stdout,
  [90m    |[0m [31m[1m^^^^^^^^^^^^^^^^^^^^^[0m
[31m[1m>[0m [90m166 |[0m               exitCode: [36mnull[0m,
  [90m    |[0m [31m[1m^^^^^^^^^^^^^^^^^^^^^^^^^^^^^[0m
[31m[1m>[0m [90m167 |[0m               error: [32m`Pipeline killed after [0m${timeoutMs[32m}ms (signal 
SIGTERM); captured [0m${s...
  [90m    |[0m 
[31m[1m^^^^^^^^^^^^^^^^^^^^^^^^^^^^^^^^^^^^^^^^^^^^^^^^^^^^^^^^^^^^^^^^^^^^^^^^^^^^^^^^^^^^^^^^^^^^[0m
[31m[1m>[0m [90m168 |[0m               fixturePath,
  [90m    |[0m [31m[1m^^^^^^^^^^^^^^^^^^^^^^^^^^[0m
[31m[1m>[0m [90m169 |[0m             });
  [90m    |[0m [31m[1m^^^^^^^^^^^^^^^[0m
[31m[1m>[0m [90m170 |[0m           }
  [90m    |[0m [31m[1m^^^^^^^^^^^[0m
[31m[1m>[0m [90m171 |[0m           [36mif[0m (stderr.length >= maxStderrBytes) {
  [90m    |[0m [31m[1m^^^^^^^^^^^^^^^^^^^^^^^^^^^^^^^^^^^^^^^^^^^^^^^^[0m
[31m[1m>[0m [90m172 |[0m             [36mreturn[0m resolve({
  [90m    |[0m [31m[1m^^^^^^^^^^^^^^^^^^^^^^^^^^^^[0m
[31m[1m>[0m [90m173 |[0m               ok: [36mfalse[0m,
  [90m    |[0m [31m[1m^^^^^^^^^^^^^^^^^^^^^^^^[0m
[31m[1m>[0m [90m174 |[0m               reason: [32m"nonZeroExit"[0m [36mas[0m [36mconst[0m,
  [90m    |[0m [31m[1m^^^^^^^^^^^^^^^^^^^^^^^^^^^^^^^^^^^^^^^^^^^^^[0m
[31m[1m>[0m [90m175 |[0m               stderr: [32m`[0m${stderr.slice([35m0[0m, maxStderrBytes - 
[35m64[0m)[32m}... [truncated]`[0m,
  [90m    |[0m [31m[1m^^^^^^^^^^^^^^^^^^^^^^^^^^^^^^^^^^^^^^^^^^^^^^^^^^^^^^^^^^^^^^^^^^^^^^^^^^^^^^^[0m
[31m[1m>[0m [90m176 |[0m               stdout,
  [90m    |[0m [31m[1m^^^^^^^^^^^^^^^^^^^^^[0m
[31m[1m>[0m [90m177 |[0m               exitCode: [36mnull[0m,
  [90m    |[0m [31m[1m^^^^^^^^^^^^^^^^^^^^^^^^^^^^^[0m
[31m[1m>[0m [90m178 |[0m               error: [32m`Pipeline wrote stderr larger than 
maxBuffer=[0m${maxStderrBytes[32m}; abor...[0m
  [90m    |[0m 
[31m[1m^^^^^^^^^^^^^^^^^^^^^^^^^^^^^^^^^^^^^^^^^^^^^^^^^^^^^^^^^^^^^^^^^^^^^^^^^^^^^^^^^^^^^^^^^^^^[0m
[31m[1m>[0m [90m179 |[0m               fixturePath,
  [90m    |[0m [31m[1m^^^^^^^^^^^^^^^^^^^^^^^^^^[0m
[31m[1m>[0m [90m180 |[0m             });
  [90m    |[0m [31m[1m^^^^^^^^^^^^^^^[0m
[31m[1m>[0m [90m181 |[0m           }
  [90m    |[0m [31m[1m^^^^^^^^^^^[0m
[31m[1m>[0m [90m182 |[0m           [36mreturn[0m resolve({
  [90m    |[0m [31m[1m^^^^^^^^^^^^^^^^^^^^^^^^^^[0m
[31m[1m>[0m [90m183 |[0m             ok: [36mfalse[0m,
  [90m    |[0m [31m[1m^^^^^^^^^^^^^^^^^^^^^^[0m
[31m[1m>[0m [90m184 |[0m             reason: [32m"nonZeroExit"[0m [36mas[0m [36mconst[0m,
  [90m    |[0m [31m[1m^^^^^^^^^^^^^^^^^^^^^^^^^^^^^^^^^^^^^^^^^^^[0m
[31m[1m>[0m [90m185 |[0m             stderr,
  [90m    |[0m [31m[1m^^^^^^^^^^^^^^^^^^^[0m
[31m[1m>[0m [90m186 |[0m             stdout,
  [90m    |[0m [31m[1m^^^^^^^^^^^^^^^^^^^[0m
[31m[1m>[0m [90m187 |[0m             exitCode: error.code === [36mnull[0m ? [36mnull[0m : [36mtypeof[0m 
error.code === [32m"number"[0m ? error...
  [90m    |[0m 
[31m[1m^^^^^^^^^^^^^^^^^^^^^^^^^^^^^^^^^^^^^^^^^^^^^^^^^^^^^^^^^^^^^^^^^^^^^^^^^^^^^^^^^^^^^^^^^^^^[0m
[31m[1m>[0m [90m188 |[0m             error: [32m`Pipeline exited with error: [0m${error.message[32m}`[0m,
  [90m    |[0m [31m[1m^^^^^^^^^^^^^^^^^^^^^^^^^^^^^^^^^^^^^^^^^^^^^^^^^^^^^^^^^^^^^^^^^^[0m
[31m[1m>[0m [90m189 |[0m             fixturePath,
  [90m    |[0m [31m[1m^^^^^^^^^^^^^^^^^^^^^^^^[0m
[31m[1m>[0m [90m190 |[0m           });
  [90m    |[0m [31m[1m^^^^^^^^^^^^^[0m
[31m[1m>[0m [90m191 |[0m         }
  [90m    |[0m [31m[1m^^^^^^^^^[0m
[31m[1m>[0m [90m192 |[0m         [36mreturn[0m resolve({
  [90m    |[0m [31m[1m^^^^^^^^^^^^^^^^^^^^^^^^[0m
[31m[1m>[0m [90m193 |[0m           ok: [36mtrue[0m,
  [90m    |[0m [31m[1m^^^^^^^^^^^^^^^^^^^[0m
[31m[1m>[0m [90m194 |[0m           exitCode: [35m0[0m,
  [90m    |[0m [31m[1m^^^^^^^^^^^^^^^^^^^^^^[0m
[31m[1m>[0m [90m195 |[0m           stdout,
  [90m    |[0m [31m[1m^^^^^^^^^^^^^^^^^[0m
[31m[1m>[0m [90m196 |[0m           stderr,
  [90m    |[0m [31m[1m^^^^^^^^^^^^^^^^^[0m
[31m[1m>[0m [90m197 |[0m           fixturePath,
  [90m    |[0m [31m[1m^^^^^^^^^^^^^^^^^^^^^^[0m
[31m[1m>[0m [90m198 |[0m           svgPath,
  [90m    |[0m [31m[1m^^^^^^^^^^^^^^^^^^[0m
[31m[1m>[0m [90m199 |[0m           durationMs,
  [90m    |[0m [31m[1m^^^^^^^^^^^^^^^^^^^^^[0m
[31m[1m>[0m [90m200 |[0m         });
  [90m    |[0m [31m[1m^^^^^^^^^^^[0m
[31m[1m>[0m [90m201 |[0m       },
  [90m    |[0m [31m[1m^^^^^^^^[0m
[31m[1m>[0m [90m202 |[0m     );
  [90m    |[0m [31m[1m^^^^^[0m
  [90m203 |[0m   });
  [90m204 |[0m }
  [90m205 |[0m



Import traces:
  #1 [App Route]:
    ./site/features/planner/admin/svg-editor/svgPipelineRunner.ts
    ./site/app/api/admin/svg-editor/route.ts

  #2 [App Route]:
    ./site/features/planner/admin/svg-editor/svgPipelineRunner.ts
    ./site/features/planner/open3d/catalog/svg/svgBlockDescriptorLoader.ts
    ./site/features/planner/admin/svg-editor/persistBlockDescriptor.ts
    ./site/app/api/admin/svg-editor/route.ts

https://nextjs.org/docs/messages/module-not-found


    at <unknown> (https://nextjs.org/docs/messages/module-not-found)
    at <unknown> (https://nextjs.org/docs/messages/module-not-found)
    at <unknown> (./site/features/planner/admin/svg-editor/svgPipelineRunner.ts:147:5)
    at <unknown> (https://nextjs.org/docs/messages/module-not-found)
D:\oandO04072026\site:
[ERR_PNPM_RECURSIVE_RUN_FIRST_FAIL] oando-site@0.1.0 build: `next build && node scripts/prepare-standalone.cjs`
Exit status 1
