$ turbo run release:gate
• turbo 2.10.2

   • Packages in scope: oando-site, oando-tech-stack-docs
   • Running release:gate in 2 packages
   • Remote caching disabled

oando-site:lint: cache miss, executing a228e4d7c55ddcf8
oando-tech-stack-docs:typecheck: cache miss, executing 957c1929bf20b334
oando-site:build: cache miss, executing b4f697a997d04921
oando-site:typecheck: cache miss, executing bc7a090b76d572fe
oando-tech-stack-docs:build: cache miss, executing 2fe3ef7f7f9904ea
oando-site:lint: $ eslint -c config/build/eslint.config.mjs app components features lib tests --max-warnings=0
oando-site:typecheck: $ tsc -p tsconfig.json --noEmit
oando-tech-stack-docs:typecheck: $ tsc --noEmit
oando-site:build: $ next build && node scripts/prepare-standalone.cjs
oando-tech-stack-docs:build: $ node scripts/emit-renderer-data.mjs && vite build
oando-site:build: ▲ Next.js 16.2.9 (Turbopack)
oando-site:build: - Experiments (use with caution):
oando-site:build:   · optimizePackageImports
oando-site:build: 
oando-site:build:   Creating an optimized production build ...
oando-tech-stack-docs:build: Error: ENOENT: no such file or directory, scandir 'D:\oandO04072026\.github\workflows'
oando-tech-stack-docs:build:     at readdirSync (node:fs:1570:26)
oando-tech-stack-docs:build:     at extractCiRecords (file:///D:/oandO04072026/site/tech-stack-generator/scripts/extract-ci.mjs:52:26)
oando-tech-stack-docs:build:     at buildGeneratorModel (file:///D:/oandO04072026/site/tech-stack-generator/scripts/model.mjs:972:14)
oando-tech-stack-docs:build:     at emitRendererData (file:///D:/oandO04072026/site/tech-stack-generator/scripts/emit-renderer-data.mjs:15:17)
oando-tech-stack-docs:build:     at file:///D:/oandO04072026/site/tech-stack-generator/scripts/emit-renderer-data.mjs:42:3
oando-tech-stack-docs:build:     at ModuleJob.run (node:internal/modules/esm/module_job:439:25)
oando-tech-stack-docs:build:     at async node:internal/modules/esm/loader:633:26
oando-tech-stack-docs:build:     at async asyncRunEntryPointWithESMLoader (node:internal/modules/run_main:101:5) {
oando-tech-stack-docs:build:   errno: -4058,
oando-tech-stack-docs:build:   code: 'ENOENT',
oando-tech-stack-docs:build:   syscall: 'scandir',
oando-tech-stack-docs:build:   path: 'D:\\oandO04072026\\.github\\workflows'
oando-tech-stack-docs:build: }
oando-tech-stack-docs:build: [ELIFECYCLE] Command failed with exit code 1.

 ERROR  Tasks:    0 successful, 5 total
Cached:    0 cached, 5 total
  Time:    6.559s 
Failed:    oando-tech-stack-docs#build

[ELIFECYCLE] Command failed with exit code 1.
 oando-tech-stack-docs#build: command (D:\oandO04072026\site\tech-stack-generator) C:\Program Files\nodejs\pnpm.CMD run build exited (1)
 ERROR  run failed: command  exited (1)
