pnpm : $ pnpm --filter oando-site typecheck
At line:1 char:1
+ pnpm run typecheck
+ ~~~~~~~~~~~~~~~~~~
    + CategoryInfo          : NotSpecified: ($ pnpm --filter oando-site typecheck:String) [], RemoteException
    + FullyQualifiedErrorId : NativeCommandError
 
$ tsc -p tsconfig.json --noEmit
features/planner/admin/svg-editor/svgReferenceDefinitions.ts(23,3): error TS1360: Type '{ typeId: string; name: string; viewBox: { x: number; y: number; width: number; height: number; }; physicalDimensionsMm: { width: number; depth: number; height: number; }; parts: { kind: "rect"; id: string; ... 5 more ...; customerEditable: false; }[]; ... 9 more ...; accessibility: { ...; }; }' does not satisfy the expected type '{ schemaVersion: 1; typeId: string; name: string; category: string; tags: string[]; lifecycle: { status: "draft" | "review" | "published" | "deprecated" | "archived"; ownerId: string; deprecationMessage?: string | undefined; }; ... 9 more ...; sku?: string | undefined; }'.
  Types of property 'tags' are incompatible.
    The type 'readonly ["phase-1"]' is 'readonly' and cannot be assigned to the mutable type 'string[]'.
features/planner/admin/svg-editor/svgReferenceDefinitions.ts(40,3): error TS1360: Type '{ typeId: string; name: string; viewBox: { x: number; y: number; width: number; height: number; }; physicalDimensionsMm: { width: number; depth: number; height: number; }; parts: { kind: "rect"; id: string; ... 5 more ...; customerEditable: true; }[]; ... 9 more ...; accessibility: { ...; }; }' does not satisfy the expected type '{ schemaVersion: 1; typeId: string; name: string; category: string; tags: string[]; lifecycle: { status: "draft" | "review" | "published" | "deprecated" | "archived"; ownerId: string; deprecationMessage?: string | undefined; }; ... 9 more ...; sku?: string | undefined; }'.
  Types of property 'tags' are incompatible.
    The type 'readonly ["phase-1"]' is 'readonly' and cannot be assigned to the mutable type 'string[]'.
features/planner/admin/svg-editor/svgReferenceDefinitions.ts(57,3): error TS1360: Type '{ typeId: string; name: string; viewBox: { x: number; y: number; width: number; height: number; }; physicalDimensionsMm: { width: number; depth: number; height: number; }; parts: { kind: "rect"; id: string; ... 5 more ...; customerEditable: true; }[]; ... 9 more ...; accessibility: { ...; }; }' does not satisfy the expected type '{ schemaVersion: 1; typeId: string; name: string; category: string; tags: string[]; lifecycle: { status: "draft" | "review" | "published" | "deprecated" | "archived"; ownerId: string; deprecationMessage?: string | undefined; }; ... 9 more ...; sku?: string | undefined; }'.
  Types of property 'tags' are incompatible.
    The type 'readonly ["phase-1"]' is 'readonly' and cannot be assigned to the mutable type 'string[]'.
features/planner/open3d/canvas-fabric/FeasibilityCanvas.tsx(75,13): error TS2322: Type '"room" | "opening" | "dimension" | "placement"' is not assignable to type 'never'.
  Type '"room"' is not assignable to type 'never'.
features/planner/open3d/catalog/useOpen3dWorkspaceCatalog.ts(50,19): error TS2552: Cannot find name 'Open3dCatalogItem'. Did you mean 'Open3dCatalogClient'?
D:\oandO04072026\site:
[ERR_PNPM_RECURSIVE_RUN_FIRST_FAIL] oando-site@0.1.0 typecheck: `tsc -p tsconfig.json --noEmit`
Exit status 2
[ELIFECYCLE] Command failed with exit code 2.
