--- @vercel-labs/json-render ---{
  "error": {
    "code": "E404",
    "summary": "Not Found - GET https://registry.npmjs.org/@vercel-labs%2fjson-render - Not found",
    "detail": "The requested resource '@vercel-labs/json-render@*' could not be found or you do not have permission to access it.\n\nNote that you can also install from a\ntarball, folder, http url, or git url."
  }
}

--- @vercel/json-render ---{
  "error": {
    "code": "E404",
    "summary": "Not Found - GET https://registry.npmjs.org/@vercel%2fjson-render - Not found",
    "detail": "The requested resource '@vercel/json-render@*' could not be found or you do not have permission to access it.\n\nNote that you can also install from a\ntarball, folder, http url, or git url."
  }
}

--- json-render ---{
  "error": {
    "code": "E404",
    "summary": "Unpublished on 2016-02-27T03:07:57.284Z",
    "detail": "The requested resource 'json-render' could not be found or you do not have permission to access it.\n\nNote that you can also install from a\ntarball, folder, http url, or git url."
  }
}

