node.exe : $ node scripts/audit-eslint-disable.mjs
At C:\Program Files\nodejs\pnpm.ps1:16 char:5
+     & "$basedir/node$exe"  "$basedir/node_modules/corepack/dist/pnpm. ...
+     ~~~~~~~~~~~~~~~~~~~~~~~~~~~~~~~~~~~~~~~~~~~~~~~~~~~~~~~~~~~~~~~~~
    + CategoryInfo          : NotSpecified: ($ node scripts/audit-eslint-disable.mjs:String) [], RemoteException
    + FullyQualifiedErrorId : NativeCommandError
 
audit-eslint-disable: 12 file(s)
  components/home/Hero.tsx
  components/home/HomepageHero.tsx
  components/home/KpiCounter.tsx
  features/planner/admin/svg-editor/AdminSvgEditorEditView.tsx
  features/planner/admin/svg-editor/persistBlockDescriptor.ts
  features/planner/admin/svg-editor/puckBlockRegistry.tsx
  features/planner/open3d/3d/ThreeViewerInner.tsx
  features/planner/open3d/catalog/svg/blocksResolver.ts
  features/planner/open3d/editor/CommandPalette.tsx
  features/planner/open3d/editor/InventoryPanel.tsx
  features/planner/open3d/editor/useDockingSystem.ts
  tests/unit/features/planner/open3d/catalog/blocksResolver.test.ts
D:\oandO04072026\site:
[ERR_PNPM_RECURSIVE_RUN_FIRST_FAIL] oando-site@0.1.0 test:audit:eslint-disable: `node scripts/audit-eslint-disable.mjs`
Exit status 1
