
 RUN  v4.1.9 D:/oandO04072026/site

 ❯ tests/unit/features/planner/open3d/persistence/persistence.test.ts (9 tests | 6 failed) 22ms
     × exports, imports, saves, backs up, restores, and removes in memory only 13ms
     ✓ does not persist guest work across repository instances 0ms
     ✓ does not call browser Storage APIs 1ms
     × recovers safely from in-memory corruption and reports both corruption paths 3ms
     × reports a generic error when corruption is not an Error instance and no backup exists 1ms
     × reports Error.message when corruption has no backup 0ms
     × reports when both primary and backup payloads are invalid 1ms
     × recovers from backup when primary corruption is not an Error instance 1ms
     ✓ never issues fetch to /api/plans during guest repository and blocked-command flow 1ms
pnpm : 
At line:1 char:1
+ pnpm exec vitest run tests/unit/features/planner/open3d/persistence/p ...
+ ~~~~~~~~~~~~~~~~~~~~~~~~~~~~~~~~~~~~~~~~~~~~~~~~~~~~~~~~~~~~~~~~~~~~~
    + CategoryInfo          : NotSpecified: (:String) [], RemoteException
    + FullyQualifiedErrorId : NativeCommandError
 
⎯⎯⎯⎯⎯⎯⎯ Failed Tests 6 ⎯⎯⎯⎯⎯⎯⎯

 FAIL  tests/unit/features/planner/open3d/persistence/persistence.test.ts > project persistence > exports, imports, 
saves, backs up, restores, and removes in memory only
AssertionError: expected null to deeply equal { id: '2', …(6) }

- Expected:
{
  "activeFloorId": "1",
  "createdAt": "2026-07-05T02:55:41.938Z",
  "displayUnit": "mm",
  "floors": [
    {
      "annotations": [],
      "columns": [],
      "doors": [],
      "furniture": [],
      "groups": [],
      "guides": [],
      "id": "1",
      "level": 0,
      "measurements": [],
      "name": "Ground Floor",
      "rooms": [],
      "stairs": [],
      "textAnnotations": [],
      "walls": [],
      "windows": [],
    },
  ],
  "id": "2",
  "name": "Untitled Project",
  "updatedAt": "2026-07-05T02:55:41.938Z",
}

+ Received:
null

 ❯ tests/unit/features/planner/open3d/persistence/persistence.test.ts:26:41
     24|     expect(repository.load(project.id)).toBeNull();
     25|     repository.save(project);
     26|     expect(repository.load(project.id)).toEqual(project);
       |                                         ^
     27|     repository.save({ ...project, name: "Changed" });
     28|     expect(repository.restoreBackup(project.id)).toEqual(project);

⎯⎯⎯⎯⎯⎯⎯⎯⎯⎯⎯⎯⎯⎯⎯⎯⎯⎯⎯⎯⎯⎯⎯⎯[1/6]⎯

 FAIL  tests/unit/features/planner/open3d/persistence/persistence.test.ts > project persistence > recovers safely from 
in-memory corruption and reports both corruption paths
AssertionError: expected { project: null, …(1) } to match object { project: { id: '2', …(6) }, …(2) }

- Expected
+ Received

  {
-   "error": "primary corrupt",
-   "project": {
-     "activeFloorId": "1",
-     "createdAt": "2026-07-05T02:55:41.952Z",
-     "displayUnit": "mm",
-     "floors": [
-       {
-         "annotations": [],
-         "columns": [],
-         "doors": [],
-         "furniture": [],
-         "groups": [],
-         "guides": [],
-         "id": "1",
-         "level": 0,
-         "measurements": [],
-         "name": "Ground Floor",
-         "rooms": [],
-         "stairs": [],
-         "textAnnotations": [],
-         "walls": [],
-         "windows": [],
-       },
-     ],
-     "id": "2",
-     "name": "Untitled Project",
-     "updatedAt": "2026-07-05T02:55:41.952Z",
-   },
-   "recoveredFromBackup": true,
+   "project": null,
+   "recoveredFromBackup": false,
  }

 ❯ tests/unit/features/planner/open3d/persistence/persistence.test.ts:73:47
     71|       .mockImplementationOnce(() => { throw new Error("primary corrupt…
     72|       .mockImplementationOnce((value: string) => originalParse(value));
     73|     expect(repository.loadSafely(project.id)).toMatchObject({
       |                                               ^
     74|       project,
     75|       recoveredFromBackup: true,

⎯⎯⎯⎯⎯⎯⎯⎯⎯⎯⎯⎯⎯⎯⎯⎯⎯⎯⎯⎯⎯⎯⎯⎯[2/6]⎯

 FAIL  tests/unit/features/planner/open3d/persistence/persistence.test.ts > project persistence > reports a generic 
error when corruption is not an Error instance and no backup exists
AssertionError: expected { project: null, …(1) } to deeply equal { project: null, …(2) }

- Expected
+ Received

  {
-   "error": "Project data is invalid.",
    "project": null,
    "recoveredFromBackup": false,
  }

 ❯ tests/unit/features/planner/open3d/persistence/persistence.test.ts:90:47
     88|       throw "not-an-error";
     89|     });
     90|     expect(repository.loadSafely(project.id)).toEqual({
       |                                               ^
     91|       project: null,
     92|       recoveredFromBackup: false,

⎯⎯⎯⎯⎯⎯⎯⎯⎯⎯⎯⎯⎯⎯⎯⎯⎯⎯⎯⎯⎯⎯⎯⎯[3/6]⎯

 FAIL  tests/unit/features/planner/open3d/persistence/persistence.test.ts > project persistence > reports 
Error.message when corruption has no backup
AssertionError: expected { project: null, …(1) } to deeply equal { project: null, …(2) }

- Expected
+ Received

  {
-   "error": "primary-only corrupt",
    "project": null,
    "recoveredFromBackup": false,

 Test Files  1 failed (1)
      Tests  6 failed | 3 passed (9)
   Start at  08:25:40
   Duration  1.16s (transform 132ms, setup 330ms, import 90ms, tests 22ms, environment 431ms)

JSON report written to D:/oandO04072026/results/tests/vitest-site-results.json
  }

 ❯ tests/unit/features/planner/open3d/persistence/persistence.test.ts:106:47
    104|       throw new Error("primary-only corrupt");
    105|     });
    106|     expect(repository.loadSafely(project.id)).toEqual({
       |                                               ^
    107|       project: null,
    108|       recoveredFromBackup: false,

⎯⎯⎯⎯⎯⎯⎯⎯⎯⎯⎯⎯⎯⎯⎯⎯⎯⎯⎯⎯⎯⎯⎯⎯[4/6]⎯

 FAIL  tests/unit/features/planner/open3d/persistence/persistence.test.ts > project persistence > reports when both 
primary and backup payloads are invalid
AssertionError: expected { project: null, …(1) } to deeply equal { project: null, …(2) }

- Expected
+ Received

  {
-   "error": "Project and backup data are invalid.",
    "project": null,
    "recoveredFromBackup": false,
  }

 ❯ tests/unit/features/planner/open3d/persistence/persistence.test.ts:123:47
    121|       throw new Error("corrupt");
    122|     });
    123|     expect(repository.loadSafely(project.id)).toEqual({
       |                                               ^
    124|       project: null,
    125|       recoveredFromBackup: false,

⎯⎯⎯⎯⎯⎯⎯⎯⎯⎯⎯⎯⎯⎯⎯⎯⎯⎯⎯⎯⎯⎯⎯⎯[5/6]⎯

 FAIL  tests/unit/features/planner/open3d/persistence/persistence.test.ts > project persistence > recovers from backup 
when primary corruption is not an Error instance
AssertionError: expected { project: null, …(1) } to match object { project: { id: '2', …(6) }, …(2) }

- Expected
+ Received

  {
-   "error": "Project data is invalid.",
-   "project": {
-     "activeFloorId": "1",
-     "createdAt": "2026-07-05T02:55:41.956Z",
-     "displayUnit": "mm",
-     "floors": [
-       {
-         "annotations": [],
-         "columns": [],
-         "doors": [],
-         "furniture": [],
-         "groups": [],
-         "guides": [],
-         "id": "1",
-         "level": 0,
-         "measurements": [],
-         "name": "Ground Floor",
-         "rooms": [],
-         "stairs": [],
-         "textAnnotations": [],
-         "walls": [],
-         "windows": [],
-       },
-     ],
-     "id": "2",
-     "name": "Untitled Project",
-     "updatedAt": "2026-07-05T02:55:41.956Z",
-   },
-   "recoveredFromBackup": true,
+   "project": null,
+   "recoveredFromBackup": false,
  }

 ❯ tests/unit/features/planner/open3d/persistence/persistence.test.ts:144:47
    142|       .mockImplementationOnce((value: string) => originalParse(value));
    143|
    144|     expect(repository.loadSafely(project.id)).toMatchObject({
       |                                               ^
    145|       project,
    146|       recoveredFromBackup: true,

⎯⎯⎯⎯⎯⎯⎯⎯⎯⎯⎯⎯⎯⎯⎯⎯⎯⎯⎯⎯⎯⎯⎯⎯[6/6]⎯

