
 RUN  v4.1.9 D:/OandO07072026/site

 Γ£ô tests/unit/features/planner/open3d/workspaceOrbitWiring.test.ts > W4 workspace orbit wiring (layer 2) > helper forces enableControls true 3ms
 Γ£ô tests/unit/features/planner/open3d/workspaceOrbitWiring.test.ts > W4 workspace orbit wiring (layer 2) > OOPlannerWorkspace spreads getOpen3dViewerControlProps into Lazy3DViewer 1ms
 Γ£ô tests/unit/features/planner/open3d/buildOpen3dSceneNodes.test.ts > buildOpen3dSceneNodes > maps walls and furniture with stable entity ids 5ms
 Γ£ô tests/unit/features/planner/open3d/buildOpen3dSceneNodes.test.ts > buildOpen3dSceneNodes > omits geometry fields for plain box furniture 1ms
 Γ£ô tests/unit/features/planner/open3d/buildOpen3dSceneNodes.test.ts > buildOpen3dSceneNodes > propagates modular geometryMode + modularOptions copy 1ms
 Γ£ô tests/unit/features/planner/open3d/buildOpen3dSceneNodes.test.ts > buildOpen3dSceneNodes > propagates policy-allowed generatedGlbUrl onto furniture node 1ms
 Γ£ô tests/unit/features/planner/open3d/buildOpen3dSceneNodes.test.ts > buildOpen3dSceneNodes > propagates modular fields together with generatedGlbUrl 1ms
 Γ£ô tests/unit/features/planner/open3d/buildOpen3dSceneNodes.test.ts > buildOpen3dSceneNodes > converts furniture plan degrees to scene radians (walls stay atan2 radians) 0ms
 Γ£ô tests/unit/features/planner/open3d/buildOpen3dSceneNodes.test.ts > buildOpen3dSceneNodes > drops designer static meshUrl and blank generatedGlbUrl 0ms
 Γ£ô tests/unit/features/planner/open3d/buildOpen3dSceneNodes.test.ts > buildOpen3dSceneNodes > prefers generatedGlbUrl over glbUrl and meshUrl 0ms
 Γ£ô tests/unit/features/planner/open3d/buildOpen3dSceneNodes.test.ts > buildOpen3dSceneNodes > applies scale multipliers to furniture dimensions and defaults 0ms
 Γ£ô tests/unit/features/planner/open3d/buildOpen3dSceneNodes.test.ts > buildOpen3dSceneNodes > returns [] for empty floors and maps wall center/rotation 1ms
 Γ£ô tests/unit/features/planner/open3d/buildOpen3dSceneNodes.test.ts > buildOpen3dSceneNodes > converts mm to metres for Three world 0ms
 Γ£ô tests/unit/features/planner/open3d/poseContinuityW4.test.ts > W4 pose continuity (document Γåö scene nodes) > rebuilds furniture pose without mutating document ids/position/rotation 5ms
 Γ£ô tests/unit/features/planner/open3d/createSceneObjectFromNode.test.ts > createSceneObjectFromNode ΓÇö modular vs parametric-box vs wall > modular-cabinet-v0 builds Group with multi-part mesh and floor origin 5ms
 Γ£ô tests/unit/features/planner/open3d/createSceneObjectFromNode.test.ts > createSceneObjectFromNode ΓÇö modular vs parametric-box vs wall > modular without modularOptions derives defaults from node W/D/H 2ms
 Γ£ô tests/unit/features/planner/open3d/createSceneObjectFromNode.test.ts > createSceneObjectFromNode ΓÇö modular vs parametric-box vs wall > modular pair door style yields four children (toe+carcass+doors) 1ms
 Γ£ô tests/unit/features/planner/open3d/createSceneObjectFromNode.test.ts > createSceneObjectFromNode ΓÇö modular vs parametric-box vs wall > non-modular furniture with dimensions uses parametric-box Mesh 1ms
 Γ£ô tests/unit/features/planner/open3d/createSceneObjectFromNode.test.ts > createSceneObjectFromNode ΓÇö modular vs parametric-box vs wall > wall builds BoxGeometry mesh at half height (not parametric-box) 1ms
 Γ£ô tests/unit/features/planner/open3d/createSceneObjectFromNode.test.ts > createSceneObjectFromNode ΓÇö modular vs parametric-box vs wall > wall with CSS var color does not throw and material color is parseable by THREE.Color 6ms
 Γ£ô tests/unit/features/planner/open3d/createSceneObjectFromNode.test.ts > createSceneObjectFromNode ΓÇö modular vs parametric-box vs wall > wall theme-ref uses wallStroke when present (not washed inverse-body text color) 3ms
 Γ£ô tests/unit/features/planner/open3d/createSceneObjectFromNode.test.ts > createSceneObjectFromNode ΓÇö modular vs parametric-box vs wall > wall with explicit user hex keeps paint (theme remap does not override) 0ms
 Γ£ô tests/unit/features/planner/open3d/createSceneObjectFromNode.test.ts > createSceneObjectFromNode ΓÇö modular vs parametric-box vs wall > furniture missing positive dimensions falls back to wall-style box 1ms
 Γ£ô tests/unit/features/planner/open3d/createSceneObjectFromNode.test.ts > createSceneObjectFromNode ΓÇö modular vs parametric-box vs wall > applies plan rotation about world Y (negated) 1ms
 Γ£ô tests/unit/features/planner/open3d/createSceneObjectFromNode.test.ts > createSceneObjectFromNode ΓÇö modular vs parametric-box vs wall > distinguishes the three roots: Group vs parametric Mesh vs wall Mesh 0ms
 Γ£ô tests/unit/features/planner/open3d/createSceneObjectFromNode.test.ts > createSceneObjectFromNode ΓÇö modular vs parametric-box vs wall > workstation-v0 builds Group with multi-part role meshes and floor origin 1ms
 Γ£ô tests/unit/features/planner/open3d/createSceneObjectFromNode.test.ts > addNodesToGroup / disposeAndRemoveObject > adds one object per node into the group 0ms
 Γ£ô tests/unit/features/planner/open3d/createSceneObjectFromNode.test.ts > addNodesToGroup / disposeAndRemoveObject > disposeAndRemoveObject removes from parent 0ms
 Γ£ô tests/unit/features/planner/open3d/orbitControlsDefault.test.tsx > orbitControlsDefault ΓÇö product helper / prop contract > OPEN3D_ORBIT_DEFAULT_ENABLED is true 1ms
 Γ£ô tests/unit/features/planner/open3d/orbitControlsDefault.test.tsx > orbitControlsDefault ΓÇö product helper / prop contract > getOpen3dViewerControlProps forces enableControls: true 1ms
 Γ£ô tests/unit/features/planner/open3d/orbitControlsDefault.test.tsx > orbitControlsDefault ΓÇö product helper / prop contract > furniture document rotation stays degrees via normalizeDegrees 0ms
 Γ£ô tests/unit/features/planner/open3d/orbitControlsDefault.test.tsx > orbitControlsDefault ΓÇö ThreeViewerInner construct + data-orbit-enabled > omitted enableControls (default ON) constructs OrbitControls and sets data-orbit-enabled=true 53ms
 Γ£ô tests/unit/features/planner/open3d/orbitControlsDefault.test.tsx > orbitControlsDefault ΓÇö ThreeViewerInner construct + data-orbit-enabled > enableControls={false} does not construct OrbitControls and sets data-orbit-enabled=false 8ms
 Γ£ô tests/unit/features/planner/open3d/orbitControlsDefault.test.tsx > orbitControlsDefault ΓÇö ThreeViewerInner construct + data-orbit-enabled > enableControls={true} explicit construct + data-orbit-enabled=true 15ms

 Test Files  5 passed (5)
      Tests  34 passed (34)
   Start at  19:18:43
   Duration  2.36s (transform 1.23s, setup 4.19s, import 1.18s, tests 136ms, environment 4.02s)

