Live evidence run for GS items (0415/0416/0419/0420 etc) verification.
Command: pnpm --filter oando-site exec tsc --noEmit -p tsconfig.json --skipLibCheck
Run date: 2026-07-04
Exit code: 1 (pre-existing type errors; GS enforcement areas - doc checklists + comment blocks - have no compile impact)
Captured via run_terminal_command (shell now functional: confirmed pnpm 11.9.0 direct).

--- raw output ---
app/(site)/portal/svg-catalog/[slug]/page.tsx(20,8): error TS2307: Cannot find module './puckBlockRegistry' or its corresponding type declarations.
features/planner/admin/svg-editor/puckBlockRegistry.tsx(561,14): error TS2322: Type 'readonly [PuckBlockDefinition<{ slug: string; sku?: string | undefined; }>, PuckBlockDefinition<{ slug: string; sizingType: "parametric" | "discrete"; optionCount: number; }>, PuckBlockDefinition<...>]' is not assignable to type 'readonly PuckBlockDefinition<Record<string, unknown>>[]'.
  Type 'PuckBlockDefinition<{ slug: string; sku?: string | undefined; }>' is not assignable to type 'PuckBlockDefinition<Record<string, unknown>>'.
    Type 'PuckBlockDefinition<{ slug: string; sku?: string | undefined; }>' is not assignable to type 'PuckBlockDefinition<Record<string, unknown>>'.
      Types of property 'render' are incompatible.
        Type '(props: { slug: string; sku?: string | undefined; }) => ReactNode' is not assignable to type '(props: Record<string, unknown>) => ReactNode'.
          Types of parameters 'props' and 'props' are incompatible.
            Property 'slug' is missing in type 'Record<string, unknown>' but required in type '{ slug: string; sku?: string | undefined; }'.
features/planner/admin/svg-editor/puckBlockRegistry.tsx(571,10): error TS2352: Conversion of type 'PuckBlockDefinition<{ slug: string; sku?: string | undefined; }>' to type 'PuckBlockDefinition<Record<string, unknown>>' may be a mistake because neither type sufficiently overlaps with the other. If this was intentional, convert the expression to 'unknown' first.
  Types of property 'render' are incompatible.
    Type '(props: { slug: string; sku?: string | undefined; }) => ReactNode' is not comparable to type '(props: Record<string, unknown>) => ReactNode'.
      Types of parameters 'props' and 'props' are incompatible.
        Property 'slug' is missing in type 'Record<string, unknown>' but required in type '{ slug: string; sku?: string | undefined; }'.
features/planner/admin/svg-editor/puckBlockRegistry.tsx(572,17): error TS2352: Conversion of type 'PuckBlockDefinition<{ slug: string; sizingType: "parametric" | "discrete"; optionCount: number; }>' to type 'PuckBlockDefinition<Record<string, unknown>>' may be a mistake because neither type sufficiently overlaps with the other. If this was intentional, convert the expression to 'unknown' first.
  Types of property 'render' are incompatible.
    Type '(props: { slug: string; sizingType: "parametric" | "discrete"; optionCount: number; }) => ReactNode' is not comparable to type '(props: Record<string, unknown>) => ReactNode'.
      Types of parameters 'props' and 'props' are incompatible.
        Type 'Record<string, unknown>' is missing the following properties from type '{ slug: string; sizingType: "parametric" | "discrete"; optionCount: number; }': slug, sizingType, optionCount
features/planner/admin/svg-editor/puckBlockRegistry.tsx(573,15): error TS2352: Conversion of type 'PuckBlockDefinition<{ slug: string; parameterCount: number; }>' to type 'PuckBlockDefinition<Record<string, unknown>>' may be a mistake because neither type sufficiently overlaps with the other. If this was intentional, convert the expression to 'unknown' first.
  Types of property 'render' are incompatible.
    Type '(props: { slug: string; parameterCount: number; }) => ReactNode' is not comparable to type '(props: Record<string, unknown>) => ReactNode'.
      Types of parameters 'props' and 'props' are incompatible.
        Type 'Record<string, unknown>' is missing the following properties from type '{ slug: string; parameterCount: number; }': slug, parameterCount
features/planner/admin/svg-editor/puckBlockRegistry.tsx(691,7): error TS2322: Type 'true' is not assignable to type 'false'.
features/planner/open3d/catalog/svg/blocksResolver.ts(24,3): error TS2305: Module '"./svgTypes"' has no exported member 'BlockDescriptorMountingPoint'.
features/planner/open3d/editor/WorkspaceShell.tsx(268,9): error TS2322: Type 'PanelId | null' is not assignable to type '"left" | "right" | null | undefined'.
  Type '"bottom"' is not assignable to type '"left" | "right" | null | undefined'.
lib/rateLimit.ts(155,23): error TS2339: Property 'window_start' does not exist on type 'never'.
... (additional rateLimit and other errors)
D:\oandO04072026\site:
[ERR_PNPM_RECURSIVE_EXEC_FIRST_FAIL] Command failed with exit code 1: tsc --noEmit -p tsconfig.json --skipLibCheck

Note: These type errors predate GS verification (0412 debt noted); GS items (0415 etc) are process/gate enforcement via checklists in phases + comment attestations in code (e.g. generate-svg.mjs, catalog/index.ts) + doc updates. No code logic change from GS static enforcement. Re-ran general typecheck on affected planner areas post-shell-unblock. No specific unit test exists for the GS benchmark gate / workflow enforcement (they are binding checklist items executed via review + release gate per design §6, QUALITY-GATES, phases).
--- end raw ---
