Γû▓ Next.js 16.2.9 (Turbopack)
- Experiments (use with caution):
  ┬╖ optimizePackageImports

  Creating an optimized production build ...
node.exe : Turbopack build encountered 1 warnings:
At C:\Program Files\nodejs\pnpm.ps1:16 char:5
+     & "$basedir/node$exe"  "$basedir/node_modules/corepack/dist/pnpm. ...
+     ~~~~~~~~~~~~~~~~~~~~~~~~~~~~~~~~~~~~~~~~~~~~~~~~~~~~~~~~~~~~~~~~~
    + CategoryInfo          : NotSpecified: (Turbopack build encountered 1 warnings::String) [], RemoteException
    + FullyQualifiedErrorId : NativeCommandError
 
./site/next.config.js
Encountered unexpected file in NFT list
A file was traced that indicates that the whole project was traced unintentionally. Somewhere in the import trace 
below, there are:
- filesystem operations (like path.join, path.resolve or fs.readFile), or
- very dynamic requires (like require('./' + foo)).
To resolve this, you can
- remove them if possible, or
- only use them in development, or
- make sure they are statically scoped to some subfolder: path.join(process.cwd(), 'data', bar), or
- add ignore comments: path.join(/*turbopackIgnore: true*/ process.cwd(), bar)

Import trace:
  App Route:
    ./site/next.config.js
    ./site/features/planner/open3d/catalog/svg/svgBlockDescriptorLoader.ts
    ./site/features/planner/admin/svg-editor/persistBlockDescriptor.ts
    ./site/app/api/admin/svg-editor/route.ts


Γ£ô Compiled successfully in 17.4s
  Running TypeScript ...
  Finished TypeScript in 12.8s ...
  Collecting page data using 15 workers ...
ΓÜá Using edge runtime on a page currently disables static generation for that page
  Generating static pages using 15 workers (0/367) ...
  Generating static pages using 15 workers (91/367) 
  Generating static pages using 15 workers (183/367) 
  Generating static pages using 15 workers (275/367) 
Γ£ô Generating static pages using 15 workers (367/367) in 59s
  Finalizing page optimization ...

> Build error occurred
Error: ENOENT: no such file or directory, open 
'D:\oandO04072026\site\.next\static\_Uu1oPduvYZ_Eb-_8XuFD\_ssgManifest.js'
    at ignore-listed frames {
  errno: -4058,
  code: 'ENOENT',
  syscall: 'open',
  path: 'D:\\oandO04072026\\site\\.next\\static\\_Uu1oPduvYZ_Eb-_8XuFD\\_ssgManifest.js'
}
