features/planner/open3d/3d/ThreeLazyViewer.tsx(9,26): error TS2724: '"react"' has no exported member named '_ComponentType'. Did you mean 'ComponentType'?
features/planner/open3d/ai/advisorTypes.ts(9,15): error TS2724: '"../model/types"' has no exported member named '_Open3dDisplayUnit'. Did you mean 'Open3dDisplayUnit'?
features/planner/open3d/ai/aiAdvisor.ts(5,3): error TS2724: '"../model/types"' has no exported member named '_Open3dDoor'. Did you mean 'Open3dDoor'?
features/planner/open3d/ai/aiAdvisor.ts(6,3): error TS2724: '"../model/types"' has no exported member named '_Open3dWindow'. Did you mean 'Open3dWindow'?
features/planner/open3d/ai/aiAdvisor.ts(7,3): error TS2724: '"../model/types"' has no exported member named '_Open3dFurnitureItem'. Did you mean 'Open3dFurnitureItem'?
features/planner/open3d/ai/aiAdvisor.ts(8,3): error TS2724: '"../model/types"' has no exported member named '_Open3dRoom'. Did you mean 'Open3dRoom'?
features/planner/open3d/ai/sketchToPlan.ts(9,10): error TS2724: '"../model/project"' has no exported member named '_createOpen3dProject'. Did you mean 'createOpen3dProject'?
features/planner/open3d/ai/sketchToPlanClient.ts(8,15): error TS2724: '"../model/types"' has no exported member named '_Open3dProject'. Did you mean 'Open3dProject'?
features/planner/open3d/ai/sketchToPlanClient.ts(8,31): error TS2724: '"../model/types"' has no exported member named '_Open3dFloor'. Did you mean 'Open3dFloor'?
features/planner/open3d/ai/sketchToPlanClient.ts(8,45): error TS2724: '"../model/types"' has no exported member named '_Open3dDisplayUnit'. Did you mean 'Open3dDisplayUnit'?
features/planner/open3d/catalog/assetValidation.ts(156,16): error TS18048: 'generatedAtMs' is possibly 'undefined'.
features/planner/open3d/catalog/catalogClient.ts(450,45): error TS18048: 'minW' is possibly 'undefined'.
features/planner/open3d/catalog/catalogClient.ts(451,43): error TS18048: 'maxW' is possibly 'undefined'.
features/planner/open3d/catalog/catalogClient.ts(452,43): error TS18048: 'minD' is possibly 'undefined'.
features/planner/open3d/catalog/catalogClient.ts(453,43): error TS18048: 'maxD' is possibly 'undefined'.
features/planner/open3d/catalog/catalogClient.ts(454,44): error TS18048: 'minH' is possibly 'undefined'.
features/planner/open3d/catalog/catalogClient.ts(455,44): error TS18048: 'maxH' is possibly 'undefined'.
features/planner/open3d/catalog/catalogClient.ts(470,73): error TS2345: Argument of type 'Open3dConfigurability | undefined' is not assignable to parameter of type 'Open3dConfigurability'.
  Type 'undefined' is not assignable to type 'Open3dConfigurability'.
features/planner/open3d/catalog/catalogMapping.ts(29,3): error TS2724: '"./catalogTaxonomy"' has no exported member named '_normalizeColor'. Did you mean 'normalizeColor'?
features/planner/open3d/catalog/inventory/inventoryIndex.ts(263,106): error TS2345: Argument of type 'Open3dConfigurability | undefined' is not assignable to parameter of type 'Open3dConfigurability'.
  Type 'undefined' is not assignable to type 'Open3dConfigurability'.
features/planner/open3d/catalog/inventory/inventoryIndex.ts(269,50): error TS18048: 'dim.minWidthMm' is possibly 'undefined'.
features/planner/open3d/catalog/inventory/inventoryIndex.ts(270,50): error TS18048: 'dim.maxWidthMm' is possibly 'undefined'.
features/planner/open3d/catalog/inventory/inventoryIndex.ts(271,50): error TS18048: 'dim.minDepthMm' is possibly 'undefined'.
features/planner/open3d/catalog/inventory/inventoryIndex.ts(272,50): error TS18048: 'dim.maxDepthMm' is possibly 'undefined'.
features/planner/open3d/catalog/inventory/inventoryIndex.ts(273,52): error TS18048: 'dim.minHeightMm' is possibly 'undefined'.
features/planner/open3d/catalog/inventory/inventoryIndex.ts(274,52): error TS18048: 'dim.maxHeightMm' is possibly 'undefined'.
features/planner/open3d/catalog/unitConversion.ts(49,52): error TS18048: 'value' is possibly 'undefined'.
features/planner/open3d/catalog/unitConversion.ts(53,7): error TS18048: 'value' is possibly 'undefined'.
features/planner/open3d/catalog/unitConversion.ts(54,12): error TS18048: 'value' is possibly 'undefined'.
features/planner/open3d/catalog/unitConversion.ts(57,3): error TS2322: Type 'number | undefined' is not assignable to type 'number'.
  Type 'undefined' is not assignable to type 'number'.
features/planner/open3d/catalog/unitConversion.ts(74,75): error TS2345: Argument of type 'number | undefined' is not assignable to parameter of type 'number'.
  Type 'undefined' is not assignable to type 'number'.
features/planner/open3d/catalog/unitConversion.ts(172,81): error TS18048: 'dimensions.weightKg' is possibly 'undefined'.
D:\oandO04072026\site:
[ERR_PNPM_RECURSIVE_RUN_FIRST_FAIL] oando-site@0.1.0 typecheck: `tsc -p tsconfig.json --noEmit`
Exit status 2

