п»ї
 RUN  v4.1.9 D:/oandO04072026/site
      Coverage enabled with v8

 О“ВЈГґ tests/unit/features/planner/open3d/coverageGap.test.ts > SVG Fixture Gallery > builds gallery with expected entry count 13ms
 О“ВЈГґ tests/unit/features/planner/open3d/coverageGap.test.ts > SVG Fixture Gallery > each entry has valid SVG markup 1ms
 О“ВЈГґ tests/unit/features/planner/open3d/coverageGap.test.ts > SVG Fixture Gallery > covers all theme variants 1ms
 О“ВЈГґ tests/unit/features/planner/open3d/coverageGap.test.ts > SVG Fixture Gallery > covers multiple categories 0ms
 О“ВЈГґ tests/unit/features/planner/open3d/coverageGap.test.ts > SVG Fixture Gallery > includes rotated entries 0ms
 О“ВЈГґ tests/unit/features/planner/open3d/coverageGap.test.ts > SVG Fixture Gallery > viewBox is a valid string 1ms
 О“ВЈГґ tests/unit/features/planner/open3d/coverageGap.test.ts > Placement Action > placeCatalogItem with all options 2ms
 О“ВЈГґ tests/unit/features/planner/open3d/coverageGap.test.ts > Placement Action > placeCatalogItem defaults 0ms
 О“ВЈГґ tests/unit/features/planner/open3d/coverageGap.test.ts > Placement Action > placeCatalogItem with item that has no variants 0ms
 О“ВЈГґ tests/unit/features/planner/open3d/coverageGap.test.ts > Placement Action > clickToPlace creates correct snapshot 0ms
 О“ВЈГґ tests/unit/features/planner/open3d/coverageGap.test.ts > Placement Action > dragToPlace creates correct snapshot 0ms
 О“ВЈГґ tests/unit/features/planner/open3d/coverageGap.test.ts > Placement Action > apiPlace creates correct snapshot 0ms
 О“ВЈГґ tests/unit/features/planner/open3d/coverageGap.test.ts > Placement Action > apiPlace with no overrides 0ms
 О“ВЈГґ tests/unit/features/planner/open3d/coverageGap.test.ts > Placement Action > verifyPlacementIdentity returns true for matching 0ms
 О“ВЈГґ tests/unit/features/planner/open3d/coverageGap.test.ts > Placement Action > verifyPlacementIdentity returns false for mismatched 0ms
 О“ВЈГґ tests/unit/features/planner/open3d/coverageGap.test.ts > Placement Action > generates unique IDs across batch 1ms
 О“ВЈГґ tests/unit/features/planner/open3d/coverageGap.test.ts > Placement Action > placeCatalogItemInProject preserves overrides and unrelated furniture 1ms
 О“ВЈГґ tests/unit/features/planner/open3d/coverageGap.test.ts > Catalog Client в”њГіО“Г©ВјО“Г‡ВҐ coverage gaps > getAll returns loaded items 2ms
 О“ВЈГґ tests/unit/features/planner/open3d/coverageGap.test.ts > Catalog Client в”њГіО“Г©ВјО“Г‡ВҐ coverage gaps > getById returns item or null 1ms
 О“ВЈГґ tests/unit/features/planner/open3d/coverageGap.test.ts > Catalog Client в”њГіО“Г©ВјО“Г‡ВҐ coverage gaps > getBySlug case-insensitive 1ms
 О“ВЈГґ tests/unit/features/planner/open3d/coverageGap.test.ts > Catalog Client в”њГіО“Г©ВјО“Г‡ВҐ coverage gaps > getBySku case-insensitive 1ms
 О“ВЈГґ tests/unit/features/planner/open3d/coverageGap.test.ts > Catalog Client в”њГіО“Г©ВјО“Г‡ВҐ coverage gaps > getByCategory returns matching items 1ms
 О“ВЈГґ tests/unit/features/planner/open3d/coverageGap.test.ts > Catalog Client в”њГіО“Г©ВјО“Г‡ВҐ coverage gaps > getByRoom returns matching items 2ms
 О“ВЈГґ tests/unit/features/planner/open3d/coverageGap.test.ts > Catalog Client в”њГіО“Г©ВјО“Г‡ВҐ coverage gaps > getByStyle returns matching items 2ms
 О“ВЈГґ tests/unit/features/planner/open3d/coverageGap.test.ts > Catalog Client в”њГіО“Г©ВјО“Г‡ВҐ coverage gaps > search with text query 3ms
 О“ВЈГґ tests/unit/features/planner/open3d/coverageGap.test.ts > Catalog Client в”њГіО“Г©ВјО“Г‡ВҐ coverage gaps > search with category filter 2ms
 О“ВЈГґ tests/unit/features/planner/open3d/coverageGap.test.ts > Catalog Client в”њГіО“Г©ВјО“Г‡ВҐ coverage gaps > search with room filter 1ms
 О“ВЈГґ tests/unit/features/planner/open3d/coverageGap.test.ts > Catalog Client в”њГіО“Г©ВјО“Г‡ВҐ coverage gaps > search with style filter 1ms
 О“ВЈГґ tests/unit/features/planner/open3d/coverageGap.test.ts > Catalog Client в”њГіО“Г©ВјО“Г‡ВҐ coverage gaps > search with material filter 1ms
 О“ВЈГґ tests/unit/features/planner/open3d/coverageGap.test.ts > Catalog Client в”њГіО“Г©ВјО“Г‡ВҐ coverage gaps > search with color filter 1ms
 О“ВЈГґ tests/unit/features/planner/open3d/coverageGap.test.ts > Catalog Client в”њГіО“Г©ВјО“Г‡ВҐ coverage gaps > search with dimension filter 1ms
 О“ВЈГґ tests/unit/features/planner/open3d/coverageGap.test.ts > Catalog Client в”њГіО“Г©ВјО“Г‡ВҐ coverage gaps > search with dimension filter depth and height 2ms
 О“ВЈГґ tests/unit/features/planner/open3d/coverageGap.test.ts > Catalog Client в”њГіО“Г©ВјО“Г‡ВҐ coverage gaps > search with availability filter 1ms
 О“ВЈГґ tests/unit/features/planner/open3d/coverageGap.test.ts > Catalog Client в”њГіО“Г©ВјО“Г‡ВҐ coverage gaps > search with sort order name-asc 1ms
 О“ВЈГґ tests/unit/features/planner/open3d/coverageGap.test.ts > Catalog Client в”њГіО“Г©ВјО“Г‡ВҐ coverage gaps > search with sort order name-desc 1ms
 О“ВЈГґ tests/unit/features/planner/open3d/coverageGap.test.ts > Catalog Client в”њГіО“Г©ВјО“Г‡ВҐ coverage gaps > search with sort order price-asc 1ms
 О“ВЈГґ tests/unit/features/planner/open3d/coverageGap.test.ts > Catalog Client в”њГіО“Г©ВјО“Г‡ВҐ coverage gaps > search with sort order price-desc 1ms
 О“ВЈГґ tests/unit/features/planner/open3d/coverageGap.test.ts > Catalog Client в”њГіО“Г©ВјО“Г‡ВҐ coverage gaps > search with sort order newest 1ms
 О“ВЈГґ tests/unit/features/planner/open3d/coverageGap.test.ts > Catalog Client в”њГіО“Г©ВјО“Г‡ВҐ coverage gaps > search pagination with cursor 1ms
 О“ВЈГґ tests/unit/features/planner/open3d/coverageGap.test.ts > Catalog Client в”њГіО“Г©ВјО“Г‡ВҐ coverage gaps > search with invalid cursor defaults to start 1ms
 О“ВЈГґ tests/unit/features/planner/open3d/coverageGap.test.ts > Catalog Client в”њГіО“Г©ВјО“Г‡ВҐ coverage gaps > search caches results 1ms
 О“ВЈГґ tests/unit/features/planner/open3d/coverageGap.test.ts > Catalog Client в”њГіО“Г©ВјО“Г‡ВҐ coverage gaps > search on empty catalog returns empty 1ms
 О“ВЈГґ tests/unit/features/planner/open3d/coverageGap.test.ts > Catalog Client в”њГіО“Г©ВјО“Г‡ВҐ coverage gaps > isLoaded returns correct state 1ms
 О“ВЈГґ tests/unit/features/planner/open3d/coverageGap.test.ts > Catalog Client в”њГіО“Г©ВјО“Г‡ВҐ coverage gaps > getSource returns loaded source 4ms
 О“ВЈГґ tests/unit/features/planner/open3d/coverageGap.test.ts > Catalog Client в”њГіО“Г©ВјО“Г‡ВҐ coverage gaps > invalidate clears cache and rebuilds index 2ms
 О“ВЈГґ tests/unit/features/planner/open3d/coverageGap.test.ts > Catalog Client в”њГіО“Г©ВјО“Г‡ВҐ coverage gaps > getById/getBySlug/getBySku return null on unloaded client 1ms
 О“ВЈГґ tests/unit/features/planner/open3d/coverageGap.test.ts > Catalog Client в”њГіО“Г©ВјО“Г‡ВҐ coverage gaps > exact SKU match appears in results 1ms
 О“ВЈГґ tests/unit/features/planner/open3d/coverageGap.test.ts > Catalog Client в”њГіО“Г©ВјО“Г‡ВҐ coverage gaps > loadFromApi rejects missing fetch and failed responses 3ms
 О“ВЈГґ tests/unit/features/planner/open3d/coverageGap.test.ts > Catalog Client в”њГіО“Г©ВјО“Г‡ВҐ coverage gaps > search falls back to per-item tokenization when index is empty 1ms
 О“ВЈГґ tests/unit/features/planner/open3d/coverageGap.test.ts > Catalog Client в”њГіО“Г©ВјО“Г‡ВҐ coverage gaps > loadDescriptorsFromLoader returns [] on client (addresses always []) without throwing 1ms
 О“ВЈГґ tests/unit/features/planner/open3d/coverageGap.test.ts > Catalog Client в”њГіО“Г©ВјО“Г‡ВҐ coverage gaps > search integrates resolver blocks when descriptors path taken (uses .blocks result) 1ms
 О“ВЈГґ tests/unit/features/planner/open3d/coverageGap.test.ts > Catalog Client в”њГіО“Г©ВјО“Г‡ВҐ coverage gaps > search supports Sketchfab parity facets (license/animated/staffPicked) per 0419 fix 1ms
 О“ВЈГґ tests/unit/features/planner/open3d/coverageGap.test.ts > Recent Favorites в”њГіО“Г©ВјО“Г‡ВҐ coverage gaps > addRecentItem deduplicates by SKU 1ms
 О“ВЈГґ tests/unit/features/planner/open3d/coverageGap.test.ts > Recent Favorites в”њГіО“Г©ВјО“Г‡ВҐ coverage gaps > addRecentItem enforces max count 1ms
 О“ВЈГґ tests/unit/features/planner/open3d/coverageGap.test.ts > Recent Favorites в”њГіО“Г©ВјО“Г‡ВҐ coverage gaps > clearRecentItems empties list 0ms
 О“ВЈГґ tests/unit/features/planner/open3d/coverageGap.test.ts > Recent Favorites в”њГіО“Г©ВјО“Г‡ВҐ coverage gaps > addFavoriteItem prevents duplicates 0ms
 О“ВЈГґ tests/unit/features/planner/open3d/coverageGap.test.ts > Recent Favorites в”њГіО“Г©ВјО“Г‡ВҐ coverage gaps > addFavoriteItem enforces max count (evicts oldest) 14ms
node.exe : stderr | tests/unit/features/planner/open3d/coverageGap.test.ts > AI Advisor Actions (TDD: apply errors, 
preview, revert, layout branches) > previewSuggestionActions and revert cover layout and warn path
At C:\Program Files\nodejs\pnpm.ps1:16 char:5
+     & "$basedir/node$exe"  "$basedir/node_modules/corepack/dist/pnpm. ...
+     ~~~~~~~~~~~~~~~~~~~~~~~~~~~~~~~~~~~~~~~~~~~~~~~~~~~~~~~~~~~~~~~~~
    + CategoryInfo          : NotSpecified: (stderr | tests/...t and warn path:String) [], RemoteException
    + FullyQualifiedErrorId : NativeCommandError
 
[advisorActions] revertLastSuggestion not fully implemented

 О“ВЈГґ tests/unit/features/planner/open3d/coverageGap.test.ts > Recent Favorites в”њГіО“Г©ВјО“Г‡ВҐ coverage gaps > removeFavoriteItem removes by catalogId 13ms
 О“ВЈГґ tests/unit/features/planner/open3d/coverageGap.test.ts > Recent Favorites в”њГіО“Г©ВјО“Г‡ВҐ coverage gaps > getFavoritesByCategory filters correctly 0ms
 О“ВЈГґ tests/unit/features/planner/open3d/coverageGap.test.ts > Recent Favorites в”њГіО“Г©ВјО“Г‡ВҐ coverage gaps > migrateRecentItemsSchema is a no-op at current version 0ms
 О“ВЈГґ tests/unit/features/planner/open3d/coverageGap.test.ts > Recent Favorites в”њГіО“Г©ВјО“Г‡ВҐ coverage gaps > migrateFavoritesSchema is a no-op at current version 0ms
 О“ВЈГґ tests/unit/features/planner/open3d/coverageGap.test.ts > Inventory State в”њГіО“Г©ВјО“Г‡ВҐ coverage gaps > defaultInventoryPanelState returns expected shape 0ms
 О“ВЈГґ tests/unit/features/planner/open3d/coverageGap.test.ts > Inventory State в”њГіО“Г©ВјО“Г‡ВҐ coverage gaps > reduceInventoryCommand handles all command types 1ms
 О“ВЈГґ tests/unit/features/planner/open3d/coverageGap.test.ts > Inventory State в”њГіО“Г©ВјО“Г‡ВҐ coverage gaps > reduceInventoryCommand PLACE_ITEM returns state unchanged 0ms
 О“ВЈГґ tests/unit/features/planner/open3d/coverageGap.test.ts > Inventory State в”њГіО“Г©ВјО“Г‡ВҐ coverage gaps > reduceInventoryCommand handles mode, focus, scroll, range, and announcements 0ms
 О“ВЈГґ tests/unit/features/planner/open3d/coverageGap.test.ts > Inventory State в”њГіО“Г©ВјО“Г‡ВҐ coverage gaps > collections: project recents and variant-aware recents 0ms
 О“ВЈГґ tests/unit/features/planner/open3d/coverageGap.test.ts > Inventory State в”њГіО“Г©ВјО“Г‡ВҐ coverage gaps > collections: add and remove recent 0ms
 О“ВЈГґ tests/unit/features/planner/open3d/coverageGap.test.ts > Inventory State в”њГіО“Г©ВјО“Г‡ВҐ coverage gaps > collections: favorites add/remove/check 0ms
 О“ВЈГґ tests/unit/features/planner/open3d/coverageGap.test.ts > Inventory State в”њГіО“Г©ВјО“Г‡ВҐ coverage gaps > collections: upsert and item management 0ms
 О“ВЈГґ tests/unit/features/planner/open3d/coverageGap.test.ts > Inventory State в”њГіО“Г©ВјО“Г‡ВҐ coverage gaps > collections: add to nonexistent collection is no-op 0ms
 О“ВЈГґ tests/unit/features/planner/open3d/coverageGap.test.ts > Inventory State в”њГіО“Г©ВјО“Г‡ВҐ coverage gaps > collections: remove from nonexistent collection is no-op 0ms
 О“ВЈГґ tests/unit/features/planner/open3d/coverageGap.test.ts > Inventory State в”њГіО“Г©ВјО“Г‡ВҐ coverage gaps > INVENTORY_PANEL_CONTRACT has expected shape 0ms
 О“ВЈГґ tests/unit/features/planner/open3d/coverageGap.test.ts > Inventory State в”њГіО“Г©ВјО“Г‡ВҐ coverage gaps > reduceInventoryCommand SET_SEARCH_QUERY whitespace-only keeps current mode (browse branch) 0ms
 О“ВЈГґ tests/unit/features/planner/open3d/coverageGap.test.ts > Inventory State в”њГіО“Г©ВјО“Г‡ВҐ coverage gaps > addInventoryRecent frequent sorts by useCount desc then itemId then variant for ties 0ms
 О“ВЈГґ tests/unit/features/planner/open3d/coverageGap.test.ts > Inventory State в”њГіО“Г©ВјО“Г‡ВҐ coverage gaps > addInventoryFavorite uses stableUnique + sort for favorites list 0ms
 О“ВЈГґ tests/unit/features/planner/open3d/coverageGap.test.ts > SVG Sanitizer в”њГіО“Г©ВјО“Г‡ВҐ coverage gaps > rejects empty input 0ms
 О“ВЈГґ tests/unit/features/planner/open3d/coverageGap.test.ts > SVG Sanitizer в”њГіО“Г©ВјО“Г‡ВҐ coverage gaps > rejects non-string input 0ms
 О“ВЈГґ tests/unit/features/planner/open3d/coverageGap.test.ts > SVG Sanitizer в”њГіО“Г©ВјО“Г‡ВҐ coverage gaps > rejects oversized SVG 1ms
 О“ВЈГґ tests/unit/features/planner/open3d/coverageGap.test.ts > SVG Sanitizer в”њГіО“Г©ВјО“Г‡ВҐ coverage gaps > rejects malformed SVG without root element 0ms
 О“ВЈГґ tests/unit/features/planner/open3d/coverageGap.test.ts > SVG Sanitizer в”њГіО“Г©ВјО“Г‡ВҐ coverage gaps > rejects script elements 0ms
 О“ВЈГґ tests/unit/features/planner/open3d/coverageGap.test.ts > SVG Sanitizer в”њГіО“Г©ВјО“Г‡ВҐ coverage gaps > rejects foreignObject 0ms
 О“ВЈГґ tests/unit/features/planner/open3d/coverageGap.test.ts > SVG Sanitizer в”њГіО“Г©ВјО“Г‡ВҐ coverage gaps > rejects entity declarations 0ms
 О“ВЈГґ tests/unit/features/planner/open3d/coverageGap.test.ts > SVG Sanitizer в”њГіО“Г©ВјО“Г‡ВҐ coverage gaps > rejects event handler attributes 0ms
 О“ВЈГґ tests/unit/features/planner/open3d/coverageGap.test.ts > SVG Sanitizer в”њГіО“Г©ВјО“Г‡ВҐ coverage gaps > rejects onclick 0ms
 О“ВЈГґ tests/unit/features/planner/open3d/coverageGap.test.ts > SVG Sanitizer в”њГіО“Г©ВјО“Г‡ВҐ coverage gaps > rejects href attributes 1ms
 О“ВЈГґ tests/unit/features/planner/open3d/coverageGap.test.ts > SVG Sanitizer в”њГіО“Г©ВјО“Г‡ВҐ coverage gaps > rejects javascript: protocol 0ms
 О“ВЈГґ tests/unit/features/planner/open3d/coverageGap.test.ts > SVG Sanitizer в”њГіО“Г©ВјО“Г‡ВҐ coverage gaps > rejects data: protocol in attributes 0ms
 О“ВЈГґ tests/unit/features/planner/open3d/coverageGap.test.ts > SVG Sanitizer в”њГіО“Г©ВјО“Г‡ВҐ coverage gaps > rejects use element (external reference) 0ms
 О“ВЈГґ tests/unit/features/planner/open3d/coverageGap.test.ts > SVG Sanitizer в”њГіО“Г©ВјО“Г‡ВҐ coverage gaps > rejects iframe element 0ms
 О“ВЈГґ tests/unit/features/planner/open3d/coverageGap.test.ts > SVG Sanitizer в”њГіО“Г©ВјО“Г‡ВҐ coverage gaps > rejects embed element 0ms
 О“ВЈГґ tests/unit/features/planner/open3d/coverageGap.test.ts > SVG Sanitizer в”њГіО“Г©ВјО“Г‡ВҐ coverage gaps > rejects object element 0ms
 О“ВЈГґ tests/unit/features/planner/open3d/coverageGap.test.ts > SVG Sanitizer в”њГіО“Г©ВјО“Г‡ВҐ coverage gaps > rejects unsafe url() reference in style 0ms
 О“ВЈГґ tests/unit/features/planner/open3d/coverageGap.test.ts > SVG Sanitizer в”њГіО“Г©ВјО“Г‡ВҐ coverage gaps > allows safe internal url(#id) reference 0ms
 О“ВЈГґ tests/unit/features/planner/open3d/coverageGap.test.ts > SVG Sanitizer в”њГіО“Г©ВјО“Г‡ВҐ coverage gaps > passes valid SVG 0ms
 О“ВЈГґ tests/unit/features/planner/open3d/coverageGap.test.ts > SVG Sanitizer в”њГіО“Г©ВјО“Г‡ВҐ coverage gaps > warns about missing namespace but still passes 0ms
 О“ВЈГґ tests/unit/features/planner/open3d/coverageGap.test.ts > SVG Sanitizer в”њГіО“Г©ВјО“Г‡ВҐ coverage gaps > isSvgSafe shorthand works 0ms
 О“ВЈГґ tests/unit/features/planner/open3d/coverageGap.test.ts > Unit Conversion в”њГіО“Г©ВјО“Г‡ВҐ coverage gaps > configuratorHeightCmFromMixedUnit with undefined 0ms
 О“ВЈГґ tests/unit/features/planner/open3d/coverageGap.test.ts > Unit Conversion в”њГіО“Г©ВјО“Г‡ВҐ coverage gaps > configuratorHeightCmFromMixedUnit with 0 0ms
 О“ВЈГґ tests/unit/features/planner/open3d/coverageGap.test.ts > Unit Conversion в”њГіО“Г©ВјО“Г‡ВҐ coverage gaps > configuratorHeightCmFromMixedUnit with negative 0ms
 О“ВЈГґ tests/unit/features/planner/open3d/coverageGap.test.ts > Unit Conversion в”њГіО“Г©ВјО“Г‡ВҐ coverage gaps > configuratorHeightCmFromMixedUnit with NaN 0ms
 О“ВЈГґ tests/unit/features/planner/open3d/coverageGap.test.ts > Unit Conversion в”њГіО“Г©ВјО“Г‡ВҐ coverage gaps > configuratorHeightCmFromMixedUnit with Infinity 0ms
 О“ВЈГґ tests/unit/features/planner/open3d/coverageGap.test.ts > Unit Conversion в”њГіО“Г©ВјО“Г‡ВҐ coverage gaps > configuratorHeightCmFromMixedUnit with value > threshold (mm) 0ms
 О“ВЈГґ tests/unit/features/planner/open3d/coverageGap.test.ts > Unit Conversion в”њГіО“Г©ВјО“Г‡ВҐ coverage gaps > configuratorHeightCmFromMixedUnit with value <= threshold (cm) 0ms
 О“ВЈГґ tests/unit/features/planner/open3d/coverageGap.test.ts > Unit Conversion в”њГіО“Г©ВјО“Г‡ВҐ coverage gaps > configuratorHeightCmFromMixedUnit custom fallback 0ms
 О“ВЈГґ tests/unit/features/planner/open3d/coverageGap.test.ts > Unit Conversion в”њГіО“Г©ВјО“Г‡ВҐ coverage gaps > displayDimensions mm format 0ms
 О“ВЈГґ tests/unit/features/planner/open3d/coverageGap.test.ts > Unit Conversion в”њГіО“Г©ВјО“Г‡ВҐ coverage gaps > displayDimensions cm format 0ms
 О“ВЈГґ tests/unit/features/planner/open3d/coverageGap.test.ts > Unit Conversion в”њГіО“Г©ВјО“Г‡ВҐ coverage gaps > displayDimensions m format 0ms
 О“ВЈГґ tests/unit/features/planner/open3d/coverageGap.test.ts > Unit Conversion в”њГіО“Г©ВјО“Г‡ВҐ coverage gaps > displayDimensions in format 0ms
 О“ВЈГґ tests/unit/features/planner/open3d/coverageGap.test.ts > Unit Conversion в”њГіО“Г©ВјО“Г‡ВҐ coverage gaps > displayDimensions ft-in format 0ms
 О“ВЈГґ tests/unit/features/planner/open3d/coverageGap.test.ts > Unit Conversion в”њГіО“Г©ВјО“Г‡ВҐ coverage gaps > displayDimensions with zero height omits height 0ms
 О“ВЈГґ tests/unit/features/planner/open3d/coverageGap.test.ts > Unit Conversion в”њГіО“Г©ВјО“Г‡ВҐ coverage gaps > displayFtInFromCanonicalMm formats correctly 0ms
 О“ВЈГґ tests/unit/features/planner/open3d/coverageGap.test.ts > Unit Conversion в”њГіО“Г©ВјО“Г‡ВҐ coverage gaps > displayInFromCanonicalMm converts correctly 0ms
 О“ВЈГґ tests/unit/features/planner/open3d/coverageGap.test.ts > Unit Conversion в”њГіО“Г©ВјО“Г‡ВҐ coverage gaps > displayMFromCanonicalMm converts correctly 0ms
 О“ВЈГґ tests/unit/features/planner/open3d/coverageGap.test.ts > Unit Conversion в”њГіО“Г©ВјО“Г‡ВҐ coverage gaps > buildAccessibleName formats correctly 0ms
 О“ВЈГґ tests/unit/features/planner/open3d/coverageGap.test.ts > SVG Symbols в”њГіО“Г©ВјО“Г‡ВҐ coverage gaps > renderSvgSymbol with all themes 1ms
 О“ВЈГґ tests/unit/features/planner/open3d/coverageGap.test.ts > SVG Symbols в”њГіО“Г©ВјО“Г‡ВҐ coverage gaps > renderSvgSymbol with rotation values 0ms
 О“ВЈГґ tests/unit/features/planner/open3d/coverageGap.test.ts > SVG Symbols в”њГіО“Г©ВјО“Г‡ВҐ coverage gaps > getCachedSvgSymbol caches and retrieves 0ms
 О“ВЈГґ tests/unit/features/planner/open3d/coverageGap.test.ts > SVG Symbols в”њГіО“Г©ВјО“Г‡ВҐ coverage gaps > clearSvgCache empties cache 0ms
 О“ВЈГґ tests/unit/features/planner/open3d/coverageGap.test.ts > SVG Symbols в”њГіО“Г©ВјО“Г‡ВҐ coverage gaps > getSvgSymbolDimensionAgreement returns valid viewBox 0ms
 О“ВЈГґ tests/unit/features/planner/open3d/coverageGap.test.ts > SVG Symbols в”њГіО“Г©ВјО“Г‡ВҐ coverage gaps > generateSymbol with all known subcategories 0ms
 О“ВЈГґ tests/unit/features/planner/open3d/coverageGap.test.ts > SVG Symbols в”њГіО“Г©ВјО“Г‡ВҐ coverage gaps > generateSymbol with unknown subcategory falls back 0ms
 О“ВЈГґ tests/unit/features/planner/open3d/coverageGap.test.ts > SVG Symbols в”њГіО“Г©ВјО“Г‡ВҐ coverage gaps > render uses deterministic generatedAt value 0ms
 О“ВЈГґ tests/unit/features/planner/open3d/coverageGap.test.ts > Placement Action в”њГіО“Г©ВјО“Г‡ВҐ crypto branches > generates ID without crypto.randomUUID (getRandomValues fallback) 1ms
 О“ВЈГґ tests/unit/features/planner/open3d/coverageGap.test.ts > Placement Action в”њГіО“Г©ВјО“Г‡ВҐ crypto branches > generates ID when crypto exists without randomUUID or getRandomValues 0ms
 О“ВЈГґ tests/unit/features/planner/open3d/coverageGap.test.ts > Placement Action в”њГіО“Г©ВјО“Г‡ВҐ crypto branches > generates ID without crypto at all (randomSuffix fallback) 0ms
 О“ВЈГґ tests/unit/features/planner/open3d/coverageGap.test.ts > Inventory Index в”њГіО“Г©ВјО“Г‡ВҐ coverage gaps > search with empty query returns all filtered items 3ms
 О“ВЈГґ tests/unit/features/planner/open3d/coverageGap.test.ts > Inventory Index в”њГіО“Г©ВјО“Г‡ВҐ coverage gaps > search with text returns relevant items 2ms
 О“ВЈГґ tests/unit/features/planner/open3d/coverageGap.test.ts > Inventory Index в”њГіО“Г©ВјО“Г‡ВҐ coverage gaps > search with category filter 1ms
 О“ВЈГґ tests/unit/features/planner/open3d/coverageGap.test.ts > Inventory Index в”њГіО“Г©ВјО“Г‡ВҐ coverage gaps > search with room filter 1ms
 О“ВЈГґ tests/unit/features/planner/open3d/coverageGap.test.ts > Inventory Index в”њГіО“Г©ВјО“Г‡ВҐ coverage gaps > search with style filter 1ms
 О“ВЈГґ tests/unit/features/planner/open3d/coverageGap.test.ts > Inventory Index в”њГіО“Г©ВјО“Г‡ВҐ coverage gaps > search with material filter 1ms
 О“ВЈГґ tests/unit/features/planner/open3d/coverageGap.test.ts > Inventory Index в”њГіО“Г©ВјО“Г‡ВҐ coverage gaps > search with availability filter 1ms
 О“ВЈГґ tests/unit/features/planner/open3d/coverageGap.test.ts > Inventory Index в”њГіО“Г©ВјО“Г‡ВҐ coverage gaps > typo tolerance triggers on zero results with long query 11ms
 О“ВЈГґ tests/unit/features/planner/open3d/coverageGap.test.ts > Inventory Index в”њГіО“Г©ВјО“Г‡ВҐ coverage gaps > typo tolerance disabled 4ms
 О“ВЈГґ tests/unit/features/planner/open3d/coverageGap.test.ts > Inventory Index в”њГіО“Г©ВјО“Г‡ВҐ coverage gaps > minScore filters low-relevance results 5ms
 О“ВЈГґ tests/unit/features/planner/open3d/coverageGap.test.ts > Inventory Index в”њГіО“Г©ВјО“Г‡ВҐ coverage gaps > suggest returns matching items 1ms
 О“ВЈГґ tests/unit/features/planner/open3d/coverageGap.test.ts > Inventory Index в”њГіО“Г©ВјО“Г‡ВҐ coverage gaps > suggest with short query returns empty 0ms
 О“ВЈГґ tests/unit/features/planner/open3d/coverageGap.test.ts > Inventory Index в”њГіО“Г©ВјО“Г‡ВҐ coverage gaps > suggest returns tag matches 0ms
 О“ВЈГґ tests/unit/features/planner/open3d/coverageGap.test.ts > Inventory Index в”њГіО“Г©ВјО“Г‡ВҐ coverage gaps > search applies dimension range filters (min/max width/depth/height) and fuzzy prefix score path 1ms
 О“ВЈГґ tests/unit/features/planner/open3d/coverageGap.test.ts > Inventory Index в”њГіО“Г©ВјО“Г‡ВҐ coverage gaps > search scores exact SKU high and expands synonyms; filter handles null config + defaults 1ms
 О“ВЈГґ tests/unit/features/planner/open3d/coverageGap.test.ts > Catalog Mapping в”њГіО“Г©ВјО“Г‡ВҐ coverage gaps > mapPlannerManagedProductToCatalogItem returns null for missing id 0ms
 О“ВЈГґ tests/unit/features/planner/open3d/coverageGap.test.ts > Catalog Mapping в”њГіО“Г©ВјО“Г‡ВҐ coverage gaps > mapPlannerManagedProductToCatalogItem returns null for missing name 0ms
 О“ВЈГґ tests/unit/features/planner/open3d/coverageGap.test.ts > Catalog Mapping в”њГіО“Г©ВјО“Г‡ВҐ coverage gaps > mapPlannerManagedProductToCatalogItem returns null for zero dimensions 0ms
 О“ВЈГґ tests/unit/features/planner/open3d/coverageGap.test.ts > Catalog Mapping в”њГіО“Г©ВјО“Г‡ВҐ coverage gaps > mapPlannerManagedProductToCatalogItem succeeds with valid input 1ms
 О“ВЈГґ tests/unit/features/planner/open3d/coverageGap.test.ts > Catalog Mapping в”њГіО“Г©ВјО“Г‡ВҐ coverage gaps > mapConfiguratorProductToCatalogItem returns null for missing slug 0ms
 О“ВЈГґ tests/unit/features/planner/open3d/coverageGap.test.ts > Catalog Mapping в”њГіО“Г©ВјО“Г‡ВҐ coverage gaps > mapConfiguratorProductToCatalogItem parametric sizing 0ms
 О“ВЈГґ tests/unit/features/planner/open3d/coverageGap.test.ts > Catalog Mapping в”њГіО“Г©ВјО“Г‡ВҐ coverage gaps > mapConfiguratorProductToCatalogItem L-shape parametric 0ms
 О“ВЈГґ tests/unit/features/planner/open3d/coverageGap.test.ts > Catalog Mapping в”њГіО“Г©ВјО“Г‡ВҐ coverage gaps > mapConfiguratorProductToCatalogItem discrete sizing 0ms
 О“ВЈГґ tests/unit/features/planner/open3d/coverageGap.test.ts > Catalog Mapping в”њГіО“Г©ВјО“Г‡ВҐ coverage gaps > mapConfiguratorProductToCatalogItem defaultFootprint fallback 0ms
 О“ВЈГґ tests/unit/features/planner/open3d/coverageGap.test.ts > Catalog Mapping в”њГіО“Г©ВјО“Г‡ВҐ coverage gaps > mapConfiguratorProductToCatalogItem returns null for no dimensions 0ms
 О“ВЈГґ tests/unit/features/planner/open3d/coverageGap.test.ts > Catalog Mapping в”њГіО“Г©ВјО“Г‡ВҐ coverage gaps > resolveSubCategory extracts from series name 0ms
 О“ВЈГґ tests/unit/features/planner/open3d/coverageGap.test.ts > Catalog Mapping в”њГіО“Г©ВјО“Г‡ВҐ coverage gaps > resolveSubCategory extracts from family 0ms
 О“ВЈГґ tests/unit/features/planner/open3d/coverageGap.test.ts > Catalog Mapping в”њГіО“Г©ВјО“Г‡ВҐ coverage gaps > resolveSubCategory falls back to category matching 0ms
 О“ВЈГґ tests/unit/features/planner/open3d/coverageGap.test.ts > Catalog Mapping в”њГіО“Г©ВјО“Г‡ВҐ coverage gaps > resolveAvailabilityStatus returns discontinued for inactive 0ms
 О“ВЈГґ tests/unit/features/planner/open3d/coverageGap.test.ts > Catalog Mapping в”њГіО“Г©ВјО“Г‡ВҐ coverage gaps > resolveAvailabilityStatus returns in-stock for active 0ms
 О“ВЈГґ tests/unit/features/planner/open3d/coverageGap.test.ts > Recent Favorites в”њГіО“Г©ВјО“Г‡ВҐ localStorage branches > migrateRecentItemsSchema upgrades old schema version 0ms
 О“ВЈГґ tests/unit/features/planner/open3d/coverageGap.test.ts > Recent Favorites в”њГіО“Г©ВјО“Г‡ВҐ localStorage branches > migrateFavoritesSchema upgrades old schema version 0ms
 О“ВЈГґ tests/unit/features/planner/open3d/coverageGap.test.ts > Recent Favorites в”њГіО“Г©ВјО“Г‡ВҐ localStorage branches > safeRead handles corrupted JSON gracefully 0ms
 О“ВЈГґ tests/unit/features/planner/open3d/coverageGap.test.ts > Recent Favorites в”њГіО“Г©ВјО“Г‡ВҐ localStorage branches > safeWrite handles full localStorage gracefully 1ms
 О“ВЈГґ tests/unit/features/planner/open3d/coverageGap.test.ts > AI Advisor Clients & Actions (TDD error paths, chat, parsing) > maps advisor error codes (RED phase: initial) 0ms
 О“ВЈГґ tests/unit/features/planner/open3d/coverageGap.test.ts > AI Advisor Clients & Actions (TDD error paths, chat, parsing) > requestAdvisorChat hits rate limit, service unavailable, generic http error, and network catch 1ms
 О“ВЈГґ tests/unit/features/planner/open3d/coverageGap.test.ts > AI Advisor Clients & Actions (TDD error paths, chat, parsing) > requestAdvisorChat covers invalid input throws (caught), max messages, generic error, network catch 0ms
 О“ВЈГґ tests/unit/features/planner/open3d/coverageGap.test.ts > AI Advisor Clients & Actions (TDD error paths, chat, parsing) > requestSpaceSuggest covers validation fail + api error path + success 0ms
 О“ВЈГґ tests/unit/features/planner/open3d/coverageGap.test.ts > AI Advisor Clients & Actions (TDD error paths, chat, parsing) > applySuggestion (client) + validateLayout cover error branches and warnings 0ms
 О“ВЈГґ tests/unit/features/planner/open3d/coverageGap.test.ts > AI Advisor Clients & Actions (TDD error paths, chat, parsing) > resolveAdvisorProviderChain returns default 0ms
 О“ВЈГґ tests/unit/features/planner/open3d/coverageGap.test.ts > AI Advisor Actions (TDD: apply errors, preview, revert, layout branches) > applySuggestion and applyLayoutToProject hit no-floor, no-project, unsupported, layout validation fail 1ms
 О“ВЈГґ tests/unit/features/planner/open3d/coverageGap.test.ts > AI Advisor Actions (TDD: apply errors, preview, revert, layout branches) > previewSuggestionActions and revert cover layout and warn path 1ms
 О“ВЈГґ tests/unit/features/planner/open3d/coverageGap.test.ts > AI Advisor Actions (TDD: apply errors, preview, revert, layout branches) > applyLayoutToProject skips when no floorId 0ms
 О“ВЈГґ tests/unit/features/planner/open3d/coverageGap.test.ts > Sketch-to-Plan Client (TDD: validation errors, response parsing, progress, fallbacks) > convertSketchToPlan covers all validateRequest branches + idle error return 1ms
 О“ВЈГґ tests/unit/features/planner/open3d/coverageGap.test.ts > Sketch-to-Plan Client (TDD: validation errors, response parsing, progress, fallbacks) > convertSketchToPlan parses preview, fallback, error, unknown status + network catch 1ms
 О“ВЈГґ tests/unit/features/planner/open3d/coverageGap.test.ts > Sketch-to-Plan Client (TDD: validation errors, response parsing, progress, fallbacks) > convertSketchToPlanWithProgress reports states for preview and fallback 0ms
 О“ВЈГґ tests/unit/features/planner/open3d/coverageGap.test.ts > Sketch-to-Plan Client (TDD: validation errors, response parsing, progress, fallbacks) > sketch helpers, accept/reject, isAvailable, estimate, recovery messages 0ms
 О“ВЈГґ tests/unit/features/planner/open3d/coverageGap.test.ts > SVG Sanitizer в”њГіО“Г©ВјО“Г‡ВҐ remaining branches > catches unsafe URL in second-pass attribute scan 0ms
 О“ВЈГґ tests/unit/features/planner/open3d/coverageGap.test.ts > SVG Sanitizer в”њГіО“Г©ВјО“Г‡ВҐ remaining branches > catches vbscript protocol 0ms
 О“ВЈГґ tests/unit/features/planner/open3d/coverageGap.test.ts > SVG Sanitizer в”њГіО“Г©ВјО“Г‡ВҐ remaining branches > catches custom on-event attribute (ontouchstart) 0ms
 О“ВЈГґ tests/unit/features/planner/open3d/coverageGap.test.ts > SVG Sanitizer в”њГіО“Г©ВјО“Г‡ВҐ remaining branches > handles unquoted attribute values 0ms
 О“ВЈГґ tests/unit/features/planner/open3d/coverageGap.test.ts > SVG Symbols в”њГіО“Г©ВјО“Г‡ВҐ cache eviction and edge cases > getCachedSvgSymbol with scale parameter 0ms
 О“ВЈГґ tests/unit/features/planner/open3d/coverageGap.test.ts > SVG Symbols в”њГіО“Г©ВјО“Г‡ВҐ cache eviction and edge cases > getCachedSvgSymbol with invalid rotation/scale uses defaults 0ms
 О“ВЈГґ tests/unit/features/planner/open3d/coverageGap.test.ts > SVG Symbols в”њГіО“Г©ВјО“Г‡ВҐ cache eviction and edge cases > getCachedSvgSymbol with unknown theme falls back to light 0ms
 О“ВЈГґ tests/unit/features/planner/open3d/coverageGap.test.ts > SVG Symbols в”њГіО“Г©ВјО“Г‡ВҐ cache eviction and edge cases > cache eviction works at scale 3ms
 О“ВЈГґ tests/unit/features/planner/open3d/coverageGap.test.ts > Unit Conversion в”њГіО“Г©ВјО“Г‡ВҐ remaining lines > displayDimensions with unknown unit falls back to cm 0ms
 О“ВЈГґ tests/unit/features/planner/open3d/coverageGap.test.ts > Catalog Client в”њГіО“Г©ВјО“Г‡ВҐ remaining function coverage > LRU cache evicts when at capacity 1ms
 О“ВЈГґ tests/unit/features/planner/open3d/coverageGap.test.ts > Catalog Client в”њГіО“Г©ВјО“Г‡ВҐ remaining function coverage > gs: catalogue-first loader primary + Sketchfab facets + cursor cap + resolver wire (BP-06 / design в”¬Вє9-10 / 0419) 0ms
 О“ВЈГґ tests/unit/features/planner/open3d/coverageGap.test.ts > Catalog Client в”њГіО“Г©ВјО“Г‡ВҐ remaining function coverage > stale cache triggers revalidation 22ms
 О“ВЈГґ tests/unit/features/planner/open3d/coverageGap.test.ts > Unit Conversion в”њГіО“Г©ВјО“Г‡ВҐ validateDimensions max bounds > rejects widthMm exceeding 100000 1ms
 О“ВЈГґ tests/unit/features/planner/open3d/coverageGap.test.ts > Unit Conversion в”њГіО“Г©ВјО“Г‡ВҐ validateDimensions max bounds > rejects depthMm exceeding 100000 0ms
 О“ВЈГґ tests/unit/features/planner/open3d/coverageGap.test.ts > Unit Conversion в”њГіО“Г©ВјО“Г‡ВҐ validateDimensions max bounds > rejects heightMm exceeding 100000 0ms
 О“ВЈГґ tests/unit/features/planner/open3d/coverageGap.test.ts > Unit Conversion в”њГіО“Г©ВјО“Г‡ВҐ validateDimensions max bounds > rejects invalid weightKg 0ms
 О“ВЈГґ tests/unit/features/planner/open3d/coverageGap.test.ts > Asset Validation в”њГіО“Г©ВјО“Г‡ВҐ coverage gaps > validateAssetUrl rejects non-https URL 0ms
 О“ВЈГґ tests/unit/features/planner/open3d/coverageGap.test.ts > Asset Validation в”њГіО“Г©ВјО“Г‡ВҐ coverage gaps > validateAssetUrl rejects empty string 0ms
 О“ВЈГґ tests/unit/features/planner/open3d/coverageGap.test.ts > Asset Validation в”њГіО“Г©ВјО“Г‡ВҐ coverage gaps > validateAssetUrls validates multiple URLs 1ms
 О“ВЈГґ tests/unit/features/planner/open3d/coverageGap.test.ts > Catalog Mapping в”њГіО“Г©ВјО“Г‡ВҐ remaining branches > configurator parametric with empty length options falls through to null 0ms
 О“ВЈГґ tests/unit/features/planner/open3d/coverageGap.test.ts > Catalog Mapping в”њГіО“Г©ВјО“Г‡ВҐ remaining branches > configurator parametric with invalid values returns null 0ms
 О“ВЈГґ tests/unit/features/planner/open3d/coverageGap.test.ts > Catalog Mapping в”њГіО“Г©ВјО“Г‡ВҐ remaining branches > configurator discrete with zero-area options skips them 0ms
 О“ВЈГґ tests/unit/features/planner/open3d/coverageGap.test.ts > Catalog Mapping в”њГіО“Г©ВјО“Г‡ВҐ remaining branches > configurator with non-parametric sizingType and seatCount path 0ms
 О“ВЈГґ tests/unit/features/planner/open3d/coverageGap.test.ts > Recent Favorites в”њГіО“Г©ВјО“Г‡ВҐ localStorage undefined > handles localStorage being undefined 0ms
 О“ВЈГґ tests/unit/features/planner/open3d/coverageGap.test.ts > SVG Sanitizer в”њГіО“Г©ВјО“Г‡ВҐ deep branch coverage > catches blocked attribute via regex scan (xlink:href in nested element) 0ms
 О“ВЈГґ tests/unit/features/planner/open3d/coverageGap.test.ts > SVG Sanitizer в”њГіО“Г©ВјО“Г‡ВҐ deep branch coverage > catches formaction in the attribute regex loop 0ms
 О“ВЈГґ tests/unit/features/planner/open3d/coverageGap.test.ts > SVG Sanitizer в”њГіО“Г©ВјО“Г‡ВҐ deep branch coverage > second-pass catches data: protocol in quoted value 0ms
 О“ВЈГґ tests/unit/features/planner/open3d/coverageGap.test.ts > SVG Sanitizer в”њГіО“Г©ВјО“Г‡ВҐ deep branch coverage > second-pass catches url() with external reference in style value 0ms
 О“ВЈГґ tests/unit/features/planner/open3d/coverageGap.test.ts > SVG Sanitizer в”њГіО“Г©ВјО“Г‡ВҐ deep branch coverage > attribute scan catches xlink:title via matchAll loop 0ms
 О“ВЈГґ tests/unit/features/planner/open3d/coverageGap.test.ts > SVG Sanitizer в”њГіО“Г©ВјО“Г‡ВҐ deep branch coverage > quoted-value scan catches data protocol in single-quoted attributes 0ms
 О“ВЈГґ tests/unit/features/planner/open3d/coverageGap.test.ts > SVG Sanitizer в”њГіО“Г©ВјО“Г‡ВҐ deep branch coverage > attribute scan catches xlink:show through matchAll blocked-attribute path 0ms
 О“ВЈГґ tests/unit/features/planner/open3d/coverageGap.test.ts > SVG Symbols в”њГіО“Г©ВјО“Г‡ВҐ deep branch coverage > renderSvgSymbol with sofa has multiple shapes 0ms
 О“ВЈГґ tests/unit/features/planner/open3d/coverageGap.test.ts > SVG Symbols в”њГіО“Г©ВјО“Г‡ВҐ deep branch coverage > bed symbol with headboard shapes 0ms
 О“ВЈГґ tests/unit/features/planner/open3d/coverageGap.test.ts > SVG Symbols в”њГіО“Г©ВјО“Г‡ВҐ deep branch coverage > storage symbol generation 0ms
 О“ВЈГґ tests/unit/features/planner/open3d/coverageGap.test.ts > SVG Symbols в”њГіО“Г©ВјО“Г‡ВҐ deep branch coverage > plants symbol (circle shape) 0ms
 О“ВЈГґ tests/unit/features/planner/open3d/coverageGap.test.ts > Pure Actions в”њГіО“Г©ВјО“Г‡ВҐ remaining branches > addFloor with copyCurrentLayout copies walls from active floor 0ms
 О“ВЈГґ tests/unit/features/planner/open3d/coverageGap.test.ts > Pure Actions в”њГіО“Г©ВјО“Г‡ВҐ remaining branches > importFloorData merges stairs and columns 0ms
 О“ВЈГґ tests/unit/features/planner/open3d/coverageGap.test.ts > Catalog Client в”њГіО“Г©ВјО“Г‡ВҐ uncovered functions > LRU cache has() returns false for expired entries 21ms
 О“ВЈГґ tests/unit/features/planner/open3d/coverageGap.test.ts > Catalog Mapping в”њГіО“Г©ВјО“Г‡ВҐ deep coverage > configurator non-parametric non-discrete with defaultFootprint 1ms
 О“ВЈГґ tests/unit/features/planner/open3d/coverageGap.test.ts > Catalog Mapping в”њГіО“Г©ВјО“Г‡ВҐ deep coverage > configurator parametric with sharing=sharing doubles depth 0ms
 О“ВЈГґ tests/unit/features/planner/open3d/coverageGap.test.ts > Catalog Mapping в”њГіО“Г©ВјО“Г‡ВҐ deep coverage > configurator with all metadata fields 0ms
 О“ВЈГґ tests/unit/features/planner/open3d/coverageGap.test.ts > SVG Symbols в”њГіО“Г©ВјО“Г‡ВҐ cache eviction edge case > symbol with very small dimensions 0ms
 О“ВЈГґ tests/unit/features/planner/open3d/coverageGap.test.ts > SVG Symbols в”њГіО“Г©ВјО“Г‡ВҐ cache eviction edge case > symbol with very large dimensions 0ms
 О“ВЈГґ tests/unit/features/planner/open3d/coverageGap.test.ts > SVG Symbols в”њГіО“Г©ВјО“Г‡ВҐ cache eviction edge case > getCachedSvgSymbol reuses cached entry 0ms
 О“ВЈГґ tests/unit/features/planner/open3d/coverageGap.test.ts > SVG Symbols в”њГіО“Г©ВјО“Г‡ВҐ cache eviction edge case > default symbol for unknown category handles edge case 0ms
 О“ВЈГґ tests/unit/features/planner/open3d/coverageGap.test.ts > Catalog Client О“Г‡Г¶ search/filter additional (PLAN-FAIL-0408) > search exercises configurability/mounting/assetReadiness filter branches + sketchfab parity 1ms
 О“ВЈГґ tests/unit/features/planner/open3d/coverageGap.test.ts > Catalog Client О“Г‡Г¶ search/filter additional (PLAN-FAIL-0408) > loadFromApi success normalizes envelope + items (hits map/filter/?? paths) 1ms
 О“ВЈГґ tests/unit/features/planner/open3d/coverageGap.test.ts > Catalog Client О“Г‡Г¶ search/filter additional (PLAN-FAIL-0408) > text search hits computeRelevance tag/name/desc/fuzzy + compareNewest 0ms
 О“ВЈГґ tests/unit/features/planner/open3d/coverageGap.test.ts > Inventory collections О“Г‡Г¶ tie/unique/variant branches (PLAN-FAIL-0408) > addInventoryRecent hits frequent useCount tie + id sort, variant null/undef handling 0ms
 О“ВЈГґ tests/unit/features/planner/open3d/coverageGap.test.ts > Inventory collections О“Г‡Г¶ tie/unique/variant branches (PLAN-FAIL-0408) > upsert uses stableUniqueItemIds (dedupe + locale sort) 0ms
 О“ВЈГґ tests/unit/features/planner/open3d/coverageGap.test.ts > Placement Action О“Г‡Г¶ crypto fallback + project map ?? (PLAN-FAIL-0408) > placeCatalogItemInProject exercises furniture map override + variant ?? chains 1ms
 О“ВЈГґ tests/unit/features/planner/open3d/coverageGap.test.ts > Placement Action О“Г‡Г¶ crypto fallback + project map ?? (PLAN-FAIL-0408) > generatePlacementId crypto fallback path (no uuid/getRandomValues) 0ms
 О“ВЈГґ tests/unit/features/planner/open3d/coverageGap.test.ts > Placement crypto + ?? logic (TDD cycles for placementAction uncovered) > crypto===undefined fully hits randomSuffix outer else (placement logic) 0ms
 О“ВЈГґ tests/unit/features/planner/open3d/coverageGap.test.ts > Placement crypto + ?? logic (TDD cycles for placementAction uncovered) > placeCatalogItemInProject map/?? + variant null path 0ms
 О“ВЈГґ tests/unit/features/planner/open3d/coverageGap.test.ts > Model Actions + Invariants error paths + map (TDD for model/actions/* uncovered) > addOpen3dFurniture throws catalog/scale errors 0ms
 О“ВЈГґ tests/unit/features/planner/open3d/coverageGap.test.ts > Model Actions + Invariants error paths + map (TDD for model/actions/* uncovered) > addOpen3d* opening errors (wall, pos, width, length) 0ms
 О“ВЈГґ tests/unit/features/planner/open3d/coverageGap.test.ts > Model Actions + Invariants error paths + map (TDD for model/actions/* uncovered) > projectActions duplicate add, !source dup return orig, wall delete cascade 0ms
 О“ВЈГґ tests/unit/features/planner/open3d/coverageGap.test.ts > Model Actions + Invariants error paths + map (TDD for model/actions/* uncovered) > addOpen3dWall no active floor + transaction reduce + move update 1ms
 О“ВЈГґ tests/unit/features/planner/open3d/coverageGap.test.ts > Model Actions + Invariants error paths + map (TDD for model/actions/* uncovered) > inspectOpen3dProject + assert cover duplicate/invalid/missing-active/missing-wall 1ms
 О“ВЈГґ tests/unit/features/planner/open3d/coverageGap.test.ts > Asset Validation О“Г‡Г¶ relative/resolve/expire/allow (PLAN-FAIL-0408) > validateAssetUrl accepts all relative forms; https only after allowlist 0ms
 О“ВЈГґ tests/unit/features/planner/open3d/coverageGap.test.ts > Asset Validation О“Г‡Г¶ relative/resolve/expire/allow (PLAN-FAIL-0408) > resolveAssetUrl + isAssetUrlExpired cover ?? / if paths 0ms
 О“ВЈГґ tests/unit/features/planner/open3d/coverageGap.test.ts > Asset Validation О“Г‡Г¶ relative/resolve/expire/allow (PLAN-FAIL-0408) > add/getAllowedOrigins and origin match exercised 0ms
 О“ВЈГґ tests/unit/features/planner/open3d/coverageGap.test.ts > Unit Conversion О“Г‡Г¶ display/canonical/config/validate edges (PLAN-FAIL-0408) > displayDimensions covers cm/m/in/ft-in + mm fallback 0ms
 О“ВЈГґ tests/unit/features/planner/open3d/coverageGap.test.ts > Unit Conversion О“Г‡Г¶ display/canonical/config/validate edges (PLAN-FAIL-0408) > canonicalDimensionsFromCatalogCm + configuratorHeight branches + buildAccessible 0ms
 О“ВЈГґ tests/unit/features/planner/open3d/coverageGap.test.ts > Unit Conversion О“Г‡Г¶ display/canonical/config/validate edges (PLAN-FAIL-0408) > validateDimensions hits zero/neg/inf/weight paths 0ms
 О“ВЈГґ tests/unit/features/planner/open3d/coverageGap.test.ts > SVG Sanitizer О“Г‡Г¶ attr size/on-prefix/nonfrag (PLAN-FAIL-0408) > oversized attr value, on* prefix, non-fragment href, poster blocked 0ms
 О“ВЈГґ tests/unit/features/planner/open3d/coverageGap.test.ts > Inventory Taxonomy О“Г‡Г¶ categories/rooms/styles/sorts/density (TDD) > INVENTORY_CATEGORIES exports 6 categories with subCategories and stable ids 0ms
 О“ВЈГґ tests/unit/features/planner/open3d/coverageGap.test.ts > Inventory Taxonomy О“Г‡Г¶ categories/rooms/styles/sorts/density (TDD) > INVENTORY_ROOM_GROUPS has all-rooms empty + specific room tags 0ms
 О“ВЈГґ tests/unit/features/planner/open3d/coverageGap.test.ts > Inventory Taxonomy О“Г‡Г¶ categories/rooms/styles/sorts/density (TDD) > INVENTORY_STYLE_GROUPS provides all-styles + modern etc 0ms
 О“ВЈГґ tests/unit/features/planner/open3d/coverageGap.test.ts > Inventory Taxonomy О“Г‡Г¶ categories/rooms/styles/sorts/density (TDD) > INVENTORY_SORT_OPTIONS and DENSITY_OPTIONS define keys used in state 0ms
 О“ВЈГґ tests/unit/features/planner/open3d/coverageGap.test.ts > Catalog Client О“Г‡Г¶ TDD loadDescriptorsFromLoader (window/client guard) > loadDescriptorsFromLoader returns [] immediately when window defined (client guard branch) 0ms
 О“ВЈГґ tests/unit/features/planner/open3d/coverageGap.test.ts > SVG Sanitizer TDD О“Г‡Г¶ on* event msg + ns warn + isSvgSafe + oversized attr (RED first) > hits dynamic startsWith('on') branch for 'blocked event attribute' message 0ms
 О“ВЈГґ tests/unit/features/planner/open3d/coverageGap.test.ts > SVG Sanitizer TDD О“Г‡Г¶ on* event msg + ns warn + isSvgSafe + oversized attr (RED first) > missing namespace pushes warn issue but returns safe:true + original 0ms
 О“ВЈГґ tests/unit/features/planner/open3d/coverageGap.test.ts > SVG Sanitizer TDD О“Г‡Г¶ on* event msg + ns warn + isSvgSafe + oversized attr (RED first) > isSvgSafe delegates and returns correct bools 0ms
 О“ВЈГґ tests/unit/features/planner/open3d/coverageGap.test.ts > SVG Sanitizer TDD О“Г‡Г¶ on* event msg + ns warn + isSvgSafe + oversized attr (RED first) > oversized attribute value triggers specific issue (MAX_ATTRIBUTE_BYTES) 0ms
 О“ВЈГґ tests/unit/features/planner/open3d/coverageGap.test.ts > SVG Fallback TDD О“Г‡Г¶ generateFallbackSvg direct (test first) > fallback produces valid render output with crosshatch, reason, aria 0ms
 О“ВЈГґ tests/unit/features/planner/open3d/coverageGap.test.ts > SVG Symbols TDD О“Г‡Г¶ normalize edge, label render, resolve sub (test first) > generateSymbol normalizes non-positive dims to 1 and renders 0ms
 О“ВЈГґ tests/unit/features/planner/open3d/coverageGap.test.ts > SVG Symbols TDD О“Г‡Г¶ normalize edge, label render, resolve sub (test first) > symbol using label path includes <text> in svg 0ms
 О“ВЈГґ tests/unit/features/planner/open3d/coverageGap.test.ts > SVG Types Validation TDD О“Г‡Г¶ parse/freeze/checksum/error paths (RED test first) > parseBlockDescriptor: non-object, versionMismatch, structural invalid, hashMismatch paths 7ms
 О“ВЈГґ tests/unit/features/planner/open3d/coverageGap.test.ts > SVG Types Validation TDD О“Г‡Г¶ parse/freeze/checksum/error paths (RED test first) > canonicalizeBlockDescriptorInput sorts keys recursively; compute checksum 64hex 1ms
 О“ВЈГґ tests/unit/features/planner/open3d/coverageGap.test.ts > SVG Types Validation TDD О“Г‡Г¶ parse/freeze/checksum/error paths (RED test first) > toOpen3dDescriptorErrorHttp covers kinds; freezeFresh stamps generatedAt 2ms
 О“ВЈГґ tests/unit/features/planner/open3d/coverageGap.test.ts > Export shared О“Г‡Г¶ TDD preflight + format utils (formatMeasurement, formatArea, preflight statuses) > RED-VERIFY: buildExportFilename + preflight ready/blocked/unsupported exercise slug + geometry check 1ms
 О“ВЈГґ tests/unit/features/planner/open3d/coverageGap.test.ts > GREEN: updateExportJobProgress clamps + status transition + formatExportJobAnnouncement all paths + formats (TDD cycle 2) 1ms
 О“ВЈГґ tests/unit/features/planner/open3d/coverageGap.test.ts > Export shared TDD roundtrips + errors + upload + preflight more (cycles 3+) > json export/import roundtrip + error paths (no floors, bad floorId, recover) 1ms
 О“ВЈГґ tests/unit/features/planner/open3d/coverageGap.test.ts > Export shared TDD roundtrips + errors + upload + preflight more (cycles 3+) > importUtils detect/auto/roomplan/error + preflight unsupported/blocked 1ms
 О“ВЈГґ tests/unit/features/planner/open3d/coverageGap.test.ts > Export shared TDD roundtrips + errors + upload + preflight more (cycles 3+) > upload utils: formatFileSize, validateUpload, revoke, preview (pure paths) 2ms
 О“ВЈГґ tests/unit/features/planner/open3d/coverageGap.test.ts > Export shared TDD roundtrips + errors + upload + preflight more (cycles 3+) > more preflight blocked no-geometry non-json + job cancel announce 0ms

 Test Files  1 passed (1)
      Tests  259 passed (259)
   Start at  23:33:57
   Duration  2.44s (transform 536ms, setup 329ms, import 606ms, tests 247ms, environment 324ms)

 % Coverage report from v8
-------------------|---------|----------|---------|---------|-------------------
File               | % Stmts | % Branch | % Funcs | % Lines | Uncovered Line #s 
-------------------|---------|----------|---------|---------|-------------------
All files          |       0 |        0 |       0 |       0 |                   
 features/ai       |       0 |        0 |       0 |       0 |                   
  aiAdvisor.ts     |       0 |        0 |       0 |       0 | 57-100            
 features/catalog  |       0 |        0 |       0 |       0 |                   
  categories.ts    |       0 |        0 |       0 |       0 | 3-561             
  filters.ts       |       0 |        0 |       0 |       0 | 1-122             
  getProducts.ts   |       0 |      100 |       0 |       0 | 29-82             
  imageMetadata.ts |       0 |        0 |       0 |       0 | 32-252            
  slugResolver.ts  |       0 |        0 |       0 |       0 | 7-116             
  specSchema.ts    |       0 |        0 |       0 |       0 | 1-315             
  traits.ts        |       0 |        0 |       0 |       0 | 4-92              
 features/ops      |       0 |        0 |       0 |       0 |                   
  ...sPageView.tsx |       0 |        0 |       0 |       0 | 6-419             
 ...ared/analytics |       0 |      100 |     100 |       0 |                   
  index.ts         |       0 |      100 |     100 |       0 | 1                 
  types.ts         |       0 |        0 |       0 |       0 |                   
 ...es/shared/auth |       0 |      100 |     100 |       0 |                   
  index.ts         |       0 |      100 |     100 |       0 | 1                 
  types.ts         |       0 |        0 |       0 |       0 |                   
 ...uth/components |       0 |        0 |       0 |       0 |                   
  AuthControls.tsx |       0 |        0 |       0 |       0 | 19-64             
  AuthShell.tsx    |       0 |        0 |       0 |       0 | 31-112            
  LoginPage.tsx    |       0 |        0 |       0 |       0 | 20-126            
  ...ionButton.tsx |       0 |        0 |       0 |       0 | 6-23              
  SignupPage.tsx   |       0 |        0 |       0 |       0 | 17-219            
  ...endedPage.tsx |       0 |      100 |       0 |       0 | 22                
 ...hared/auth/lib |       0 |        0 |       0 |       0 |                   
  AuthProvider.tsx |       0 |        0 |       0 |       0 | 4-67              
  ...eAuthError.ts |       0 |        0 |       0 |       0 | 21-65             
  session.ts       |       0 |        0 |       0 |       0 |                   
  ...umentTitle.ts |       0 |        0 |       0 |       0 | 4-12              
 ...shared/catalog |       0 |      100 |     100 |       0 |                   
  index.ts         |       0 |      100 |     100 |       0 | 1                 
  types.ts         |       0 |        0 |       0 |       0 |                   
 ...red/components |       0 |        0 |       0 |       0 |                   
  GuestBadge.tsx   |       0 |      100 |       0 |       0 | 4                 
  ...ionButton.tsx |       0 |        0 |       0 |       0 | 6-31              
 ...res/shared/crm |       0 |      100 |     100 |       0 |                   
  index.ts         |       0 |      100 |     100 |       0 | 1                 
  types.ts         |       0 |        0 |       0 |       0 |                   
 ...ared/dashboard |       0 |        0 |       0 |       0 |                   
  ...ardClient.tsx |       0 |        0 |       0 |       0 | 10-132            
  workspaceHub.ts  |       0 |      100 |     100 |       0 | 18                
 ...s/shared/entry |       0 |        0 |       0 |       0 |                   
  AccessPage.tsx   |       0 |      100 |       0 |       0 | 11-70             
  ...oductPage.tsx |       0 |        0 |       0 |       0 | 8-95              
  ...antButton.tsx |       0 |      100 |       0 |       0 | 3-15              
  ...EntryPage.tsx |       0 |        0 |       0 |       0 | 34-146            
  ...LoginPage.tsx |       0 |        0 |       0 |       0 | 24                
 .../shared/quotes |       0 |      100 |     100 |       0 |                   
  index.ts         |       0 |      100 |     100 |       0 | 1                 
  types.ts         |       0 |        0 |       0 |       0 |                   
 ...s/shared/shell |       0 |        0 |       0 |       0 |                   
  ...NavHeader.tsx |       0 |        0 |       0 |       0 | 4-69              
 ...site-assistant |       0 |        0 |       0 |       0 |                   
  AdvancedBot.tsx  |       0 |        0 |       0 |       0 | 6-385             
  ...otWrapper.tsx |       0 |      100 |       0 |       0 | 3-11              
  ...Assistant.tsx |       0 |        0 |       0 |       0 | 26-940            
 lib/catalog       |       0 |        0 |       0 |       0 |                   
  adapters.ts      |       0 |        0 |       0 |       0 | 6-53              
  blocks2d.ts      |       0 |        0 |       0 |       0 | 14-1258           
  ...logDrizzle.ts |       0 |        0 |       0 |       0 | 18-264            
  ...ckResolver.ts |       0 |        0 |       0 |       0 | 10-14             
  ...tConstants.ts |       0 |      100 |     100 |       0 | 2                 
  ...SnapshotR2.ts |       0 |        0 |       0 |       0 | 14-42             
  catalogTree.ts   |       0 |        0 |       0 |       0 | 11-172            
  ...torCatalog.ts |       0 |        0 |       0 |       0 | 20-69             
  ...logPayload.ts |       0 |        0 |       0 |       0 | 11-85             
  fallback.ts      |       0 |        0 |       0 |       0 | 7-80              
  geometry.ts      |       0 |        0 |       0 |       0 | 11-124            
  ...aticParams.ts |       0 |        0 |       0 |       0 | 24-173            
  ...lockColors.ts |       0 |        0 |       0 |       0 | 5-157             
  sources.ts       |       0 |        0 |       0 |       0 | 15-75             
  surface2d5.ts    |       0 |      100 |       0 |       0 | 6-101             
  types.ts         |       0 |        0 |       0 |       0 |                   
 lib/catalog/seed  |       0 |        0 |       0 |       0 |                   
  oandoCatalog.ts  |       0 |        0 |       0 |       0 | 15-204            
 lib/configurator  |       0 |        0 |       0 |       0 |                   
  ...izard.impl.ts |       0 |        0 |       0 |       0 | 8-240             
  smartWizard.ts   |       0 |        0 |       0 |       0 |                   
  ...ardCatalog.ts |       0 |      100 |       0 |       0 | 46-152            
  ...dConstants.ts |       0 |        0 |       0 |       0 | 1-149             
 lib/site-data     |       0 |        0 |       0 |       0 |                   
  assistant.ts     |       0 |      100 |       0 |       0 | 2-95              
  brand.ts         |       0 |      100 |     100 |       0 | 1                 
  clientLogos.ts   |       0 |        0 |       0 |       0 | 2-37              
  contact.ts       |       0 |        0 |       0 |       0 | 7-102             
  fallbacks.ts     |       0 |      100 |     100 |       0 | 3-7               
  heroCarousel.ts  |       0 |      100 |     100 |       0 | 13                
  homepage.ts      |       0 |      100 |     100 |       0 | 2-382             
  marketing.ts     |       0 |      100 |     100 |       0 | 1-107             
  navigation.ts    |       0 |        0 |       0 |       0 | 4-109             
  productSuite.ts  |       0 |      100 |     100 |       0 | 1                 
  proof.ts         |       0 |      100 |     100 |       0 | 3-10              
  ...hromeRules.ts |       0 |        0 |       0 |       0 | 10-107            
  routeCopy.ts     |       0 |      100 |     100 |       0 | 4-1174            
  routeMetadata.ts |       0 |      100 |     100 |       0 | 39-317            
  seo.ts           |       0 |        0 |       0 |       0 | 19-310            
  support.ts       |       0 |      100 |     100 |       0 | 17                
-------------------|---------|----------|---------|---------|-------------------
ERROR: Coverage for lines (0%) does not meet global threshold (90%)
ERROR: Coverage for functions (0%) does not meet global threshold (90%)
ERROR: Coverage for statements (0%) does not meet global threshold (90%)
ERROR: Coverage for branches (0%) does not meet global threshold (80%)
undefined
D:\oandO04072026\site:
[ERR_PNPM_RECURSIVE_EXEC_FIRST_FAIL] Command failed with exit code 1: vitest run tests/unit/features/planner/open3d/coverageGap.test.ts --coverage --config vitest.site.config.ts --no-watch "--reporter=verbose"
