п»ї
 RUN  v4.1.9 D:/oandO04072026/site

 О“ВҐВ» tests/unit/features/planner/open3d/coverageGap.test.ts (0 test)
node.exe : 
At C:\Program Files\nodejs\pnpm.ps1:16 char:5
+     & "$basedir/node$exe"  "$basedir/node_modules/corepack/dist/pnpm. ...
+     ~~~~~~~~~~~~~~~~~~~~~~~~~~~~~~~~~~~~~~~~~~~~~~~~~~~~~~~~~~~~~~~~~
    + CategoryInfo          : NotSpecified: (:String) [], RemoteException
    + FullyQualifiedErrorId : NativeCommandError
 
О“Г„В»О“Г„В»О“Г„В»О“Г„В»О“Г„В»О“Г„В» Failed Suites 1 О“Г„В»О“Г„В»О“Г„В»О“Г„В»О“Г„В»О“Г„В»О“Г„В»

 FAIL  tests/unit/features/planner/open3d/coverageGap.test.ts [ tests/unit/features/planner/open3d/coverageGap.test.ts 
]
ReferenceError: BLOCK_DESCRIPTOR_SCHEMA_VERSION is not defined
 О“ВҐВ» tests/unit/features/planner/open3d/coverageGap.test.ts:2774:20
    2772|
    2773| describe("SVG Types Validation TDD О“Г‡Г¶ parse/freeze/checksum/error pathsО“Г‡ВЄ
    2774|   const SCHEMA_V = BLOCK_DESCRIPTOR_SCHEMA_VERSION;
       |                    ^
    2775|
    2776|   it("parseBlockDescriptor: non-object, versionMismatch, structural inО“Г‡ВЄ

О“Г„В»О“Г„В»О“Г„В»О“Г„В»О“Г„В»О“Г„В»О“Г„В»О“Г„В»О“Г„В»О“Г„В»О“Г„В»О“Г„В»О“Г„В»О“Г„В»О“Г„В»О“Г„В»О“Г„В»О“Г„В»О“Г„В»О“Г„В»О“Г„В»О“Г„В»О“Г„В»О“Г„В»[1/1]О“Г„В»


 Test Files  1 failed (1)
      Tests  no tests
   Start at  23:36:49
   Duration  1.31s (transform 418ms, setup 303ms, import 0ms, tests 0ms, environment 308ms)

JSON report written to D:/oandO04072026/results/tests/vitest-results.json
undefined
D:\oandO04072026\site:
[ERR_PNPM_RECURSIVE_EXEC_FIRST_FAIL] Command failed with exit code 1: vitest run tests/unit/features/planner/open3d/coverageGap.test.ts -t "reduceInventoryCommand handles mode" --config vitest.config.ts
