
 RUN  v4.1.9 D:/OandO07072026/site

 Γ£ô tests/unit/features/planner/open3d/geometry/canvasPicking.test.ts > pickWallAtPoint / pickWallWithPosition > picks a mid-segment point and reports t Γëê 0.5 2ms
 Γ£ô tests/unit/features/planner/open3d/geometry/canvasPicking.test.ts > pickWallAtPoint / pickWallWithPosition > misses when the point is outside tolerance 0ms
 Γ£ô tests/unit/features/planner/open3d/geometry/canvasPicking.test.ts > pickWallAtPoint / pickWallWithPosition > hits exactly at tolerance boundary and misses just beyond 0ms
 Γ£ô tests/unit/features/planner/open3d/geometry/canvasPicking.test.ts > pickWallAtPoint / pickWallWithPosition > selects the nearest of two walls within tolerance 1ms
 Γ£ô tests/unit/features/planner/open3d/geometry/canvasPicking.test.ts > pickWallAtPoint / pickWallWithPosition > reports t Γëê 0 and t Γëê 1 at wall endpoints 0ms
 Γ£ô tests/unit/features/planner/open3d/geometry/canvasPicking.test.ts > pickWallAtPoint / pickWallWithPosition > picks a diagonal wall and reports t Γëê 0.25 at quarter span 0ms
 Γ£ô tests/unit/features/planner/open3d/geometry/canvasPicking.test.ts > pickWallAtPoint / pickWallWithPosition > clamps t to [0,1] for projections beyond the segment 0ms
 Γ£ô tests/unit/features/planner/open3d/geometry/canvasPicking.test.ts > pickWallAtPoint / pickWallWithPosition > returns null for empty walls 0ms
 Γ£ô tests/unit/features/planner/open3d/geometry/canvasPicking.test.ts > pickWallAtPoint / pickWallWithPosition > handles a degenerate zero-length wall (start === end) 0ms
 Γ£ô tests/unit/features/planner/open3d/geometry/canvasPicking.test.ts > pickWallAtPoint / pickWallWithPosition > prefers the strictly closer wall when both are within tolerance 0ms
 Γ£ô tests/unit/features/planner/open3d/geometry/canvasPicking.test.ts > pointInPolygon > returns true for a point strictly inside 0ms
 Γ£ô tests/unit/features/planner/open3d/geometry/canvasPicking.test.ts > pointInPolygon > returns false for a point outside 0ms
 Γ£ô tests/unit/features/planner/open3d/geometry/canvasPicking.test.ts > pointInPolygon > returns false for polygons with fewer than 3 vertices 0ms
 Γ£ô tests/unit/features/planner/open3d/geometry/canvasPicking.test.ts > pointInPolygon > handles a non-convex L-shaped polygon 0ms
 Γ£ô tests/unit/features/planner/open3d/geometry/canvasPicking.test.ts > getRoomPolygon > returns ordered wall starts when at least 3 walls resolve 0ms
 Γ£ô tests/unit/features/planner/open3d/geometry/canvasPicking.test.ts > getRoomPolygon > returns [] when fewer than 3 vertices resolve 0ms
 Γ£ô tests/unit/features/planner/open3d/geometry/canvasPicking.test.ts > getRoomPolygon > skips missing wall ids but keeps order of resolved starts 0ms
 Γ£ô tests/unit/features/planner/open3d/geometry/canvasPicking.test.ts > pickFurnitureAtPoint > picks furniture when point is inside footprint 0ms
 Γ£ô tests/unit/features/planner/open3d/geometry/canvasPicking.test.ts > pickFurnitureAtPoint > misses when point is outside footprint 0ms
 Γ£ô tests/unit/features/planner/open3d/geometry/canvasPicking.test.ts > pickFurnitureAtPoint > prefers top-most (last array) when footprints overlap 0ms
 Γ£ô tests/unit/features/planner/open3d/geometry/canvasPicking.test.ts > pickFurnitureAtPoint > hits furniture rotated 90┬░ via inverse-rotation local footprint 0ms
 Γ£ô tests/unit/features/planner/open3d/geometry/canvasPicking.test.ts > pickFurnitureAtPoint > respects paddingMm by expanding the hit footprint 0ms
 Γ£ô tests/unit/features/planner/open3d/geometry/canvasPicking.test.ts > pickFurnitureAtPoint > returns null for empty furniture array 0ms
 Γ£ô tests/unit/features/planner/open3d/geometry/canvasPicking.test.ts > pickFurnitureAtPoint > defaults missing width/depth to 600mm footprint 0ms
 Γ£ô tests/unit/features/planner/open3d/geometry/canvasPicking.test.ts > pickOpeningAtPoint > picks a door near its position on the wall 0ms
 Γ£ô tests/unit/features/planner/open3d/geometry/canvasPicking.test.ts > pickOpeningAtPoint > picks nearest opening when door and window compete 0ms
 Γ£ô tests/unit/features/planner/open3d/geometry/canvasPicking.test.ts > pickOpeningAtPoint > picks door when it is closer than a competing window 0ms
 Γ£ô tests/unit/features/planner/open3d/geometry/canvasPicking.test.ts > pickOpeningAtPoint > skips openings whose wallId is missing without throwing 1ms
 Γ£ô tests/unit/features/planner/open3d/geometry/canvasPicking.test.ts > pickOpeningAtPoint > when distances are equal, prefers first registered candidate deterministically 0ms
 Γ£ô tests/unit/features/planner/open3d/geometry/canvasPicking.test.ts > pickOpeningAtPoint > returns null when far from all openings 0ms
 Γ£ô tests/unit/features/planner/open3d/geometry/canvasPicking.test.ts > pickOpeningAtPoint > picks openings at wall endpoints (position 0 and position 1) 0ms
 Γ£ô tests/unit/features/planner/open3d/geometry/canvasPicking.test.ts > pickOpeningAtPoint > picks an opening on a diagonal wall via interpolated segment position 0ms
 Γ£ô tests/unit/features/planner/open3d/geometry/canvasPicking.test.ts > pickOpeningAtPoint > includes hits exactly at tolerance and misses just beyond 0ms
 Γ£ô tests/unit/features/planner/open3d/open3dWorkspaceKeyboard.test.tsx > useWorkspaceKeyboard shortcuts > opens the command palette on Ctrl+K and Cmd+K 19ms
 Γ£ô tests/unit/features/planner/open3d/open3dWorkspaceKeyboard.test.tsx > useWorkspaceKeyboard shortcuts > undoes on Ctrl/Cmd+Z and redoes on Shift+Ctrl/Cmd+Z 4ms
 Γ£ô tests/unit/features/planner/open3d/open3dWorkspaceKeyboard.test.tsx > useWorkspaceKeyboard shortcuts > ignores shortcuts when typing in an editable field 3ms
 Γ£ô tests/unit/features/planner/open3d/open3dWorkspaceKeyboard.test.tsx > useWorkspaceKeyboard shortcuts > does not bind when disabled 2ms
 Γ£ô tests/unit/features/planner/open3d/open3dWorkspaceKeyboard.test.tsx > useWorkspaceKeyboard shortcuts > calls deleteSelection on Delete and Backspace and preventDefaults 2ms
 Γ£ô tests/unit/features/planner/open3d/open3dWorkspaceKeyboard.test.tsx > useWorkspaceKeyboard shortcuts > does not call deleteSelection on Ctrl+Backspace or Cmd+Backspace 2ms
 Γ£ô tests/unit/features/planner/open3d/open3dWorkspaceKeyboard.test.tsx > useWorkspaceKeyboard shortcuts > does not call deleteSelection when Delete is pressed in an input 2ms
 Γ£ô tests/unit/features/planner/open3d/open3dWorkspaceKeyboard.test.tsx > useWorkspaceKeyboard shortcuts > does not throw when deleteSelection handler is omitted 3ms
 Γ£ô tests/unit/features/planner/open3d/open3dWorkspaceKeyboard.test.tsx > useWorkspaceKeyboard shortcuts > calls cancel on Escape 1ms
 Γ£ô tests/unit/features/planner/open3d/open3dWorkspaceKeyboard.test.tsx > useWorkspaceKeyboard shortcuts > arms tools from CANVAS_TOOL_SHORTCUTS on live keydown (D=door, M=dimension, N=window, T=text) 9ms
 Γ£ô tests/unit/features/planner/open3d/open3dWorkspaceKeyboard.test.tsx > useWorkspaceKeyboard shortcuts > Opening tool shortcut O arms setTool(opening) from the map (case-insensitive) 1ms
 Γ£ô tests/unit/features/planner/open3d/applySelectionDelete.test.ts > applySelectionDelete (W3 pure) > returns same project reference when selection is none 2ms
 Γ£ô tests/unit/features/planner/open3d/applySelectionDelete.test.ts > applySelectionDelete (W3 pure) > returns same project reference when furniture selection has empty ids 1ms
 Γ£ô tests/unit/features/planner/open3d/applySelectionDelete.test.ts > applySelectionDelete (W3 pure) > removes one furniture id and keeps other entities 1ms
 Γ£ô tests/unit/features/planner/open3d/applySelectionDelete.test.ts > applySelectionDelete (W3 pure) > skips locked furniture and returns same project reference 0ms
 Γ£ô tests/unit/features/planner/open3d/applySelectionDelete.test.ts > applySelectionDelete (W3 pure) > removes multi-id furniture in one project revision (single history step) 0ms
 Γ£ô tests/unit/features/planner/open3d/applySelectionDelete.test.ts > applySelectionDelete (W3 pure) > updateOpen3dProject + delete + undo restores same furniture id and pose 0ms
 Γ£ô tests/unit/features/planner/open3d/applySelectionDelete.test.ts > applySelectionDelete (W3 pure) > multi-id delete via updateOpen3dProject pushes exactly one past entry 0ms
 Γ£ô tests/unit/features/planner/open3d/applySelectionDelete.test.ts > applySelectionDelete (W3 pure) > returns same reference when ids do not match any furniture 0ms
 Γ£ô tests/unit/features/planner/open3d/applySelectionDelete.test.ts > applySelectionDelete (W3 pure) > deleting a wall cascades doors and windows on that wall (no orphans) 0ms
 Γ£ô tests/unit/features/planner/open3d/open3dFeasibilityCanvas.test.tsx > open3d FeasibilityCanvas > renders the command workflow and catalog proof 31ms
 Γ£ô tests/unit/features/planner/open3d/open3dFeasibilityCanvas.test.tsx > open3d FeasibilityCanvas > runs toolbar and keyboard commands 42ms
 Γ£ô tests/unit/features/planner/open3d/open3dFeasibilityCanvas.test.tsx > open3d FeasibilityCanvas > draws, previews, cancels, and undoes a wall 25ms
 Γ£ô tests/unit/features/planner/open3d/open3dFeasibilityCanvas.test.tsx > open3d FeasibilityCanvas > commits wall geometry through workspace canvas history 6ms
 Γ£ô tests/unit/features/planner/open3d/open3dFeasibilityCanvas.test.tsx > open3d FeasibilityCanvas > supports dimension tool (two-point measurement) and room/wall alias + enter commit (task6) 4ms
 Γ£ô tests/unit/features/planner/open3d/open3dFeasibilityCanvas.test.tsx > open3d FeasibilityCanvas > creates a real room instead of falling back to wall-only drawing 5ms
 Γ£ô tests/unit/features/planner/open3d/open3dFeasibilityCanvas.test.tsx > open3d FeasibilityCanvas > supports click and drag placement producing validated PlannerPlacementPayload via onPlace (task7; GS: REC-02 Sketchfab cap, BP-06 loader consumer, Fuse+RAC) 3ms
 Γ£ô tests/unit/features/planner/open3d/open3dFeasibilityCanvas.test.tsx > open3d FeasibilityCanvas > select tool pointer on furniture sets furniture selection 5ms
 Γ£ô tests/unit/features/planner/open3d/open3dFeasibilityCanvas.test.tsx > open3d FeasibilityCanvas > select tool empty click clears selection to none 4ms

 Test Files  4 passed (4)
      Tests  62 passed (62)
   Start at  18:52:59
   Duration  1.99s (transform 838ms, setup 1.99s, import 864ms, tests 199ms, environment 2.74s)

