node.exe : $ tsc -p tsconfig.json --noEmit
At C:\Program Files\nodejs\pnpm.ps1:16 char:5
+     & "$basedir/node$exe"  "$basedir/node_modules/corepack/dist/pnpm. ...
+     ~~~~~~~~~~~~~~~~~~~~~~~~~~~~~~~~~~~~~~~~~~~~~~~~~~~~~~~~~~~~~~~~~
    + CategoryInfo          : NotSpecified: ($ tsc -p tsconfig.json --noEmit:String) [], RemoteException
    + FullyQualifiedErrorId : NativeCommandError
 
app/(site)/portal/svg-catalog/[slug]/page.tsx(20,8): error TS2307: Cannot find module './puckBlockRegistry' or its corresponding type declarations.
features/planner/admin/svg-editor/puckBlockRegistry.tsx(561,14): error TS2322: Type 'readonly [PuckBlockDefinition<{ slug: string; sku?: string | undefined; }>, PuckBlockDefinition<{ slug: string; sizingType: "parametric" | "discrete"; optionCount: number; }>, PuckBlockDefinition<...>]' is not assignable to type 'readonly PuckBlockDefinition<Record<string, unknown>>[]'.
  Type 'PuckBlockDefinition<{ slug: string; sku?: string | undefined; }> | PuckBlockDefinition<{ slug: string; sizingType: "parametric" | "discrete"; optionCount: number; }> | PuckBlockDefinition<...>' is not assignable to type 'PuckBlockDefinition<Record<string, unknown>>'.
    Type 'PuckBlockDefinition<{ slug: string; sku?: string | undefined; }>' is not assignable to type 'PuckBlockDefinition<Record<string, unknown>>'.
      Types of property 'render' are incompatible.
        Type '(props: { slug: string; sku?: string | undefined; }) => ReactNode' is not assignable to type '(props: Record<string, unknown>) => ReactNode'.
          Types of parameters 'props' and 'props' are incompatible.
            Property 'slug' is missing in type 'Record<string, unknown>' but required in type '{ slug: string; sku?: string | undefined; }'.
features/planner/admin/svg-editor/puckBlockRegistry.tsx(571,10): error TS2352: Conversion of type 'PuckBlockDefinition<{ slug: string; sku?: string | undefined; }>' to type 'PuckBlockDefinition<Record<string, unknown>>' may be a mistake because neither type sufficiently overlaps with the other. If this was intentional, convert the expression to 'unknown' first.
  Types of property 'render' are incompatible.
    Type '(props: { slug: string; sku?: string | undefined; }) => ReactNode' is not comparable to type '(props: Record<string, unknown>) => ReactNode'.
      Types of parameters 'props' and 'props' are incompatible.
        Property 'slug' is missing in type 'Record<string, unknown>' but required in type '{ slug: string; sku?: string | undefined; }'.
features/planner/admin/svg-editor/puckBlockRegistry.tsx(572,17): error TS2352: Conversion of type 'PuckBlockDefinition<{ slug: string; sizingType: "parametric" | "discrete"; optionCount: number; }>' to type 'PuckBlockDefinition<Record<string, unknown>>' may be a mistake because neither type sufficiently overlaps with the other. If this was intentional, convert the expression to 'unknown' first.
  Types of property 'render' are incompatible.
    Type '(props: { slug: string; sizingType: "parametric" | "discrete"; optionCount: number; }) => ReactNode' is not comparable to type '(props: Record<string, unknown>) => ReactNode'.
      Types of parameters 'props' and 'props' are incompatible.
        Type 'Record<string, unknown>' is missing the following properties from type '{ slug: string; sizingType: "parametric" | "discrete"; optionCount: number; }': slug, sizingType, optionCount
features/planner/admin/svg-editor/puckBlockRegistry.tsx(573,15): error TS2352: Conversion of type 'PuckBlockDefinition<{ slug: string; parameterCount: number; }>' to type 'PuckBlockDefinition<Record<string, unknown>>' may be a mistake because neither type sufficiently overlaps with the other. If this was intentional, convert the expression to 'unknown' first.
  Types of property 'render' are incompatible.
    Type '(props: { slug: string; parameterCount: number; }) => ReactNode' is not comparable to type '(props: Record<string, unknown>) => ReactNode'.
      Types of parameters 'props' and 'props' are incompatible.
        Type 'Record<string, unknown>' is missing the following properties from type '{ slug: string; parameterCount: number; }': slug, parameterCount
features/planner/admin/svg-editor/puckBlockRegistry.tsx(691,7): error TS2322: Type 'true' is not assignable to type 'false'.
features/planner/admin/svg-editor/svgPipelineRunner.ts(147,5): error TS2769: No overload matches this call.
  Overload 1 of 8, '(file: string, args: readonly string[] | null | undefined, options: ExecFileOptionsWithBufferEncoding, callback?: ((error: ExecFileException | null, stdout: NonSharedBuffer, stderr: NonSharedBuffer) => void) | undefined): ChildProcess', gave the following error.
    Argument of type '{ cwd: string; timeout: number; maxBuffer: number; windowsHide: true; }' is not assignable to parameter of type 'ExecFileOptionsWithBufferEncoding'.
      Property 'encoding' is missing in type '{ cwd: string; timeout: number; maxBuffer: number; windowsHide: true; }' but required in type 'ExecFileOptionsWithBufferEncoding'.
  Overload 2 of 8, '(file: string, args: readonly string[] | null | undefined, options: ExecFileOptionsWithStringEncoding, callback?: ((error: ExecFileException | null, stdout: string, stderr: string) => void) | undefined): ChildProcess', gave the following error.
    Argument of type '(error: ExecException | null, stdout: string, stderr: string) => void' is not assignable to parameter of type '(error: ExecFileException | null, stdout: string, stderr: string) => void'.
      Types of parameters 'error' and 'error' are incompatible.
        Type 'ExecFileException | null' is not assignable to type 'ExecException | null'.
          Type 'ExecFileException' is not assignable to type 'ExecException | null'.
            Type 'ExecFileException' is not assignable to type 'ExecException'.
              Types of property 'code' are incompatible.
                Type 'string | number | null | undefined' is not assignable to type 'number | undefined'.
                  Type 'null' is not assignable to type 'number | undefined'.
  Overload 3 of 8, '(file: string, args: readonly string[] | null | undefined, options: ExecFileOptions | null | undefined, callback: ((error: ExecFileException | null, stdout: string | NonSharedBuffer, stderr: string | NonSharedBuffer) => void) | null | undefined): ChildProcess', gave the following error.
    Argument of type '(error: ExecException | null, stdout: string, stderr: string) => void' is not assignable to parameter of type '(error: ExecFileException | null, stdout: string | NonSharedBuffer, stderr: string | NonSharedBuffer) => void'.
      Types of parameters 'error' and 'error' are incompatible.
        Type 'ExecFileException | null' is not assignable to type 'ExecException | null'.
          Type 'ExecFileException' is not assignable to type 'ExecException | null'.
            Type 'ExecFileException' is not assignable to type 'ExecException'.
              Types of property 'code' are incompatible.
                Type 'string | number | null | undefined' is not assignable to type 'number | undefined'.
                  Type 'null' is not assignable to type 'number | undefined'.
features/planner/open3d/catalog/svg/blocksResolver.ts(24,3): error TS2305: Module '"./svgTypes"' has no exported member 'BlockDescriptorMountingPoint'.
features/planner/open3d/editor/WorkspaceShell.tsx(268,9): error TS2322: Type 'PanelId | null' is not assignable to type '"left" | "right" | null | undefined'.
  Type '"bottom"' is not assignable to type '"left" | "right" | null | undefined'.
lib/rateLimit.ts(155,23): error TS2339: Property 'window_start' does not exist on type 'never'.
lib/rateLimit.ts(156,16): error TS2339: Property 'window_start' does not exist on type 'never'.
lib/rateLimit.ts(158,38): error TS2339: Property 'count' does not exist on type 'never'.
lib/rateLimit.ts(159,32): error TS2339: Property 'window_start' does not exist on type 'never'.
lib/rateLimit.ts(173,11): error TS2561: Object literal may only specify known properties, but 'key' does not exist in type 'never[]'. Did you mean to write 'keys'?
D:\oandO04072026\site:
[ERR_PNPM_RECURSIVE_RUN_FIRST_FAIL] oando-site@0.1.0 typecheck: `tsc -p tsconfig.json --noEmit`
Exit status 2
