Scope: all 3 workspace projects
[32m✓[39m Lockfile passes supply-chain policies (verified 4h ago)
Lockfile is up to date, resolution step is skipped
Progress: resolved [96m0[39m, reused [96m1[39m, downloaded [96m0[39m, added [96m0[39m
Progress: resolved [96m0[39m, reused [96m183[39m, downloaded [96m0[39m, added [96m0[39m
Packages: [31m-306[39m
[31m-[39m[31m-[39m[31m-[39m[31m-[39m[31m-[39m[31m-[39m[31m-[39m[31m-[39m[31m-[39m[31m-[39m[31m-[39m[31m-[39m[31m-[39m[31m-[39m[31m-[39m[31m-[39m[31m-[39m[31m-[39m[31m-[39m[31m-[39m[31m-[39m[31m-[39m[31m-[39m[31m-[39m[31m-[39m[31m-[39m[31m-[39m[31m-[39m[31m-[39m[31m-[39m[31m-[39m[31m-[39m[31m-[39m[31m-[39m[31m-[39m[31m-[39m[31m-[39m[31m-[39m[31m-[39m[31m-[39m[31m-[39m[31m-[39m[31m-[39m[31m-[39m[31m-[39m[31m-[39m[31m-[39m[31m-[39m[31m-[39m[31m-[39m[31m-[39m[31m-[39m[31m-[39m[31m-[39m[31m-[39m[31m-[39m[31m-[39m[31m-[39m[31m-[39m[31m-[39m[31m-[39m[31m-[39m[31m-[39m[31m-[39m[31m-[39m[31m-[39m[31m-[39m[31m-[39m[31m-[39m[31m-[39m[31m-[39m[31m-[39m[31m-[39m[31m-[39m[31m-[39m[31m-[39m[31m-[39m[31m-[39m[31m-[39m[31m-[39m
Progress: resolved [96m0[39m, reused [96m263[39m, downloaded [96m0[39m, added [96m0[39m, done

[36msite/tech-stack-generator[39m [96mpreinstall[39m$ node ../../scripts/guard-workspace-install.mjs
[35msite[39m [96mpreinstall[39m$ node ../scripts/guard-workspace-install.mjs
[36msite/tech-stack-generator[39m [96mpreinstall[39m: Done
[35msite[39m [96mpreinstall[39m: Done
[34m.[39m [96mpreinstall[39m$ node scripts/guard-workspace-install.mjs
[34m.[39m [96mpreinstall[39m: Done
[34m.[39m [96mpostinstall[39m$ node scripts/cleanup-nested-installs.mjs
[34m.[39m [96mpostinstall[39m: cleanup-nested-installs: nothing to remove
[34m.[39m [96mpostinstall[39m: Done
Done in 2.7s using pnpm v11.9.0

[1m[30m[46m RUN [49m[39m[22m [36mv4.1.9 [39m[90mD:/OandO07072026/site[39m

 [32m✓[39m tests/unit/features/planner/open3d/hostWiringP01.test.ts[2m > [22mP01 host wiring (import graph + source)[2m > [22mdocuments dual entry: guest/canvas hybrid + open3d pilot native[32m 4[2mms[22m[39m
 [32m✓[39m tests/unit/features/planner/open3d/hostWiringP01.test.ts[2m > [22mP01 host wiring (import graph + source)[2m > [22mlive route/host sources import the open3d chain (file text, no render)[32m 1[2mms[22m[39m
 [32m✓[39m tests/unit/features/planner/open3d/hostWiringP01.test.ts[2m > [22mP01 host wiring (import graph + source)[2m > [22mhas no live app/planner fabric page tree; next.config redirects fabric → open3d[32m 1[2mms[22m[39m
 [32m✓[39m tests/unit/features/planner/open3d/hostWiringP01.test.ts[2m > [22mP01 host wiring (import graph + source)[2m > [22mworkspace mounts PlannerCanvasStage as sole live 2-D canvas (Fabric barrel)[32m 1[2mms[22m[39m
 [32m✓[39m tests/unit/features/planner/canvas-fabric-stage/furnitureFabricMapper.test.ts[2m > [22mfurnitureFabricMapper[2m > [22mmaps entityId from furniture.id and uses default footprint when width/depth omitted[32m 2[2mms[22m[39m
 [32m✓[39m tests/unit/features/planner/canvas-fabric-stage/furnitureFabricMapper.test.ts[2m > [22mfurnitureFabricMapper[2m > [22muses explicit width/depth mm and scale for fabric size[32m 0[2mms[22m[39m
 [32m✓[39m tests/unit/features/planner/canvas-fabric-stage/furnitureFabricMapper.test.ts[2m > [22mfurnitureFabricMapper[2m > [22mround-trips position and rotation through fabric pose (project mm)[32m 0[2mms[22m[39m
 [32m✓[39m tests/unit/features/planner/canvas-fabric-stage/furnitureFabricMapper.test.ts[2m > [22mfurnitureFabricMapper[2m > [22mnormalizes negative and >360 rotation degrees[32m 0[2mms[22m[39m
 [32m✓[39m tests/unit/features/planner/canvas-fabric-stage/furnitureFabricMapper.test.ts[2m > [22mfurnitureFabricMapper[2m > [22mmarks locked furniture and maps list order[32m 1[2mms[22m[39m
 [32m✓[39m tests/unit/features/planner/canvas-fabric-stage/furnitureFabricMapper.test.ts[2m > [22mfurnitureFabricMapper[2m > [22mfurnitureFootprintMm defaults and overrides[32m 1[2mms[22m[39m
 [32m✓[39m tests/unit/features/planner/canvas-fabric-stage/furnitureFabricMapper.test.ts[2m > [22mfurnitureFabricMapper[2m > [22mread/write entityId on fabric-like carriers[32m 0[2mms[22m[39m
 [32m✓[39m tests/unit/features/planner/canvas-fabric-stage/furnitureFabricMapper.test.ts[2m > [22mfurnitureFabricMapper[2m > [22mpreserves entityId after a synthetic drag (left/top change only)[32m 0[2mms[22m[39m
 [32m✓[39m tests/unit/features/planner/canvas-fabric-stage/furnitureFabricMapper.test.ts[2m > [22mfurnitureFabricMapper[2m > [22muses DEFAULT_FABRIC_STAGE_TRANSFORM when transform is omitted[32m 0[2mms[22m[39m
 [32m✓[39m tests/unit/features/planner/canvas-fabric-stage/furnitureFabricMapper.test.ts[2m > [22mfurnitureFabricMapper[2m > [22mentityId is furniture.id only — never rewritten on pose round-trip[32m 0[2mms[22m[39m
 [32m✓[39m tests/unit/features/planner/canvas-fabric-stage/furnitureFabricMapper.test.ts[2m > [22mfurnitureFabricMapper[2m > [22mmaps pose under a non-default pan/zoom transform[32m 0[2mms[22m[39m
 [32m✓[39m tests/unit/features/planner/canvas-fabric-stage/furnitureFabricMapper.test.ts[2m > [22mfurnitureFabricMapper[2m > [22mfurnitureListToFabricPoses preserves empty list and entity order[32m 0[2mms[22m[39m
 [32m✓[39m tests/unit/features/planner/canvas-fabric-stage/furnitureFabricMapper.test.ts[2m > [22mfurnitureFabricMapper[2m > [22mreadFurnitureEntityId rejects empty string and non-string carriers[32m 0[2mms[22m[39m
 [32m✓[39m tests/unit/features/planner/canvas-fabric-stage/furnitureFabricMapper.test.ts[2m > [22misOpen3dFabricFurnitureEnabled[2m > [22mexports OPEN3D_FABRIC_FURNITURE_ENV as the public Next env key[32m 0[2mms[22m[39m
 [32m✓[39m tests/unit/features/planner/canvas-fabric-stage/furnitureFabricMapper.test.ts[2m > [22misOpen3dFabricFurnitureEnabled[2m > [22mis false by default and for non-1 values[32m 0[2mms[22m[39m
 [32m✓[39m tests/unit/features/planner/canvas-fabric-stage/furnitureFabricMapper.test.ts[2m > [22misOpen3dFabricFurnitureEnabled[2m > [22mis true only when env is exactly 1[32m 0[2mms[22m[39m
 [32m✓[39m tests/unit/features/planner/canvas-fabric-stage/furnitureFabricMapper.test.ts[2m > [22misOpen3dFabricFurnitureEnabled[2m > [22mrejects near-miss enable values (strict === "1" only)[32m 0[2mms[22m[39m
 [32m✓[39m tests/unit/features/planner/canvas-fabric-stage/furnitureFabricMapper.test.ts[2m > [22misOpen3dFabricFurnitureEnabled[2m > [22mreads only OPEN3D_FABRIC_FURNITURE_ENV — ignores wrong keys and non-string 1[32m 0[2mms[22m[39m
 [32m✓[39m tests/unit/features/planner/open3d/orbitControlsDefault.test.tsx[2m > [22morbitControlsDefault — product helper / prop contract[2m > [22mOPEN3D_ORBIT_DEFAULT_ENABLED is true[32m 1[2mms[22m[39m
 [32m✓[39m tests/unit/features/planner/open3d/orbitControlsDefault.test.tsx[2m > [22morbitControlsDefault — product helper / prop contract[2m > [22mgetOpen3dViewerControlProps forces enableControls: true[32m 1[2mms[22m[39m
 [32m✓[39m tests/unit/features/planner/open3d/orbitControlsDefault.test.tsx[2m > [22morbitControlsDefault — product helper / prop contract[2m > [22mfurniture document rotation stays degrees via normalizeDegrees[32m 0[2mms[22m[39m
 [32m✓[39m tests/unit/features/planner/open3d/orbitControlsDefault.test.tsx[2m > [22morbitControlsDefault — ThreeViewerInner construct + data-orbit-enabled[2m > [22momitted enableControls (default ON) constructs OrbitControls and sets data-orbit-enabled=true[32m 33[2mms[22m[39m
 [32m✓[39m tests/unit/features/planner/open3d/orbitControlsDefault.test.tsx[2m > [22morbitControlsDefault — ThreeViewerInner construct + data-orbit-enabled[2m > [22menableControls={false} does not construct OrbitControls and sets data-orbit-enabled=false[32m 29[2mms[22m[39m
 [32m✓[39m tests/unit/features/planner/open3d/orbitControlsDefault.test.tsx[2m > [22morbitControlsDefault — ThreeViewerInner construct + data-orbit-enabled[2m > [22menableControls={true} explicit construct + data-orbit-enabled=true[32m 31[2mms[22m[39m
 [32m✓[39m tests/unit/features/planner/canvas-fabric-stage/furnitureFabricMapper.test.ts[2m > [22misOpen3dFabricFurnitureEnabled[2m > [22mbarrel re-exports flag helpers from canvas-fabric-stage index[32m 249[2mms[22m[39m

[2m Test Files [22m [1m[32m3 passed[39m[22m[90m (3)[39m
[2m      Tests [22m [1m[32m29 passed[39m[22m[90m (29)[39m
[2m   Start at [22m 23:15:20
[2m   Duration [22m 1.53s[2m (transform 749ms, setup 1.44s, import 429ms, tests 366ms, environment 1.42s)[22m

