
 RUN  v4.1.9 D:/oandO04072026/site
      Coverage enabled with v8

 Γ£ô tests/unit/features/planner/open3d/persistence/topBarGuest.test.tsx (2 tests) 90ms
 Γ¥» tests/unit/features/planner/open3d/doorWindowPlacement.test.ts (11 tests | 1 failed) 84ms
       Γ£ô starts in select mode 31ms
       Γ£ô provides door types 4ms
       Γ£ô provides window types 3ms
       Γ£ô enters door placement mode 5ms
       Γ£ô exits placement mode on cancel 5ms
       Γ£ô enters window placement mode 2ms
       Γ£ô tracks hover position 2ms
       Γ£ô clears hover on mouse leave 5ms
       Γ£ô returns empty arrays when project is null 2ms
     Γ£ô cancels and resets hover/selected 3ms
     ├ù update/delete fns return transformed projects 15ms
 Γ¥» tests/unit/features/planner/open3d/catalog/blockDescriptorLoader.test.ts (22 tests | 2 failed) 181ms
     Γ£ô tryLoad returns a typed descriptor on a fresh fixture file 21ms
     Γ£ô tryLoad emits notFound when the JSON file is missing 2ms
     Γ£ô tryLoad emits invalid when the JSON file body is malformed 6ms
     Γ£ô tryLoad rejects slugs that don't match the kebab regex (defensive early) 2ms
     Γ£ô tryLoad rejects slugs that contain path-traversal characters 1ms
     Γ£ô tryLoad rejects slugs with absolute paths 3ms
     Γ£ô tryLoad rejects injected path components 2ms
     Γ£ô tryLoad rejects a non-`.json` extension 3ms
     Γ£ô tryLoad surfaces hashMismatch when the on-disk body is mutated after first write 7ms
     Γ£ô tryLoad surfaces versionMismatch when the schemaVersion does not match the pinned literal 6ms
     Γ£ô loadBySlug throws with HTTP-shape prefix when the descriptor cannot be loaded 6ms
     Γ£ô loadBySlug returns the typed descriptor when present 10ms
     Γ£ô loadAll returns empty array when the directory does not exist 3ms
     Γ£ô loadAll reads every .json file in the directory, skips malformed entries 20ms
     Γ£ô loadAll skips a .json-named directory that is not a regular file 8ms
     Γ£ô loadAll caches results for repeat reads within the same directory 7ms
     Γ£ô clearLoaderCache forces a fresh read on the next loadAll 20ms
     Γ£ô Open3dDescriptorError union covers all four canonical kinds 3ms
     ├ù tryLoad surfaces invalid (via parseBlockDescriptor) when JSON parses to non-object primitive 13ms
     Γ£ô tryLoad surfaces invalid when JSON parses to non-object (number) hitting parse early guard 4ms
     Γ£ô tryLoad surfaces invalid (parse path) when schemaVersion present but not string type 11ms
     ├ù loadAll skips entries that fail parseBlockDescriptor (e.g. non-object json or schema fail) and only returns valid 12ms
 Γ£ô tests/unit/features/planner/open3d/sketchToPlan.test.ts (21 tests) 653ms
 Γ£ô tests/unit/features/planner/open3d/exportPhase06.test.ts (30 tests) 320ms
stdout | tests/unit/features/planner/open3d/svgInventory.test.ts > 03A-INV: Search Index > large inventory benchmarks > meets 1K search p95 budget under 100ms
[phase-03a-benchmark-exceed] inventory search 1K p95=15.833ms stretch=50ms

 Γ¥» tests/unit/features/planner/open3d/threeViewerInner.test.tsx (5 tests | 1 failed) 230ms
     ├ù shows loading state then mounts the WebGL container 101ms
     Γ£ô renders an error panel when scene initialization fails 50ms
     Γ£ô disposes renderer and scene resources on unmount 25ms
     Γ£ô renders with shadow maps enabled and without an onReady callback 42ms
     Γ£ô cancels Three.js loading when unmounted early 5ms
 Γ£ô tests/unit/features/planner/open3d/zeroCoverageModules.test.ts (3 tests) 150ms
node.exe : stderr | tests/unit/features/planner/open3d/threeLazy.test.tsx > Lazy3DViewer > lazy-loads the inner viewer 
and calls onReady
At C:\Program Files\nodejs\pnpm.ps1:16 char:5
+     & "$basedir/node$exe"  "$basedir/node_modules/corepack/dist/pnpm. ...
+     ~~~~~~~~~~~~~~~~~~~~~~~~~~~~~~~~~~~~~~~~~~~~~~~~~~~~~~~~~~~~~~~~~
    + CategoryInfo          : NotSpecified: (stderr | tests/...d calls onReady:String) [], RemoteException
    + FullyQualifiedErrorId : NativeCommandError
 
[vitest] The vi.fn() mock did not use 'function' or 'class' in its implementation, see 
https://vitest.dev/api/vi#vi-spyon for examples.

 Γ£ô tests/unit/features/planner/open3d/threeLazy.test.tsx (2 tests) 410ms
     Γ£ô lazy-loads the inner viewer and calls onReady  399ms
 Γ£ô tests/unit/features/planner/open3d/roomElements.test.ts (14 tests) 80ms
AggregateError: 
    at internalConnectMultiple (node:net:1193:18)
    at afterConnectMultiple (node:net:1783:7) {
  code: 'ECONNREFUSED',
  [errors]: [
    Error: connect ECONNREFUSED ::1:3000
        at createConnectionError (node:net:1746:14)
        at afterConnectMultiple (node:net:1776:16) {
      errno: -4078,
      code: 'ECONNREFUSED',
      syscall: 'connect',
      address: '::1',
      port: 3000
    },
    Error: connect ECONNREFUSED 127.0.0.1:3000
        at createConnectionError (node:net:1746:14)
        at afterConnectMultiple (node:net:1776:16) {
      errno: -4078,
      code: 'ECONNREFUSED',
      syscall: 'connect',
      address: '127.0.0.1',
      port: 3000
    }
  ]
}
 Γ£ô tests/unit/features/planner/open3d/useOpen3dWorkspaceCatalog.test.ts (5 tests) 505ms
 Γ£ô tests/unit/features/planner/open3d/persistence/memberPlanRepository.test.ts (40 tests) 50ms
 Γ£ô tests/unit/features/planner/open3d/open3dFeasibilityCanvas.test.tsx (4 tests) 584ms
     Γ£ô runs toolbar and keyboard commands  305ms
 Γ£ô tests/unit/features/planner/open3d/cleanupPhase08.test.ts (7 tests) 1438ms
     Γ£ô wires the live guest and canvas routes to the hybrid open3d workspace  1192ms
 Γ£ô tests/unit/features/planner/open3d/imageImport.test.ts (13 tests) 60ms
stderr | tests/unit/features/planner/open3d/coverageGap.test.ts > AI Advisor Actions (TDD: apply errors, preview, 
revert, layout branches) > previewSuggestionActions and revert cover layout and warn path
[advisorActions] revertLastSuggestion not fully implemented

 Γ¥» tests/unit/features/planner/open3d/coverageGap.test.ts (259 tests | 1 failed) 1116ms
     Γ£ô builds gallery with expected entry count 11ms
     Γ£ô each entry has valid SVG markup 14ms
     Γ£ô covers all theme variants 4ms
     Γ£ô covers multiple categories 1ms
     Γ£ô includes rotated entries 2ms
     Γ£ô viewBox is a valid string 3ms
     Γ£ô placeCatalogItem with all options 11ms
     Γ£ô placeCatalogItem defaults 5ms
     Γ£ô placeCatalogItem with item that has no variants 1ms
     Γ£ô clickToPlace creates correct snapshot 1ms
     Γ£ô dragToPlace creates correct snapshot 1ms
     Γ£ô apiPlace creates correct snapshot 1ms
     Γ£ô apiPlace with no overrides 0ms
     Γ£ô verifyPlacementIdentity returns true for matching 0ms
     Γ£ô verifyPlacementIdentity returns false for mismatched 1ms
     Γ£ô generates unique IDs across batch 2ms
     Γ£ô placeCatalogItemInProject preserves overrides and unrelated furniture 2ms
     Γ£ô getAll returns loaded items 7ms
     Γ£ô getById returns item or null 4ms
     Γ£ô getBySlug case-insensitive 5ms
     Γ£ô getBySku case-insensitive 4ms
     Γ£ô getByCategory returns matching items 15ms
     Γ£ô getByRoom returns matching items 7ms
     Γ£ô getByStyle returns matching items 3ms
     Γ£ô search with text query 14ms
     Γ£ô search with category filter 11ms
     Γ£ô search with room filter 5ms
     Γ£ô search with style filter 14ms
     Γ£ô search with material filter 4ms
     Γ£ô search with color filter 4ms
     Γ£ô search with dimension filter 4ms
     Γ£ô search with dimension filter depth and height 15ms
     Γ£ô search with availability filter 4ms
     Γ£ô search with sort order name-asc 7ms
     Γ£ô search with sort order name-desc 6ms
     Γ£ô search with sort order price-asc 23ms
     Γ£ô search with sort order price-desc 5ms
     Γ£ô search with sort order newest 4ms
     Γ£ô search pagination with cursor 3ms
     Γ£ô search with invalid cursor defaults to start 5ms
     Γ£ô search caches results 7ms
     Γ£ô search on empty catalog returns empty 10ms
     Γ£ô isLoaded returns correct state 3ms
     Γ£ô getSource returns loaded source 7ms
     Γ£ô invalidate clears cache and rebuilds index 6ms
     Γ£ô getById/getBySlug/getBySku return null on unloaded client 3ms
     Γ£ô exact SKU match appears in results 19ms
     Γ£ô loadFromApi rejects missing fetch and failed responses 16ms
     Γ£ô search falls back to per-item tokenization when index is empty 18ms
     Γ£ô loadDescriptorsFromLoader returns [] on client (addresses always []) without throwing 3ms
     Γ£ô search integrates resolver blocks when descriptors path taken (uses .blocks result) 3ms
     Γ£ô search supports Sketchfab parity facets (license/animated/staffPicked) per 0419 fix 7ms
     Γ£ô addRecentItem deduplicates by SKU 3ms
     Γ£ô addRecentItem enforces max count 24ms
     Γ£ô clearRecentItems empties list 1ms
     Γ£ô addFavoriteItem prevents duplicates 1ms
     Γ£ô addFavoriteItem enforces max count (evicts oldest) 87ms
     Γ£ô removeFavoriteItem removes by catalogId 56ms
     Γ£ô getFavoritesByCategory filters correctly 1ms
     Γ£ô migrateRecentItemsSchema is a no-op at current version 0ms
     Γ£ô migrateFavoritesSchema is a no-op at current version 1ms
     Γ£ô defaultInventoryPanelState returns expected shape 1ms
     Γ£ô reduceInventoryCommand handles all command types 14ms
     Γ£ô reduceInventoryCommand PLACE_ITEM returns state unchanged 1ms
     Γ£ô reduceInventoryCommand handles mode, focus, scroll, range, and announcements 4ms
     Γ£ô collections: project recents and variant-aware recents 2ms
     Γ£ô collections: add and remove recent 2ms
     Γ£ô collections: favorites add/remove/check 1ms
     Γ£ô collections: upsert and item management 1ms
     Γ£ô collections: add to nonexistent collection is no-op 0ms
     Γ£ô collections: remove from nonexistent collection is no-op 0ms
     Γ£ô INVENTORY_PANEL_CONTRACT has expected shape 0ms
     Γ£ô reduceInventoryCommand SET_SEARCH_QUERY whitespace-only keeps current mode (browse branch) 0ms
     Γ£ô addInventoryRecent frequent sorts by useCount desc then itemId then variant for ties 0ms
     Γ£ô addInventoryFavorite uses stableUnique + sort for favorites list 0ms
     Γ£ô rejects empty input 1ms
     Γ£ô rejects non-string input 0ms
     Γ£ô rejects oversized SVG 7ms
     Γ£ô rejects malformed SVG without root element 1ms
     Γ£ô rejects script elements 1ms
     Γ£ô rejects foreignObject 1ms
     Γ£ô rejects entity declarations 1ms
     Γ£ô rejects event handler attributes 1ms
     Γ£ô rejects onclick 1ms
     Γ£ô rejects href attributes 5ms
     Γ£ô rejects javascript: protocol 2ms
     Γ£ô rejects data: protocol in attributes 1ms
     Γ£ô rejects use element (external reference) 1ms
     Γ£ô rejects iframe element 1ms
     Γ£ô rejects embed element 1ms
     Γ£ô rejects object element 1ms
     Γ£ô rejects unsafe url() reference in style 0ms
     Γ£ô allows safe internal url(#id) reference 1ms
     Γ£ô passes valid SVG 1ms
     Γ£ô warns about missing namespace but still passes 1ms
     Γ£ô isSvgSafe shorthand works 1ms
     Γ£ô configuratorHeightCmFromMixedUnit with undefined 7ms
     Γ£ô configuratorHeightCmFromMixedUnit with 0 0ms
     Γ£ô configuratorHeightCmFromMixedUnit with negative 0ms
     Γ£ô configuratorHeightCmFromMixedUnit with NaN 0ms
     Γ£ô configuratorHeightCmFromMixedUnit with Infinity 0ms
     Γ£ô configuratorHeightCmFromMixedUnit with value > threshold (mm) 0ms
     Γ£ô configuratorHeightCmFromMixedUnit with value <= threshold (cm) 0ms
     Γ£ô configuratorHeightCmFromMixedUnit custom fallback 0ms
     Γ£ô displayDimensions mm format 1ms
     Γ£ô displayDimensions cm format 0ms
     Γ£ô displayDimensions m format 0ms
     Γ£ô displayDimensions in format 0ms
     Γ£ô displayDimensions ft-in format 0ms
     Γ£ô displayDimensions with zero height omits height 0ms
     Γ£ô displayFtInFromCanonicalMm formats correctly 0ms
     Γ£ô displayInFromCanonicalMm converts correctly 0ms
     Γ£ô displayMFromCanonicalMm converts correctly 0ms
     Γ£ô buildAccessibleName formats correctly 0ms
     Γ£ô renderSvgSymbol with all themes 24ms
     Γ£ô renderSvgSymbol with rotation values 1ms
     Γ£ô getCachedSvgSymbol caches and retrieves 1ms
     Γ£ô clearSvgCache empties cache 1ms
     Γ£ô getSvgSymbolDimensionAgreement returns valid viewBox 1ms
     Γ£ô generateSymbol with all known subcategories 1ms
     Γ£ô generateSymbol with unknown subcategory falls back 1ms
     Γ£ô render uses deterministic generatedAt value 1ms
     Γ£ô generates ID without crypto.randomUUID (getRandomValues fallback) 3ms
     Γ£ô generates ID when crypto exists without randomUUID or getRandomValues 1ms
     Γ£ô generates ID without crypto at all (randomSuffix fallback) 0ms
     Γ£ô search with empty query returns all filtered items 5ms
     Γ£ô search with text returns relevant items 5ms
     Γ£ô search with category filter 2ms
     Γ£ô search with room filter 18ms
     Γ£ô search with style filter 5ms
     Γ£ô search with material filter 3ms
     Γ£ô search with availability filter 2ms
     Γ£ô typo tolerance triggers on zero results with long query 53ms
     Γ£ô typo tolerance disabled 15ms
     Γ£ô minScore filters low-relevance results 26ms
     Γ£ô suggest returns matching items 2ms
     Γ£ô suggest with short query returns empty 3ms
     Γ£ô suggest returns tag matches 3ms
     Γ£ô search applies dimension range filters (min/max width/depth/height) and fuzzy prefix score path 2ms
     Γ£ô search scores exact SKU high and expands synonyms; filter handles null config + defaults 2ms
     Γ£ô mapPlannerManagedProductToCatalogItem returns null for missing id 1ms
     Γ£ô mapPlannerManagedProductToCatalogItem returns null for missing name 0ms
     Γ£ô mapPlannerManagedProductToCatalogItem returns null for zero dimensions 0ms
     Γ£ô mapPlannerManagedProductToCatalogItem succeeds with valid input 2ms
     Γ£ô mapConfiguratorProductToCatalogItem returns null for missing slug 1ms
     Γ£ô mapConfiguratorProductToCatalogItem parametric sizing 1ms
     Γ£ô mapConfiguratorProductToCatalogItem L-shape parametric 0ms
     Γ£ô mapConfiguratorProductToCatalogItem discrete sizing 0ms
     Γ£ô mapConfiguratorProductToCatalogItem defaultFootprint fallback 0ms
     Γ£ô mapConfiguratorProductToCatalogItem returns null for no dimensions 0ms
     Γ£ô resolveSubCategory extracts from series name 0ms
     Γ£ô resolveSubCategory extracts from family 0ms
     Γ£ô resolveSubCategory falls back to category matching 1ms
     Γ£ô resolveAvailabilityStatus returns discontinued for inactive 0ms
     Γ£ô resolveAvailabilityStatus returns in-stock for active 0ms
     Γ£ô migrateRecentItemsSchema upgrades old schema version 1ms
     Γ£ô migrateFavoritesSchema upgrades old schema version 0ms
     Γ£ô safeRead handles corrupted JSON gracefully 1ms
     Γ£ô safeWrite handles full localStorage gracefully 11ms
     Γ£ô maps advisor error codes (RED phase: initial) 1ms
     Γ£ô requestAdvisorChat hits rate limit, service unavailable, generic http error, and network catch 3ms
     Γ£ô requestAdvisorChat covers invalid input throws (caught), max messages, generic error, network catch 2ms
     Γ£ô requestSpaceSuggest covers validation fail + api error path + success 2ms
     Γ£ô applySuggestion (client) + validateLayout cover error branches and warnings 1ms
     Γ£ô resolveAdvisorProviderChain returns default 0ms
     Γ£ô applySuggestion and applyLayoutToProject hit no-floor, no-project, unsupported, layout validation fail 4ms
     Γ£ô previewSuggestionActions and revert cover layout and warn path 4ms
     Γ£ô applyLayoutToProject skips when no floorId 2ms
     Γ£ô convertSketchToPlan covers all validateRequest branches + idle error return 3ms
     Γ£ô convertSketchToPlan parses preview, fallback, error, unknown status + network catch 2ms
     Γ£ô convertSketchToPlanWithProgress reports states for preview and fallback 4ms
     Γ£ô sketch helpers, accept/reject, isAvailable, estimate, recovery messages 17ms
     Γ£ô catches unsafe URL in second-pass attribute scan 1ms
     Γ£ô catches vbscript protocol 0ms
     Γ£ô catches custom on-event attribute (ontouchstart) 0ms
     Γ£ô handles unquoted attribute values 0ms
     Γ£ô getCachedSvgSymbol with scale parameter 8ms
     Γ£ô getCachedSvgSymbol with invalid rotation/scale uses defaults 6ms
     Γ£ô getCachedSvgSymbol with unknown theme falls back to light 3ms
     Γ£ô cache eviction works at scale 6ms
     Γ£ô displayDimensions with unknown unit falls back to cm 1ms
     Γ£ô LRU cache evicts when at capacity 2ms
     Γ£ô gs: catalogue-first loader primary + Sketchfab facets + cursor cap + resolver wire (BP-06 / design ┬º9-10 / 0419) 2ms
     Γ£ô stale cache triggers revalidation 47ms
     Γ£ô rejects widthMm exceeding 100000 1ms
     Γ£ô rejects depthMm exceeding 100000 0ms
     Γ£ô rejects heightMm exceeding 100000 3ms
     Γ£ô rejects invalid weightKg 1ms
     Γ£ô validateAssetUrl rejects non-https URL 1ms
     Γ£ô validateAssetUrl rejects empty string 0ms
     Γ£ô validateAssetUrls validates multiple URLs 1ms
     Γ£ô configurator parametric with empty length options falls through to null 0ms
     Γ£ô configurator parametric with invalid values returns null 1ms
     Γ£ô configurator discrete with zero-area options skips them 3ms
     Γ£ô configurator with non-parametric sizingType and seatCount path 1ms
     Γ£ô handles localStorage being undefined 0ms
     Γ£ô catches blocked attribute via regex scan (xlink:href in nested element) 0ms
     Γ£ô catches formaction in the attribute regex loop 0ms
     Γ£ô second-pass catches data: protocol in quoted value 0ms
     Γ£ô second-pass catches url() with external reference in style value 0ms
     Γ£ô attribute scan catches xlink:title via matchAll loop 0ms
     Γ£ô quoted-value scan catches data protocol in single-quoted attributes 0ms
     Γ£ô attribute scan catches xlink:show through matchAll blocked-attribute path 0ms
     Γ£ô renderSvgSymbol with sofa has multiple shapes 0ms
     Γ£ô bed symbol with headboard shapes 0ms
     Γ£ô storage symbol generation 0ms
     Γ£ô plants symbol (circle shape) 1ms
     Γ£ô addFloor with copyCurrentLayout copies walls from active floor 1ms
     Γ£ô importFloorData merges stairs and columns 1ms
     Γ£ô LRU cache has() returns false for expired entries 55ms
     Γ£ô configurator non-parametric non-discrete with defaultFootprint 1ms
     Γ£ô configurator parametric with sharing=sharing doubles depth 1ms
     Γ£ô configurator with all metadata fields 26ms
     Γ£ô symbol with very small dimensions 2ms
     Γ£ô symbol with very large dimensions 1ms
     Γ£ô getCachedSvgSymbol reuses cached entry 1ms
     Γ£ô default symbol for unknown category handles edge case 1ms
     Γ£ô search exercises configurability/mounting/assetReadiness filter branches + sketchfab parity 1ms
     Γ£ô loadFromApi success normalizes envelope + items (hits map/filter/?? paths) 1ms
     Γ£ô text search hits computeRelevance tag/name/desc/fuzzy + compareNewest 1ms
     Γ£ô addInventoryRecent hits frequent useCount tie + id sort, variant null/undef handling 0ms
     Γ£ô upsert uses stableUniqueItemIds (dedupe + locale sort) 0ms
     Γ£ô placeCatalogItemInProject exercises furniture map override + variant ?? chains 1ms
     Γ£ô generatePlacementId crypto fallback path (no uuid/getRandomValues) 0ms
     Γ£ô crypto===undefined fully hits randomSuffix outer else (placement logic) 0ms
     Γ£ô placeCatalogItemInProject map/?? + variant null path 0ms
     Γ£ô addOpen3dFurniture throws catalog/scale errors 1ms
     Γ£ô addOpen3d* opening errors (wall, pos, width, length) 1ms
     ├ù projectActions duplicate add, !source dup return orig, wall delete cascade 21ms
     Γ£ô addOpen3dWall no active floor + transaction reduce + move update 3ms
     Γ£ô inspectOpen3dProject + assert cover duplicate/invalid/missing-active/missing-wall 2ms
     Γ£ô validateAssetUrl accepts all relative forms; https only after allowlist 2ms
     Γ£ô resolveAssetUrl + isAssetUrlExpired cover ?? / if paths 1ms
     Γ£ô add/getAllowedOrigins and origin match exercised 0ms
     Γ£ô displayDimensions covers cm/m/in/ft-in + mm fallback 0ms
     Γ£ô canonicalDimensionsFromCatalogCm + configuratorHeight branches + buildAccessible 0ms
     Γ£ô validateDimensions hits zero/neg/inf/weight paths 0ms
     Γ£ô oversized attr value, on* prefix, non-fragment href, poster blocked 1ms
     Γ£ô INVENTORY_CATEGORIES exports 6 categories with subCategories and stable ids 0ms
     Γ£ô INVENTORY_ROOM_GROUPS has all-rooms empty + specific room tags 1ms
     Γ£ô INVENTORY_STYLE_GROUPS provides all-styles + modern etc 1ms
     Γ£ô INVENTORY_SORT_OPTIONS and DENSITY_OPTIONS define keys used in state 1ms
     Γ£ô loadDescriptorsFromLoader returns [] immediately when window defined (client guard branch) 0ms
     Γ£ô hits dynamic startsWith('on') branch for 'blocked event attribute' message 1ms
     Γ£ô missing namespace pushes warn issue but returns safe:true + original 1ms
     Γ£ô isSvgSafe delegates and returns correct bools 0ms
     Γ£ô oversized attribute value triggers specific issue (MAX_ATTRIBUTE_BYTES) 1ms
     Γ£ô fallback produces valid render output with crosshatch, reason, aria 1ms
     Γ£ô generateSymbol normalizes non-positive dims to 1 and renders 1ms
     Γ£ô symbol using label path includes <text> in svg 2ms
     Γ£ô parseBlockDescriptor: non-object, versionMismatch, structural invalid, hashMismatch paths 14ms
     Γ£ô canonicalizeBlockDescriptorInput sorts keys recursively; compute checksum 64hex 1ms
     Γ£ô toOpen3dDescriptorErrorHttp covers kinds; freezeFresh stamps generatedAt 2ms
     Γ£ô RED-VERIFY: buildExportFilename + preflight ready/blocked/unsupported exercise slug + geometry check 2ms
   Γ£ô GREEN: updateExportJobProgress clamps + status transition + formatExportJobAnnouncement all paths + formats (TDD cycle 2) 2ms
     Γ£ô json export/import roundtrip + error paths (no floors, bad floorId, recover) 2ms
     Γ£ô importUtils detect/auto/roomplan/error + preflight unsupported/blocked 3ms
     Γ£ô upload utils: formatFileSize, validateUpload, revoke, preview (pure paths) 4ms
     Γ£ô more preflight blocked no-geometry non-json + job cancel announce 0ms
 Γ£ô tests/unit/features/planner/open3d/uploadUtils.test.ts (18 tests) 140ms
 Γ£ô tests/unit/features/planner/open3d/catalog/blocksResolver.test.ts (69 tests) 109ms
 Γ£ô tests/unit/features/planner/open3d/advisorCoverage.test.ts (9 tests) 38ms
 Γ¥» tests/unit/features/planner/open3d/domain.test.ts (16 tests | 2 failed) 83ms
     Γ£ô creates projects, rooms, and envelopes with defaults and overrides 9ms
     Γ£ô converts every supported measurement representation 3ms
     Γ£ô round-trips transforms and clamps zoom around the cursor 1ms
     Γ£ô covers suppression, endpoint, grid, zero-length, and angular snaps 1ms
     Γ£ô chooses the nearest endpoint deterministically and breaks exact ties by id then order 1ms
     Γ£ô finds commands and rejects impossible command ids at runtime 2ms
     Γ£ô executes every command and returns explicit workflow outcomes 3ms
     Γ£ô adds walls and rejects projects without an active floor 1ms
     Γ£ô adds and validates openings 2ms
     ├ù adds, rotates, moves, duplicates, updates, and deletes entities 30ms
     ├ù applies transactions and all history transitions 3ms
     Γ£ô reports every invariant class 3ms
     Γ£ô converts valid legacy rooms and rejects invalid dimensions 1ms
     Γ£ô parses a complete project and envelope 7ms
     Γ£ô rejects malformed values through every primitive parser 2ms
     Γ£ô covers parser defaults and invalid optional primitive branches 3ms
 Γ£ô tests/unit/features/planner/open3d/catalog/blockDescriptor.test.ts (36 tests) 70ms
 Γ£ô tests/unit/features/planner/open3d/svgFixtureGallery.test.ts (2 tests) 17ms
stdout | tests/unit/features/planner/open3d/svgInventory.test.ts > 03A-INV: Search Index > large inventory benchmarks > meets 10K search p95 budget under 200ms
[phase-03a-benchmark-exceed] inventory search 10K p95=161.208ms stretch=100ms

stdout | tests/unit/features/planner/open3d/svgInventory.test.ts > 03A-INV: Search Index > large inventory benchmarks > meets SVG symbol generation budget under 10ms p95
[phase-03a-benchmark-exceed] SVG symbol generation p95=0.016ms stretch=5ms

 Γ£ô tests/unit/features/planner/open3d/svgInventory.test.ts (114 tests) 4798ms
       Γ£ô meets 1K search p95 budget under 100ms  372ms
       Γ£ô meets 10K search p95 budget under 200ms  4310ms
 Γ£ô tests/unit/features/planner/open3d/jsonExport.test.ts (25 tests) 72ms
 Γ£ô tests/unit/features/planner/open3d/persistence/guestPromotion.test.ts (15 tests) 34ms
 Γ¥» tests/unit/features/planner/open3d/modelOperations.test.ts (69 tests | 1 failed) 212ms
     Γ£ô adds a wall 13ms
     Γ£ô removes a wall and cascades doors/windows 4ms
     Γ£ô updates a wall 1ms
     Γ£ô moves wall endpoints 3ms
     Γ£ô moves a wall parallel 1ms
     Γ£ô splits a wall and reassigns openings 2ms
     Γ£ô splits a wall with openings on both sides of the split point 1ms
     Γ£ô splits a wall moving a door to the new wall and keeping a window on the old wall 1ms
     Γ£ô rejects split at extremes 4ms
     Γ£ô duplicates a wall 1ms
     Γ£ô throws for missing wall 2ms
     Γ£ô adds doors with defaults 1ms
     Γ£ô removes, updates, and duplicates doors 2ms
     Γ£ô throws for missing door 1ms
     Γ£ô adds windows with defaults 1ms
     Γ£ô removes, updates, and duplicates windows 4ms
     Γ£ô throws for missing window 3ms
     Γ£ô adds, moves, rotates, scales, and duplicates furniture 13ms
     Γ£ô locks and unlocks furniture 1ms
     Γ£ô removes and updates furniture 1ms
     Γ£ô throws for missing furniture 7ms
     Γ£ô adds, moves, updates, and removes stairs 3ms
     Γ£ô throws for missing stair 1ms
     Γ£ô adds, moves, updates, and removes columns 4ms
     Γ£ô adds square columns 5ms
     Γ£ô throws for missing column 2ms
     Γ£ô removes any element by id with cascade for walls 2ms
     Γ£ô adds a floor and sets it active 2ms
     Γ£ô copies current floor layout 1ms
     Γ£ô removes a floor and switches active 2ms
     Γ£ô removes a non-active floor without changing active 4ms
     Γ£ô rejects removing the only floor 1ms
     Γ£ô sets active floor 2ms
     Γ£ô updates project name and display unit 2ms
     Γ£ô adds, moves, and removes guides 1ms
     Γ£ô throws for missing guide 3ms
     Γ£ô adds and removes measurements 1ms
     Γ£ô adds, updates, and removes annotations 2ms
     Γ£ô throws for missing annotation 1ms
     Γ£ô adds, updates, moves, and removes text annotations 2ms
     Γ£ô throws for missing text annotation 1ms
     Γ£ô sets and updates background image 1ms
     Γ£ô throws updating non-existent background image 1ms
     Γ£ô creates and removes groups 3ms
     Γ£ô rejects groups with fewer than 2 elements 1ms
     Γ£ô ungroups by element ids 1ms
     Γ£ô createGroup filters out groups that become too small 1ms
     Γ£ô updates a room 3ms
     Γ£ô throws for missing room 1ms
     Γ£ô imports floor data into active floor 7ms
     Γ£ô imports floor with stairs and columns into active floor 6ms
     ├ù throws when active floor is missing 35ms
     Γ£ô does not mutate the original project 1ms
     Γ£ô updates timestamp on every mutating action 1ms
     Γ£ô creates initial state 2ms
     Γ£ô pushes and undoes 2ms
     Γ£ô redoes 2ms
     Γ£ô clears future on new push 1ms
     Γ£ô truncates past at maxHistory 1ms
     Γ£ô updates present without pushing 1ms
     Γ£ô jumps to history index 2ms
     Γ£ô returns history entries 8ms
     Γ£ô no-op on undo/redo when not available 1ms
     Γ£ô validates envelopes 1ms
     Γ£ô creates envelope v1 0ms
     Γ£ô migrates through registered migrations 1ms
     Γ£ô fails when no migration path 1ms
     Γ£ô fails when migration throws 0ms
     Γ£ô returns registered migrations 0ms
 Γ¥» tests/unit/features/planner/open3d/workspaceShell.test.tsx (19 tests | 2 failed) 2828ms
     Γ£ô creates a project, dispatches actions, and supports undo/redo 58ms
     Γ£ô updates selection and applies direct project updates 7ms
     Γ£ô draws a wall when the segment exceeds the minimum length 50ms
     Γ£ô docks, undocks, collapses, moves, resizes, and persists layout 25ms
     Γ£ô restores layout from localStorage on mount 3ms
     Γ£ô fires view, unit, export, and import callbacks and shows save status 161ms
     Γ£ô handles dock, undock, minimize, close, resize, and focus 43ms
     ├ù searches sample inventory and selects an item 1079ms
     Γ£ô shows empty state and wall properties for a selection 45ms
     Γ£ô renders panels, status bar, and toolbar actions  1176ms
       Γ£ô maps shortcut keys to tools 1ms
       Γ£ô handleWallClick returns result for door and window modes (exercises placement branches) 14ms
       ├ù edit modes, update/delete and get* cover edit branches 13ms
       Γ£ô cancel from placing resets state 4ms
       Γ£ô detects small viewport tier and handles mobile activePanel logic 3ms
       Γ£ô reset and full cycle covers default restore branches 29ms
       Γ£ô renders door and furniture properties (covers render* branches) 47ms
       Γ£ô hides persist actions for guest accessContext 6ms
     Γ£ô renders loading then workspace shell for guest (covers hydration + shell wiring) 46ms
 Γ£ô tests/unit/features/planner/open3d/persistence/persistenceErrors.test.ts (85 tests) 36ms
 Γ£ô tests/unit/features/planner/open3d/donorParity.test.ts (4 tests) 16ms
 Γ£ô tests/unit/features/planner/open3d/persistence/persistence.test.ts (9 tests) 43ms
 Γ£ô tests/unit/features/planner/open3d/persistence/permissions.test.ts (40 tests) 47ms
stderr | tests/unit/features/planner/open3d/exportOptionalDeps.test.ts > export optional dependency failures > returns 
null when jspdf and dxf-writer cannot be loaded
jspdf not available for PDF export

stderr | tests/unit/features/planner/open3d/exportOptionalDeps.test.ts > export optional dependency failures > returns 
null when jspdf and dxf-writer cannot be loaded
dxf-writer not available for DXF export

 Γ£ô tests/unit/features/planner/open3d/exportOptionalDeps.test.ts (1 test) 17ms
 Γ£ô tests/unit/features/planner/open3d/catalog.test.ts (189 tests) 301ms
 Γ£ô tests/unit/features/planner/open3d/aiAdvisor.test.ts (21 tests) 18ms
 Γ£ô tests/unit/features/planner/open3d/plannerDocumentBridge.test.ts (14 tests) 22ms
 Γ£ô tests/unit/features/planner/open3d/feasibility.test.ts (5 tests) 14ms
 Γ£ô tests/unit/features/planner/open3d/open3dSession.test.ts (1 test) 10ms
stdout | tests/unit/features/planner/open3d/persistence/phase04Perf.test.ts > Phase 04 persistence performance budgets > permission gate check p95 under 1ms
[phase-04-benchmark] permission gate p95=0.001ms budget=1ms

stdout | tests/unit/features/planner/open3d/persistence/phase04Perf.test.ts > Phase 04 persistence performance budgets > member document load p95 under 500ms with mocked API
[phase-04-benchmark] member load p95=0.005ms budget=500ms

stdout | tests/unit/features/planner/open3d/persistence/phase04Perf.test.ts > Phase 04 persistence performance budgets > member cloud save p95 under 2s with mocked API
[phase-04-benchmark] member save p95=0.007ms budget=2000ms

stdout | tests/unit/features/planner/open3d/persistence/phase04Perf.test.ts > Phase 04 persistence performance budgets > guest-to-member promotion save p95 under 2s with mocked repository
[phase-04-benchmark] promotion save p95=0.006ms budget=2000ms

 Γ£ô tests/unit/features/planner/open3d/persistence/phase04Perf.test.ts (4 tests) 18ms
 Γ£ô tests/unit/features/planner/open3d/workspaceStatusLabels.test.ts (6 tests) 8ms
 Γ£ô tests/unit/features/planner/open3d/routesCoverage.test.tsx (6 tests) 281ms

ΓÄ»ΓÄ»ΓÄ»ΓÄ»ΓÄ»ΓÄ» Failed Tests 10 ΓÄ»ΓÄ»ΓÄ»ΓÄ»ΓÄ»ΓÄ»ΓÄ»

 FAIL  tests/unit/features/planner/open3d/coverageGap.test.ts > Model Actions + Invariants error paths + map (TDD for 
model/actions/* uncovered) > projectActions duplicate add, !source dup return orig, wall delete cascade
Error: Entity id "absent" not found in furniture.
 Γ¥» applyOpen3dProjectAction features/planner/open3d/model/actions/projectActions.ts:91:24
     89|     }
     90|     const source = collection.find((entity) => entity.id === action.idΓÇª
     91|     if (!source) throw new Error(`Entity id "${action.id}" not found iΓÇª
       |                        ^
     92|     nextCollection = [...collection, { ...source, id: action.newId }];
     93|   }
 Γ¥» tests/unit/features/planner/open3d/coverageGap.test.ts:2533:20

ΓÄ»ΓÄ»ΓÄ»ΓÄ»ΓÄ»ΓÄ»ΓÄ»ΓÄ»ΓÄ»ΓÄ»ΓÄ»ΓÄ»ΓÄ»ΓÄ»ΓÄ»ΓÄ»ΓÄ»ΓÄ»ΓÄ»ΓÄ»ΓÄ»ΓÄ»ΓÄ»[1/10]ΓÄ»

 FAIL  tests/unit/features/planner/open3d/domain.test.ts > operations, invariants, and history > adds, rotates, moves, 
duplicates, updates, and deletes entities
Error: Entity id "absent" not found in furniture.
 Γ¥» applyOpen3dProjectAction features/planner/open3d/model/actions/projectActions.ts:91:24
     89|     }
     90|     const source = collection.find((entity) => entity.id === action.idΓÇª
     91|     if (!source) throw new Error(`Entity id "${action.id}" not found iΓÇª
       |                        ^
     92|     nextCollection = [...collection, { ...source, id: action.newId }];
     93|   }
 Γ¥» tests/unit/features/planner/open3d/domain.test.ts:217:12

ΓÄ»ΓÄ»ΓÄ»ΓÄ»ΓÄ»ΓÄ»ΓÄ»ΓÄ»ΓÄ»ΓÄ»ΓÄ»ΓÄ»ΓÄ»ΓÄ»ΓÄ»ΓÄ»ΓÄ»ΓÄ»ΓÄ»ΓÄ»ΓÄ»ΓÄ»ΓÄ»[2/10]ΓÄ»

 FAIL  tests/unit/features/planner/open3d/domain.test.ts > operations, invariants, and history > applies transactions 
and all history transitions
Error: Entity id "absent" not found in furniture.
 Γ¥» applyOpen3dProjectAction features/planner/open3d/model/actions/projectActions.ts:91:24
     89|     }
     90|     const source = collection.find((entity) => entity.id === action.idΓÇª
     91|     if (!source) throw new Error(`Entity id "${action.id}" not found iΓÇª
       |                        ^
     92|     nextCollection = [...collection, { ...source, id: action.newId }];
     93|   }
 Γ¥» features/planner/open3d/model/actions/projectActions.ts:120:26
 Γ¥» applyOpen3dProjectTransaction features/planner/open3d/model/actions/projectActions.ts:119:18
 Γ¥» dispatchOpen3dTransaction features/planner/open3d/store/history.ts:21:16
 Γ¥» tests/unit/features/planner/open3d/domain.test.ts:243:12

ΓÄ»ΓÄ»ΓÄ»ΓÄ»ΓÄ»ΓÄ»ΓÄ»ΓÄ»ΓÄ»ΓÄ»ΓÄ»ΓÄ»ΓÄ»ΓÄ»ΓÄ»ΓÄ»ΓÄ»ΓÄ»ΓÄ»ΓÄ»ΓÄ»ΓÄ»ΓÄ»[3/10]ΓÄ»

 FAIL  tests/unit/features/planner/open3d/doorWindowPlacement.test.ts > useDoorWindowPlacement TDD full (placement, 
edit, update) > update/delete fns return transformed projects
Error: Window x not found
 Γ¥» updateWindow features/planner/open3d/model/operations/pureActions.ts:332:19
    330|   const floor = getActiveFloor(p);
    331|   const win = floor.windows.find((w) => w.id === id);
    332|   if (!win) throw new Error(`Window ${id} not found`);
       |                   ^
    333|   Object.assign(win, updates);
    334|   return {
 Γ¥» Object.updateWindowProperties features/planner/open3d/editor/useDoorWindowPlacement.ts:106:14
 Γ¥» tests/unit/features/planner/open3d/doorWindowPlacement.test.ts:135:27

ΓÄ»ΓÄ»ΓÄ»ΓÄ»ΓÄ»ΓÄ»ΓÄ»ΓÄ»ΓÄ»ΓÄ»ΓÄ»ΓÄ»ΓÄ»ΓÄ»ΓÄ»ΓÄ»ΓÄ»ΓÄ»ΓÄ»ΓÄ»ΓÄ»ΓÄ»ΓÄ»[4/10]ΓÄ»

 FAIL  tests/unit/features/planner/open3d/modelOperations.test.ts > pureActions ├óΓé¼ΓÇ¥ import floor > throws when 
active floor is missing
AssertionError: expected [Function] to throw error including 'Active floor not found' but got 'No active floor in 
project'

Expected: "Active floor not found"
Received: "No active floor in project"

 Γ¥» tests/unit/features/planner/open3d/modelOperations.test.ts:592:76
    590|     const badProject = { ...p, activeFloorId: "missing" };
    591|     const importedFloor = createOpen3dProject({ idFactory: ids("imp-flΓÇª
    592|     expect(() => importFloorIntoCurrentProject(badProject, importedFloΓÇª
       |                                                                            ^
    593|   });
    594| });

ΓÄ»ΓÄ»ΓÄ»ΓÄ»ΓÄ»ΓÄ»ΓÄ»ΓÄ»ΓÄ»ΓÄ»ΓÄ»ΓÄ»ΓÄ»ΓÄ»ΓÄ»ΓÄ»ΓÄ»ΓÄ»ΓÄ»ΓÄ»ΓÄ»ΓÄ»ΓÄ»[5/10]ΓÄ»

 FAIL  tests/unit/features/planner/open3d/threeViewerInner.test.tsx > ThreeViewerInner > shows loading state then 
mounts the WebGL container
AssertionError: expected null to be truthy

- Expected:
true

+ Received:
null

 Γ¥» tests/unit/features/planner/open3d/threeViewerInner.test.tsx:122:72
    120|     });
    121|
    122|     expect(container.querySelector("div[style*='min-height: 400px']"))ΓÇª
       |                                                                        ^
    123|   });
    124|

ΓÄ»ΓÄ»ΓÄ»ΓÄ»ΓÄ»ΓÄ»ΓÄ»ΓÄ»ΓÄ»ΓÄ»ΓÄ»ΓÄ»ΓÄ»ΓÄ»ΓÄ»ΓÄ»ΓÄ»ΓÄ»ΓÄ»ΓÄ»ΓÄ»ΓÄ»ΓÄ»[6/10]ΓÄ»

 FAIL  tests/unit/features/planner/open3d/workspaceShell.test.tsx > InventoryPanel > searches sample inventory and 
selects an item
TestingLibraryElementError: Unable to find role="option" and name `/Executive Standing Desk, 1\.6m/i`

Ignored nodes: comments, script, style
[36m<body>[39m
  [36m<div>[39m
    [36m<div[39m
      [33maria-label[39m=[32m"Inventory panel"[39m
      [33mclass[39m=[32m"_panel_ae4f14"[39m
      [33mid[39m=[32m"inventory-panel-_r_0_"[39m
      [33mrole[39m=[32m"region"[39m
      [33mtabindex[39m=[32m"0"[39m
    [36m>[39m
      [36m<div[39m
        [33mclass[39m=[32m"_searchSection_ae4f14"[39m
      [36m>[39m
        [36m<div[39m
          [33mclass[39m=[32m"_searchWrapper_ae4f14"[39m
        [36m>[39m
          [36m<svg[39m
            [33mclass[39m=[32m"_searchIcon_ae4f14"[39m
            [33mfill[39m=[32m"none"[39m
            [33mheight[39m=[32m"16"[39m
            [33mstroke[39m=[32m"currentColor"[39m
            [33mstroke-linecap[39m=[32m"round"[39m
            [33mstroke-linejoin[39m=[32m"round"[39m
            [33mstroke-width[39m=[32m"2"[39m
            [33mviewBox[39m=[32m"0 0 24 24"[39m
            [33mwidth[39m=[32m"16"[39m
          [36m>[39m
            [36m<circle[39m
              [33mcx[39m=[32m"11"[39m
              [33mcy[39m=[32m"11"[39m
              [33mr[39m=[32m"8"[39m
            [36m/>[39m
            [36m<path[39m
              [33md[39m=[32m"m21 21-4.35-4.35"[39m
            [36m/>[39m
          [36m</svg>[39m
          [36m<input[39m
            [33maria-label[39m=[32m"Search inventory"[39m
            [33mclass[39m=[32m"_searchInput_ae4f14"[39m
            [33mplaceholder[39m=[32m"Search furniture..."[39m
            [33mtype[39m=[32m"search"[39m
            [33mvalue[39m=[32m""[39m
          [36m/>[39m
        [36m</div>[39m
      [36m</div>[39m
      [36m<div[39m
        [33mclass[39m=[32m"_quickFilters_ae4f14"[39m
      [36m>[39m
        [36m<button[39m
          [33maria-pressed[39m=[32m"false"[39m
          [33mclass[39m=[32m"_filterChip_ae4f14 "[39m
          [33mtype[39m=[32m"button"[39m
        [36m>[39m
          [36m<span[39m
            [33mclass[39m=[32m"_filterChipIcon_ae4f14"[39m
          [36m>[39m
            [0m≡ƒÅá[0m
          [36m</span>[39m
          [36m<span[39m
            [33mclass[39m=[32m"_filterChipLabel_ae4f14"[39m
          [36m>[39m
            [0mAll Rooms[0m
          [36m</span>[39m
        [36m</button>[39m
        [36m<button[39m
          [33maria-pressed[39m=[32m"false"[39m
          [33mclass[39m=[32m"_filterChip_ae4f14 "[39m
          [33mtype[39m=[32m"button"[39m
        [36m>[39m
          [36m<span[39m
            [33mclass[39m=[32m"_filterChipIcon_ae4f14"[39m
          [36m>[39m
            [0m≡ƒ¢ï∩╕Å[0m
          [36m</span>[39m
          [36m<span[39m
            [33mclass[39m=[32m"_filterChipLabel_ae4f14"[39m
          [36m>[39m
            [0mLiving Room[0m
          [36m</span>[39m
        [36m</button>[39m
        [36m<button[39m
          [33maria-pressed[39m=[32m"false"[39m
          [33mclass[39m=[32m"_filterChip_ae4f14 "[39m
          [33mtype[39m=[32m"button"[39m
        [36m>[39m
          [36m<span[39m
            [33mclass[39m=[32m"_filterChipIcon_ae4f14"[39m
          [36m>[39m
            [0m≡ƒ¢Å∩╕Å[0m
          [36m</span>[39m
          [36m<span[39m
            [33mclass[39m=[32m"_filterChipLabel_ae4f14"[39m
          [36m>[39m
            [0mBedroom[0m
          [36m</span>[39m
        [36m</button>[39m
        [36m<button[39m
          [33maria-pressed[39m=[32m"false"[39m
          [33mclass[39m=[32m"_filterChip_ae4f14 "[39m
          [33mtype[39m=[32m"button"[39m
        [36m>[39m
          [36m<span[39m
            [33mclass[39m=[32m"_filterChipIcon_ae4f14"[39m
          [36m>[39m
            [0m≡ƒì│[0m
          [36m</span>[39m
          [36m<span[39m
            [33mclass[39m=[32m"_filterChipLabel_ae4f14"[39m
          [36m>[39m
            [0mKitchen[0m
          [36m</span>[39m
        [36m</button>[39m
        [36m<button[39m
          [33maria-pressed[39m=[32m"false"[39m
          [33mclass[39m=[32m"_filterChip_ae4f14 "[39m
          [33mtype[39m=[32m"button"[39m
        [36m>[39m
          [36m<span[39m
            [33mclass[39m=[32m"_filterChipIcon_ae4f14"[39m
          [36m>[39m
            [0m≡ƒÜ┐[0m
          [36m</span>[39m
          [36m<span[39m
            [33mclass[39m=[32m"_filterChipLabel_ae4f14"[39m
          [36m>[39m
            [0mBathroom[0m
          [36m</span>[39m
        [36m</button>[39m
      [36m</div>[39m
      [36m<div[39m
        [33mclass[39m=[32m"_categoriesSection_ae4f14"[39m
      [36m>[39m
        [36m<div[39m
          [33mclass[39m=[32m"_sectionHeader_ae4f14"[39m
        [36m>[39m
          [36m<span[39m
            [33mclass[39m=[32m"_sectionTitle_ae4f14"[39m
          [36m>[39m
            [0mCategories[0m
          [36m</span>[39m
        [36m</div>[39m
        [36m<nav[39m
          [33maria-label[39m=[32m"Inventory categories"[39m
          [33mclass[39m=[32m"_categoryList_ae4f14"[39m
        [36m>[39m
          [36m<div[39m
            [33mclass[39m=[32m"_categoryItem_ae4f14"[39m
          [36m>[39m
            [36m<button[39m
              [33maria-expanded[39m=[32m"true"[39m
              [33maria-pressed[39m=[32m"false"[39m
              [33mclass[39m=[32m"_categoryButton_ae4f14 "[39m
              [33mtype[39m=[32m"button"[39m
            [36m>[39m
              [36m<span[39m
                [33mclass[39m=[32m"_categoryIcon_ae4f14"[39m
              [36m>[39m
                [0m≡ƒ¬æ[0m
              [36m</span>[39m
              [36m<span[39m
                [33mclass[39m=[32m"_categoryLabel_ae4f14"[39m
              [36m>[39m
                [0mFurniture[0m
              [36m</span>[39m
              [36m<span[39m
                [33mclass[39m=[32m"_categoryChevron_ae4f14 _categoryChevronOpen_ae4f14"[39m
              [36m>[39m
                [36m<svg[39m
                  [33mfill[39m=[32m"none"[39m
                  [33mheight[39m=[32m"12"[39m
                  [33mstroke[39m=[32m"currentColor"[39m
                  [33mstroke-linecap[39m=[32m"round"[39m
                  [33mstroke-linejoin[39m=[32m"round"[39m
                  [33mstroke-width[39m=[32m"2"[39m
                  [33mviewBox[39m=[32m"0 0 24 24"[39m
                  [33mwidth[39m=[32m"12"[39m
                [36m>[39m
                  [36m<path[39m
                    [33md[39m=[32m"m6 9 6 6 6-6"[39m
                  [36m/>[39m
                [36m</svg>[39m
              [36m</span>[39m
            [36m</button>[39m
            [36m<div[39m
              [33mclass[39m=[32m"_subCategoryList_ae4f14"[39m
            [36m>[39m
              [36m<button[39m
                [33maria-pressed[39m=[32m"false"[39m
                [33mclass[39m=[32m"_subCategoryButton_ae4f14 "[39m
                [33mtype[39m=[32m"button"[39m
              [36m>[39m
                [0mSofas & Sectionals[0m
              [36m</button>[39m
              [36m<button[39m
                [33maria-pressed[39m=[32m"false"[39m
                [33mclass[39m=[32m"_subCategoryButton_ae4f14 "[39m
                [33mtype[39m=[32m"button"[39m
              [36m>[39m
                [0mChairs[0m
              [36m</button>[39m
              [36m<button[39m
                [33maria-pressed[39m=[32m"false"[39m
                [33mclass[39m=[32m"_subCategoryButton_ae4f14 "[39m
                [33mtype[39m=[32m"button"[39m
              [36m>[39m
                [0mTables[0m
              [36m</button>[39m
              [36m<button[39m
                [33maria-pressed[39m=[32m"false"[39m
                [33mclass[39m=[32m"_subCategoryButton_ae4f14 "[39m
                [33mtype[39m=[32m"button"[39m
              [36m>[39m
                [0mDesks & Workstations[0m
              [36m</button>[39m
              [36m<button[39m
                [33maria-pressed[39m=[32m"false"[39m
                [33mclass[39m=[32m"_subCategoryButton_ae4f14 "[39m
                [33mtype[39m=[32m"button"[39m
              [36m>[39m
                [0mStorage[0m
              [36m</button>[39m
              [36m<button[39m
                [33maria-pressed[39m=[32m"false"[39m
                [33mclass[39m=[32m"_subCategoryButton_ae4f14 "[39m
                [33mtype[39m=[32m"button"[39m
              [36m>[39m
                [0mBeds[0m
              [36m</button>[39m
            [36m</div>[39m
          [36m</div>[39m
          [36m<div[39m
            [33mclass[39m=[32m"_categoryItem_ae4f14"[39m
          [36m>[39m
            [36m<button[39m
              [33maria-expanded[39m=[32m"false"[39m
              [33maria-pressed[39m=[32m"false"[39m
              [33mclass[39m=[32m"_categoryButton_ae4f14 "[39m
              [33mtype[39m=[32m"button"[39m
            [36m>[39m
              [36m<span[39m
                [33mclass[39m=[32m"_categoryIcon_ae4f14"[39m
              [36m>[39m
                [0m≡ƒÆí[0m
              [36m</span>[39m
              [36m<span[39m
                [33mclass[39m=[32m"_categoryLabel_ae4f14"[39m
              [36m>[39m
                [0mLighting[0m
              [36m</span>[39m
              [36m<span[39m
                [33mclass[39m=[32m"_categoryChevron_ae4f14 "[39m
              [36m>[39m
                [36m<svg[39m
                  [33mfill[39m=[32m"none"[39m
                  [33mheight[39m=[32m"12"[39m
                  [33mstroke[39m=[32m"currentColor"[39m
                  [33mstroke-linecap[39m=[32m"round"[39m
                  [33mstroke-linejoin[39m=[32m"round"[39m
                  [33mstroke-width[39m=[32m"2"[39m
                  [33mviewBox[39m=[32m"0 0 24 24"[39m
                  [33mwidth[39m=[32m"12"[39m
                [36m>[39m
                  [36m<path[39m
                    [33md[39m=[32m"m6 9 6 6 6-6"[39m
                  [36m/>[39m
                [36m</svg>[39m
              [36m</span>[39m
            [36m</button>[39m
          [36m</div>[39m
          [36m<div[39m
            [33mclass[39m=[32m"_categoryItem_ae4f14"[39m
          [36m>[39m
            [36m<button[39m
              [33maria-expanded[39m=[32m"false"[39m
              [33maria-pressed[39m=[32m"false"[39m
              [33mclass[39m=[32m"_categoryButton_ae4f14 "[39m
              [33mtype[39m=[32m"button"[39m
            [36m>[39m
              [36m<span[39m
                [33mclass[39m=[32m"_categoryIcon_ae4f14"[39m
              [36m>[39m
                [0m≡ƒû╝∩╕Å[0m
              [36m</span>[39m
              [36m<span[39m
                [33mclass[39m=[32m"_categoryLabel_ae4f14"[39m
              [36m>[39m
                [0mDecor[0m
              [36m</span>[39m
              [36m<span[39m
                [33mclass[39m=[32m"_categoryChevron_ae4f14 "[39m
              [36m>[39m
                [36m<svg[39m
                  [33mfill[39m=[32m"none"[39m
                  [33mheight[39m=[32m"12"[39m
                  [33mstroke[39m=[32m"currentColor"[39m
                  [33mstroke-linecap[39m=[32m"round"[39m
                  [33mstroke-linejoin[39m=[32m"round"[39m
                  [33mstroke-width[39m=[32m"2"[39m
                  [33mviewBox[39m=[32m"0 0 24 24"[39m
                  [33mwidth[39m=[32m"12"[39m
                [36m>[39m
                  [36m<path[39m
                    [33md[39m=[32m"m6 9 6 6 6-6"[39m
                  [36m/>[39m
                [36m</svg>[39m
              [36m</span>[39m
            [36m</button>[39m
          [36m</div>[39m
          [36m<div[39m
            [33mclass[39m=[32m"_categoryItem_ae4f14"[39m
          [36m>[39m
            [36m<button[39m
              [33maria-expanded[39m=[32m"false"[39m
              [33maria-pressed[39m=[32m"false"[39m
              [33mclass[39m=[32m"_categoryButton_ae4f14 "[39m
              [33mtype[39m=[32m"button"[39m
            [36m>[39m
              [36m<span[39m
                [33mclass[39m=[32m"_categoryIcon_ae4f14"[39m
              [36m>[39m
                [0m≡ƒî┐[0m
              [36m</span>[39m
              [36m<span[39m
                [33mclass[39m=[32m"_categoryLabel_ae4f14"[39m
              [36m>[39m
                [0mOutdoor[0m
              [36m</span>[39m
              [36m<span[39m
                [33mclass[39m=[32m"_categoryChevron_ae4f14 "[39m
              [36m>[39m
                [36m<svg[39m
                  [33mfill[39m=[32m"none"[39m
                  [33mheight[39m=[32m"12"[39m
                  [33mstroke[39m=[32m"currentColor"[39m
                  [33mstroke-linecap[39m=[32m"round"[39m
                  [33mstroke-linejoin[39m=[32m"round"[39m
                  [33mstroke-width[39m=[32m"2"[39m
                  [33mviewBox[39m=[32m"0 0 24 24"[39m
                  [33mwidth[39m=[32m"12"[39m
                [36m>[39m
                  [36m<path[39m
                    [33md[39m=[32m"m6 9 6 6 6-6"[39m
                  [36m/>[39m
                [36m</svg>[39m
              [36m</span>[39m
            [36m</button>[39m
          [36m</div>[39m
          [36m<div[39m
            [33mclass[39m=[32m"_categoryItem_ae4f14"[39m
          [36m>[39m
            [36m<button[39m
              [33maria-expanded[39m=[32m"false"[39m
              [33maria-pressed[39m=[32m"false"[39m
              [33mclass[39m=[32m"_categoryButton_ae4f14 "[39m
              [33mtype[39m=[32m"button"[39m
            [36m>[39m
              [36m<span[39m
                [33mclass[39m=[32m"_categoryIcon_ae4f14"[39m
              [36m>[39m
                [0m≡ƒì╜∩╕Å[0m
              [36m</span>[39m
              [36m<span[39m
                [33mclass[39m=[32m"_categoryLabel_ae4f14"[39m
              [36m>[39m
                [0mKitchen & Dining[0m
              [36m</span>[39m
              [36m<span[39m
                [33mclass[39m=[32m"_categoryChevron_ae4f14 "[39m
              [36m>[39m
                [36m<svg[39m
                  [33mfill[39m=[32m"none"[39m
                  [33mheight[39m=[32m"12"[39m
                  [33mstroke[39m=[32m"currentColor"[39m
                  [33mstroke-linecap[39m=[32m"round"[39m
                  [33mstroke-linejoin[39m=[32m"round"[39m
                  [33mstroke-width[39m=[32m"2"[39m
                  [33mviewBox[39m=[32m"0 0 24 24"[39m
                  [33mwidth[39m=[32m"12"[39m
                [36m>[39m
                  [36m<path[39m
                    [33md[39m=[32m"m6 9 6 6 6-6"[39m
                  [36m/>[39m
                [36m</svg>[39m
              [36m</span>[39m
            [36m</button>[39m
          [36m</div>[39m
          [36m<div[39m
            [33mclass[39m=[32m"_categoryItem_ae4f14"[39m
          [36m>[39m
            [36m<button[39m
              [33maria-expanded[39m=[32m"false"[39m
              [33maria-pressed[39m=[32m"false"[39m
              [33mclass[39m=[32m"_categoryButton_ae4f14 "[39m
              [33mtype[39m=[32m"button"[39m
            [36m>[39m
              [36m<span[39m
                [33mclass[39m=[32m"_categoryIcon_ae4f14"[39m
              [36m>[39m
                [0m≡ƒôÉ[0m
              [36m</span>[39m
              [36m<span[39m
                [33mclass[39m=[32m"_categoryLabel_ae4f14"[39m
              [36m>[39m
                [0mSymbols[0m
              [36m</span>[39m
              [36m<span[39m
                [33mclass[39m=[32m"_categoryChevron_ae4f14 "[39m
              [36m>[39m
                [36m<svg[39m
                  [33mfill[39m=[32m"none"[39m
                  [33mheight[39m=[32m"12"[39m
                  [33mstroke[39m=[32m"currentColor"[39m
                  [33mstroke-linecap[39m=[32m"round"[39m
                  [33mstroke-linejoin[39m=[32m"round"[39m
                  [33mstroke-width[39m=[32m"2"[39m
                  [33mviewBox[39m=[32m"0 0 24 24"[39m
                  [33mwidth[39m=[32m"12"[39m
                [36m>[39m
                  [36m<path[39m
                    [33md[39m=[32m"m6 9 6 6 6-6"[39m
                  [36m/>[39m
                [36m</svg>[39m
              [36m</span>[39m
            [36m</button>[39m
          [36m</div>[39m
        [36m</nav>[39m
      [36m</div>[39m
      [36m<div[39m
        [33mclass[39m=[32m"_resultsInfo_ae4f14"[39m
      [36m>[39m
        [36m<span[39m
          [33mclass[39m=[32m"_resultsCount_ae4f14"[39m
        [36m>[39m
          [0m0[0m
          [0m item[0m
          [0ms[0m
        [36m</span>[39m
      [36m</div>[39m
      [36m<div[39m
        [33mclass[39m=[32m"_emptyState_ae4f14"[39m
      [36m>[39m
        [36m<div[39m
          [33mclass[39m=[32m"_emptyIcon_ae4f14"[39m
        [36m>[39m
          [36m<svg[39m
            [33mfill[39m=[32m"none"[39m
            [33mheight[39m=[32m"48"[39m
            [33mstroke[39m=[32m"currentColor"[39m
            [33mstroke-linecap[39m=[32m"round"[39m
            [33mstroke-linejoin[39m=[32m"round"[39m
            [33mstroke-width[39m=[32m"1.5"[39m
            [33mviewBox[39m=[32m"0 0 24 24"[39m
            [33mwidth[39m=[32m"48"[39m
          [36m>[39m
            [36m<path[39m
              [33md[39m=[32m"M21 21-10.5 10.5M21 21-10.5-10.5M21 21-18-18M3 3l18 18M3 21l18-18"[39m
            [36m/>[39m
          [36m</svg>[39m
        [36m</div>[39m
        [36m<p[39m
          [33mclass[39m=[32m"_emptyText_ae4f14"[39m
        [36m>[39m
          [0mNo items found[0m
        [36m</p>[39m
      [36m</div>[39m
    [36m</div>[39m
  [36m</div>[39m
[36m</body>[39m

Ignored nodes: comments, script, style
[36m<body>[39m
  [36m<div>[39m
    [36m<div[39m
      [33maria-label[39m=[32m"Inventory panel"[39m
      [33mclass[39m=[32m"_panel_ae4f14"[39m
      [33mid[39m=[32m"inventory-panel-_r_0_"[39m
      [33mrole[39m=[32m"region"[39m
      [33mtabindex[39m=[32m"0"[39m
    [36m>[39m
      [36m<div[39m
        [33mclass[39m=[32m"_searchSection_ae4f14"[39m
      [36m>[39m
        [36m<div[39m
          [33mclass[39m=[32m"_searchWrapper_ae4f14"[39m
        [36m>[39m
          [36m<svg[39m
            [33mclass[39m=[32m"_searchIcon_ae4f14"[39m
            [33mfill[39m=[32m"none"[39m
            [33mheight[39m=[32m"16"[39m
            [33mstroke[39m=[32m"currentColor"[39m
            [33mstroke-linecap[39m=[32m"round"[39m
            [33mstroke-linejoin[39m=[32m"round"[39m
            [33mstroke-width[39m=[32m"2"[39m
            [33mviewBox[39m=[32m"0 0 24 24"[39m
            [33mwidth[39m=[32m"16"[39m
          [36m>[39m
            [36m<circle[39m
              [33mcx[39m=[32m"11"[39m
              [33mcy[39m=[32m"11"[39m
              [33mr[39m=[32m"8"[39m
            [36m/>[39m
            [36m<path[39m
              [33md[39m=[32m"m21 21-4.35-4.35"[39m
            [36m/>[39m
          [36m</svg>[39m
          [36m<input[39m
            [33maria-label[39m=[32m"Search inventory"[39m
            [33mclass[39m=[32m"_searchInput_ae4f14"[39m
            [33mplaceholder[39m=[32m"Search furniture..."[39m
            [33mtype[39m=[32m"search"[39m
            [33mvalue[39m=[32m""[39m
          [36m/>[39m
        [36m</div>[39m
      [36m</div>[39m
      [36m<div[39m
        [33mclass[39m=[32m"_quickFilters_ae4f14"[39m
      [36m>[39m
        [36m<button[39m
          [33maria-pressed[39m=[32m"false"[39m
          [33mclass[39m=[32m"_filterChip_ae4f14 "[39m
          [33mtype[39m=[32m"button"[39m
        [36m>[39m
          [36m<span[39m
            [33mclass[39m=[32m"_filterChipIcon_ae4f14"[39m
          [36m>[39m
            [0m≡ƒÅá[0m
          [36m</span>[39m
          [36m<span[39m
            [33mclass[39m=[32m"_filterChipLabel_ae4f14"[39m
          [36m>[39m
            [0mAll Rooms[0m
          [36m</span>[39m
        [36m</button>[39m
        [36m<button[39m
          [33maria-pressed[39m=[32m"false"[39m
          [33mclass[39m=[32m"_filterChip_ae4f14 "[39m
          [33mtype[39m=[32m"button"[39m
        [36m>[39m
          [36m<span[39m
            [33mclass[39m=[32m"_filterChipIcon_ae4f14"[39m
          [36m>[39m
            [0m≡ƒ¢ï∩╕Å[0m
          [36m</span>[39m
          [36m<span[39m
            [33mclass[39m=[32m"_filterChipLabel_ae4f14"[39m
          [36m>[39m
            [0mLiving Room[0m
          [36m</span>[39m
        [36m</button>[39m
        [36m<button[39m
          [33maria-pressed[39m=[32m"false"[39m
          [33mclass[39m=[32m"_filterChip_ae4f14 "[39m
          [33mtype[39m=[32m"button"[39m
        [36m>[39m
          [36m<span[39m
            [33mclass[39m=[32m"_filterChipIcon_ae4f14"[39m
          [36m>[39m
            [0m≡ƒ¢Å∩╕Å[0m
          [36m</span>[39m
          [36m<span[39m
            [33mclass[39m=[32m"_filterChipLabel_ae4f14"[39m
          [36m>[39m
            [0mBedroom[0m
          [36m</span>[39m
        [36m</button>[39m
        [36m<button[39m
          [33maria-pressed[39m=[32m"false"[39m
          [33mclass[39m=[32m"_filterChip_ae4f14 "[39m
          [33mtype[39m=[32m"button"[39m
        [36m>[39m
          [36m<span[39m
            [33mclass[39m=[32m"_filterChipIcon_ae4f14"[39m
          [36m>[39m
            [0m≡ƒì│[0m
          [36m</span>[39m
          [36m<span[39m
            [33mclass[39m=[32m"_filterChipLabel_ae4f14"[39m
          [36m>[39m
            [0mKitchen[0m
          [36m</span>[39m
        [36m</button>[39m
        [36m<button[39m
          [33maria-pressed[39m=[32m"false"[39m
          [33mclass[39m=[32m"_filterChip_ae4f14 "[39m
          [33mtype[39m=[32m"button"[39m
        [36m>[39m
          [36m<span[39m
            [33mclass[39m=[32m"_filterChipIcon_ae4f14"[39m
          [36m>[39m
            [0m≡ƒÜ┐[0m
          [36m</span>[39m
          [36m<span[39m
            [33mclass[39m=[32m"_filterChipLabel_ae4f14"[39m
          [36m>[39m
            [0mBathroom[0m
          [36m</span>[39m
        [36m</button>[39m
      [36m</div>[39m
      [36m<div[39m
        [33mclass[39m=[32m"_categoriesSection_ae4f14"[39m
      [36m>[39m
        [36m<div[39m
          [33mclass[39m=[32m"_sectionHeader_ae4f14"[39m
        [36m>[39m
          [36m<span[39m
            [33mclass[39m=[32m"_sectionTitle_ae4f14"[39m
          [36m>[39m
            [0mCategories[0m
          [36m</span>[39m
        [36m</div>[39m
        [36m<nav[39m
          [33maria-label[39m=[32m"Inventory categories"[39m
          [33mclass[39m=[32m"_categoryList_ae4f14"[39m
        [36m>[39m
          [36m<div[39m
            [33mclass[39m=[32m"_categoryItem_ae4f14"[39m
          [36m>[39m
            [36m<button[39m
              [33maria-expanded[39m=[32m"true"[39m
              [33maria-pressed[39m=[32m"false"[39m
              [33mclass[39m=[32m"_categoryButton_ae4f14 "[39m
              [33mtype[39m=[32m"button"[39m
            [36m>[39m
              [36m<span[39m
                [33mclass[39m=[32m"_categoryIcon_ae4f14"[39m
              [36m>[39m
                [0m≡ƒ¬æ[0m
              [36m</span>[39m
              [36m<span[39m
                [33mclass[39m=[32m"_categoryLabel_ae4f14"[39m
              [36m>[39m
                [0mFurniture[0m
              [36m</span>[39m
              [36m<span[39m
                [33mclass[39m=[32m"_categoryChevron_ae4f14 _categoryChevronOpen_ae4f14"[39m
              [36m>[39m
                [36m<svg[39m
                  [33mfill[39m=[32m"none"[39m
                  [33mheight[39m=[32m"12"[39m
                  [33mstroke[39m=[32m"currentColor"[39m
                  [33mstroke-linecap[39m=[32m"round"[39m
                  [33mstroke-linejoin[39m=[32m"round"[39m
                  [33mstroke-width[39m=[32m"2"[39m
                  [33mviewBox[39m=[32m"0 0 24 24"[39m
                  [33mwidth[39m=[32m"12"[39m
                [36m>[39m
                  [36m<path[39m
                    [33md[39m=[32m"m6 9 6 6 6-6"[39m
                  [36m/>[39m
                [36m</svg>[39m
              [36m</span>[39m
            [36m</button>[39m
            [36m<div[39m
              [33mclass[39m=[32m"_subCategoryList_ae4f14"[39m
            [36m>[39m
              [36m<button[39m
                [33maria-pressed[39m=[32m"false"[39m
                [33mclass[39m=[32m"_subCategoryButton_ae4f14 "[39m
                [33mtype[39m=[32m"button"[39m
              [36m>[39m
                [0mSofas & Sectionals[0m
              [36m</button>[39m
              [36m<button[39m
                [33maria-pressed[39m=[32m"false"[39m
                [33mclass[39m=[32m"_subCategoryButton_ae4f14 "[39m
                [33mtype[39m=[32m"button"[39m
              [36m>[39m
                [0mChairs[0m
              [36m</button>[39m
              [36m<button[39m
                [33maria-pressed[39m=[32m"false"[39m
                [33mclass[39m=[32m"_subCategoryButton_ae4f14 "[39m
                [33mtype[39m=[32m"button"[39m
              [36m>[39m
                [0mTables[0m
              [36m</button>[39m
              [36m<button[39m
                [33maria-pressed[39m=[32m"false"[39m
                [33mclass[39m=[32m"_subCategoryButton_ae4f14 "[39m
                [33mtype[39m=[32m"button"[39m
              [36m>[39m
                [0mDesks & Workstations[0m
              [36m</button>[39m
              [36m<button[39m
                [33maria-pressed[39m=[32m"false"[39m
                [33mclass[39m=[32m"_subCategoryButton_ae4f14 "[39m
                [33mtype[39m=[32m"button"[39m
              [36m>[39m
                [0mStorage[0m
              [36m</button>[39m
              [36m<button[39m
                [33maria-pressed[39m=[32m"false"[39m
                [33mclass[39m=[32m"_subCategoryButton_ae4f14 "[39m
                [33mtype[39m=[32m"button"[39m
              [36m>[39m
                [0mBeds[0m
              [36m</button>[39m
            [36m</div>[39m
          [36m</div>[39m
          [36m<div[39m
            [33mclass[39m=[32m"_categoryItem_ae4f14"[39m
          [36m>[39m
            [36m<button[39m
              [33maria-expanded[39m=[32m"false"[39m
              [33maria-pressed[39m=[32m"false"[39m
              [33mclass[39m=[32m"_categoryButton_ae4f14 "[39m
              [33mtype[39m=[32m"button"[39m
            [36m>[39m
              [36m<span[39m
                [33mclass[39m=[32m"_categoryIcon_ae4f14"[39m
              [36m>[39m
                [0m≡ƒÆí[0m
              [36m</span>[39m
              [36m<span[39m
                [33mclass[39m=[32m"_categoryLabel_ae4f14"[39m
              [36m>[39m
                [0mLighting[0m
              [36m</span>[39m
              [36m<span[39m
                [33mclass[39m=[32m"_categoryChevron_ae4f14 "[39m
              [36m>[39m
                [36m<svg[39m
                  [33mfill[39m=[32m"none"[39m
                  [33mheight[39m=[32m"12"[39m
                  [33mstroke[39m=[32m"currentColor"[39m
                  [33mstroke-linecap[39m=[32m"round"[39m
                  [33mstroke-linejoin[39m=[32m"round"[39m
                  [33mstroke-width[39m=[32m"2"[39m
                  [33mviewBox[39m=[32m"0 0 24 24"[39m
                  [33mwidth[39m=[32m"12"[39m
                [36m>[39m
                  [36m<path[39m
                    [33md[39m=[32m"m6 9 6 6 6-6"[39m
                  [36m/>[39m
                [36m</svg>[39m
              [36m</span>[39m
            [36m</button>[39m
          [36m</div>[39m
          [36m<div[39m
            [33mclass[39m=[32m"_categoryItem_ae4f14"[39m
          [36m>[39m
            [36m<button[39m
              [33maria-expanded[39m=[32m"false"[39m
              [33maria-pressed[39m=[32m"false"[39m
              [33mclass[39m=[32m"_categoryButton_ae4f14 "[39m
              [33mtype[39m=[32m"button"[39m
            [36m>[39m
              [36m<span[39m
                [33mclass[39m=[32m"_categoryIcon_ae4f14"[39m
              [36m>[39m
                [0m≡ƒû╝∩╕Å[0m
              [36m</span>[39m
              [36m<span[39m
                [33mclass[39m=[32m"_categoryLabel_ae4f14"[39m
              [36m>[39m
                [0mDecor[0m
              [36m</span>[39m
              [36m<span[39m
                [33mclass[39m=[32m"_categoryChevron_ae4f14 "[39m
              [36m>[39m
                [36m<svg[39m
                  [33mfill[39m=[32m"none"[39m
                  [33mheight[39m=[32m"12"[39m
                  [33mstroke[39m=[32m"currentColor"[39m
                  [33mstroke-linecap[39m=[32m"round"[39m
                  [33mstroke-linejoin[39m=[32m"round"[39m
                  [33mstroke-width[39m=[32m"2"[39m
                  [33mviewBox[39m=[32m"0 0 24 24"[39m
                  [33mwidth[39m=[32m"12"[39m
                [36m>[39m
                  [36m<path[39m
                    [33md[39m=[32m"m6 9 6 6 6-6"[39m
                  [36m/>[39m
                [36m</svg>[39m
              [36m</span>[39m
            [36m</button>[39m
          [36m</div>[39m
          [36m<div[39m
            [33mclass[39m=[32m"_categoryItem_ae4f14"[39m
          [36m>[39m
            [36m<button[39m
              [33maria-expanded[39m=[32m"false"[39m
              [33maria-pressed[39m=[32m"false"[39m
              [33mclass[39m=[32m"_categoryButton_ae4f14 "[39m
              [33mtype[39m=[32m"button"[39m
            [36m>[39m
              [36m<span[39m
                [33mclass[39m=[32m"_categoryIcon_ae4f14"[39m
              [36m>[39m
                [0m≡ƒî┐[0m
              [36m</span>[39m
              [36m<span[39m
                [33mclass[39m=[32m"_categoryLabel_ae4f14"[39m
              [36m>[39m
                [0mOutdoor[0m
              [36m</span>[39m
              [36m<span[39m
                [33mclass[39m=[32m"_categoryChevron_ae4f14 "[39m
              [36m>[39m
                [36m<svg[39m
                  [33mfill[39m=[32m"none"[39m
                  [33mheight[39m=[32m"12"[39m
                  [33mstroke[39m=[32m"currentColor"[39m
                  [33mstroke-linecap[39m=[32m"round"[39m
                  [33mstroke-linejoin[39m=[32m"round"[39m
                  [33mstroke-width[39m=[32m"2"[39m
                  [33mviewBox[39m=[32m"0 0 24 24"[39m
                  [33mwidth[39m=[32m"12"[39m
                [36m>[39m
                  [36m<path[39m
                    [33md[39m=[32m"m6 9 6 6 6-6"[39m
                  [36m/>[39m
                [36m</svg>[39m
              [36m</span>[39m
            [36m</button>[39m
          [36m</div>[39m
          [36m<div[39m
            [33mclass[39m=[32m"_categoryItem_ae4f14"[39m
          [36m>[39m
            [36m<button[39m
              [33maria-expanded[39m=[32m"false"[39m
              [33maria-pressed[39m=[32m"false"[39m
              [33mclass[39m=[32m"_categoryButton_ae4f14 "[39m
              [33mtype[39m=[32m"button"[39m
            [36m>[39m
              [36m<span[39m
                [33mclass[39m=[32m"_categoryIcon_ae4f14"[39m
              [36m>[39m
                [0m≡ƒì╜∩╕Å[0m
              [36m</span>[39m
              [36m<span[39m
                [33mclass[39m=[32m"_categoryLabel_ae4f14"[39m
              [36m>[39m
                [0mKitchen & Dining[0m
              [36m</span>[39m
              [36m<span[39m
                [33mclass[39m=[32m"_categoryChevron_ae4f14 "[39m
              [36m>[39m
                [36m<svg[39m
                  [33mfill[39m=[32m"none"[39m
                  [33mheight[39m=[32m"12"[39m
                  [33mstroke[39m=[32m"currentColor"[39m
                  [33mstroke-linecap[39m=[32m"round"[39m
                  [33mstroke-linejoin[39m=[32m"round"[39m
                  [33mstroke-width[39m=[32m"2"[39m
                  [33mviewBox[39m=[32m"0 0 24 24"[39m
                  [33mwidth[39m=[32m"12"[39m
                [36m>[39m
                  [36m<path[39m
                    [33md[39m=[32m"m6 9 6 6 6-6"[39m
                  [36m/>[39m
                [36m</svg>[39m
              [36m</span>[39m
            [36m</button>[39m
          [36m</div>[39m
          [36m<div[39m
            [33mclass[39m=[32m"_categoryItem_ae4f14"[39m
          [36m>[39m
            [36m<button[39m
              [33maria-expanded[39m=[32m"false"[39m
              [33maria-pressed[39m=[32m"false"[39m
              [33mclass[39m=[32m"_categoryButton_ae4f14 "[39m
              [33mtype[39m=[32m"button"[39m
            [36m>[39m
              [36m<span[39m
                [33mclass[39m=[32m"_categoryIcon_ae4f14"[39m
              [36m>[39m
                [0m≡ƒôÉ[0m
              [36m</span>[39m
              [36m<span[39m
                [33mclass[39m=[32m"_categoryLabel_ae4f14"[39m
              [36m>[39m
                [0mSymbols[0m
              [36m</span>[39m
              [36m<span[39m
                [33mclass[39m=[32m"_categoryChevron_ae4f14 "[39m
              [36m>[39m
                [36m<svg[39m
                  [33mfill[39m=[32m"none"[39m
                  [33mheight[39m=[32m"12"[39m
                  [33mstroke[39m=[32m"currentColor"[39m
                  [33mstroke-linecap[39m=[32m"round"[39m
                  [33mstroke-linejoin[39m=[32m"round"[39m
                  [33mstroke-width[39m=[32m"2"[39m
                  [33mviewBox[39m=[32m"0 0 24 24"[39m
                  [33mwidth[39m=[32m"12"[39m
                [36m>[39m
                  [36m<path[39m
                    [33md[39m=[32m"m6 9 6 6 6-6"[39m
                  [36m/>[39m
                [36m</svg>[39m
              [36m</span>[39m
            [36m</button>[39m
          [36m</div>[39m
        [36m</nav>[39m
      [36m</div>[39m
      [36m<div[39m
        [33mclass[39m=[32m"_resultsInfo_ae4f14"[39m
      [36m>[39m
        [36m<span[39m
          [33mclass[39m=[32m"_resultsCount_ae4f14"[39m
        [36m>[39m
          [0m0[0m
          [0m item[0m
          [0ms[0m
        [36m</span>[39m
      [36m</div>[39m
      [36m<div[39m
        [33mclass[39m=[32m"_emptyState_ae4f14"[39m
      [36m>[39m
        [36m<div[39m
          [33mclass[39m=[32m"_emptyIcon_ae4f14"[39m
        [36m>[39m
          [36m<svg[39m
            [33mfill[39m=[32m"none"[39m
            [33mheight[39m=[32m"48"[39m
            [33mstroke[39m=[32m"currentColor"[39m
            [33mstroke-linecap[39m=[32m"round"[39m
            [33mstroke-linejoin[39m=[32m"round"[39m
            [33mstroke-width[39m=[32m"1.5"[39m
            [33mviewBox[39m=[32m"0 0 24 24"[39m
            [33mwidth[39m=[32m"48"[39m
          [36m>[39m
            [36m<path[39m
              [33md[39m=[32m"M21 21-10.5 10.5M21 21-10.5-10.5M21 21-18-18M3 3l18 18M3 21l18-18"[39m
            [36m/>[39m
          [36m</svg>[39m
        [36m</div>[39m
        [36m<p[39m
          [33mclass[39m=[32m"_emptyText_ae4f14"[39m
        [36m>[39m
          [0mNo items found[0m
        [36m</p>[39m
      [36m</div>[39m
    [36m</div>[39m
  [36m</div>[39m
[36m</body>[39m
 Γ¥» waitForWrapper 
../node_modules/.pnpm/@testing-library+dom@10.4.1/node_modules/@testing-library/dom/dist/wait-for.js:163:27
 Γ¥» ../node_modules/.pnpm/@testing-library+dom@10.4.1/node_modules/@testing-library/dom/dist/query-helpers.js:86:33
 Γ¥» tests/unit/features/planner/open3d/workspaceShell.test.tsx:364:37
    362|     render(<InventoryPanel onItemSelect={onItemSelect} onSearch={onSeaΓÇª
    363|
    364|     const itemOption = await screen.findByRole("option", {
       |                                     ^
    365|       name: /Executive Standing Desk, 1\.6m/i,
    366|     });

ΓÄ»ΓÄ»ΓÄ»ΓÄ»ΓÄ»ΓÄ»ΓÄ»ΓÄ»ΓÄ»ΓÄ»ΓÄ»ΓÄ»ΓÄ»ΓÄ»ΓÄ»ΓÄ»ΓÄ»ΓÄ»ΓÄ»ΓÄ»ΓÄ»ΓÄ»ΓÄ»[7/10]ΓÄ»

 FAIL  tests/unit/features/planner/open3d/workspaceShell.test.tsx > TDD editor coverage additions > 
useDoorWindowPlacement additional branches (TDD) > edit modes, update/delete and get* cover edit branches
Error: Door d1 not found
 Γ¥» updateDoor features/planner/open3d/model/operations/pureActions.ts:260:20
    258|   const floor = getActiveFloor(p);
    259|   const door = floor.doors.find((d) => d.id === id);
    260|   if (!door) throw new Error(`Door ${id} not found`);
       |                    ^
    261|   Object.assign(door, updates);
    262|   return {
 Γ¥» Object.updateDoorProperties features/planner/open3d/editor/useDoorWindowPlacement.ts:98:14
 Γ¥» tests/unit/features/planner/open3d/workspaceShell.test.tsx:539:38

ΓÄ»ΓÄ»ΓÄ»ΓÄ»ΓÄ»ΓÄ»ΓÄ»ΓÄ»ΓÄ»ΓÄ»ΓÄ»ΓÄ»ΓÄ»ΓÄ»ΓÄ»ΓÄ»ΓÄ»ΓÄ»ΓÄ»ΓÄ»ΓÄ»ΓÄ»ΓÄ»[8/10]ΓÄ»

 FAIL  tests/unit/features/planner/open3d/catalog/blockDescriptorLoader.test.ts > 02-LOADER: storage boundary > 
tryLoad surfaces invalid (via parseBlockDescriptor) when JSON parses to non-object primitive
AssertionError: expected '' to be 'slug:primitive' // Object.is equality

- Expected
+ Received

- slug:primitive

 Γ¥» tests/unit/features/planner/open3d/catalog/blockDescriptorLoader.test.ts:348:38
    346|     if (!result.ok) {
    347|       expect(result.error.kind).toBe("invalid");
    348|       expect(result.error.fieldPath).toBe("slug:primitive");
       |                                      ^
    349|     }
    350|   });

ΓÄ»ΓÄ»ΓÄ»ΓÄ»ΓÄ»ΓÄ»ΓÄ»ΓÄ»ΓÄ»ΓÄ»ΓÄ»ΓÄ»ΓÄ»ΓÄ»ΓÄ»ΓÄ»ΓÄ»ΓÄ»ΓÄ»ΓÄ»ΓÄ»ΓÄ»ΓÄ»[9/10]ΓÄ»

 FAIL  tests/unit/features/planner/open3d/catalog/blockDescriptorLoader.test.ts > 02-LOADER: storage boundary > 
loadAll skips entries that fail parseBlockDescriptor (e.g. non-object json or schema fail) and only returns valid
AssertionError: expected 'chaise' to be 'good' // Object.is equality

Expected: "good"
Received: "chaise"

 Γ¥» tests/unit/features/planner/open3d/catalog/blockDescriptorLoader.test.ts:384:26
    382|     const all = loadAll({ dir: tmpDir, forceReload: true });
    383|     expect(all).toHaveLength(1);
    384|     expect(all[0]?.slug).toBe("good");
       |                          ^
    385|   });
    386| });

ΓÄ»ΓÄ»ΓÄ»ΓÄ»ΓÄ»ΓÄ»ΓÄ»ΓÄ»ΓÄ»ΓÄ»ΓÄ»ΓÄ»ΓÄ»ΓÄ»ΓÄ»ΓÄ»ΓÄ»ΓÄ»ΓÄ»ΓÄ»ΓÄ»ΓÄ»[10/10]ΓÄ»


 Test Files  7 failed | 32 passed (39)
      Tests  10 failed | 1205 passed (1215)
   Start at  23:40:48
   Duration  14.51s (transform 12.38s, setup 30.58s, import 25.04s, tests 15.18s, environment 41.09s)

JSON report written to D:/oandO04072026/results/tests/vitest-results.json
undefined
D:\oandO04072026\site:
[ERR_PNPM_RECURSIVE_EXEC_FIRST_FAIL] Command failed with exit code 1: vitest run tests/unit/features/planner/open3d --coverage --config vitest.config.ts "--pool=threads"
