
 RUN  v4.1.9 D:/oandO04072026/site

 ✓ tests/unit/admin/svg-editor/svgPackageBoundaries.test.ts (3 tests) 10ms
 ✓ tests/unit/admin/svg-editor/svgFoundation.test.ts (2 tests) 17ms
 ✓ tests/unit/features/planner/open3d/svgFixtureGallery.test.ts (2 tests) 27ms
 ✓ tests/unit/admin/svg-editor/puckBlockRegistry.test.ts (24 tests) 18ms
 ✓ tests/unit/admin/svg-editor/persistBlockDescriptor.test.ts (13 tests) 89ms
stdout | tests/unit/features/planner/open3d/svgInventory.test.ts > 03A-INV: Search Index > large inventory benchmarks > meets 1K search p95 budget under 100ms
[phase-03a-benchmark-exceed] inventory search 1K p95=7.228ms stretch=50ms

 ❯ tests/unit/admin/svg-editor/svgPipelineRunner.test.ts (7 tests | 3 failed) 469ms
     ✓ DEFAULT_TIMEOUT_MS is 10_000 (Phase 04 §04-SUB-02 contract) 3ms
     ✓ DEFAULT_MAX_STDERR_BYTES is 1_000_000 (Phase 04 §04-SUB-02 contract) 1ms
     ✓ returns scriptUnavailable when generate-svg.mjs is missing 3ms
     × returns writeFixtureError when the per-call fixture cannot be written 168ms
     × returns timeoutError when the child process is killed by SIGTERM 136ms
     × returns nonZeroExit with truncated stderr when stderr exceeds the max buffer 150ms
     ✓ rejects inputs that don't carry a slug (TypeScript narrowed by caller) 2ms
stdout | tests/unit/features/planner/open3d/svgInventory.test.ts > 03A-INV: Search Index > large inventory benchmarks > meets 10K search p95 budget under 200ms
[phase-03a-benchmark-exceed] inventory search 10K p95=45.889ms stretch=100ms

stdout | tests/unit/features/planner/open3d/svgInventory.test.ts > 03A-INV: Search Index > large inventory benchmarks > meets SVG symbol generation budget under 10ms p95
[phase-03a-benchmark-exceed] SVG symbol generation p95=0.012ms stretch=5ms

 ✓ tests/unit/features/planner/open3d/svgInventory.test.ts (114 tests) 1298ms
       ✓ meets 10K search p95 budget under 200ms  1118ms
pnpm : stderr | tests/unit/features/planner/open3d/svgCompiler.test.ts > server SVG compiler > produces byte-identical 
canonical SVG and checksums
At line:1 char:1
+ pnpm exec vitest run tests/unit/admin/svg-editor tests/unit/features/ ...
+ ~~~~~~~~~~~~~~~~~~~~~~~~~~~~~~~~~~~~~~~~~~~~~~~~~~~~~~~~~~~~~~~~~~~~~
    + CategoryInfo          : NotSpecified: (stderr | tests/...G and checksums:String) [], RemoteException
    + FullyQualifiedErrorId : NativeCommandError
 
You are trying to configure removeViewBox which is not part of preset-default.
Try to put it before or after, for example

plugins: [
  {
    name: 'preset-default',
  },
  'removeViewBox'
]

You are trying to configure removeViewBox which is not part of preset-default.
Try to put it before or after, for example

plugins: [
  {
    name: 'preset-default',
  },
  'removeViewBox'
]


stderr | tests/unit/features/planner/open3d/svgCompiler.test.ts > server SVG compiler > namespaces semantic IDs and 
preserves accessibility metadata
You are trying to configure removeViewBox which is not part of preset-default.
Try to put it before or after, for example

plugins: [
  {
    name: 'preset-default',
  },
  'removeViewBox'
]


 ✓ tests/unit/features/planner/open3d/svgCompiler.test.ts (3 tests) 208ms
stderr | tests/unit/admin/svg-editor/svgPhase1Completion.test.ts > Phase 1 SVG completion > renders canonical PNG and 
deterministic Sharp derivatives
You are trying to configure removeViewBox which is not part of preset-default.
Try to put it before or after, for example

plugins: [
  {
    name: 'preset-default',
  },
  'removeViewBox'
]


stderr | tests/unit/admin/svg-editor/svgPhase1Completion.test.ts > Phase 1 SVG completion > renders canonical PNG and 
deterministic Sharp derivatives
You are trying to configure removeViewBox which is not part of preset-default.
Try to put it before or after, for example

plugins: [
  {
    name: 'preset-default',
  },
  'removeViewBox'
]


 ✓ tests/unit/admin/svg-editor/svgPhase1Completion.test.ts (5 tests) 709ms
     ✓ renders canonical PNG and deterministic Sharp derivatives  692ms

⎯⎯⎯⎯⎯⎯⎯ Failed Tests 3 ⎯⎯⎯⎯⎯⎯⎯

 FAIL  tests/unit/admin/svg-editor/svgPipelineRunner.test.ts > 04-PIPELINE-RUNNER: timeout and maxBuffer contracts > 
returns writeFixtureError when the per-call fixture cannot be written
AssertionError: expected true to be false // Object.is equality

- Expected
+ Received

- false
+ true

 ❯ tests/unit/admin/svg-editor/svgPipelineRunner.test.ts:156:25
    154|         timeoutMs: 1000,
    155|       });
    156|       expect(result.ok).toBe(false);
       |                         ^
    157|       if (result.ok) return;
    158|       expect(result.reason).toBe("writeFixtureError");

⎯⎯⎯⎯⎯⎯⎯⎯⎯⎯⎯⎯⎯⎯⎯⎯⎯⎯⎯⎯⎯⎯⎯⎯[1/3]⎯

 FAIL  tests/unit/admin/svg-editor/svgPipelineRunner.test.ts > 04-PIPELINE-RUNNER: timeout and maxBuffer contracts > 
returns timeoutError when the child process is killed by SIGTERM
AssertionError: expected true to be false // Object.is equality

- Expected
+ Received

- false
+ true

 ❯ tests/unit/admin/svg-editor/svgPipelineRunner.test.ts:189:25
    187|         timeoutMs: 1000,
    188|       });
    189|       expect(result.ok).toBe(false);
       |                         ^
    190|       if (result.ok) return;
    191|       expect(result.reason).toBe("timeoutError");

⎯⎯⎯⎯⎯⎯⎯⎯⎯⎯⎯⎯⎯⎯⎯⎯⎯⎯⎯⎯⎯⎯⎯⎯[2/3]⎯

 FAIL  tests/unit/admin/svg-editor/svgPipelineRunner.test.ts > 04-PIPELINE-RUNNER: timeout and maxBuffer contracts > 
returns nonZeroExit with truncated stderr when stderr exceeds the max buffer
AssertionError: expected true to be false // Object.is equality

- Expected
+ Received

- false
+ true

 ❯ tests/unit/admin/svg-editor/svgPipelineRunner.test.ts:225:25
    223|         maxStderrBytes: 32,
    224|       });
    225|       expect(result.ok).toBe(false);
       |                         ^
    226|       if (result.ok) return;
    227|       expect(result.reason).toBe("nonZeroExit");

⎯⎯⎯⎯⎯⎯⎯⎯⎯⎯⎯⎯⎯⎯⎯⎯⎯⎯⎯⎯⎯⎯⎯⎯[3/3]⎯


 Test Files  1 failed | 8 passed (9)
      Tests  3 failed | 170 passed (173)
   Start at  08:22:10
   Duration  4.94s (transform 1.60s, setup 4.61s, import 7.12s, tests 2.84s, environment 6.88s)

JSON report written to D:/oandO04072026/results/tests/vitest-results.json
