lint start 2026-07-05T23:38:30.6749300+05:30 rev dfb91c3b6f5ebd8e3872ba84fd29dd61bc880e5a (post fix)

D:\oandO04072026\site\features\planner\open3d\editor\InventoryPanel.tsx
   13:59  error  'Text' is defined but never used. Allowed unused vars must match /^_/u                                                                                                                                                                                                                                                                                                                                                                                                                                                                                                                                                                                                                                                                                                                                                                                                                                                                                                                                                                        @typescript-eslint/no-unused-vars
   87:5   error  Error: Calling setState synchronously within an effect can trigger cascading renders

Effects are intended to synchronize state between React and external systems such as manually updating the DOM, state management libraries, or other platform APIs. In general, the body of an effect should do one or both of the following:
* Update external systems with the latest state from React.
* Subscribe for updates from some external system, calling setState in a callback function when external state changes.

Calling setState synchronously within an effect body causes cascading renders that can hurt performance, and is not recommended. (https://react.dev/learn/you-might-not-need-an-effect).

D:\oandO04072026\site\features\planner\open3d\editor\InventoryPanel.tsx:87:5
  85 |
  86 |   useEffect(() => {
> 87 |     setFocusedIndex(-1);
     |     ^^^^^^^^^^^^^^^ Avoid calling setState() directly within an effect
  88 |     onSearch?.(state.searchQuery);
  89 |   }, [state.searchQuery, onSearch]);
  90 |  react-hooks/set-state-in-effect
   97:9   error  'handleSearchChange' is assigned a value but never used. Allowed unused vars must match /^_/u                                                                                                                                                                                                                                                                                                                                                                                                                                                                                                                                                                                                                                                                                                                                                                                                                                                                                                                                                 @typescript-eslint/no-unused-vars
  162:9   error  'handleItemDoubleClick' is assigned a value but never used. Allowed unused vars must match /^_/u                                                                                                                                                                                                                                                                                                                                                                                                                                                                                                                                                                                                                                                                                                                                                                                                                                                                                                                                              @typescript-eslint/no-unused-vars

Γ£û 4 problems (4 errors, 0 warnings)

undefined
D:\oandO04072026\site:
[ERR_PNPM_RECURSIVE_EXEC_FIRST_FAIL] Command failed with exit code 1: eslint -c config/build/eslint.config.mjs features/planner/open3d/editor/useDockingSystem.ts features/planner/open3d/editor/WorkspaceShell.tsx features/planner/open3d/editor/TopBar.tsx features/planner/open3d/editor/PropertiesPanel.tsx features/planner/open3d/editor/InventoryPanel.tsx features/planner/open3d/editor/OOPlannerWorkspace.tsx features/planner/open3d/canvas-fabric/FeasibilityCanvas.tsx features/planner/open3d/editor/workspaceEntityHelpers.ts features/planner/open3d/store/workspacePreferences.ts "--max-warnings=100"
